[0.291s] Invoking command in '/home/nikolai/Documents/ROS/catching_turtles_ros2/ws/src/python_pkg': PYTHONPATH=/home/nikolai/Documents/ROS/catching_turtles_ros2/ws/src/build/python_pkg/prefix_override:/home/nikolai/Documents/ROS/catching_turtles_ros2/ws/src/install/python_pkg/lib/python3.10/site-packages:${PYTHONPATH} /usr/bin/python3 setup.py egg_info --egg-base ../build/python_pkg build --build-base /home/nikolai/Documents/ROS/catching_turtles_ros2/ws/src/build/python_pkg/build install --record /home/nikolai/Documents/ROS/catching_turtles_ros2/ws/src/build/python_pkg/install.log --single-version-externally-managed
[0.404s] running egg_info
[0.404s] creating ../build/python_pkg/python_pkg.egg-info
[0.404s] writing ../build/python_pkg/python_pkg.egg-info/PKG-INFO
[0.404s] writing dependency_links to ../build/python_pkg/python_pkg.egg-info/dependency_links.txt
[0.404s] writing entry points to ../build/python_pkg/python_pkg.egg-info/entry_points.txt
[0.404s] writing requirements to ../build/python_pkg/python_pkg.egg-info/requires.txt
[0.404s] writing top-level names to ../build/python_pkg/python_pkg.egg-info/top_level.txt
[0.404s] writing manifest file '../build/python_pkg/python_pkg.egg-info/SOURCES.txt'
[0.405s] reading manifest file '../build/python_pkg/python_pkg.egg-info/SOURCES.txt'
[0.405s] writing manifest file '../build/python_pkg/python_pkg.egg-info/SOURCES.txt'
[0.406s] running build
[0.406s] running build_py
[0.406s] creating /home/nikolai/Documents/ROS/catching_turtles_ros2/ws/src/build/python_pkg/build
[0.406s] creating /home/nikolai/Documents/ROS/catching_turtles_ros2/ws/src/build/python_pkg/build/lib
[0.406s] creating /home/nikolai/Documents/ROS/catching_turtles_ros2/ws/src/build/python_pkg/build/lib/python_pkg
[0.406s] copying python_pkg/turtle_control_node.py -> /home/nikolai/Documents/ROS/catching_turtles_ros2/ws/src/build/python_pkg/build/lib/python_pkg
[0.406s] copying python_pkg/__init__.py -> /home/nikolai/Documents/ROS/catching_turtles_ros2/ws/src/build/python_pkg/build/lib/python_pkg
[0.406s] copying python_pkg/turtle_spawner_node.py -> /home/nikolai/Documents/ROS/catching_turtles_ros2/ws/src/build/python_pkg/build/lib/python_pkg
[0.406s] running install
[0.406s] running install_lib
[0.406s] creating /home/nikolai/Documents/ROS/catching_turtles_ros2/ws/src/install/python_pkg/lib/python3.10/site-packages/python_pkg
[0.406s] copying /home/nikolai/Documents/ROS/catching_turtles_ros2/ws/src/build/python_pkg/build/lib/python_pkg/turtle_control_node.py -> /home/nikolai/Documents/ROS/catching_turtles_ros2/ws/src/install/python_pkg/lib/python3.10/site-packages/python_pkg
[0.406s] copying /home/nikolai/Documents/ROS/catching_turtles_ros2/ws/src/build/python_pkg/build/lib/python_pkg/__init__.py -> /home/nikolai/Documents/ROS/catching_turtles_ros2/ws/src/install/python_pkg/lib/python3.10/site-packages/python_pkg
[0.406s] copying /home/nikolai/Documents/ROS/catching_turtles_ros2/ws/src/build/python_pkg/build/lib/python_pkg/turtle_spawner_node.py -> /home/nikolai/Documents/ROS/catching_turtles_ros2/ws/src/install/python_pkg/lib/python3.10/site-packages/python_pkg
[0.407s] byte-compiling /home/nikolai/Documents/ROS/catching_turtles_ros2/ws/src/install/python_pkg/lib/python3.10/site-packages/python_pkg/turtle_control_node.py to turtle_control_node.cpython-310.pyc
[0.407s] byte-compiling /home/nikolai/Documents/ROS/catching_turtles_ros2/ws/src/install/python_pkg/lib/python3.10/site-packages/python_pkg/__init__.py to __init__.cpython-310.pyc
[0.407s] byte-compiling /home/nikolai/Documents/ROS/catching_turtles_ros2/ws/src/install/python_pkg/lib/python3.10/site-packages/python_pkg/turtle_spawner_node.py to turtle_spawner_node.cpython-310.pyc
[0.411s] running install_data
[0.411s] creating /home/nikolai/Documents/ROS/catching_turtles_ros2/ws/src/install/python_pkg/share/ament_index
[0.411s] creating /home/nikolai/Documents/ROS/catching_turtles_ros2/ws/src/install/python_pkg/share/ament_index/resource_index
[0.411s] creating /home/nikolai/Documents/ROS/catching_turtles_ros2/ws/src/install/python_pkg/share/ament_index/resource_index/packages
[0.411s] copying resource/python_pkg -> /home/nikolai/Documents/ROS/catching_turtles_ros2/ws/src/install/python_pkg/share/ament_index/resource_index/packages
[0.411s] copying package.xml -> /home/nikolai/Documents/ROS/catching_turtles_ros2/ws/src/install/python_pkg/share/python_pkg
[0.411s] running install_egg_info
[0.412s] Copying ../build/python_pkg/python_pkg.egg-info to /home/nikolai/Documents/ROS/catching_turtles_ros2/ws/src/install/python_pkg/lib/python3.10/site-packages/python_pkg-0.0.0-py3.10.egg-info
[0.412s] running install_scripts
[0.422s] Installing turtle_control_node script to /home/nikolai/Documents/ROS/catching_turtles_ros2/ws/src/install/python_pkg/lib/python_pkg
[0.422s] writing list of installed files to '/home/nikolai/Documents/ROS/catching_turtles_ros2/ws/src/build/python_pkg/install.log'
[0.436s] Invoked command in '/home/nikolai/Documents/ROS/catching_turtles_ros2/ws/src/python_pkg' returned '0': PYTHONPATH=/home/nikolai/Documents/ROS/catching_turtles_ros2/ws/src/build/python_pkg/prefix_override:/home/nikolai/Documents/ROS/catching_turtles_ros2/ws/src/install/python_pkg/lib/python3.10/site-packages:${PYTHONPATH} /usr/bin/python3 setup.py egg_info --egg-base ../build/python_pkg build --build-base /home/nikolai/Documents/ROS/catching_turtles_ros2/ws/src/build/python_pkg/build install --record /home/nikolai/Documents/ROS/catching_turtles_ros2/ws/src/build/python_pkg/install.log --single-version-externally-managed
