[0.006s] Invoking command in '/home/nikolai/Documents/ROS/catching_turtles_ros2/ws/src/build/bring_up': AMENT_PREFIX_PATH=/home/nikolai/Documents/ROS/catching_turtles_ros2/ws/src/install/python_pkg:/home/nikolai/Documents/ROS/catching_turtles_ros2/ws/src/install/interfaces:${AMENT_PREFIX_PATH} CMAKE_PREFIX_PATH=/home/nikolai/Documents/ROS/catching_turtles_ros2/ws/src/install/interfaces:/home/nikolai/Documents/ROS/catching_turtles_ros2/ws/install/bring_up:/home/nikolai/Documents/ROS/catching_turtles_ros2/ws/install/interfaces:/home/nikolai/Documents/ROS/catching_turtles_ros2/ws/install/python_pkg:/opt/ros/humble LD_LIBRARY_PATH=/home/nikolai/Documents/ROS/catching_turtles_ros2/ws/src/install/interfaces/lib:${LD_LIBRARY_PATH} PYTHONPATH=/home/nikolai/Documents/ROS/catching_turtles_ros2/ws/src/install/python_pkg/lib/python3.10/site-packages:/home/nikolai/Documents/ROS/catching_turtles_ros2/ws/src/install/interfaces/local/lib/python3.10/dist-packages:${PYTHONPATH} /usr/bin/cmake /home/nikolai/Documents/ROS/catching_turtles_ros2/ws/src/bring_up -DCMAKE_INSTALL_PREFIX=/home/nikolai/Documents/ROS/catching_turtles_ros2/ws/src/install/bring_up
[0.034s] -- The C compiler identification is GNU 11.3.0
[0.065s] -- The CXX compiler identification is GNU 11.3.0
[0.068s] -- Detecting C compiler ABI info
[0.104s] -- Detecting C compiler ABI info - done
[0.108s] -- Check for working C compiler: /usr/bin/cc - skipped
[0.108s] -- Detecting C compile features
[0.108s] -- Detecting C compile features - done
[0.110s] -- Detecting CXX compiler ABI info
[0.153s] -- Detecting CXX compiler ABI info - done
[0.158s] -- Check for working CXX compiler: /usr/bin/c++ - skipped
[0.158s] -- Detecting CXX compile features
[0.158s] -- Detecting CXX compile features - done
[0.159s] -- Found ament_cmake: 1.3.3 (/opt/ros/humble/share/ament_cmake/cmake)
[0.253s] -- Found Python3: /usr/bin/python3.10 (found version "3.10.6") found components: Interpreter 
[0.334s] -- Configuring done
[0.335s] -- Generating done
[0.336s] -- Build files have been written to: /home/nikolai/Documents/ROS/catching_turtles_ros2/ws/src/build/bring_up
[0.338s] Invoked command in '/home/nikolai/Documents/ROS/catching_turtles_ros2/ws/src/build/bring_up' returned '0': AMENT_PREFIX_PATH=/home/nikolai/Documents/ROS/catching_turtles_ros2/ws/src/install/python_pkg:/home/nikolai/Documents/ROS/catching_turtles_ros2/ws/src/install/interfaces:${AMENT_PREFIX_PATH} CMAKE_PREFIX_PATH=/home/nikolai/Documents/ROS/catching_turtles_ros2/ws/src/install/interfaces:/home/nikolai/Documents/ROS/catching_turtles_ros2/ws/install/bring_up:/home/nikolai/Documents/ROS/catching_turtles_ros2/ws/install/interfaces:/home/nikolai/Documents/ROS/catching_turtles_ros2/ws/install/python_pkg:/opt/ros/humble LD_LIBRARY_PATH=/home/nikolai/Documents/ROS/catching_turtles_ros2/ws/src/install/interfaces/lib:${LD_LIBRARY_PATH} PYTHONPATH=/home/nikolai/Documents/ROS/catching_turtles_ros2/ws/src/install/python_pkg/lib/python3.10/site-packages:/home/nikolai/Documents/ROS/catching_turtles_ros2/ws/src/install/interfaces/local/lib/python3.10/dist-packages:${PYTHONPATH} /usr/bin/cmake /home/nikolai/Documents/ROS/catching_turtles_ros2/ws/src/bring_up -DCMAKE_INSTALL_PREFIX=/home/nikolai/Documents/ROS/catching_turtles_ros2/ws/src/install/bring_up
[0.339s] Invoking command in '/home/nikolai/Documents/ROS/catching_turtles_ros2/ws/src/build/bring_up': AMENT_PREFIX_PATH=/home/nikolai/Documents/ROS/catching_turtles_ros2/ws/src/install/python_pkg:/home/nikolai/Documents/ROS/catching_turtles_ros2/ws/src/install/interfaces:${AMENT_PREFIX_PATH} CMAKE_PREFIX_PATH=/home/nikolai/Documents/ROS/catching_turtles_ros2/ws/src/install/interfaces:/home/nikolai/Documents/ROS/catching_turtles_ros2/ws/install/bring_up:/home/nikolai/Documents/ROS/catching_turtles_ros2/ws/install/interfaces:/home/nikolai/Documents/ROS/catching_turtles_ros2/ws/install/python_pkg:/opt/ros/humble LD_LIBRARY_PATH=/home/nikolai/Documents/ROS/catching_turtles_ros2/ws/src/install/interfaces/lib:${LD_LIBRARY_PATH} PYTHONPATH=/home/nikolai/Documents/ROS/catching_turtles_ros2/ws/src/install/python_pkg/lib/python3.10/site-packages:/home/nikolai/Documents/ROS/catching_turtles_ros2/ws/src/install/interfaces/local/lib/python3.10/dist-packages:${PYTHONPATH} /usr/bin/cmake --build /home/nikolai/Documents/ROS/catching_turtles_ros2/ws/src/build/bring_up -- -j20 -l20
[0.357s] Invoked command in '/home/nikolai/Documents/ROS/catching_turtles_ros2/ws/src/build/bring_up' returned '0': AMENT_PREFIX_PATH=/home/nikolai/Documents/ROS/catching_turtles_ros2/ws/src/install/python_pkg:/home/nikolai/Documents/ROS/catching_turtles_ros2/ws/src/install/interfaces:${AMENT_PREFIX_PATH} CMAKE_PREFIX_PATH=/home/nikolai/Documents/ROS/catching_turtles_ros2/ws/src/install/interfaces:/home/nikolai/Documents/ROS/catching_turtles_ros2/ws/install/bring_up:/home/nikolai/Documents/ROS/catching_turtles_ros2/ws/install/interfaces:/home/nikolai/Documents/ROS/catching_turtles_ros2/ws/install/python_pkg:/opt/ros/humble LD_LIBRARY_PATH=/home/nikolai/Documents/ROS/catching_turtles_ros2/ws/src/install/interfaces/lib:${LD_LIBRARY_PATH} PYTHONPATH=/home/nikolai/Documents/ROS/catching_turtles_ros2/ws/src/install/python_pkg/lib/python3.10/site-packages:/home/nikolai/Documents/ROS/catching_turtles_ros2/ws/src/install/interfaces/local/lib/python3.10/dist-packages:${PYTHONPATH} /usr/bin/cmake --build /home/nikolai/Documents/ROS/catching_turtles_ros2/ws/src/build/bring_up -- -j20 -l20
[0.367s] Invoking command in '/home/nikolai/Documents/ROS/catching_turtles_ros2/ws/src/build/bring_up': AMENT_PREFIX_PATH=/home/nikolai/Documents/ROS/catching_turtles_ros2/ws/src/install/python_pkg:/home/nikolai/Documents/ROS/catching_turtles_ros2/ws/src/install/interfaces:${AMENT_PREFIX_PATH} CMAKE_PREFIX_PATH=/home/nikolai/Documents/ROS/catching_turtles_ros2/ws/src/install/interfaces:/home/nikolai/Documents/ROS/catching_turtles_ros2/ws/install/bring_up:/home/nikolai/Documents/ROS/catching_turtles_ros2/ws/install/interfaces:/home/nikolai/Documents/ROS/catching_turtles_ros2/ws/install/python_pkg:/opt/ros/humble LD_LIBRARY_PATH=/home/nikolai/Documents/ROS/catching_turtles_ros2/ws/src/install/interfaces/lib:${LD_LIBRARY_PATH} PYTHONPATH=/home/nikolai/Documents/ROS/catching_turtles_ros2/ws/src/install/python_pkg/lib/python3.10/site-packages:/home/nikolai/Documents/ROS/catching_turtles_ros2/ws/src/install/interfaces/local/lib/python3.10/dist-packages:${PYTHONPATH} /usr/bin/cmake --install /home/nikolai/Documents/ROS/catching_turtles_ros2/ws/src/build/bring_up
[0.371s] -- Install configuration: ""
[0.371s] -- Installing: /home/nikolai/Documents/ROS/catching_turtles_ros2/ws/src/install/bring_up/share/bring_up/launch
[0.371s] -- Installing: /home/nikolai/Documents/ROS/catching_turtles_ros2/ws/src/install/bring_up/share/bring_up/launch/catching_turtles.launch.py
[0.371s] -- Installing: /home/nikolai/Documents/ROS/catching_turtles_ros2/ws/src/install/bring_up/share/ament_index/resource_index/package_run_dependencies/bring_up
[0.371s] -- Installing: /home/nikolai/Documents/ROS/catching_turtles_ros2/ws/src/install/bring_up/share/ament_index/resource_index/parent_prefix_path/bring_up
[0.371s] -- Installing: /home/nikolai/Documents/ROS/catching_turtles_ros2/ws/src/install/bring_up/share/bring_up/environment/ament_prefix_path.sh
[0.371s] -- Installing: /home/nikolai/Documents/ROS/catching_turtles_ros2/ws/src/install/bring_up/share/bring_up/environment/ament_prefix_path.dsv
[0.371s] -- Installing: /home/nikolai/Documents/ROS/catching_turtles_ros2/ws/src/install/bring_up/share/bring_up/environment/path.sh
[0.371s] -- Installing: /home/nikolai/Documents/ROS/catching_turtles_ros2/ws/src/install/bring_up/share/bring_up/environment/path.dsv
[0.371s] -- Installing: /home/nikolai/Documents/ROS/catching_turtles_ros2/ws/src/install/bring_up/share/bring_up/local_setup.bash
[0.372s] -- Installing: /home/nikolai/Documents/ROS/catching_turtles_ros2/ws/src/install/bring_up/share/bring_up/local_setup.sh
[0.372s] -- Installing: /home/nikolai/Documents/ROS/catching_turtles_ros2/ws/src/install/bring_up/share/bring_up/local_setup.zsh
[0.372s] -- Installing: /home/nikolai/Documents/ROS/catching_turtles_ros2/ws/src/install/bring_up/share/bring_up/local_setup.dsv
[0.372s] -- Installing: /home/nikolai/Documents/ROS/catching_turtles_ros2/ws/src/install/bring_up/share/bring_up/package.dsv
[0.372s] -- Installing: /home/nikolai/Documents/ROS/catching_turtles_ros2/ws/src/install/bring_up/share/ament_index/resource_index/packages/bring_up
[0.372s] -- Installing: /home/nikolai/Documents/ROS/catching_turtles_ros2/ws/src/install/bring_up/share/bring_up/cmake/bring_upConfig.cmake
[0.372s] -- Installing: /home/nikolai/Documents/ROS/catching_turtles_ros2/ws/src/install/bring_up/share/bring_up/cmake/bring_upConfig-version.cmake
[0.372s] -- Installing: /home/nikolai/Documents/ROS/catching_turtles_ros2/ws/src/install/bring_up/share/bring_up/package.xml
[0.374s] Invoked command in '/home/nikolai/Documents/ROS/catching_turtles_ros2/ws/src/build/bring_up' returned '0': AMENT_PREFIX_PATH=/home/nikolai/Documents/ROS/catching_turtles_ros2/ws/src/install/python_pkg:/home/nikolai/Documents/ROS/catching_turtles_ros2/ws/src/install/interfaces:${AMENT_PREFIX_PATH} CMAKE_PREFIX_PATH=/home/nikolai/Documents/ROS/catching_turtles_ros2/ws/src/install/interfaces:/home/nikolai/Documents/ROS/catching_turtles_ros2/ws/install/bring_up:/home/nikolai/Documents/ROS/catching_turtles_ros2/ws/install/interfaces:/home/nikolai/Documents/ROS/catching_turtles_ros2/ws/install/python_pkg:/opt/ros/humble LD_LIBRARY_PATH=/home/nikolai/Documents/ROS/catching_turtles_ros2/ws/src/install/interfaces/lib:${LD_LIBRARY_PATH} PYTHONPATH=/home/nikolai/Documents/ROS/catching_turtles_ros2/ws/src/install/python_pkg/lib/python3.10/site-packages:/home/nikolai/Documents/ROS/catching_turtles_ros2/ws/src/install/interfaces/local/lib/python3.10/dist-packages:${PYTHONPATH} /usr/bin/cmake --install /home/nikolai/Documents/ROS/catching_turtles_ros2/ws/src/build/bring_up
