[0.135s] Invoking command in '/home/nikolai/Documents/ROS/catching_turtles_ros2/ws/build/cpp_pkg': CMAKE_PREFIX_PATH=/home/nikolai/Documents/ROS/catching_turtles_ros2/ws/install/interfaces:/home/nikolai/Documents/ROS/catching_turtles_ros2/ws/install/cpp_pkg:/home/nikolai/Documents/ROS/catching_turtles_ros2/ws/install/bring_up:/home/nikolai/Documents/ROS/catching_turtles_ros2/ws/install/python_pkg:/opt/ros/humble /usr/bin/cmake --build /home/nikolai/Documents/ROS/catching_turtles_ros2/ws/build/cpp_pkg -- -j20 -l20
[0.147s] -- Found ament_cmake: 1.3.3 (/opt/ros/humble/share/ament_cmake/cmake)
[0.232s] -- Found rclcpp: 16.0.3 (/opt/ros/humble/share/rclcpp/cmake)
[0.250s] -- Found rosidl_generator_c: 3.1.4 (/opt/ros/humble/share/rosidl_generator_c/cmake)
[0.252s] -- Found rosidl_adapter: 3.1.4 (/opt/ros/humble/share/rosidl_adapter/cmake)
[0.255s] -- Found rosidl_generator_cpp: 3.1.4 (/opt/ros/humble/share/rosidl_generator_cpp/cmake)
[0.261s] -- Using all available rosidl_typesupport_c: rosidl_typesupport_fastrtps_c;rosidl_typesupport_introspection_c
[0.269s] -- Using all available rosidl_typesupport_cpp: rosidl_typesupport_fastrtps_cpp;rosidl_typesupport_introspection_cpp
[0.300s] -- Found rmw_implementation_cmake: 6.1.1 (/opt/ros/humble/share/rmw_implementation_cmake/cmake)
[0.301s] -- Found rmw_fastrtps_cpp: 6.2.2 (/opt/ros/humble/share/rmw_fastrtps_cpp/cmake)
[0.362s] -- Using RMW implementation 'rmw_fastrtps_cpp' as default
[0.448s] -- Found turtlesim: 1.4.2 (/opt/ros/humble/share/turtlesim/cmake)
[0.523s] -- Found geometry_msgs: 4.2.3 (/opt/ros/humble/share/geometry_msgs/cmake)
[0.546s] -- Found interfaces: 0.0.0 (/home/nikolai/Documents/ROS/catching_turtles_ros2/ws/install/interfaces/share/interfaces/cmake)
[0.589s] -- Configuring done
[0.597s] -- Generating done
[0.597s] -- Build files have been written to: /home/nikolai/Documents/ROS/catching_turtles_ros2/ws/build/cpp_pkg
[0.611s] [35m[1mConsolidate compiler generated dependencies of target turtle_spawner_node[0m
[0.611s] [35m[1mConsolidate compiler generated dependencies of target turtle_control_node[0m
[0.620s] [ 50%] [32mBuilding CXX object CMakeFiles/turtle_spawner_node.dir/src/turtle_spawner_node.cpp.o[0m
[0.620s] [ 75%] Built target turtle_control_node
[3.366s] [100%] [32m[1mLinking CXX executable turtle_spawner_node[0m
[3.495s] [100%] Built target turtle_spawner_node
[3.502s] Invoked command in '/home/nikolai/Documents/ROS/catching_turtles_ros2/ws/build/cpp_pkg' returned '0': CMAKE_PREFIX_PATH=/home/nikolai/Documents/ROS/catching_turtles_ros2/ws/install/interfaces:/home/nikolai/Documents/ROS/catching_turtles_ros2/ws/install/cpp_pkg:/home/nikolai/Documents/ROS/catching_turtles_ros2/ws/install/bring_up:/home/nikolai/Documents/ROS/catching_turtles_ros2/ws/install/python_pkg:/opt/ros/humble /usr/bin/cmake --build /home/nikolai/Documents/ROS/catching_turtles_ros2/ws/build/cpp_pkg -- -j20 -l20
[3.514s] Invoking command in '/home/nikolai/Documents/ROS/catching_turtles_ros2/ws/build/cpp_pkg': CMAKE_PREFIX_PATH=/home/nikolai/Documents/ROS/catching_turtles_ros2/ws/install/interfaces:/home/nikolai/Documents/ROS/catching_turtles_ros2/ws/install/cpp_pkg:/home/nikolai/Documents/ROS/catching_turtles_ros2/ws/install/bring_up:/home/nikolai/Documents/ROS/catching_turtles_ros2/ws/install/python_pkg:/opt/ros/humble /usr/bin/cmake --install /home/nikolai/Documents/ROS/catching_turtles_ros2/ws/build/cpp_pkg
[3.517s] -- Install configuration: ""
[3.517s] -- Up-to-date: /home/nikolai/Documents/ROS/catching_turtles_ros2/ws/install/cpp_pkg/lib/cpp_pkg/turtle_control_node
[3.518s] -- Installing: /home/nikolai/Documents/ROS/catching_turtles_ros2/ws/install/cpp_pkg/lib/cpp_pkg/turtle_spawner_node
[3.518s] -- Set runtime path of "/home/nikolai/Documents/ROS/catching_turtles_ros2/ws/install/cpp_pkg/lib/cpp_pkg/turtle_spawner_node" to ""
[3.519s] -- Installing: /home/nikolai/Documents/ROS/catching_turtles_ros2/ws/install/cpp_pkg/share/ament_index/resource_index/package_run_dependencies/cpp_pkg
[3.519s] -- Up-to-date: /home/nikolai/Documents/ROS/catching_turtles_ros2/ws/install/cpp_pkg/share/ament_index/resource_index/parent_prefix_path/cpp_pkg
[3.519s] -- Up-to-date: /home/nikolai/Documents/ROS/catching_turtles_ros2/ws/install/cpp_pkg/share/cpp_pkg/environment/ament_prefix_path.sh
[3.519s] -- Installing: /home/nikolai/Documents/ROS/catching_turtles_ros2/ws/install/cpp_pkg/share/cpp_pkg/environment/ament_prefix_path.dsv
[3.519s] -- Up-to-date: /home/nikolai/Documents/ROS/catching_turtles_ros2/ws/install/cpp_pkg/share/cpp_pkg/environment/path.sh
[3.519s] -- Installing: /home/nikolai/Documents/ROS/catching_turtles_ros2/ws/install/cpp_pkg/share/cpp_pkg/environment/path.dsv
[3.519s] -- Up-to-date: /home/nikolai/Documents/ROS/catching_turtles_ros2/ws/install/cpp_pkg/share/cpp_pkg/local_setup.bash
[3.519s] -- Up-to-date: /home/nikolai/Documents/ROS/catching_turtles_ros2/ws/install/cpp_pkg/share/cpp_pkg/local_setup.sh
[3.519s] -- Up-to-date: /home/nikolai/Documents/ROS/catching_turtles_ros2/ws/install/cpp_pkg/share/cpp_pkg/local_setup.zsh
[3.519s] -- Installing: /home/nikolai/Documents/ROS/catching_turtles_ros2/ws/install/cpp_pkg/share/cpp_pkg/local_setup.dsv
[3.519s] -- Installing: /home/nikolai/Documents/ROS/catching_turtles_ros2/ws/install/cpp_pkg/share/cpp_pkg/package.dsv
[3.520s] -- Up-to-date: /home/nikolai/Documents/ROS/catching_turtles_ros2/ws/install/cpp_pkg/share/ament_index/resource_index/packages/cpp_pkg
[3.520s] -- Up-to-date: /home/nikolai/Documents/ROS/catching_turtles_ros2/ws/install/cpp_pkg/share/cpp_pkg/cmake/cpp_pkgConfig.cmake
[3.520s] -- Up-to-date: /home/nikolai/Documents/ROS/catching_turtles_ros2/ws/install/cpp_pkg/share/cpp_pkg/cmake/cpp_pkgConfig-version.cmake
[3.520s] -- Installing: /home/nikolai/Documents/ROS/catching_turtles_ros2/ws/install/cpp_pkg/share/cpp_pkg/package.xml
[3.522s] Invoked command in '/home/nikolai/Documents/ROS/catching_turtles_ros2/ws/build/cpp_pkg' returned '0': CMAKE_PREFIX_PATH=/home/nikolai/Documents/ROS/catching_turtles_ros2/ws/install/interfaces:/home/nikolai/Documents/ROS/catching_turtles_ros2/ws/install/cpp_pkg:/home/nikolai/Documents/ROS/catching_turtles_ros2/ws/install/bring_up:/home/nikolai/Documents/ROS/catching_turtles_ros2/ws/install/python_pkg:/opt/ros/humble /usr/bin/cmake --install /home/nikolai/Documents/ROS/catching_turtles_ros2/ws/build/cpp_pkg
