[0.011s] Invoking command in '/home/nikolai/Documents/ROS/catching_turtles_ros2/ws/build/interfaces': CMAKE_PREFIX_PATH=${CMAKE_PREFIX_PATH}:/home/nikolai/Documents/ROS/catching_turtles_ros2/ws/install/python_pkg:/opt/ros/humble /usr/bin/cmake --build /home/nikolai/Documents/ROS/catching_turtles_ros2/ws/build/interfaces -- -j20 -l20
[0.034s] [  2%] Built target interfaces__cpp
[0.035s] [ 12%] Built target interfaces__rosidl_generator_c
[0.041s] [ 12%] Built target ament_cmake_python_copy_interfaces
[0.045s] [ 23%] Built target interfaces__rosidl_typesupport_c
[0.046s] [ 38%] Built target interfaces__rosidl_typesupport_introspection_cpp
[0.046s] [ 51%] Built target interfaces__rosidl_typesupport_cpp
[0.046s] [ 55%] Built target interfaces__rosidl_typesupport_fastrtps_cpp
[0.046s] [ 65%] Built target interfaces__rosidl_typesupport_introspection_c
[0.048s] [ 76%] Built target interfaces__rosidl_typesupport_fastrtps_c
[0.057s] [ 76%] Built target interfaces
[0.067s] [ 78%] Built target interfaces__py
[0.078s] [ 87%] Built target interfaces__rosidl_generator_py
[0.090s] [ 91%] Built target interfaces__rosidl_typesupport_fastrtps_c__pyext
[0.090s] [ 95%] Built target interfaces__rosidl_typesupport_introspection_c__pyext
[0.090s] [100%] Built target interfaces__rosidl_typesupport_c__pyext
[0.171s] running egg_info
[0.171s] writing interfaces.egg-info/PKG-INFO
[0.171s] writing dependency_links to interfaces.egg-info/dependency_links.txt
[0.171s] writing top-level names to interfaces.egg-info/top_level.txt
[0.172s] reading manifest file 'interfaces.egg-info/SOURCES.txt'
[0.173s] writing manifest file 'interfaces.egg-info/SOURCES.txt'
[0.187s] [100%] Built target ament_cmake_python_build_interfaces_egg
