running egg_info
writing ../../build/python_pkg/python_pkg.egg-info/PKG-INFO
writing dependency_links to ../../build/python_pkg/python_pkg.egg-info/dependency_links.txt
writing entry points to ../../build/python_pkg/python_pkg.egg-info/entry_points.txt
writing requirements to ../../build/python_pkg/python_pkg.egg-info/requires.txt
writing top-level names to ../../build/python_pkg/python_pkg.egg-info/top_level.txt
reading manifest file '../../build/python_pkg/python_pkg.egg-info/SOURCES.txt'
writing manifest file '../../build/python_pkg/python_pkg.egg-info/SOURCES.txt'
running build
running build_py
copying python_pkg/turtle_control_node.py -> /home/nikolai/Documents/ROS/catching_turtles_ros2/ws/build/python_pkg/build/lib/python_pkg
running install
running install_lib
copying /home/nikolai/Documents/ROS/catching_turtles_ros2/ws/build/python_pkg/build/lib/python_pkg/turtle_control_node.py -> /home/nikolai/Documents/ROS/catching_turtles_ros2/ws/install/python_pkg/lib/python3.10/site-packages/python_pkg
byte-compiling /home/nikolai/Documents/ROS/catching_turtles_ros2/ws/install/python_pkg/lib/python3.10/site-packages/python_pkg/turtle_control_node.py to turtle_control_node.cpython-310.pyc
running install_data
running install_egg_info
removing '/home/nikolai/Documents/ROS/catching_turtles_ros2/ws/install/python_pkg/lib/python3.10/site-packages/python_pkg-0.0.0-py3.10.egg-info' (and everything under it)
Copying ../../build/python_pkg/python_pkg.egg-info to /home/nikolai/Documents/ROS/catching_turtles_ros2/ws/install/python_pkg/lib/python3.10/site-packages/python_pkg-0.0.0-py3.10.egg-info
running install_scripts
Installing turtle_control_node script to /home/nikolai/Documents/ROS/catching_turtles_ros2/ws/install/python_pkg/lib/python_pkg
Installing turtle_spawner_node script to /home/nikolai/Documents/ROS/catching_turtles_ros2/ws/install/python_pkg/lib/python_pkg
writing list of installed files to '/home/nikolai/Documents/ROS/catching_turtles_ros2/ws/build/python_pkg/install.log'
