-- Found ament_cmake: 1.3.3 (/opt/ros/humble/share/ament_cmake/cmake)
-- Found rclcpp: 16.0.3 (/opt/ros/humble/share/rclcpp/cmake)
-- Found rosidl_generator_c: 3.1.4 (/opt/ros/humble/share/rosidl_generator_c/cmake)
-- Found rosidl_adapter: 3.1.4 (/opt/ros/humble/share/rosidl_adapter/cmake)
-- Found rosidl_generator_cpp: 3.1.4 (/opt/ros/humble/share/rosidl_generator_cpp/cmake)
-- Using all available rosidl_typesupport_c: rosidl_typesupport_fastrtps_c;rosidl_typesupport_introspection_c
-- Using all available rosidl_typesupport_cpp: rosidl_typesupport_fastrtps_cpp;rosidl_typesupport_introspection_cpp
-- Found rmw_implementation_cmake: 6.1.1 (/opt/ros/humble/share/rmw_implementation_cmake/cmake)
-- Found rmw_fastrtps_cpp: 6.2.2 (/opt/ros/humble/share/rmw_fastrtps_cpp/cmake)
-- Found OpenSSL: /usr/lib/x86_64-linux-gnu/libcrypto.so (found version "3.0.2")  
-- Found FastRTPS: /opt/ros/humble/include  
-- Using RMW implementation 'rmw_fastrtps_cpp' as default
-- Looking for pthread.h
-- Looking for pthread.h - found
-- Performing Test CMAKE_HAVE_LIBC_PTHREAD
-- Performing Test CMAKE_HAVE_LIBC_PTHREAD - Success
-- Found Threads: TRUE  
-- Configuring done
-- Generating done
-- Build files have been written to: /home/nikolai/Documents/ROS/catching_turtles_ros2/ws/src/build/cpp_pkg
-- Install configuration: ""
-- Up-to-date: /home/nikolai/Documents/ROS/catching_turtles_ros2/ws/src/install/cpp_pkg/share/ament_index/resource_index/package_run_dependencies/cpp_pkg
-- Up-to-date: /home/nikolai/Documents/ROS/catching_turtles_ros2/ws/src/install/cpp_pkg/share/ament_index/resource_index/parent_prefix_path/cpp_pkg
-- Up-to-date: /home/nikolai/Documents/ROS/catching_turtles_ros2/ws/src/install/cpp_pkg/share/cpp_pkg/environment/ament_prefix_path.sh
-- Installing: /home/nikolai/Documents/ROS/catching_turtles_ros2/ws/src/install/cpp_pkg/share/cpp_pkg/environment/ament_prefix_path.dsv
-- Up-to-date: /home/nikolai/Documents/ROS/catching_turtles_ros2/ws/src/install/cpp_pkg/share/cpp_pkg/environment/path.sh
-- Installing: /home/nikolai/Documents/ROS/catching_turtles_ros2/ws/src/install/cpp_pkg/share/cpp_pkg/environment/path.dsv
-- Up-to-date: /home/nikolai/Documents/ROS/catching_turtles_ros2/ws/src/install/cpp_pkg/share/cpp_pkg/local_setup.bash
-- Up-to-date: /home/nikolai/Documents/ROS/catching_turtles_ros2/ws/src/install/cpp_pkg/share/cpp_pkg/local_setup.sh
-- Up-to-date: /home/nikolai/Documents/ROS/catching_turtles_ros2/ws/src/install/cpp_pkg/share/cpp_pkg/local_setup.zsh
-- Installing: /home/nikolai/Documents/ROS/catching_turtles_ros2/ws/src/install/cpp_pkg/share/cpp_pkg/local_setup.dsv
-- Installing: /home/nikolai/Documents/ROS/catching_turtles_ros2/ws/src/install/cpp_pkg/share/cpp_pkg/package.dsv
-- Up-to-date: /home/nikolai/Documents/ROS/catching_turtles_ros2/ws/src/install/cpp_pkg/share/ament_index/resource_index/packages/cpp_pkg
-- Up-to-date: /home/nikolai/Documents/ROS/catching_turtles_ros2/ws/src/install/cpp_pkg/share/cpp_pkg/cmake/cpp_pkgConfig.cmake
-- Up-to-date: /home/nikolai/Documents/ROS/catching_turtles_ros2/ws/src/install/cpp_pkg/share/cpp_pkg/cmake/cpp_pkgConfig-version.cmake
-- Up-to-date: /home/nikolai/Documents/ROS/catching_turtles_ros2/ws/src/install/cpp_pkg/share/cpp_pkg/package.xml
