[0.007s] Invoking command in '/home/nikolai/Documents/ROS/catching_turtles_ros2/ws/src/build/cpp_pkg': CMAKE_PREFIX_PATH=${CMAKE_PREFIX_PATH}:/home/nikolai/Documents/ROS/catching_turtles_ros2/ws/install/python_pkg:/opt/ros/humble /usr/bin/cmake --build /home/nikolai/Documents/ROS/catching_turtles_ros2/ws/src/build/cpp_pkg -- -j20 -l20
[0.019s] -- Found ament_cmake: 1.3.3 (/opt/ros/humble/share/ament_cmake/cmake)
[0.109s] -- Found rclcpp: 16.0.3 (/opt/ros/humble/share/rclcpp/cmake)
[0.134s] -- Found rosidl_generator_c: 3.1.4 (/opt/ros/humble/share/rosidl_generator_c/cmake)
[0.137s] -- Found rosidl_adapter: 3.1.4 (/opt/ros/humble/share/rosidl_adapter/cmake)
[0.141s] -- Found rosidl_generator_cpp: 3.1.4 (/opt/ros/humble/share/rosidl_generator_cpp/cmake)
[0.149s] -- Using all available rosidl_typesupport_c: rosidl_typesupport_fastrtps_c;rosidl_typesupport_introspection_c
[0.159s] -- Using all available rosidl_typesupport_cpp: rosidl_typesupport_fastrtps_cpp;rosidl_typesupport_introspection_cpp
[0.202s] -- Found rmw_implementation_cmake: 6.1.1 (/opt/ros/humble/share/rmw_implementation_cmake/cmake)
[0.204s] -- Found rmw_fastrtps_cpp: 6.2.2 (/opt/ros/humble/share/rmw_fastrtps_cpp/cmake)
[0.255s] -- Found OpenSSL: /usr/lib/x86_64-linux-gnu/libcrypto.so (found version "3.0.2")  
[0.269s] -- Found FastRTPS: /opt/ros/humble/include  
[0.294s] -- Using RMW implementation 'rmw_fastrtps_cpp' as default
[0.301s] -- Looking for pthread.h
[0.337s] -- Looking for pthread.h - found
[0.337s] -- Performing Test CMAKE_HAVE_LIBC_PTHREAD
[0.375s] -- Performing Test CMAKE_HAVE_LIBC_PTHREAD - Success
[0.375s] -- Found Threads: TRUE  
[0.503s] -- Configuring done
[0.505s] -- Generating done
[0.506s] -- Build files have been written to: /home/nikolai/Documents/ROS/catching_turtles_ros2/ws/src/build/cpp_pkg
[0.519s] Invoked command in '/home/nikolai/Documents/ROS/catching_turtles_ros2/ws/src/build/cpp_pkg' returned '0': CMAKE_PREFIX_PATH=${CMAKE_PREFIX_PATH}:/home/nikolai/Documents/ROS/catching_turtles_ros2/ws/install/python_pkg:/opt/ros/humble /usr/bin/cmake --build /home/nikolai/Documents/ROS/catching_turtles_ros2/ws/src/build/cpp_pkg -- -j20 -l20
[0.531s] Invoking command in '/home/nikolai/Documents/ROS/catching_turtles_ros2/ws/src/build/cpp_pkg': CMAKE_PREFIX_PATH=${CMAKE_PREFIX_PATH}:/home/nikolai/Documents/ROS/catching_turtles_ros2/ws/install/python_pkg:/opt/ros/humble /usr/bin/cmake --install /home/nikolai/Documents/ROS/catching_turtles_ros2/ws/src/build/cpp_pkg
[0.535s] -- Install configuration: ""
[0.535s] -- Up-to-date: /home/nikolai/Documents/ROS/catching_turtles_ros2/ws/src/install/cpp_pkg/share/ament_index/resource_index/package_run_dependencies/cpp_pkg
[0.535s] -- Up-to-date: /home/nikolai/Documents/ROS/catching_turtles_ros2/ws/src/install/cpp_pkg/share/ament_index/resource_index/parent_prefix_path/cpp_pkg
[0.535s] -- Up-to-date: /home/nikolai/Documents/ROS/catching_turtles_ros2/ws/src/install/cpp_pkg/share/cpp_pkg/environment/ament_prefix_path.sh
[0.535s] -- Installing: /home/nikolai/Documents/ROS/catching_turtles_ros2/ws/src/install/cpp_pkg/share/cpp_pkg/environment/ament_prefix_path.dsv
[0.535s] -- Up-to-date: /home/nikolai/Documents/ROS/catching_turtles_ros2/ws/src/install/cpp_pkg/share/cpp_pkg/environment/path.sh
[0.535s] -- Installing: /home/nikolai/Documents/ROS/catching_turtles_ros2/ws/src/install/cpp_pkg/share/cpp_pkg/environment/path.dsv
[0.535s] -- Up-to-date: /home/nikolai/Documents/ROS/catching_turtles_ros2/ws/src/install/cpp_pkg/share/cpp_pkg/local_setup.bash
[0.535s] -- Up-to-date: /home/nikolai/Documents/ROS/catching_turtles_ros2/ws/src/install/cpp_pkg/share/cpp_pkg/local_setup.sh
[0.535s] -- Up-to-date: /home/nikolai/Documents/ROS/catching_turtles_ros2/ws/src/install/cpp_pkg/share/cpp_pkg/local_setup.zsh
[0.535s] -- Installing: /home/nikolai/Documents/ROS/catching_turtles_ros2/ws/src/install/cpp_pkg/share/cpp_pkg/local_setup.dsv
[0.536s] -- Installing: /home/nikolai/Documents/ROS/catching_turtles_ros2/ws/src/install/cpp_pkg/share/cpp_pkg/package.dsv
[0.536s] -- Up-to-date: /home/nikolai/Documents/ROS/catching_turtles_ros2/ws/src/install/cpp_pkg/share/ament_index/resource_index/packages/cpp_pkg
[0.536s] -- Up-to-date: /home/nikolai/Documents/ROS/catching_turtles_ros2/ws/src/install/cpp_pkg/share/cpp_pkg/cmake/cpp_pkgConfig.cmake
[0.537s] -- Up-to-date: /home/nikolai/Documents/ROS/catching_turtles_ros2/ws/src/install/cpp_pkg/share/cpp_pkg/cmake/cpp_pkgConfig-version.cmake
[0.537s] -- Up-to-date: /home/nikolai/Documents/ROS/catching_turtles_ros2/ws/src/install/cpp_pkg/share/cpp_pkg/package.xml
[0.538s] Invoked command in '/home/nikolai/Documents/ROS/catching_turtles_ros2/ws/src/build/cpp_pkg' returned '0': CMAKE_PREFIX_PATH=${CMAKE_PREFIX_PATH}:/home/nikolai/Documents/ROS/catching_turtles_ros2/ws/install/python_pkg:/opt/ros/humble /usr/bin/cmake --install /home/nikolai/Documents/ROS/catching_turtles_ros2/ws/src/build/cpp_pkg
