[0.135s] Invoking command in '/home/nikolai/Documents/ROS/catching_turtles_ros2/ws/build/cpp_pkg': CMAKE_PREFIX_PATH=/home/nikolai/Documents/ROS/catching_turtles_ros2/ws/install/interfaces:/home/nikolai/Documents/ROS/catching_turtles_ros2/ws/install/bring_up:/home/nikolai/Documents/ROS/catching_turtles_ros2/ws/install/cpp_pkg:/home/nikolai/Documents/ROS/catching_turtles_ros2/ws/install/python_pkg:/opt/ros/humble /usr/bin/cmake --build /home/nikolai/Documents/ROS/catching_turtles_ros2/ws/build/cpp_pkg -- -j20 -l20
[0.157s] [35m[1mConsolidate compiler generated dependencies of target turtle_spawner_node[0m
[0.157s] [35m[1mConsolidate compiler generated dependencies of target turtle_control_node[0m
[0.167s] [ 75%] Built target turtle_control_node
[0.168s] [ 75%] [32mBuilding CXX object CMakeFiles/turtle_spawner_node.dir/src/turtle_spawner_node.cpp.o[0m
[1.408s] [01m[K/home/nikolai/Documents/ROS/catching_turtles_ros2/ws/src/cpp_pkg/src/turtle_spawner_node.cpp:[m[K In member function ‘[01m[Kvoid TurtleSpawnerNode::catch_service_callback(interfaces::srv::CatchTurtle_Request_<std::allocator<void> >::SharedPtr, interfaces::srv::CatchTurtle_Response_<std::allocator<void> >::SharedPtr)[m[K’:
[1.408s] [01m[K/home/nikolai/Documents/ROS/catching_turtles_ros2/ws/src/cpp_pkg/src/turtle_spawner_node.cpp:11:156:[m[K [01;35m[Kwarning: [m[Kunused parameter ‘[01m[Kresponse[m[K’ [[01;35m[K]8;;https://gcc.gnu.org/onlinedocs/gcc/Warning-Options.html#index-Wunused-parameter-Wunused-parameter]8;;[m[K]
[1.408s]    11 | void TurtleSpawnerNode::catch_service_callback(interfaces::srv::CatchTurtle::Request::SharedPtr request, [01;35m[Kinterfaces::srv::CatchTurtle::Response::SharedPtr response[m[K)
[1.408s]       |                                                                                                          [01;35m[K~~~~~~~~~~~~~~~~~~~~~~~~~~~~~~~~~~~~~~~~~~~~~~~~~~^~~~~~~~[m[K
[3.512s] [100%] [32m[1mLinking CXX executable turtle_spawner_node[0m
[3.670s] [100%] Built target turtle_spawner_node
[3.677s] Invoked command in '/home/nikolai/Documents/ROS/catching_turtles_ros2/ws/build/cpp_pkg' returned '0': CMAKE_PREFIX_PATH=/home/nikolai/Documents/ROS/catching_turtles_ros2/ws/install/interfaces:/home/nikolai/Documents/ROS/catching_turtles_ros2/ws/install/bring_up:/home/nikolai/Documents/ROS/catching_turtles_ros2/ws/install/cpp_pkg:/home/nikolai/Documents/ROS/catching_turtles_ros2/ws/install/python_pkg:/opt/ros/humble /usr/bin/cmake --build /home/nikolai/Documents/ROS/catching_turtles_ros2/ws/build/cpp_pkg -- -j20 -l20
[3.689s] Invoking command in '/home/nikolai/Documents/ROS/catching_turtles_ros2/ws/build/cpp_pkg': CMAKE_PREFIX_PATH=/home/nikolai/Documents/ROS/catching_turtles_ros2/ws/install/interfaces:/home/nikolai/Documents/ROS/catching_turtles_ros2/ws/install/bring_up:/home/nikolai/Documents/ROS/catching_turtles_ros2/ws/install/cpp_pkg:/home/nikolai/Documents/ROS/catching_turtles_ros2/ws/install/python_pkg:/opt/ros/humble /usr/bin/cmake --install /home/nikolai/Documents/ROS/catching_turtles_ros2/ws/build/cpp_pkg
[3.693s] -- Install configuration: ""
[3.693s] -- Up-to-date: /home/nikolai/Documents/ROS/catching_turtles_ros2/ws/install/cpp_pkg/lib/cpp_pkg/turtle_control_node
[3.693s] -- Installing: /home/nikolai/Documents/ROS/catching_turtles_ros2/ws/install/cpp_pkg/lib/cpp_pkg/turtle_spawner_node
[3.695s] -- Set runtime path of "/home/nikolai/Documents/ROS/catching_turtles_ros2/ws/install/cpp_pkg/lib/cpp_pkg/turtle_spawner_node" to ""
[3.695s] -- Up-to-date: /home/nikolai/Documents/ROS/catching_turtles_ros2/ws/install/cpp_pkg/share/ament_index/resource_index/package_run_dependencies/cpp_pkg
[3.695s] -- Up-to-date: /home/nikolai/Documents/ROS/catching_turtles_ros2/ws/install/cpp_pkg/share/ament_index/resource_index/parent_prefix_path/cpp_pkg
[3.695s] -- Up-to-date: /home/nikolai/Documents/ROS/catching_turtles_ros2/ws/install/cpp_pkg/share/cpp_pkg/environment/ament_prefix_path.sh
[3.695s] -- Up-to-date: /home/nikolai/Documents/ROS/catching_turtles_ros2/ws/install/cpp_pkg/share/cpp_pkg/environment/ament_prefix_path.dsv
[3.695s] -- Up-to-date: /home/nikolai/Documents/ROS/catching_turtles_ros2/ws/install/cpp_pkg/share/cpp_pkg/environment/path.sh
[3.695s] -- Up-to-date: /home/nikolai/Documents/ROS/catching_turtles_ros2/ws/install/cpp_pkg/share/cpp_pkg/environment/path.dsv
[3.695s] -- Up-to-date: /home/nikolai/Documents/ROS/catching_turtles_ros2/ws/install/cpp_pkg/share/cpp_pkg/local_setup.bash
[3.695s] -- Up-to-date: /home/nikolai/Documents/ROS/catching_turtles_ros2/ws/install/cpp_pkg/share/cpp_pkg/local_setup.sh
[3.695s] -- Up-to-date: /home/nikolai/Documents/ROS/catching_turtles_ros2/ws/install/cpp_pkg/share/cpp_pkg/local_setup.zsh
[3.695s] -- Up-to-date: /home/nikolai/Documents/ROS/catching_turtles_ros2/ws/install/cpp_pkg/share/cpp_pkg/local_setup.dsv
[3.695s] -- Installing: /home/nikolai/Documents/ROS/catching_turtles_ros2/ws/install/cpp_pkg/share/cpp_pkg/package.dsv
[3.695s] -- Up-to-date: /home/nikolai/Documents/ROS/catching_turtles_ros2/ws/install/cpp_pkg/share/ament_index/resource_index/packages/cpp_pkg
[3.695s] -- Up-to-date: /home/nikolai/Documents/ROS/catching_turtles_ros2/ws/install/cpp_pkg/share/cpp_pkg/cmake/cpp_pkgConfig.cmake
[3.695s] -- Up-to-date: /home/nikolai/Documents/ROS/catching_turtles_ros2/ws/install/cpp_pkg/share/cpp_pkg/cmake/cpp_pkgConfig-version.cmake
[3.695s] -- Up-to-date: /home/nikolai/Documents/ROS/catching_turtles_ros2/ws/install/cpp_pkg/share/cpp_pkg/package.xml
[3.697s] Invoked command in '/home/nikolai/Documents/ROS/catching_turtles_ros2/ws/build/cpp_pkg' returned '0': CMAKE_PREFIX_PATH=/home/nikolai/Documents/ROS/catching_turtles_ros2/ws/install/interfaces:/home/nikolai/Documents/ROS/catching_turtles_ros2/ws/install/bring_up:/home/nikolai/Documents/ROS/catching_turtles_ros2/ws/install/cpp_pkg:/home/nikolai/Documents/ROS/catching_turtles_ros2/ws/install/python_pkg:/opt/ros/humble /usr/bin/cmake --install /home/nikolai/Documents/ROS/catching_turtles_ros2/ws/build/cpp_pkg
