[0.010s] Invoking command in '/home/nikolai/Documents/ROS/catching_turtles_ros2/ws/src/build/interfaces': CMAKE_PREFIX_PATH=${CMAKE_PREFIX_PATH}:/home/nikolai/Documents/ROS/catching_turtles_ros2/ws/install/python_pkg:/opt/ros/humble /usr/bin/cmake /home/nikolai/Documents/ROS/catching_turtles_ros2/ws/src/interfaces -DCMAKE_INSTALL_PREFIX=/home/nikolai/Documents/ROS/catching_turtles_ros2/ws/src/install/interfaces
[0.038s] -- The C compiler identification is GNU 11.3.0
[0.067s] -- The CXX compiler identification is GNU 11.3.0
[0.071s] -- Detecting C compiler ABI info
[0.105s] -- Detecting C compiler ABI info - done
[0.109s] -- Check for working C compiler: /usr/bin/cc - skipped
[0.109s] -- Detecting C compile features
[0.110s] -- Detecting C compile features - done
[0.111s] -- Detecting CXX compiler ABI info
[0.151s] -- Detecting CXX compiler ABI info - done
[0.155s] -- Check for working CXX compiler: /usr/bin/c++ - skipped
[0.156s] -- Detecting CXX compile features
[0.156s] -- Detecting CXX compile features - done
[0.157s] -- Found ament_cmake: 1.3.3 (/opt/ros/humble/share/ament_cmake/cmake)
[0.252s] -- Found Python3: /usr/bin/python3.10 (found version "3.10.6") found components: Interpreter 
[0.298s] -- Found rosidl_default_generators: 1.2.0 (/opt/ros/humble/share/rosidl_default_generators/cmake)
[0.299s] -- Using all available rosidl_typesupport_c: rosidl_typesupport_fastrtps_c;rosidl_typesupport_introspection_c
[0.307s] -- Found rosidl_adapter: 3.1.4 (/opt/ros/humble/share/rosidl_adapter/cmake)
[0.328s] -- Using all available rosidl_typesupport_cpp: rosidl_typesupport_fastrtps_cpp;rosidl_typesupport_introspection_cpp
[0.488s] -- Found ament_cmake_ros: 0.10.0 (/opt/ros/humble/share/ament_cmake_ros/cmake)
[0.586s] -- Using all available rosidl_typesupport_c: rosidl_typesupport_fastrtps_c;rosidl_typesupport_introspection_c
[0.712s] -- Using all available rosidl_typesupport_cpp: rosidl_typesupport_fastrtps_cpp;rosidl_typesupport_introspection_cpp
[0.724s] -- Found PythonInterp: /usr/bin/python3 (found suitable version "3.10.6", minimum required is "3.6") 
[0.725s] -- Found python_cmake_module: 0.10.0 (/opt/ros/humble/share/python_cmake_module/cmake)
[0.738s] -- Found PythonLibs: /usr/lib/x86_64-linux-gnu/libpython3.10.so (found suitable version "3.10.6", minimum required is "3.5") 
[0.738s] -- Using PYTHON_EXECUTABLE: /usr/bin/python3
[0.739s] -- Using PYTHON_INCLUDE_DIRS: /usr/include/python3.10
[0.739s] -- Using PYTHON_LIBRARIES: /usr/lib/x86_64-linux-gnu/libpython3.10.so
[0.750s] -- Found PythonExtra: .so  
[0.768s] -- Found ament_lint_auto: 0.12.5 (/opt/ros/humble/share/ament_lint_auto/cmake)
[0.776s] -- Added test 'lint_cmake' to check CMake code style
[0.776s] -- Added test 'xmllint' to check XML markup files
[0.777s] -- Configuring done
[0.792s] -- Generating done
[0.793s] -- Build files have been written to: /home/nikolai/Documents/ROS/catching_turtles_ros2/ws/src/build/interfaces
[0.797s] Invoked command in '/home/nikolai/Documents/ROS/catching_turtles_ros2/ws/src/build/interfaces' returned '0': CMAKE_PREFIX_PATH=${CMAKE_PREFIX_PATH}:/home/nikolai/Documents/ROS/catching_turtles_ros2/ws/install/python_pkg:/opt/ros/humble /usr/bin/cmake /home/nikolai/Documents/ROS/catching_turtles_ros2/ws/src/interfaces -DCMAKE_INSTALL_PREFIX=/home/nikolai/Documents/ROS/catching_turtles_ros2/ws/src/install/interfaces
[0.798s] Invoking command in '/home/nikolai/Documents/ROS/catching_turtles_ros2/ws/src/build/interfaces': CMAKE_PREFIX_PATH=${CMAKE_PREFIX_PATH}:/home/nikolai/Documents/ROS/catching_turtles_ros2/ws/install/python_pkg:/opt/ros/humble /usr/bin/cmake --build /home/nikolai/Documents/ROS/catching_turtles_ros2/ws/src/build/interfaces -- -j20 -l20
[0.815s] [  2%] [34m[1mGenerating C code for ROS interfaces[0m
[0.820s] [  4%] [34m[1mGenerating C++ code for ROS interfaces[0m
[0.823s] [  4%] Built target ament_cmake_python_copy_interfaces
[0.950s] running egg_info
[0.950s] creating interfaces.egg-info
[0.950s] writing interfaces.egg-info/PKG-INFO
[0.950s] writing dependency_links to interfaces.egg-info/dependency_links.txt
[0.950s] writing top-level names to interfaces.egg-info/top_level.txt
[0.950s] writing manifest file 'interfaces.egg-info/SOURCES.txt'
[0.951s] reading manifest file 'interfaces.egg-info/SOURCES.txt'
[0.952s] writing manifest file 'interfaces.egg-info/SOURCES.txt'
[0.965s] [  4%] Built target ament_cmake_python_build_interfaces_egg
[1.004s] [  4%] Built target interfaces__cpp
[1.008s] [  6%] [34m[1mGenerating C++ type support dispatch for ROS interfaces[0m
[1.009s] [  8%] [34m[1mGenerating C++ type support for eProsima Fast-RTPS[0m
[1.009s] [ 10%] [34m[1mGenerating C++ introspection for ROS interfaces[0m
[1.011s] [ 17%] [32mBuilding C object CMakeFiles/interfaces__rosidl_generator_c.dir/rosidl_generator_c/interfaces/srv/detail/catch_turtle__functions.c.o[0m
[1.011s] [ 17%] [32mBuilding C object CMakeFiles/interfaces__rosidl_generator_c.dir/rosidl_generator_c/interfaces/msg/detail/turtle_array__functions.c.o[0m
[1.011s] [ 17%] [32mBuilding C object CMakeFiles/interfaces__rosidl_generator_c.dir/rosidl_generator_c/interfaces/msg/detail/turtle__functions.c.o[0m
[1.043s] [ 19%] [32m[1mLinking C shared library libinterfaces__rosidl_generator_c.so[0m
[1.062s] [ 19%] Built target interfaces__rosidl_generator_c
[1.066s] [ 21%] [34m[1mGenerating C type support for eProsima Fast-RTPS[0m
[1.067s] [ 25%] [34m[1mGenerating C type support dispatch for ROS interfaces[0m
[1.067s] [ 25%] [34m[1mGenerating C introspection for ROS interfaces[0m
[1.164s] [ 27%] [32mBuilding CXX object CMakeFiles/interfaces__rosidl_typesupport_cpp.dir/rosidl_typesupport_cpp/interfaces/srv/catch_turtle__type_support.cpp.o[0m
[1.164s] [ 29%] [32mBuilding CXX object CMakeFiles/interfaces__rosidl_typesupport_cpp.dir/rosidl_typesupport_cpp/interfaces/msg/turtle__type_support.cpp.o[0m
[1.165s] [ 31%] [32mBuilding CXX object CMakeFiles/interfaces__rosidl_typesupport_cpp.dir/rosidl_typesupport_cpp/interfaces/msg/turtle_array__type_support.cpp.o[0m
[1.184s] [ 34%] [32mBuilding CXX object CMakeFiles/interfaces__rosidl_typesupport_introspection_cpp.dir/rosidl_typesupport_introspection_cpp/interfaces/msg/detail/turtle__type_support.cpp.o[0m
[1.184s] [ 36%] [32mBuilding CXX object CMakeFiles/interfaces__rosidl_typesupport_introspection_cpp.dir/rosidl_typesupport_introspection_cpp/interfaces/msg/detail/turtle_array__type_support.cpp.o[0m
[1.185s] [ 38%] [32mBuilding CXX object CMakeFiles/interfaces__rosidl_typesupport_introspection_cpp.dir/rosidl_typesupport_introspection_cpp/interfaces/srv/detail/catch_turtle__type_support.cpp.o[0m
[1.193s] [ 40%] [32mBuilding CXX object CMakeFiles/interfaces__rosidl_typesupport_fastrtps_cpp.dir/rosidl_typesupport_fastrtps_cpp/interfaces/msg/detail/dds_fastrtps/turtle__type_support.cpp.o[0m
[1.195s] [ 44%] [32mBuilding CXX object CMakeFiles/interfaces__rosidl_typesupport_fastrtps_cpp.dir/rosidl_typesupport_fastrtps_cpp/interfaces/msg/detail/dds_fastrtps/turtle_array__type_support.cpp.o[0m
[1.195s] [ 44%] [32mBuilding CXX object CMakeFiles/interfaces__rosidl_typesupport_fastrtps_cpp.dir/rosidl_typesupport_fastrtps_cpp/interfaces/srv/detail/dds_fastrtps/catch_turtle__type_support.cpp.o[0m
[1.223s] [ 46%] [32mBuilding CXX object CMakeFiles/interfaces__rosidl_typesupport_c.dir/rosidl_typesupport_c/interfaces/msg/turtle__type_support.cpp.o[0m
[1.225s] [ 48%] [32mBuilding CXX object CMakeFiles/interfaces__rosidl_typesupport_c.dir/rosidl_typesupport_c/interfaces/srv/catch_turtle__type_support.cpp.o[0m
[1.228s] [ 51%] [32mBuilding CXX object CMakeFiles/interfaces__rosidl_typesupport_c.dir/rosidl_typesupport_c/interfaces/msg/turtle_array__type_support.cpp.o[0m
[1.250s] [ 53%] [32mBuilding C object CMakeFiles/interfaces__rosidl_typesupport_introspection_c.dir/rosidl_typesupport_introspection_c/interfaces/srv/detail/catch_turtle__type_support.c.o[0m
[1.251s] [ 55%] [32m[1mLinking CXX shared library libinterfaces__rosidl_typesupport_c.so[0m
[1.251s] [ 57%] [32mBuilding C object CMakeFiles/interfaces__rosidl_typesupport_introspection_c.dir/rosidl_typesupport_introspection_c/interfaces/msg/detail/turtle__type_support.c.o[0m
[1.252s] [ 59%] [32mBuilding C object CMakeFiles/interfaces__rosidl_typesupport_introspection_c.dir/rosidl_typesupport_introspection_c/interfaces/msg/detail/turtle_array__type_support.c.o[0m
[1.256s] [ 61%] [32mBuilding CXX object CMakeFiles/interfaces__rosidl_typesupport_fastrtps_c.dir/rosidl_typesupport_fastrtps_c/interfaces/msg/detail/turtle__type_support_c.cpp.o[0m
[1.257s] [ 63%] [32mBuilding CXX object CMakeFiles/interfaces__rosidl_typesupport_fastrtps_c.dir/rosidl_typesupport_fastrtps_c/interfaces/msg/detail/turtle_array__type_support_c.cpp.o[0m
[1.258s] [ 65%] [32mBuilding CXX object CMakeFiles/interfaces__rosidl_typesupport_fastrtps_c.dir/rosidl_typesupport_fastrtps_c/interfaces/srv/detail/catch_turtle__type_support_c.cpp.o[0m
[1.281s] [ 68%] [32m[1mLinking C shared library libinterfaces__rosidl_typesupport_introspection_c.so[0m
[1.284s] [ 68%] Built target interfaces__rosidl_typesupport_c
[1.305s] [ 68%] Built target interfaces__rosidl_typesupport_introspection_c
[1.412s] [ 70%] [32m[1mLinking CXX shared library libinterfaces__rosidl_typesupport_cpp.so[0m
[1.435s] [ 70%] Built target interfaces__rosidl_typesupport_cpp
[1.506s] [ 72%] [32m[1mLinking CXX shared library libinterfaces__rosidl_typesupport_fastrtps_c.so[0m
[1.526s] [ 74%] [32m[1mLinking CXX shared library libinterfaces__rosidl_typesupport_introspection_cpp.so[0m
[1.537s] [ 76%] [32m[1mLinking CXX shared library libinterfaces__rosidl_typesupport_fastrtps_cpp.so[0m
[1.546s] [ 76%] Built target interfaces__rosidl_typesupport_fastrtps_c
[1.566s] [ 76%] Built target interfaces__rosidl_typesupport_introspection_cpp
[1.577s] [ 76%] Built target interfaces__rosidl_typesupport_fastrtps_cpp
[1.586s] [ 76%] Built target interfaces
[1.595s] [ 78%] [34m[1mGenerating Python code for ROS interfaces[0m
[1.843s] [ 78%] Built target interfaces__py
[1.852s] [ 80%] [32mBuilding C object CMakeFiles/interfaces__rosidl_generator_py.dir/rosidl_generator_py/interfaces/msg/_turtle_s.c.o[0m
[1.852s] [ 82%] [32mBuilding C object CMakeFiles/interfaces__rosidl_generator_py.dir/rosidl_generator_py/interfaces/srv/_catch_turtle_s.c.o[0m
[1.853s] [ 85%] [32mBuilding C object CMakeFiles/interfaces__rosidl_generator_py.dir/rosidl_generator_py/interfaces/msg/_turtle_array_s.c.o[0m
[1.904s] [ 87%] [32m[1mLinking C shared library rosidl_generator_py/interfaces/libinterfaces__rosidl_generator_py.so[0m
[1.924s] [ 87%] Built target interfaces__rosidl_generator_py
[1.934s] [ 89%] [32mBuilding C object CMakeFiles/interfaces__rosidl_typesupport_fastrtps_c__pyext.dir/rosidl_generator_py/interfaces/_interfaces_s.ep.rosidl_typesupport_fastrtps_c.c.o[0m
[1.934s] [ 91%] [32mBuilding C object CMakeFiles/interfaces__rosidl_typesupport_introspection_c__pyext.dir/rosidl_generator_py/interfaces/_interfaces_s.ep.rosidl_typesupport_introspection_c.c.o[0m
[1.934s] [ 93%] [32mBuilding C object CMakeFiles/interfaces__rosidl_typesupport_c__pyext.dir/rosidl_generator_py/interfaces/_interfaces_s.ep.rosidl_typesupport_c.c.o[0m
[1.984s] [100%] [32m[1mLinking C shared library rosidl_generator_py/interfaces/interfaces_s__rosidl_typesupport_introspection_c.cpython-310-x86_64-linux-gnu.so[0m
[1.984s] [ 97%] [32m[1mLinking C shared library rosidl_generator_py/interfaces/interfaces_s__rosidl_typesupport_fastrtps_c.cpython-310-x86_64-linux-gnu.so[0m
[1.984s] [100%] [32m[1mLinking C shared library rosidl_generator_py/interfaces/interfaces_s__rosidl_typesupport_c.cpython-310-x86_64-linux-gnu.so[0m
[2.001s] [100%] Built target interfaces__rosidl_typesupport_c__pyext
[2.001s] [100%] Built target interfaces__rosidl_typesupport_introspection_c__pyext
[2.001s] [100%] Built target interfaces__rosidl_typesupport_fastrtps_c__pyext
[2.007s] Invoked command in '/home/nikolai/Documents/ROS/catching_turtles_ros2/ws/src/build/interfaces' returned '0': CMAKE_PREFIX_PATH=${CMAKE_PREFIX_PATH}:/home/nikolai/Documents/ROS/catching_turtles_ros2/ws/install/python_pkg:/opt/ros/humble /usr/bin/cmake --build /home/nikolai/Documents/ROS/catching_turtles_ros2/ws/src/build/interfaces -- -j20 -l20
[2.047s] Invoking command in '/home/nikolai/Documents/ROS/catching_turtles_ros2/ws/src/build/interfaces': CMAKE_PREFIX_PATH=${CMAKE_PREFIX_PATH}:/home/nikolai/Documents/ROS/catching_turtles_ros2/ws/install/python_pkg:/opt/ros/humble /usr/bin/cmake --install /home/nikolai/Documents/ROS/catching_turtles_ros2/ws/src/build/interfaces
[2.051s] -- Install configuration: ""
[2.051s] -- Installing: /home/nikolai/Documents/ROS/catching_turtles_ros2/ws/src/install/interfaces/share/ament_index/resource_index/rosidl_interfaces/interfaces
[2.051s] -- Installing: /home/nikolai/Documents/ROS/catching_turtles_ros2/ws/src/install/interfaces/include/interfaces/interfaces
[2.051s] -- Installing: /home/nikolai/Documents/ROS/catching_turtles_ros2/ws/src/install/interfaces/include/interfaces/interfaces/srv
[2.051s] -- Installing: /home/nikolai/Documents/ROS/catching_turtles_ros2/ws/src/install/interfaces/include/interfaces/interfaces/srv/detail
[2.051s] -- Installing: /home/nikolai/Documents/ROS/catching_turtles_ros2/ws/src/install/interfaces/include/interfaces/interfaces/srv/detail/catch_turtle__functions.c
[2.051s] -- Installing: /home/nikolai/Documents/ROS/catching_turtles_ros2/ws/src/install/interfaces/include/interfaces/interfaces/srv/detail/catch_turtle__functions.h
[2.051s] -- Installing: /home/nikolai/Documents/ROS/catching_turtles_ros2/ws/src/install/interfaces/include/interfaces/interfaces/srv/detail/catch_turtle__struct.h
[2.051s] -- Installing: /home/nikolai/Documents/ROS/catching_turtles_ros2/ws/src/install/interfaces/include/interfaces/interfaces/srv/detail/catch_turtle__type_support.h
[2.051s] -- Installing: /home/nikolai/Documents/ROS/catching_turtles_ros2/ws/src/install/interfaces/include/interfaces/interfaces/srv/catch_turtle.h
[2.051s] -- Installing: /home/nikolai/Documents/ROS/catching_turtles_ros2/ws/src/install/interfaces/include/interfaces/interfaces/msg
[2.051s] -- Installing: /home/nikolai/Documents/ROS/catching_turtles_ros2/ws/src/install/interfaces/include/interfaces/interfaces/msg/detail
[2.051s] -- Installing: /home/nikolai/Documents/ROS/catching_turtles_ros2/ws/src/install/interfaces/include/interfaces/interfaces/msg/detail/turtle__functions.c
[2.051s] -- Installing: /home/nikolai/Documents/ROS/catching_turtles_ros2/ws/src/install/interfaces/include/interfaces/interfaces/msg/detail/turtle__struct.h
[2.052s] -- Installing: /home/nikolai/Documents/ROS/catching_turtles_ros2/ws/src/install/interfaces/include/interfaces/interfaces/msg/detail/turtle__type_support.h
[2.052s] -- Installing: /home/nikolai/Documents/ROS/catching_turtles_ros2/ws/src/install/interfaces/include/interfaces/interfaces/msg/detail/turtle_array__type_support.h
[2.052s] -- Installing: /home/nikolai/Documents/ROS/catching_turtles_ros2/ws/src/install/interfaces/include/interfaces/interfaces/msg/detail/turtle_array__functions.h
[2.052s] -- Installing: /home/nikolai/Documents/ROS/catching_turtles_ros2/ws/src/install/interfaces/include/interfaces/interfaces/msg/detail/turtle_array__struct.h
[2.052s] -- Installing: /home/nikolai/Documents/ROS/catching_turtles_ros2/ws/src/install/interfaces/include/interfaces/interfaces/msg/detail/turtle__functions.h
[2.052s] -- Installing: /home/nikolai/Documents/ROS/catching_turtles_ros2/ws/src/install/interfaces/include/interfaces/interfaces/msg/detail/turtle_array__functions.c
[2.052s] -- Installing: /home/nikolai/Documents/ROS/catching_turtles_ros2/ws/src/install/interfaces/include/interfaces/interfaces/msg/rosidl_generator_c__visibility_control.h
[2.052s] -- Installing: /home/nikolai/Documents/ROS/catching_turtles_ros2/ws/src/install/interfaces/include/interfaces/interfaces/msg/turtle_array.h
[2.052s] -- Installing: /home/nikolai/Documents/ROS/catching_turtles_ros2/ws/src/install/interfaces/include/interfaces/interfaces/msg/turtle.h
[2.052s] -- Installing: /home/nikolai/Documents/ROS/catching_turtles_ros2/ws/src/install/interfaces/share/interfaces/environment/library_path.sh
[2.052s] -- Installing: /home/nikolai/Documents/ROS/catching_turtles_ros2/ws/src/install/interfaces/share/interfaces/environment/library_path.dsv
[2.052s] -- Installing: /home/nikolai/Documents/ROS/catching_turtles_ros2/ws/src/install/interfaces/lib/libinterfaces__rosidl_generator_c.so
[2.052s] -- Set runtime path of "/home/nikolai/Documents/ROS/catching_turtles_ros2/ws/src/install/interfaces/lib/libinterfaces__rosidl_generator_c.so" to ""
[2.052s] -- Up-to-date: /home/nikolai/Documents/ROS/catching_turtles_ros2/ws/src/install/interfaces/include/interfaces/interfaces
[2.052s] -- Up-to-date: /home/nikolai/Documents/ROS/catching_turtles_ros2/ws/src/install/interfaces/include/interfaces/interfaces/srv
[2.052s] -- Up-to-date: /home/nikolai/Documents/ROS/catching_turtles_ros2/ws/src/install/interfaces/include/interfaces/interfaces/srv/detail
[2.052s] -- Installing: /home/nikolai/Documents/ROS/catching_turtles_ros2/ws/src/install/interfaces/include/interfaces/interfaces/srv/detail/catch_turtle__rosidl_typesupport_fastrtps_c.h
[2.052s] -- Up-to-date: /home/nikolai/Documents/ROS/catching_turtles_ros2/ws/src/install/interfaces/include/interfaces/interfaces/msg
[2.052s] -- Up-to-date: /home/nikolai/Documents/ROS/catching_turtles_ros2/ws/src/install/interfaces/include/interfaces/interfaces/msg/detail
[2.052s] -- Installing: /home/nikolai/Documents/ROS/catching_turtles_ros2/ws/src/install/interfaces/include/interfaces/interfaces/msg/detail/turtle__rosidl_typesupport_fastrtps_c.h
[2.052s] -- Installing: /home/nikolai/Documents/ROS/catching_turtles_ros2/ws/src/install/interfaces/include/interfaces/interfaces/msg/detail/turtle_array__rosidl_typesupport_fastrtps_c.h
[2.052s] -- Installing: /home/nikolai/Documents/ROS/catching_turtles_ros2/ws/src/install/interfaces/include/interfaces/interfaces/msg/rosidl_typesupport_fastrtps_c__visibility_control.h
[2.052s] -- Installing: /home/nikolai/Documents/ROS/catching_turtles_ros2/ws/src/install/interfaces/lib/libinterfaces__rosidl_typesupport_fastrtps_c.so
[2.052s] -- Set runtime path of "/home/nikolai/Documents/ROS/catching_turtles_ros2/ws/src/install/interfaces/lib/libinterfaces__rosidl_typesupport_fastrtps_c.so" to ""
[2.052s] -- Up-to-date: /home/nikolai/Documents/ROS/catching_turtles_ros2/ws/src/install/interfaces/include/interfaces/interfaces
[2.052s] -- Up-to-date: /home/nikolai/Documents/ROS/catching_turtles_ros2/ws/src/install/interfaces/include/interfaces/interfaces/srv
[2.052s] -- Up-to-date: /home/nikolai/Documents/ROS/catching_turtles_ros2/ws/src/install/interfaces/include/interfaces/interfaces/srv/detail
[2.052s] -- Installing: /home/nikolai/Documents/ROS/catching_turtles_ros2/ws/src/install/interfaces/include/interfaces/interfaces/srv/detail/catch_turtle__type_support.c
[2.053s] -- Installing: /home/nikolai/Documents/ROS/catching_turtles_ros2/ws/src/install/interfaces/include/interfaces/interfaces/srv/detail/catch_turtle__rosidl_typesupport_introspection_c.h
[2.053s] -- Up-to-date: /home/nikolai/Documents/ROS/catching_turtles_ros2/ws/src/install/interfaces/include/interfaces/interfaces/msg
[2.053s] -- Up-to-date: /home/nikolai/Documents/ROS/catching_turtles_ros2/ws/src/install/interfaces/include/interfaces/interfaces/msg/detail
[2.053s] -- Installing: /home/nikolai/Documents/ROS/catching_turtles_ros2/ws/src/install/interfaces/include/interfaces/interfaces/msg/detail/turtle_array__type_support.c
[2.053s] -- Installing: /home/nikolai/Documents/ROS/catching_turtles_ros2/ws/src/install/interfaces/include/interfaces/interfaces/msg/detail/turtle_array__rosidl_typesupport_introspection_c.h
[2.053s] -- Installing: /home/nikolai/Documents/ROS/catching_turtles_ros2/ws/src/install/interfaces/include/interfaces/interfaces/msg/detail/turtle__type_support.c
[2.053s] -- Installing: /home/nikolai/Documents/ROS/catching_turtles_ros2/ws/src/install/interfaces/include/interfaces/interfaces/msg/detail/turtle__rosidl_typesupport_introspection_c.h
[2.053s] -- Installing: /home/nikolai/Documents/ROS/catching_turtles_ros2/ws/src/install/interfaces/include/interfaces/interfaces/msg/rosidl_typesupport_introspection_c__visibility_control.h
[2.053s] -- Installing: /home/nikolai/Documents/ROS/catching_turtles_ros2/ws/src/install/interfaces/lib/libinterfaces__rosidl_typesupport_introspection_c.so
[2.053s] -- Set runtime path of "/home/nikolai/Documents/ROS/catching_turtles_ros2/ws/src/install/interfaces/lib/libinterfaces__rosidl_typesupport_introspection_c.so" to ""
[2.053s] -- Installing: /home/nikolai/Documents/ROS/catching_turtles_ros2/ws/src/install/interfaces/lib/libinterfaces__rosidl_typesupport_c.so
[2.053s] -- Set runtime path of "/home/nikolai/Documents/ROS/catching_turtles_ros2/ws/src/install/interfaces/lib/libinterfaces__rosidl_typesupport_c.so" to ""
[2.053s] -- Up-to-date: /home/nikolai/Documents/ROS/catching_turtles_ros2/ws/src/install/interfaces/include/interfaces/interfaces
[2.053s] -- Up-to-date: /home/nikolai/Documents/ROS/catching_turtles_ros2/ws/src/install/interfaces/include/interfaces/interfaces/srv
[2.053s] -- Up-to-date: /home/nikolai/Documents/ROS/catching_turtles_ros2/ws/src/install/interfaces/include/interfaces/interfaces/srv/detail
[2.053s] -- Installing: /home/nikolai/Documents/ROS/catching_turtles_ros2/ws/src/install/interfaces/include/interfaces/interfaces/srv/detail/catch_turtle__builder.hpp
[2.053s] -- Installing: /home/nikolai/Documents/ROS/catching_turtles_ros2/ws/src/install/interfaces/include/interfaces/interfaces/srv/detail/catch_turtle__struct.hpp
[2.053s] -- Installing: /home/nikolai/Documents/ROS/catching_turtles_ros2/ws/src/install/interfaces/include/interfaces/interfaces/srv/detail/catch_turtle__traits.hpp
[2.053s] -- Installing: /home/nikolai/Documents/ROS/catching_turtles_ros2/ws/src/install/interfaces/include/interfaces/interfaces/srv/catch_turtle.hpp
[2.053s] -- Up-to-date: /home/nikolai/Documents/ROS/catching_turtles_ros2/ws/src/install/interfaces/include/interfaces/interfaces/msg
[2.053s] -- Up-to-date: /home/nikolai/Documents/ROS/catching_turtles_ros2/ws/src/install/interfaces/include/interfaces/interfaces/msg/detail
[2.053s] -- Installing: /home/nikolai/Documents/ROS/catching_turtles_ros2/ws/src/install/interfaces/include/interfaces/interfaces/msg/detail/turtle__struct.hpp
[2.053s] -- Installing: /home/nikolai/Documents/ROS/catching_turtles_ros2/ws/src/install/interfaces/include/interfaces/interfaces/msg/detail/turtle_array__struct.hpp
[2.053s] -- Installing: /home/nikolai/Documents/ROS/catching_turtles_ros2/ws/src/install/interfaces/include/interfaces/interfaces/msg/detail/turtle__builder.hpp
[2.053s] -- Installing: /home/nikolai/Documents/ROS/catching_turtles_ros2/ws/src/install/interfaces/include/interfaces/interfaces/msg/detail/turtle__traits.hpp
[2.053s] -- Installing: /home/nikolai/Documents/ROS/catching_turtles_ros2/ws/src/install/interfaces/include/interfaces/interfaces/msg/detail/turtle_array__traits.hpp
[2.053s] -- Installing: /home/nikolai/Documents/ROS/catching_turtles_ros2/ws/src/install/interfaces/include/interfaces/interfaces/msg/detail/turtle_array__builder.hpp
[2.053s] -- Installing: /home/nikolai/Documents/ROS/catching_turtles_ros2/ws/src/install/interfaces/include/interfaces/interfaces/msg/turtle_array.hpp
[2.054s] -- Installing: /home/nikolai/Documents/ROS/catching_turtles_ros2/ws/src/install/interfaces/include/interfaces/interfaces/msg/turtle.hpp
[2.054s] -- Up-to-date: /home/nikolai/Documents/ROS/catching_turtles_ros2/ws/src/install/interfaces/include/interfaces/interfaces
[2.054s] -- Up-to-date: /home/nikolai/Documents/ROS/catching_turtles_ros2/ws/src/install/interfaces/include/interfaces/interfaces/srv
[2.054s] -- Up-to-date: /home/nikolai/Documents/ROS/catching_turtles_ros2/ws/src/install/interfaces/include/interfaces/interfaces/srv/detail
[2.054s] -- Installing: /home/nikolai/Documents/ROS/catching_turtles_ros2/ws/src/install/interfaces/include/interfaces/interfaces/srv/detail/dds_fastrtps
[2.054s] -- Installing: /home/nikolai/Documents/ROS/catching_turtles_ros2/ws/src/install/interfaces/include/interfaces/interfaces/srv/detail/catch_turtle__rosidl_typesupport_fastrtps_cpp.hpp
[2.054s] -- Up-to-date: /home/nikolai/Documents/ROS/catching_turtles_ros2/ws/src/install/interfaces/include/interfaces/interfaces/msg
[2.054s] -- Up-to-date: /home/nikolai/Documents/ROS/catching_turtles_ros2/ws/src/install/interfaces/include/interfaces/interfaces/msg/detail
[2.054s] -- Installing: /home/nikolai/Documents/ROS/catching_turtles_ros2/ws/src/install/interfaces/include/interfaces/interfaces/msg/detail/turtle_array__rosidl_typesupport_fastrtps_cpp.hpp
[2.054s] -- Installing: /home/nikolai/Documents/ROS/catching_turtles_ros2/ws/src/install/interfaces/include/interfaces/interfaces/msg/detail/dds_fastrtps
[2.054s] -- Installing: /home/nikolai/Documents/ROS/catching_turtles_ros2/ws/src/install/interfaces/include/interfaces/interfaces/msg/detail/turtle__rosidl_typesupport_fastrtps_cpp.hpp
[2.054s] -- Installing: /home/nikolai/Documents/ROS/catching_turtles_ros2/ws/src/install/interfaces/include/interfaces/interfaces/msg/rosidl_typesupport_fastrtps_cpp__visibility_control.h
[2.054s] -- Installing: /home/nikolai/Documents/ROS/catching_turtles_ros2/ws/src/install/interfaces/lib/libinterfaces__rosidl_typesupport_fastrtps_cpp.so
[2.054s] -- Set runtime path of "/home/nikolai/Documents/ROS/catching_turtles_ros2/ws/src/install/interfaces/lib/libinterfaces__rosidl_typesupport_fastrtps_cpp.so" to ""
[2.054s] -- Up-to-date: /home/nikolai/Documents/ROS/catching_turtles_ros2/ws/src/install/interfaces/include/interfaces/interfaces
[2.054s] -- Up-to-date: /home/nikolai/Documents/ROS/catching_turtles_ros2/ws/src/install/interfaces/include/interfaces/interfaces/srv
[2.054s] -- Up-to-date: /home/nikolai/Documents/ROS/catching_turtles_ros2/ws/src/install/interfaces/include/interfaces/interfaces/srv/detail
[2.054s] -- Installing: /home/nikolai/Documents/ROS/catching_turtles_ros2/ws/src/install/interfaces/include/interfaces/interfaces/srv/detail/catch_turtle__type_support.cpp
[2.054s] -- Installing: /home/nikolai/Documents/ROS/catching_turtles_ros2/ws/src/install/interfaces/include/interfaces/interfaces/srv/detail/catch_turtle__rosidl_typesupport_introspection_cpp.hpp
[2.054s] -- Up-to-date: /home/nikolai/Documents/ROS/catching_turtles_ros2/ws/src/install/interfaces/include/interfaces/interfaces/msg
[2.054s] -- Up-to-date: /home/nikolai/Documents/ROS/catching_turtles_ros2/ws/src/install/interfaces/include/interfaces/interfaces/msg/detail
[2.054s] -- Installing: /home/nikolai/Documents/ROS/catching_turtles_ros2/ws/src/install/interfaces/include/interfaces/interfaces/msg/detail/turtle__rosidl_typesupport_introspection_cpp.hpp
[2.054s] -- Installing: /home/nikolai/Documents/ROS/catching_turtles_ros2/ws/src/install/interfaces/include/interfaces/interfaces/msg/detail/turtle__type_support.cpp
[2.054s] -- Installing: /home/nikolai/Documents/ROS/catching_turtles_ros2/ws/src/install/interfaces/include/interfaces/interfaces/msg/detail/turtle_array__rosidl_typesupport_introspection_cpp.hpp
[2.054s] -- Installing: /home/nikolai/Documents/ROS/catching_turtles_ros2/ws/src/install/interfaces/include/interfaces/interfaces/msg/detail/turtle_array__type_support.cpp
[2.054s] -- Installing: /home/nikolai/Documents/ROS/catching_turtles_ros2/ws/src/install/interfaces/lib/libinterfaces__rosidl_typesupport_introspection_cpp.so
[2.054s] -- Set runtime path of "/home/nikolai/Documents/ROS/catching_turtles_ros2/ws/src/install/interfaces/lib/libinterfaces__rosidl_typesupport_introspection_cpp.so" to ""
[2.054s] -- Installing: /home/nikolai/Documents/ROS/catching_turtles_ros2/ws/src/install/interfaces/lib/libinterfaces__rosidl_typesupport_cpp.so
[2.055s] -- Set runtime path of "/home/nikolai/Documents/ROS/catching_turtles_ros2/ws/src/install/interfaces/lib/libinterfaces__rosidl_typesupport_cpp.so" to ""
[2.055s] -- Installing: /home/nikolai/Documents/ROS/catching_turtles_ros2/ws/src/install/interfaces/share/interfaces/environment/pythonpath.sh
[2.055s] -- Installing: /home/nikolai/Documents/ROS/catching_turtles_ros2/ws/src/install/interfaces/share/interfaces/environment/pythonpath.dsv
[2.055s] -- Installing: /home/nikolai/Documents/ROS/catching_turtles_ros2/ws/src/install/interfaces/local/lib/python3.10/dist-packages/interfaces-0.0.0-py3.10.egg-info
[2.055s] -- Installing: /home/nikolai/Documents/ROS/catching_turtles_ros2/ws/src/install/interfaces/local/lib/python3.10/dist-packages/interfaces-0.0.0-py3.10.egg-info/SOURCES.txt
[2.055s] -- Installing: /home/nikolai/Documents/ROS/catching_turtles_ros2/ws/src/install/interfaces/local/lib/python3.10/dist-packages/interfaces-0.0.0-py3.10.egg-info/PKG-INFO
[2.055s] -- Installing: /home/nikolai/Documents/ROS/catching_turtles_ros2/ws/src/install/interfaces/local/lib/python3.10/dist-packages/interfaces-0.0.0-py3.10.egg-info/dependency_links.txt
[2.055s] -- Installing: /home/nikolai/Documents/ROS/catching_turtles_ros2/ws/src/install/interfaces/local/lib/python3.10/dist-packages/interfaces-0.0.0-py3.10.egg-info/top_level.txt
[2.055s] -- Installing: /home/nikolai/Documents/ROS/catching_turtles_ros2/ws/src/install/interfaces/local/lib/python3.10/dist-packages/interfaces
[2.055s] -- Installing: /home/nikolai/Documents/ROS/catching_turtles_ros2/ws/src/install/interfaces/local/lib/python3.10/dist-packages/interfaces/_interfaces_s.ep.rosidl_typesupport_introspection_c.c
[2.055s] -- Installing: /home/nikolai/Documents/ROS/catching_turtles_ros2/ws/src/install/interfaces/local/lib/python3.10/dist-packages/interfaces/interfaces_s__rosidl_typesupport_introspection_c.cpython-310-x86_64-linux-gnu.so
[2.055s] -- Installing: /home/nikolai/Documents/ROS/catching_turtles_ros2/ws/src/install/interfaces/local/lib/python3.10/dist-packages/interfaces/_interfaces_s.ep.rosidl_typesupport_fastrtps_c.c
[2.055s] -- Installing: /home/nikolai/Documents/ROS/catching_turtles_ros2/ws/src/install/interfaces/local/lib/python3.10/dist-packages/interfaces/libinterfaces__rosidl_generator_py.so
[2.055s] -- Installing: /home/nikolai/Documents/ROS/catching_turtles_ros2/ws/src/install/interfaces/local/lib/python3.10/dist-packages/interfaces/__init__.py
[2.055s] -- Installing: /home/nikolai/Documents/ROS/catching_turtles_ros2/ws/src/install/interfaces/local/lib/python3.10/dist-packages/interfaces/interfaces_s__rosidl_typesupport_c.cpython-310-x86_64-linux-gnu.so
[2.055s] -- Installing: /home/nikolai/Documents/ROS/catching_turtles_ros2/ws/src/install/interfaces/local/lib/python3.10/dist-packages/interfaces/interfaces_s__rosidl_typesupport_fastrtps_c.cpython-310-x86_64-linux-gnu.so
[2.055s] -- Installing: /home/nikolai/Documents/ROS/catching_turtles_ros2/ws/src/install/interfaces/local/lib/python3.10/dist-packages/interfaces/srv
[2.055s] -- Installing: /home/nikolai/Documents/ROS/catching_turtles_ros2/ws/src/install/interfaces/local/lib/python3.10/dist-packages/interfaces/srv/_catch_turtle_s.c
[2.055s] -- Installing: /home/nikolai/Documents/ROS/catching_turtles_ros2/ws/src/install/interfaces/local/lib/python3.10/dist-packages/interfaces/srv/_catch_turtle.py
[2.055s] -- Installing: /home/nikolai/Documents/ROS/catching_turtles_ros2/ws/src/install/interfaces/local/lib/python3.10/dist-packages/interfaces/srv/__init__.py
[2.055s] -- Installing: /home/nikolai/Documents/ROS/catching_turtles_ros2/ws/src/install/interfaces/local/lib/python3.10/dist-packages/interfaces/msg
[2.055s] -- Installing: /home/nikolai/Documents/ROS/catching_turtles_ros2/ws/src/install/interfaces/local/lib/python3.10/dist-packages/interfaces/msg/_turtle_array_s.c
[2.055s] -- Installing: /home/nikolai/Documents/ROS/catching_turtles_ros2/ws/src/install/interfaces/local/lib/python3.10/dist-packages/interfaces/msg/__init__.py
[2.055s] -- Installing: /home/nikolai/Documents/ROS/catching_turtles_ros2/ws/src/install/interfaces/local/lib/python3.10/dist-packages/interfaces/msg/_turtle.py
[2.056s] -- Installing: /home/nikolai/Documents/ROS/catching_turtles_ros2/ws/src/install/interfaces/local/lib/python3.10/dist-packages/interfaces/msg/_turtle_array.py
[2.056s] -- Installing: /home/nikolai/Documents/ROS/catching_turtles_ros2/ws/src/install/interfaces/local/lib/python3.10/dist-packages/interfaces/msg/_turtle_s.c
[2.056s] -- Installing: /home/nikolai/Documents/ROS/catching_turtles_ros2/ws/src/install/interfaces/local/lib/python3.10/dist-packages/interfaces/_interfaces_s.ep.rosidl_typesupport_c.c
[2.076s] Listing '/home/nikolai/Documents/ROS/catching_turtles_ros2/ws/src/install/interfaces/local/lib/python3.10/dist-packages/interfaces'...
[2.076s] Compiling '/home/nikolai/Documents/ROS/catching_turtles_ros2/ws/src/install/interfaces/local/lib/python3.10/dist-packages/interfaces/__init__.py'...
[2.076s] Listing '/home/nikolai/Documents/ROS/catching_turtles_ros2/ws/src/install/interfaces/local/lib/python3.10/dist-packages/interfaces/msg'...
[2.076s] Compiling '/home/nikolai/Documents/ROS/catching_turtles_ros2/ws/src/install/interfaces/local/lib/python3.10/dist-packages/interfaces/msg/__init__.py'...
[2.076s] Compiling '/home/nikolai/Documents/ROS/catching_turtles_ros2/ws/src/install/interfaces/local/lib/python3.10/dist-packages/interfaces/msg/_turtle.py'...
[2.076s] Compiling '/home/nikolai/Documents/ROS/catching_turtles_ros2/ws/src/install/interfaces/local/lib/python3.10/dist-packages/interfaces/msg/_turtle_array.py'...
[2.076s] Listing '/home/nikolai/Documents/ROS/catching_turtles_ros2/ws/src/install/interfaces/local/lib/python3.10/dist-packages/interfaces/srv'...
[2.076s] Compiling '/home/nikolai/Documents/ROS/catching_turtles_ros2/ws/src/install/interfaces/local/lib/python3.10/dist-packages/interfaces/srv/__init__.py'...
[2.076s] Compiling '/home/nikolai/Documents/ROS/catching_turtles_ros2/ws/src/install/interfaces/local/lib/python3.10/dist-packages/interfaces/srv/_catch_turtle.py'...
[2.078s] -- Installing: /home/nikolai/Documents/ROS/catching_turtles_ros2/ws/src/install/interfaces/local/lib/python3.10/dist-packages/interfaces/interfaces_s__rosidl_typesupport_fastrtps_c.cpython-310-x86_64-linux-gnu.so
[2.078s] -- Set runtime path of "/home/nikolai/Documents/ROS/catching_turtles_ros2/ws/src/install/interfaces/local/lib/python3.10/dist-packages/interfaces/interfaces_s__rosidl_typesupport_fastrtps_c.cpython-310-x86_64-linux-gnu.so" to ""
[2.078s] -- Installing: /home/nikolai/Documents/ROS/catching_turtles_ros2/ws/src/install/interfaces/local/lib/python3.10/dist-packages/interfaces/interfaces_s__rosidl_typesupport_introspection_c.cpython-310-x86_64-linux-gnu.so
[2.078s] -- Set runtime path of "/home/nikolai/Documents/ROS/catching_turtles_ros2/ws/src/install/interfaces/local/lib/python3.10/dist-packages/interfaces/interfaces_s__rosidl_typesupport_introspection_c.cpython-310-x86_64-linux-gnu.so" to ""
[2.078s] -- Installing: /home/nikolai/Documents/ROS/catching_turtles_ros2/ws/src/install/interfaces/local/lib/python3.10/dist-packages/interfaces/interfaces_s__rosidl_typesupport_c.cpython-310-x86_64-linux-gnu.so
[2.078s] -- Set runtime path of "/home/nikolai/Documents/ROS/catching_turtles_ros2/ws/src/install/interfaces/local/lib/python3.10/dist-packages/interfaces/interfaces_s__rosidl_typesupport_c.cpython-310-x86_64-linux-gnu.so" to ""
[2.078s] -- Installing: /home/nikolai/Documents/ROS/catching_turtles_ros2/ws/src/install/interfaces/lib/libinterfaces__rosidl_generator_py.so
[2.079s] -- Set runtime path of "/home/nikolai/Documents/ROS/catching_turtles_ros2/ws/src/install/interfaces/lib/libinterfaces__rosidl_generator_py.so" to ""
[2.079s] -- Installing: /home/nikolai/Documents/ROS/catching_turtles_ros2/ws/src/install/interfaces/share/interfaces/msg/Turtle.idl
[2.079s] -- Installing: /home/nikolai/Documents/ROS/catching_turtles_ros2/ws/src/install/interfaces/share/interfaces/msg/TurtleArray.idl
[2.079s] -- Installing: /home/nikolai/Documents/ROS/catching_turtles_ros2/ws/src/install/interfaces/share/interfaces/srv/CatchTurtle.idl
[2.079s] -- Installing: /home/nikolai/Documents/ROS/catching_turtles_ros2/ws/src/install/interfaces/share/interfaces/msg/Turtle.msg
[2.079s] -- Installing: /home/nikolai/Documents/ROS/catching_turtles_ros2/ws/src/install/interfaces/share/interfaces/msg/TurtleArray.msg
[2.079s] -- Installing: /home/nikolai/Documents/ROS/catching_turtles_ros2/ws/src/install/interfaces/share/interfaces/srv/CatchTurtle.srv
[2.079s] -- Installing: /home/nikolai/Documents/ROS/catching_turtles_ros2/ws/src/install/interfaces/share/interfaces/srv/CatchTurtle_Request.msg
[2.079s] -- Installing: /home/nikolai/Documents/ROS/catching_turtles_ros2/ws/src/install/interfaces/share/interfaces/srv/CatchTurtle_Response.msg
[2.079s] -- Installing: /home/nikolai/Documents/ROS/catching_turtles_ros2/ws/src/install/interfaces/share/ament_index/resource_index/package_run_dependencies/interfaces
[2.079s] -- Installing: /home/nikolai/Documents/ROS/catching_turtles_ros2/ws/src/install/interfaces/share/ament_index/resource_index/parent_prefix_path/interfaces
[2.079s] -- Installing: /home/nikolai/Documents/ROS/catching_turtles_ros2/ws/src/install/interfaces/share/interfaces/environment/ament_prefix_path.sh
[2.079s] -- Installing: /home/nikolai/Documents/ROS/catching_turtles_ros2/ws/src/install/interfaces/share/interfaces/environment/ament_prefix_path.dsv
[2.079s] -- Installing: /home/nikolai/Documents/ROS/catching_turtles_ros2/ws/src/install/interfaces/share/interfaces/environment/path.sh
[2.079s] -- Installing: /home/nikolai/Documents/ROS/catching_turtles_ros2/ws/src/install/interfaces/share/interfaces/environment/path.dsv
[2.079s] -- Installing: /home/nikolai/Documents/ROS/catching_turtles_ros2/ws/src/install/interfaces/share/interfaces/local_setup.bash
[2.079s] -- Installing: /home/nikolai/Documents/ROS/catching_turtles_ros2/ws/src/install/interfaces/share/interfaces/local_setup.sh
[2.079s] -- Installing: /home/nikolai/Documents/ROS/catching_turtles_ros2/ws/src/install/interfaces/share/interfaces/local_setup.zsh
[2.079s] -- Installing: /home/nikolai/Documents/ROS/catching_turtles_ros2/ws/src/install/interfaces/share/interfaces/local_setup.dsv
[2.079s] -- Installing: /home/nikolai/Documents/ROS/catching_turtles_ros2/ws/src/install/interfaces/share/interfaces/package.dsv
[2.080s] -- Installing: /home/nikolai/Documents/ROS/catching_turtles_ros2/ws/src/install/interfaces/share/ament_index/resource_index/packages/interfaces
[2.080s] -- Installing: /home/nikolai/Documents/ROS/catching_turtles_ros2/ws/src/install/interfaces/share/interfaces/cmake/export_interfaces__rosidl_generator_cExport.cmake
[2.080s] -- Installing: /home/nikolai/Documents/ROS/catching_turtles_ros2/ws/src/install/interfaces/share/interfaces/cmake/export_interfaces__rosidl_generator_cExport-noconfig.cmake
[2.080s] -- Installing: /home/nikolai/Documents/ROS/catching_turtles_ros2/ws/src/install/interfaces/share/interfaces/cmake/export_interfaces__rosidl_typesupport_fastrtps_cExport.cmake
[2.080s] -- Installing: /home/nikolai/Documents/ROS/catching_turtles_ros2/ws/src/install/interfaces/share/interfaces/cmake/export_interfaces__rosidl_typesupport_fastrtps_cExport-noconfig.cmake
[2.080s] -- Installing: /home/nikolai/Documents/ROS/catching_turtles_ros2/ws/src/install/interfaces/share/interfaces/cmake/interfaces__rosidl_typesupport_introspection_cExport.cmake
[2.080s] -- Installing: /home/nikolai/Documents/ROS/catching_turtles_ros2/ws/src/install/interfaces/share/interfaces/cmake/interfaces__rosidl_typesupport_introspection_cExport-noconfig.cmake
[2.080s] -- Installing: /home/nikolai/Documents/ROS/catching_turtles_ros2/ws/src/install/interfaces/share/interfaces/cmake/interfaces__rosidl_typesupport_cExport.cmake
[2.080s] -- Installing: /home/nikolai/Documents/ROS/catching_turtles_ros2/ws/src/install/interfaces/share/interfaces/cmake/interfaces__rosidl_typesupport_cExport-noconfig.cmake
[2.080s] -- Installing: /home/nikolai/Documents/ROS/catching_turtles_ros2/ws/src/install/interfaces/share/interfaces/cmake/export_interfaces__rosidl_generator_cppExport.cmake
[2.080s] -- Installing: /home/nikolai/Documents/ROS/catching_turtles_ros2/ws/src/install/interfaces/share/interfaces/cmake/export_interfaces__rosidl_typesupport_fastrtps_cppExport.cmake
[2.080s] -- Installing: /home/nikolai/Documents/ROS/catching_turtles_ros2/ws/src/install/interfaces/share/interfaces/cmake/export_interfaces__rosidl_typesupport_fastrtps_cppExport-noconfig.cmake
[2.080s] -- Installing: /home/nikolai/Documents/ROS/catching_turtles_ros2/ws/src/install/interfaces/share/interfaces/cmake/interfaces__rosidl_typesupport_introspection_cppExport.cmake
[2.080s] -- Installing: /home/nikolai/Documents/ROS/catching_turtles_ros2/ws/src/install/interfaces/share/interfaces/cmake/interfaces__rosidl_typesupport_introspection_cppExport-noconfig.cmake
[2.080s] -- Installing: /home/nikolai/Documents/ROS/catching_turtles_ros2/ws/src/install/interfaces/share/interfaces/cmake/interfaces__rosidl_typesupport_cppExport.cmake
[2.080s] -- Installing: /home/nikolai/Documents/ROS/catching_turtles_ros2/ws/src/install/interfaces/share/interfaces/cmake/interfaces__rosidl_typesupport_cppExport-noconfig.cmake
[2.080s] -- Installing: /home/nikolai/Documents/ROS/catching_turtles_ros2/ws/src/install/interfaces/share/interfaces/cmake/export_interfaces__rosidl_generator_pyExport.cmake
[2.080s] -- Installing: /home/nikolai/Documents/ROS/catching_turtles_ros2/ws/src/install/interfaces/share/interfaces/cmake/export_interfaces__rosidl_generator_pyExport-noconfig.cmake
[2.080s] -- Installing: /home/nikolai/Documents/ROS/catching_turtles_ros2/ws/src/install/interfaces/share/interfaces/cmake/rosidl_cmake-extras.cmake
[2.080s] -- Installing: /home/nikolai/Documents/ROS/catching_turtles_ros2/ws/src/install/interfaces/share/interfaces/cmake/ament_cmake_export_include_directories-extras.cmake
[2.080s] -- Installing: /home/nikolai/Documents/ROS/catching_turtles_ros2/ws/src/install/interfaces/share/interfaces/cmake/ament_cmake_export_libraries-extras.cmake
[2.081s] -- Installing: /home/nikolai/Documents/ROS/catching_turtles_ros2/ws/src/install/interfaces/share/interfaces/cmake/ament_cmake_export_targets-extras.cmake
[2.081s] -- Installing: /home/nikolai/Documents/ROS/catching_turtles_ros2/ws/src/install/interfaces/share/interfaces/cmake/rosidl_cmake_export_typesupport_targets-extras.cmake
[2.081s] -- Installing: /home/nikolai/Documents/ROS/catching_turtles_ros2/ws/src/install/interfaces/share/interfaces/cmake/ament_cmake_export_dependencies-extras.cmake
[2.081s] -- Installing: /home/nikolai/Documents/ROS/catching_turtles_ros2/ws/src/install/interfaces/share/interfaces/cmake/rosidl_cmake_export_typesupport_libraries-extras.cmake
[2.081s] -- Installing: /home/nikolai/Documents/ROS/catching_turtles_ros2/ws/src/install/interfaces/share/interfaces/cmake/interfacesConfig.cmake
[2.081s] -- Installing: /home/nikolai/Documents/ROS/catching_turtles_ros2/ws/src/install/interfaces/share/interfaces/cmake/interfacesConfig-version.cmake
[2.081s] -- Installing: /home/nikolai/Documents/ROS/catching_turtles_ros2/ws/src/install/interfaces/share/interfaces/package.xml
[2.082s] Invoked command in '/home/nikolai/Documents/ROS/catching_turtles_ros2/ws/src/build/interfaces' returned '0': CMAKE_PREFIX_PATH=${CMAKE_PREFIX_PATH}:/home/nikolai/Documents/ROS/catching_turtles_ros2/ws/install/python_pkg:/opt/ros/humble /usr/bin/cmake --install /home/nikolai/Documents/ROS/catching_turtles_ros2/ws/src/build/interfaces
