[0.008s] Invoking command in '/home/nikolai/Documents/ROS/catching_turtles_ros2/ws/build/cpp_pkg': CMAKE_PREFIX_PATH=${CMAKE_PREFIX_PATH}:/home/nikolai/Documents/ROS/catching_turtles_ros2/ws/install/python_pkg:/opt/ros/humble /usr/bin/cmake --build /home/nikolai/Documents/ROS/catching_turtles_ros2/ws/build/cpp_pkg -- -j20 -l20
[0.019s] -- Found ament_cmake: 1.3.3 (/opt/ros/humble/share/ament_cmake/cmake)
[0.106s] -- Found rclcpp: 16.0.3 (/opt/ros/humble/share/rclcpp/cmake)
[0.121s] -- Found rosidl_generator_c: 3.1.4 (/opt/ros/humble/share/rosidl_generator_c/cmake)
[0.123s] -- Found rosidl_adapter: 3.1.4 (/opt/ros/humble/share/rosidl_adapter/cmake)
[0.126s] -- Found rosidl_generator_cpp: 3.1.4 (/opt/ros/humble/share/rosidl_generator_cpp/cmake)
[0.132s] -- Using all available rosidl_typesupport_c: rosidl_typesupport_fastrtps_c;rosidl_typesupport_introspection_c
[0.140s] -- Using all available rosidl_typesupport_cpp: rosidl_typesupport_fastrtps_cpp;rosidl_typesupport_introspection_cpp
[0.171s] -- Found rmw_implementation_cmake: 6.1.1 (/opt/ros/humble/share/rmw_implementation_cmake/cmake)
[0.171s] -- Found rmw_fastrtps_cpp: 6.2.2 (/opt/ros/humble/share/rmw_fastrtps_cpp/cmake)
[0.236s] -- Using RMW implementation 'rmw_fastrtps_cpp' as default
[0.328s] [31mCMake Error at CMakeLists.txt:11 (find_package):
[0.328s]   By not providing "Findgoemetry_msgs.cmake" in CMAKE_MODULE_PATH this
[0.328s]   project has asked CMake to find a package configuration file provided by
[0.328s]   "goemetry_msgs", but CMake did not find one.
[0.328s] 
[0.328s]   Could not find a package configuration file provided by "goemetry_msgs"
[0.328s]   with any of the following names:
[0.328s] 
[0.328s]     goemetry_msgsConfig.cmake
[0.328s]     goemetry_msgs-config.cmake
[0.328s] 
[0.328s]   Add the installation prefix of "goemetry_msgs" to CMAKE_PREFIX_PATH or set
[0.328s]   "goemetry_msgs_DIR" to a directory containing one of the above files.  If
[0.328s]   "goemetry_msgs" provides a separate development package or SDK, be sure it
[0.328s]   has been installed.
[0.328s] 
[0.328s] [0m
[0.328s] -- Configuring incomplete, errors occurred!
[0.328s] See also "/home/nikolai/Documents/ROS/catching_turtles_ros2/ws/build/cpp_pkg/CMakeFiles/CMakeOutput.log".
[0.331s] gmake: *** [Makefile:267: cmake_check_build_system] Error 1
[0.442s] Invoked command in '/home/nikolai/Documents/ROS/catching_turtles_ros2/ws/build/cpp_pkg' returned '2': CMAKE_PREFIX_PATH=${CMAKE_PREFIX_PATH}:/home/nikolai/Documents/ROS/catching_turtles_ros2/ws/install/python_pkg:/opt/ros/humble /usr/bin/cmake --build /home/nikolai/Documents/ROS/catching_turtles_ros2/ws/build/cpp_pkg -- -j20 -l20
