[0.006s] Invoking command in '/home/nikolai/Documents/ROS/catching_turtles_ros2/ws/src/build/cpp_pkg': CMAKE_PREFIX_PATH=${CMAKE_PREFIX_PATH}:/home/nikolai/Documents/ROS/catching_turtles_ros2/ws/install/python_pkg:/opt/ros/humble /usr/bin/cmake /home/nikolai/Documents/ROS/catching_turtles_ros2/ws/src/cpp_pkg -DCMAKE_INSTALL_PREFIX=/home/nikolai/Documents/ROS/catching_turtles_ros2/ws/src/install/cpp_pkg
[0.034s] -- The C compiler identification is GNU 11.3.0
[0.063s] -- The CXX compiler identification is GNU 11.3.0
[0.068s] -- Detecting C compiler ABI info
[0.101s] -- Detecting C compiler ABI info - done
[0.105s] -- Check for working C compiler: /usr/bin/cc - skipped
[0.105s] -- Detecting C compile features
[0.105s] -- Detecting C compile features - done
[0.107s] -- Detecting CXX compiler ABI info
[0.146s] -- Detecting CXX compiler ABI info - done
[0.151s] -- Check for working CXX compiler: /usr/bin/c++ - skipped
[0.151s] -- Detecting CXX compile features
[0.151s] -- Detecting CXX compile features - done
[0.152s] -- Found ament_cmake: 1.3.3 (/opt/ros/humble/share/ament_cmake/cmake)
[0.246s] -- Found Python3: /usr/bin/python3.10 (found version "3.10.6") found components: Interpreter 
[0.293s] -- Found ament_lint_auto: 0.12.5 (/opt/ros/humble/share/ament_lint_auto/cmake)
[0.335s] -- Added test 'cppcheck' to perform static code analysis on C / C++ code
[0.335s] -- Configured cppcheck include dirs: 
[0.335s] -- Configured cppcheck exclude dirs and/or files: 
[0.335s] -- Added test 'lint_cmake' to check CMake code style
[0.335s] -- Added test 'uncrustify' to check C / C++ code style
[0.335s] -- Configured uncrustify additional arguments: 
[0.336s] -- Added test 'xmllint' to check XML markup files
[0.336s] -- Configuring done
[0.338s] -- Generating done
[0.338s] -- Build files have been written to: /home/nikolai/Documents/ROS/catching_turtles_ros2/ws/src/build/cpp_pkg
[0.341s] Invoked command in '/home/nikolai/Documents/ROS/catching_turtles_ros2/ws/src/build/cpp_pkg' returned '0': CMAKE_PREFIX_PATH=${CMAKE_PREFIX_PATH}:/home/nikolai/Documents/ROS/catching_turtles_ros2/ws/install/python_pkg:/opt/ros/humble /usr/bin/cmake /home/nikolai/Documents/ROS/catching_turtles_ros2/ws/src/cpp_pkg -DCMAKE_INSTALL_PREFIX=/home/nikolai/Documents/ROS/catching_turtles_ros2/ws/src/install/cpp_pkg
[0.342s] Invoking command in '/home/nikolai/Documents/ROS/catching_turtles_ros2/ws/src/build/cpp_pkg': CMAKE_PREFIX_PATH=${CMAKE_PREFIX_PATH}:/home/nikolai/Documents/ROS/catching_turtles_ros2/ws/install/python_pkg:/opt/ros/humble /usr/bin/cmake --build /home/nikolai/Documents/ROS/catching_turtles_ros2/ws/src/build/cpp_pkg -- -j20 -l20
[0.361s] Invoked command in '/home/nikolai/Documents/ROS/catching_turtles_ros2/ws/src/build/cpp_pkg' returned '0': CMAKE_PREFIX_PATH=${CMAKE_PREFIX_PATH}:/home/nikolai/Documents/ROS/catching_turtles_ros2/ws/install/python_pkg:/opt/ros/humble /usr/bin/cmake --build /home/nikolai/Documents/ROS/catching_turtles_ros2/ws/src/build/cpp_pkg -- -j20 -l20
[0.375s] Invoking command in '/home/nikolai/Documents/ROS/catching_turtles_ros2/ws/src/build/cpp_pkg': CMAKE_PREFIX_PATH=${CMAKE_PREFIX_PATH}:/home/nikolai/Documents/ROS/catching_turtles_ros2/ws/install/python_pkg:/opt/ros/humble /usr/bin/cmake --install /home/nikolai/Documents/ROS/catching_turtles_ros2/ws/src/build/cpp_pkg
[0.378s] -- Install configuration: ""
[0.378s] -- Installing: /home/nikolai/Documents/ROS/catching_turtles_ros2/ws/src/install/cpp_pkg/share/ament_index/resource_index/package_run_dependencies/cpp_pkg
[0.378s] -- Installing: /home/nikolai/Documents/ROS/catching_turtles_ros2/ws/src/install/cpp_pkg/share/ament_index/resource_index/parent_prefix_path/cpp_pkg
[0.379s] -- Installing: /home/nikolai/Documents/ROS/catching_turtles_ros2/ws/src/install/cpp_pkg/share/cpp_pkg/environment/ament_prefix_path.sh
[0.379s] -- Installing: /home/nikolai/Documents/ROS/catching_turtles_ros2/ws/src/install/cpp_pkg/share/cpp_pkg/environment/ament_prefix_path.dsv
[0.379s] -- Installing: /home/nikolai/Documents/ROS/catching_turtles_ros2/ws/src/install/cpp_pkg/share/cpp_pkg/environment/path.sh
[0.379s] -- Installing: /home/nikolai/Documents/ROS/catching_turtles_ros2/ws/src/install/cpp_pkg/share/cpp_pkg/environment/path.dsv
[0.379s] -- Installing: /home/nikolai/Documents/ROS/catching_turtles_ros2/ws/src/install/cpp_pkg/share/cpp_pkg/local_setup.bash
[0.379s] -- Installing: /home/nikolai/Documents/ROS/catching_turtles_ros2/ws/src/install/cpp_pkg/share/cpp_pkg/local_setup.sh
[0.379s] -- Installing: /home/nikolai/Documents/ROS/catching_turtles_ros2/ws/src/install/cpp_pkg/share/cpp_pkg/local_setup.zsh
[0.379s] -- Installing: /home/nikolai/Documents/ROS/catching_turtles_ros2/ws/src/install/cpp_pkg/share/cpp_pkg/local_setup.dsv
[0.379s] -- Installing: /home/nikolai/Documents/ROS/catching_turtles_ros2/ws/src/install/cpp_pkg/share/cpp_pkg/package.dsv
[0.379s] -- Installing: /home/nikolai/Documents/ROS/catching_turtles_ros2/ws/src/install/cpp_pkg/share/ament_index/resource_index/packages/cpp_pkg
[0.379s] -- Installing: /home/nikolai/Documents/ROS/catching_turtles_ros2/ws/src/install/cpp_pkg/share/cpp_pkg/cmake/cpp_pkgConfig.cmake
[0.379s] -- Installing: /home/nikolai/Documents/ROS/catching_turtles_ros2/ws/src/install/cpp_pkg/share/cpp_pkg/cmake/cpp_pkgConfig-version.cmake
[0.379s] -- Installing: /home/nikolai/Documents/ROS/catching_turtles_ros2/ws/src/install/cpp_pkg/share/cpp_pkg/package.xml
[0.380s] Invoked command in '/home/nikolai/Documents/ROS/catching_turtles_ros2/ws/src/build/cpp_pkg' returned '0': CMAKE_PREFIX_PATH=${CMAKE_PREFIX_PATH}:/home/nikolai/Documents/ROS/catching_turtles_ros2/ws/install/python_pkg:/opt/ros/humble /usr/bin/cmake --install /home/nikolai/Documents/ROS/catching_turtles_ros2/ws/src/build/cpp_pkg
