[0.010s] Invoking command in '/home/nikolai/Documents/ROS/catching_turtles_ros2/ws/build/cpp_pkg': CMAKE_PREFIX_PATH=${CMAKE_PREFIX_PATH}:/home/nikolai/Documents/ROS/catching_turtles_ros2/ws/install/python_pkg:/opt/ros/humble /usr/bin/cmake --build /home/nikolai/Documents/ROS/catching_turtles_ros2/ws/build/cpp_pkg -- -j20 -l20
[0.022s] -- Found ament_cmake: 1.3.3 (/opt/ros/humble/share/ament_cmake/cmake)
[0.111s] -- Found rclcpp: 16.0.3 (/opt/ros/humble/share/rclcpp/cmake)
[0.126s] -- Found rosidl_generator_c: 3.1.4 (/opt/ros/humble/share/rosidl_generator_c/cmake)
[0.128s] -- Found rosidl_adapter: 3.1.4 (/opt/ros/humble/share/rosidl_adapter/cmake)
[0.131s] -- Found rosidl_generator_cpp: 3.1.4 (/opt/ros/humble/share/rosidl_generator_cpp/cmake)
[0.137s] -- Using all available rosidl_typesupport_c: rosidl_typesupport_fastrtps_c;rosidl_typesupport_introspection_c
[0.145s] -- Using all available rosidl_typesupport_cpp: rosidl_typesupport_fastrtps_cpp;rosidl_typesupport_introspection_cpp
[0.176s] -- Found rmw_implementation_cmake: 6.1.1 (/opt/ros/humble/share/rmw_implementation_cmake/cmake)
[0.176s] -- Found rmw_fastrtps_cpp: 6.2.2 (/opt/ros/humble/share/rmw_fastrtps_cpp/cmake)
[0.243s] -- Using RMW implementation 'rmw_fastrtps_cpp' as default
[0.334s] -- Configuring incomplete, errors occurred!
[0.334s] See also "/home/nikolai/Documents/ROS/catching_turtles_ros2/ws/build/cpp_pkg/CMakeFiles/CMakeOutput.log".
[0.334s] [31mCMake Error at CMakeLists.txt:11 (find_package):
[0.335s]   By not providing "Findcmath.cmake" in CMAKE_MODULE_PATH this project has
[0.335s]   asked CMake to find a package configuration file provided by "cmath", but
[0.335s]   CMake did not find one.
[0.335s] 
[0.335s]   Could not find a package configuration file provided by "cmath" with any of
[0.335s]   the following names:
[0.335s] 
[0.335s]     cmathConfig.cmake
[0.335s]     cmath-config.cmake
[0.335s] 
[0.335s]   Add the installation prefix of "cmath" to CMAKE_PREFIX_PATH or set
[0.335s]   "cmath_DIR" to a directory containing one of the above files.  If "cmath"
[0.335s]   provides a separate development package or SDK, be sure it has been
[0.335s]   installed.
[0.335s] 
[0.335s] [0m
[0.338s] gmake: *** [Makefile:267: cmake_check_build_system] Error 1
[0.460s] Invoked command in '/home/nikolai/Documents/ROS/catching_turtles_ros2/ws/build/cpp_pkg' returned '2': CMAKE_PREFIX_PATH=${CMAKE_PREFIX_PATH}:/home/nikolai/Documents/ROS/catching_turtles_ros2/ws/install/python_pkg:/opt/ros/humble /usr/bin/cmake --build /home/nikolai/Documents/ROS/catching_turtles_ros2/ws/build/cpp_pkg -- -j20 -l20
