[35m[1mConsolidate compiler generated dependencies of target turtle_spawner_node[0m
[ 50%] Built target turtle_control_node
[ 75%] [32mBuilding CXX object CMakeFiles/turtle_spawner_node.dir/src/turtle_spawner_node.cpp.o[0m
[01m[K/home/nikolai/Documents/ROS/catching_turtles_ros2/ws/src/cpp_pkg/src/turtle_spawner_node.cpp:[m[K In member function ‘[01m[Kvoid TurtleSpawnerNode::catch_service_callback(interfaces::srv::CatchTurtle_Request_<std::allocator<void> >::SharedPtr, interfaces::srv::CatchTurtle_Response_<std::allocator<void> >::SharedPtr)[m[K’:
[01m[K/home/nikolai/Documents/ROS/catching_turtles_ros2/ws/src/cpp_pkg/src/turtle_spawner_node.cpp:30:5:[m[K [01;35m[Kwarning: [m[Kstatement has no effect [[01;35m[K]8;;https://gcc.gnu.org/onlinedocs/gcc/Warning-Options.html#index-Wunused-value-Wunused-value]8;;[m[K]
   30 |     [01;35m[Kresponse[m[K;
      |     [01;35m[K^~~~~~~~[m[K
[100%] [32m[1mLinking CXX executable turtle_spawner_node[0m
[100%] Built target turtle_spawner_node
-- Install configuration: ""
-- Up-to-date: /home/nikolai/Documents/ROS/catching_turtles_ros2/ws/install/cpp_pkg/lib/cpp_pkg/turtle_control_node
-- Installing: /home/nikolai/Documents/ROS/catching_turtles_ros2/ws/install/cpp_pkg/lib/cpp_pkg/turtle_spawner_node
-- Set runtime path of "/home/nikolai/Documents/ROS/catching_turtles_ros2/ws/install/cpp_pkg/lib/cpp_pkg/turtle_spawner_node" to ""
-- Up-to-date: /home/nikolai/Documents/ROS/catching_turtles_ros2/ws/install/cpp_pkg/share/ament_index/resource_index/package_run_dependencies/cpp_pkg
-- Up-to-date: /home/nikolai/Documents/ROS/catching_turtles_ros2/ws/install/cpp_pkg/share/ament_index/resource_index/parent_prefix_path/cpp_pkg
-- Up-to-date: /home/nikolai/Documents/ROS/catching_turtles_ros2/ws/install/cpp_pkg/share/cpp_pkg/environment/ament_prefix_path.sh
-- Up-to-date: /home/nikolai/Documents/ROS/catching_turtles_ros2/ws/install/cpp_pkg/share/cpp_pkg/environment/ament_prefix_path.dsv
-- Up-to-date: /home/nikolai/Documents/ROS/catching_turtles_ros2/ws/install/cpp_pkg/share/cpp_pkg/environment/path.sh
-- Up-to-date: /home/nikolai/Documents/ROS/catching_turtles_ros2/ws/install/cpp_pkg/share/cpp_pkg/environment/path.dsv
-- Up-to-date: /home/nikolai/Documents/ROS/catching_turtles_ros2/ws/install/cpp_pkg/share/cpp_pkg/local_setup.bash
-- Up-to-date: /home/nikolai/Documents/ROS/catching_turtles_ros2/ws/install/cpp_pkg/share/cpp_pkg/local_setup.sh
-- Up-to-date: /home/nikolai/Documents/ROS/catching_turtles_ros2/ws/install/cpp_pkg/share/cpp_pkg/local_setup.zsh
-- Up-to-date: /home/nikolai/Documents/ROS/catching_turtles_ros2/ws/install/cpp_pkg/share/cpp_pkg/local_setup.dsv
-- Installing: /home/nikolai/Documents/ROS/catching_turtles_ros2/ws/install/cpp_pkg/share/cpp_pkg/package.dsv
-- Up-to-date: /home/nikolai/Documents/ROS/catching_turtles_ros2/ws/install/cpp_pkg/share/ament_index/resource_index/packages/cpp_pkg
-- Up-to-date: /home/nikolai/Documents/ROS/catching_turtles_ros2/ws/install/cpp_pkg/share/cpp_pkg/cmake/cpp_pkgConfig.cmake
-- Up-to-date: /home/nikolai/Documents/ROS/catching_turtles_ros2/ws/install/cpp_pkg/share/cpp_pkg/cmake/cpp_pkgConfig-version.cmake
-- Up-to-date: /home/nikolai/Documents/ROS/catching_turtles_ros2/ws/install/cpp_pkg/share/cpp_pkg/package.xml
