[0.136s] Invoking command in '/home/nikolai/Documents/ROS/catching_turtles_ros2/ws/build/cpp_pkg': CMAKE_PREFIX_PATH=/home/nikolai/Documents/ROS/catching_turtles_ros2/ws/install/interfaces:/home/nikolai/Documents/ROS/catching_turtles_ros2/ws/install/bring_up:/home/nikolai/Documents/ROS/catching_turtles_ros2/ws/install/cpp_pkg:/home/nikolai/Documents/ROS/catching_turtles_ros2/ws/install/python_pkg:/opt/ros/humble /usr/bin/cmake --build /home/nikolai/Documents/ROS/catching_turtles_ros2/ws/build/cpp_pkg -- -j20 -l20
[0.155s] [35m[1mConsolidate compiler generated dependencies of target turtle_spawner_node[0m
[0.162s] [ 50%] Built target turtle_control_node
[0.165s] [ 75%] [32mBuilding CXX object CMakeFiles/turtle_spawner_node.dir/src/turtle_spawner_node.cpp.o[0m
[1.384s] [01m[K/home/nikolai/Documents/ROS/catching_turtles_ros2/ws/src/cpp_pkg/src/turtle_spawner_node.cpp:[m[K In member function ‘[01m[Kvoid TurtleSpawnerNode::catch_service_callback(interfaces::srv::CatchTurtle_Request_<std::allocator<void> >::SharedPtr, interfaces::srv::CatchTurtle_Response_<std::allocator<void> >::SharedPtr)[m[K’:
[1.384s] [01m[K/home/nikolai/Documents/ROS/catching_turtles_ros2/ws/src/cpp_pkg/src/turtle_spawner_node.cpp:30:5:[m[K [01;35m[Kwarning: [m[Kstatement has no effect [[01;35m[K]8;;https://gcc.gnu.org/onlinedocs/gcc/Warning-Options.html#index-Wunused-value-Wunused-value]8;;[m[K]
[1.384s]    30 |     [01;35m[Kresponse[m[K;
[1.384s]       |     [01;35m[K^~~~~~~~[m[K
[3.491s] [100%] [32m[1mLinking CXX executable turtle_spawner_node[0m
[3.654s] [100%] Built target turtle_spawner_node
[3.660s] Invoked command in '/home/nikolai/Documents/ROS/catching_turtles_ros2/ws/build/cpp_pkg' returned '0': CMAKE_PREFIX_PATH=/home/nikolai/Documents/ROS/catching_turtles_ros2/ws/install/interfaces:/home/nikolai/Documents/ROS/catching_turtles_ros2/ws/install/bring_up:/home/nikolai/Documents/ROS/catching_turtles_ros2/ws/install/cpp_pkg:/home/nikolai/Documents/ROS/catching_turtles_ros2/ws/install/python_pkg:/opt/ros/humble /usr/bin/cmake --build /home/nikolai/Documents/ROS/catching_turtles_ros2/ws/build/cpp_pkg -- -j20 -l20
[3.673s] Invoking command in '/home/nikolai/Documents/ROS/catching_turtles_ros2/ws/build/cpp_pkg': CMAKE_PREFIX_PATH=/home/nikolai/Documents/ROS/catching_turtles_ros2/ws/install/interfaces:/home/nikolai/Documents/ROS/catching_turtles_ros2/ws/install/bring_up:/home/nikolai/Documents/ROS/catching_turtles_ros2/ws/install/cpp_pkg:/home/nikolai/Documents/ROS/catching_turtles_ros2/ws/install/python_pkg:/opt/ros/humble /usr/bin/cmake --install /home/nikolai/Documents/ROS/catching_turtles_ros2/ws/build/cpp_pkg
[3.677s] -- Install configuration: ""
[3.677s] -- Up-to-date: /home/nikolai/Documents/ROS/catching_turtles_ros2/ws/install/cpp_pkg/lib/cpp_pkg/turtle_control_node
[3.677s] -- Installing: /home/nikolai/Documents/ROS/catching_turtles_ros2/ws/install/cpp_pkg/lib/cpp_pkg/turtle_spawner_node
[3.679s] -- Set runtime path of "/home/nikolai/Documents/ROS/catching_turtles_ros2/ws/install/cpp_pkg/lib/cpp_pkg/turtle_spawner_node" to ""
[3.679s] -- Up-to-date: /home/nikolai/Documents/ROS/catching_turtles_ros2/ws/install/cpp_pkg/share/ament_index/resource_index/package_run_dependencies/cpp_pkg
[3.679s] -- Up-to-date: /home/nikolai/Documents/ROS/catching_turtles_ros2/ws/install/cpp_pkg/share/ament_index/resource_index/parent_prefix_path/cpp_pkg
[3.679s] -- Up-to-date: /home/nikolai/Documents/ROS/catching_turtles_ros2/ws/install/cpp_pkg/share/cpp_pkg/environment/ament_prefix_path.sh
[3.679s] -- Up-to-date: /home/nikolai/Documents/ROS/catching_turtles_ros2/ws/install/cpp_pkg/share/cpp_pkg/environment/ament_prefix_path.dsv
[3.679s] -- Up-to-date: /home/nikolai/Documents/ROS/catching_turtles_ros2/ws/install/cpp_pkg/share/cpp_pkg/environment/path.sh
[3.679s] -- Up-to-date: /home/nikolai/Documents/ROS/catching_turtles_ros2/ws/install/cpp_pkg/share/cpp_pkg/environment/path.dsv
[3.679s] -- Up-to-date: /home/nikolai/Documents/ROS/catching_turtles_ros2/ws/install/cpp_pkg/share/cpp_pkg/local_setup.bash
[3.679s] -- Up-to-date: /home/nikolai/Documents/ROS/catching_turtles_ros2/ws/install/cpp_pkg/share/cpp_pkg/local_setup.sh
[3.679s] -- Up-to-date: /home/nikolai/Documents/ROS/catching_turtles_ros2/ws/install/cpp_pkg/share/cpp_pkg/local_setup.zsh
[3.679s] -- Up-to-date: /home/nikolai/Documents/ROS/catching_turtles_ros2/ws/install/cpp_pkg/share/cpp_pkg/local_setup.dsv
[3.679s] -- Installing: /home/nikolai/Documents/ROS/catching_turtles_ros2/ws/install/cpp_pkg/share/cpp_pkg/package.dsv
[3.679s] -- Up-to-date: /home/nikolai/Documents/ROS/catching_turtles_ros2/ws/install/cpp_pkg/share/ament_index/resource_index/packages/cpp_pkg
[3.679s] -- Up-to-date: /home/nikolai/Documents/ROS/catching_turtles_ros2/ws/install/cpp_pkg/share/cpp_pkg/cmake/cpp_pkgConfig.cmake
[3.679s] -- Up-to-date: /home/nikolai/Documents/ROS/catching_turtles_ros2/ws/install/cpp_pkg/share/cpp_pkg/cmake/cpp_pkgConfig-version.cmake
[3.679s] -- Up-to-date: /home/nikolai/Documents/ROS/catching_turtles_ros2/ws/install/cpp_pkg/share/cpp_pkg/package.xml
[3.681s] Invoked command in '/home/nikolai/Documents/ROS/catching_turtles_ros2/ws/build/cpp_pkg' returned '0': CMAKE_PREFIX_PATH=/home/nikolai/Documents/ROS/catching_turtles_ros2/ws/install/interfaces:/home/nikolai/Documents/ROS/catching_turtles_ros2/ws/install/bring_up:/home/nikolai/Documents/ROS/catching_turtles_ros2/ws/install/cpp_pkg:/home/nikolai/Documents/ROS/catching_turtles_ros2/ws/install/python_pkg:/opt/ros/humble /usr/bin/cmake --install /home/nikolai/Documents/ROS/catching_turtles_ros2/ws/build/cpp_pkg
