[0.155s] DEBUG:colcon:Command line arguments: ['/usr/bin/colcon', 'build']
[0.155s] DEBUG:colcon:Parsed command line arguments: Namespace(log_base=None, log_level=None, verb_name='build', build_base='build', install_base='install', merge_install=False, symlink_install=False, test_result_base=None, continue_on_error=False, executor='parallel', parallel_workers=20, event_handlers=None, ignore_user_meta=False, metas=['./colcon.meta'], base_paths=['.'], packages_ignore=None, packages_ignore_regex=None, paths=None, packages_up_to=None, packages_up_to_regex=None, packages_above=None, packages_above_and_dependencies=None, packages_above_depth=None, packages_select_by_dep=None, packages_skip_by_dep=None, packages_skip_up_to=None, packages_select_build_failed=False, packages_skip_build_finished=False, packages_select_test_failures=False, packages_skip_test_passed=False, packages_select=None, packages_skip=None, packages_select_regex=None, packages_skip_regex=None, packages_start=None, packages_end=None, allow_overriding=[], cmake_args=None, cmake_target=None, cmake_target_skip_unavailable=False, cmake_clean_cache=False, cmake_clean_first=False, cmake_force_configure=False, ament_cmake_args=None, catkin_cmake_args=None, catkin_skip_building_tests=False, verb_parser=<colcon_defaults.argument_parser.defaults.DefaultArgumentsDecorator object at 0x7f6603282bf0>, verb_extension=<colcon_core.verb.build.BuildVerb object at 0x7f6603282680>, main=<bound method BuildVerb.main of <colcon_core.verb.build.BuildVerb object at 0x7f6603282680>>)
[0.167s] Level 1:colcon.colcon_core.package_discovery:discover_packages(colcon_meta) check parameters
[0.167s] Level 1:colcon.colcon_core.package_discovery:discover_packages(recursive) check parameters
[0.167s] Level 1:colcon.colcon_core.package_discovery:discover_packages(ignore) check parameters
[0.167s] Level 1:colcon.colcon_core.package_discovery:discover_packages(path) check parameters
[0.167s] Level 1:colcon.colcon_core.package_discovery:discover_packages(colcon_meta) discover
[0.167s] Level 1:colcon.colcon_core.package_discovery:discover_packages(recursive) discover
[0.167s] INFO:colcon.colcon_core.package_discovery:Crawling recursively for packages in '/home/nikolai/Documents/ROS/catching_turtles_ros2/ws'
[0.167s] Level 1:colcon.colcon_core.package_identification:_identify(.) by extensions ['ignore', 'ignore_ament_install']
[0.167s] Level 1:colcon.colcon_core.package_identification:_identify(.) by extension 'ignore'
[0.167s] Level 1:colcon.colcon_core.package_identification:_identify(.) by extension 'ignore_ament_install'
[0.167s] Level 1:colcon.colcon_core.package_identification:_identify(.) by extensions ['colcon_pkg']
[0.167s] Level 1:colcon.colcon_core.package_identification:_identify(.) by extension 'colcon_pkg'
[0.167s] Level 1:colcon.colcon_core.package_identification:_identify(.) by extensions ['colcon_meta']
[0.167s] Level 1:colcon.colcon_core.package_identification:_identify(.) by extension 'colcon_meta'
[0.167s] Level 1:colcon.colcon_core.package_identification:_identify(.) by extensions ['ros']
[0.167s] Level 1:colcon.colcon_core.package_identification:_identify(.) by extension 'ros'
[0.173s] Level 1:colcon.colcon_core.package_identification:_identify(.) by extensions ['cmake', 'python']
[0.173s] Level 1:colcon.colcon_core.package_identification:_identify(.) by extension 'cmake'
[0.173s] Level 1:colcon.colcon_core.package_identification:_identify(.) by extension 'python'
[0.173s] Level 1:colcon.colcon_core.package_identification:_identify(.) by extensions ['python_setup_py']
[0.173s] Level 1:colcon.colcon_core.package_identification:_identify(.) by extension 'python_setup_py'
[0.173s] Level 1:colcon.colcon_core.package_identification:_identify(build) by extensions ['ignore', 'ignore_ament_install']
[0.173s] Level 1:colcon.colcon_core.package_identification:_identify(build) by extension 'ignore'
[0.173s] Level 1:colcon.colcon_core.package_identification:_identify(build) ignored
[0.173s] Level 1:colcon.colcon_core.package_identification:_identify(install) by extensions ['ignore', 'ignore_ament_install']
[0.173s] Level 1:colcon.colcon_core.package_identification:_identify(install) by extension 'ignore'
[0.173s] Level 1:colcon.colcon_core.package_identification:_identify(install) ignored
[0.173s] Level 1:colcon.colcon_core.package_identification:_identify(log) by extensions ['ignore', 'ignore_ament_install']
[0.174s] Level 1:colcon.colcon_core.package_identification:_identify(log) by extension 'ignore'
[0.174s] Level 1:colcon.colcon_core.package_identification:_identify(log) ignored
[0.174s] Level 1:colcon.colcon_core.package_identification:_identify(src) by extensions ['ignore', 'ignore_ament_install']
[0.174s] Level 1:colcon.colcon_core.package_identification:_identify(src) by extension 'ignore'
[0.174s] Level 1:colcon.colcon_core.package_identification:_identify(src) by extension 'ignore_ament_install'
[0.174s] Level 1:colcon.colcon_core.package_identification:_identify(src) by extensions ['colcon_pkg']
[0.174s] Level 1:colcon.colcon_core.package_identification:_identify(src) by extension 'colcon_pkg'
[0.174s] Level 1:colcon.colcon_core.package_identification:_identify(src) by extensions ['colcon_meta']
[0.174s] Level 1:colcon.colcon_core.package_identification:_identify(src) by extension 'colcon_meta'
[0.174s] Level 1:colcon.colcon_core.package_identification:_identify(src) by extensions ['ros']
[0.174s] Level 1:colcon.colcon_core.package_identification:_identify(src) by extension 'ros'
[0.174s] Level 1:colcon.colcon_core.package_identification:_identify(src) by extensions ['cmake', 'python']
[0.174s] Level 1:colcon.colcon_core.package_identification:_identify(src) by extension 'cmake'
[0.174s] Level 1:colcon.colcon_core.package_identification:_identify(src) by extension 'python'
[0.174s] Level 1:colcon.colcon_core.package_identification:_identify(src) by extensions ['python_setup_py']
[0.174s] Level 1:colcon.colcon_core.package_identification:_identify(src) by extension 'python_setup_py'
[0.174s] Level 1:colcon.colcon_core.package_identification:_identify(src/bring_up) by extensions ['ignore', 'ignore_ament_install']
[0.174s] Level 1:colcon.colcon_core.package_identification:_identify(src/bring_up) by extension 'ignore'
[0.174s] Level 1:colcon.colcon_core.package_identification:_identify(src/bring_up) by extension 'ignore_ament_install'
[0.174s] Level 1:colcon.colcon_core.package_identification:_identify(src/bring_up) by extensions ['colcon_pkg']
[0.174s] Level 1:colcon.colcon_core.package_identification:_identify(src/bring_up) by extension 'colcon_pkg'
[0.174s] Level 1:colcon.colcon_core.package_identification:_identify(src/bring_up) by extensions ['colcon_meta']
[0.174s] Level 1:colcon.colcon_core.package_identification:_identify(src/bring_up) by extension 'colcon_meta'
[0.174s] Level 1:colcon.colcon_core.package_identification:_identify(src/bring_up) by extensions ['ros']
[0.174s] Level 1:colcon.colcon_core.package_identification:_identify(src/bring_up) by extension 'ros'
[0.175s] DEBUG:colcon.colcon_core.package_identification:Package 'src/bring_up' with type 'ros.ament_cmake' and name 'bring_up'
[0.175s] Level 1:colcon.colcon_core.package_identification:_identify(src/build) by extensions ['ignore', 'ignore_ament_install']
[0.175s] Level 1:colcon.colcon_core.package_identification:_identify(src/build) by extension 'ignore'
[0.175s] Level 1:colcon.colcon_core.package_identification:_identify(src/build) ignored
[0.175s] Level 1:colcon.colcon_core.package_identification:_identify(src/cpp_pkg) by extensions ['ignore', 'ignore_ament_install']
[0.175s] Level 1:colcon.colcon_core.package_identification:_identify(src/cpp_pkg) by extension 'ignore'
[0.176s] Level 1:colcon.colcon_core.package_identification:_identify(src/cpp_pkg) by extension 'ignore_ament_install'
[0.176s] Level 1:colcon.colcon_core.package_identification:_identify(src/cpp_pkg) by extensions ['colcon_pkg']
[0.176s] Level 1:colcon.colcon_core.package_identification:_identify(src/cpp_pkg) by extension 'colcon_pkg'
[0.176s] Level 1:colcon.colcon_core.package_identification:_identify(src/cpp_pkg) by extensions ['colcon_meta']
[0.176s] Level 1:colcon.colcon_core.package_identification:_identify(src/cpp_pkg) by extension 'colcon_meta'
[0.176s] Level 1:colcon.colcon_core.package_identification:_identify(src/cpp_pkg) by extensions ['ros']
[0.176s] Level 1:colcon.colcon_core.package_identification:_identify(src/cpp_pkg) by extension 'ros'
[0.176s] DEBUG:colcon.colcon_core.package_identification:Package 'src/cpp_pkg' with type 'ros.ament_cmake' and name 'cpp_pkg'
[0.176s] Level 1:colcon.colcon_core.package_identification:_identify(src/install) by extensions ['ignore', 'ignore_ament_install']
[0.176s] Level 1:colcon.colcon_core.package_identification:_identify(src/install) by extension 'ignore'
[0.176s] Level 1:colcon.colcon_core.package_identification:_identify(src/install) ignored
[0.176s] Level 1:colcon.colcon_core.package_identification:_identify(src/interfaces) by extensions ['ignore', 'ignore_ament_install']
[0.176s] Level 1:colcon.colcon_core.package_identification:_identify(src/interfaces) by extension 'ignore'
[0.176s] Level 1:colcon.colcon_core.package_identification:_identify(src/interfaces) by extension 'ignore_ament_install'
[0.176s] Level 1:colcon.colcon_core.package_identification:_identify(src/interfaces) by extensions ['colcon_pkg']
[0.176s] Level 1:colcon.colcon_core.package_identification:_identify(src/interfaces) by extension 'colcon_pkg'
[0.176s] Level 1:colcon.colcon_core.package_identification:_identify(src/interfaces) by extensions ['colcon_meta']
[0.176s] Level 1:colcon.colcon_core.package_identification:_identify(src/interfaces) by extension 'colcon_meta'
[0.176s] Level 1:colcon.colcon_core.package_identification:_identify(src/interfaces) by extensions ['ros']
[0.176s] Level 1:colcon.colcon_core.package_identification:_identify(src/interfaces) by extension 'ros'
[0.177s] DEBUG:colcon.colcon_core.package_identification:Package 'src/interfaces' with type 'ros.ament_cmake' and name 'interfaces'
[0.177s] Level 1:colcon.colcon_core.package_identification:_identify(src/log) by extensions ['ignore', 'ignore_ament_install']
[0.177s] Level 1:colcon.colcon_core.package_identification:_identify(src/log) by extension 'ignore'
[0.177s] Level 1:colcon.colcon_core.package_identification:_identify(src/log) ignored
[0.177s] Level 1:colcon.colcon_core.package_identification:_identify(src/python_pkg) by extensions ['ignore', 'ignore_ament_install']
[0.177s] Level 1:colcon.colcon_core.package_identification:_identify(src/python_pkg) by extension 'ignore'
[0.177s] Level 1:colcon.colcon_core.package_identification:_identify(src/python_pkg) by extension 'ignore_ament_install'
[0.177s] Level 1:colcon.colcon_core.package_identification:_identify(src/python_pkg) by extensions ['colcon_pkg']
[0.177s] Level 1:colcon.colcon_core.package_identification:_identify(src/python_pkg) by extension 'colcon_pkg'
[0.177s] Level 1:colcon.colcon_core.package_identification:_identify(src/python_pkg) by extensions ['colcon_meta']
[0.177s] Level 1:colcon.colcon_core.package_identification:_identify(src/python_pkg) by extension 'colcon_meta'
[0.177s] Level 1:colcon.colcon_core.package_identification:_identify(src/python_pkg) by extensions ['ros']
[0.177s] Level 1:colcon.colcon_core.package_identification:_identify(src/python_pkg) by extension 'ros'
[0.178s] DEBUG:colcon.colcon_core.package_identification:Package 'src/python_pkg' with type 'ros.ament_python' and name 'python_pkg'
[0.178s] Level 1:colcon.colcon_core.package_discovery:discover_packages(recursive) using defaults
[0.178s] Level 1:colcon.colcon_core.package_discovery:discover_packages(ignore) discover
[0.178s] Level 1:colcon.colcon_core.package_discovery:discover_packages(ignore) using defaults
[0.178s] Level 1:colcon.colcon_core.package_discovery:discover_packages(path) discover
[0.178s] Level 1:colcon.colcon_core.package_discovery:discover_packages(path) using defaults
[0.189s] Level 1:colcon.colcon_core.package_discovery:discover_packages(prefix_path) check parameters
[0.189s] Level 1:colcon.colcon_core.package_discovery:discover_packages(prefix_path) discover
[0.191s] DEBUG:colcon.colcon_installed_package_information.package_discovery:Found 4 installed packages in /home/nikolai/Documents/ROS/catching_turtles_ros2/ws/install
[0.191s] DEBUG:colcon.colcon_installed_package_information.package_discovery:Found 270 installed packages in /opt/ros/humble
[0.192s] Level 1:colcon.colcon_core.package_discovery:discover_packages(prefix_path) using defaults
[0.219s] Level 5:colcon.colcon_core.verb:set package 'interfaces' build argument 'cmake_args' from command line to 'None'
[0.219s] Level 5:colcon.colcon_core.verb:set package 'interfaces' build argument 'cmake_target' from command line to 'None'
[0.219s] Level 5:colcon.colcon_core.verb:set package 'interfaces' build argument 'cmake_target_skip_unavailable' from command line to 'False'
[0.219s] Level 5:colcon.colcon_core.verb:set package 'interfaces' build argument 'cmake_clean_cache' from command line to 'False'
[0.219s] Level 5:colcon.colcon_core.verb:set package 'interfaces' build argument 'cmake_clean_first' from command line to 'False'
[0.219s] Level 5:colcon.colcon_core.verb:set package 'interfaces' build argument 'cmake_force_configure' from command line to 'False'
[0.219s] Level 5:colcon.colcon_core.verb:set package 'interfaces' build argument 'ament_cmake_args' from command line to 'None'
[0.219s] Level 5:colcon.colcon_core.verb:set package 'interfaces' build argument 'catkin_cmake_args' from command line to 'None'
[0.219s] Level 5:colcon.colcon_core.verb:set package 'interfaces' build argument 'catkin_skip_building_tests' from command line to 'False'
[0.219s] DEBUG:colcon.colcon_core.verb:Building package 'interfaces' with the following arguments: {'ament_cmake_args': None, 'build_base': '/home/nikolai/Documents/ROS/catching_turtles_ros2/ws/build/interfaces', 'catkin_cmake_args': None, 'catkin_skip_building_tests': False, 'cmake_args': None, 'cmake_clean_cache': False, 'cmake_clean_first': False, 'cmake_force_configure': False, 'cmake_target': None, 'cmake_target_skip_unavailable': False, 'install_base': '/home/nikolai/Documents/ROS/catching_turtles_ros2/ws/install/interfaces', 'merge_install': False, 'path': '/home/nikolai/Documents/ROS/catching_turtles_ros2/ws/src/interfaces', 'symlink_install': False, 'test_result_base': None}
[0.219s] Level 5:colcon.colcon_core.verb:set package 'cpp_pkg' build argument 'cmake_args' from command line to 'None'
[0.219s] Level 5:colcon.colcon_core.verb:set package 'cpp_pkg' build argument 'cmake_target' from command line to 'None'
[0.219s] Level 5:colcon.colcon_core.verb:set package 'cpp_pkg' build argument 'cmake_target_skip_unavailable' from command line to 'False'
[0.219s] Level 5:colcon.colcon_core.verb:set package 'cpp_pkg' build argument 'cmake_clean_cache' from command line to 'False'
[0.220s] Level 5:colcon.colcon_core.verb:set package 'cpp_pkg' build argument 'cmake_clean_first' from command line to 'False'
[0.220s] Level 5:colcon.colcon_core.verb:set package 'cpp_pkg' build argument 'cmake_force_configure' from command line to 'False'
[0.220s] Level 5:colcon.colcon_core.verb:set package 'cpp_pkg' build argument 'ament_cmake_args' from command line to 'None'
[0.220s] Level 5:colcon.colcon_core.verb:set package 'cpp_pkg' build argument 'catkin_cmake_args' from command line to 'None'
[0.220s] Level 5:colcon.colcon_core.verb:set package 'cpp_pkg' build argument 'catkin_skip_building_tests' from command line to 'False'
[0.220s] DEBUG:colcon.colcon_core.verb:Building package 'cpp_pkg' with the following arguments: {'ament_cmake_args': None, 'build_base': '/home/nikolai/Documents/ROS/catching_turtles_ros2/ws/build/cpp_pkg', 'catkin_cmake_args': None, 'catkin_skip_building_tests': False, 'cmake_args': None, 'cmake_clean_cache': False, 'cmake_clean_first': False, 'cmake_force_configure': False, 'cmake_target': None, 'cmake_target_skip_unavailable': False, 'install_base': '/home/nikolai/Documents/ROS/catching_turtles_ros2/ws/install/cpp_pkg', 'merge_install': False, 'path': '/home/nikolai/Documents/ROS/catching_turtles_ros2/ws/src/cpp_pkg', 'symlink_install': False, 'test_result_base': None}
[0.220s] Level 5:colcon.colcon_core.verb:set package 'python_pkg' build argument 'cmake_args' from command line to 'None'
[0.220s] Level 5:colcon.colcon_core.verb:set package 'python_pkg' build argument 'cmake_target' from command line to 'None'
[0.220s] Level 5:colcon.colcon_core.verb:set package 'python_pkg' build argument 'cmake_target_skip_unavailable' from command line to 'False'
[0.220s] Level 5:colcon.colcon_core.verb:set package 'python_pkg' build argument 'cmake_clean_cache' from command line to 'False'
[0.220s] Level 5:colcon.colcon_core.verb:set package 'python_pkg' build argument 'cmake_clean_first' from command line to 'False'
[0.220s] Level 5:colcon.colcon_core.verb:set package 'python_pkg' build argument 'cmake_force_configure' from command line to 'False'
[0.220s] Level 5:colcon.colcon_core.verb:set package 'python_pkg' build argument 'ament_cmake_args' from command line to 'None'
[0.220s] Level 5:colcon.colcon_core.verb:set package 'python_pkg' build argument 'catkin_cmake_args' from command line to 'None'
[0.220s] Level 5:colcon.colcon_core.verb:set package 'python_pkg' build argument 'catkin_skip_building_tests' from command line to 'False'
[0.220s] DEBUG:colcon.colcon_core.verb:Building package 'python_pkg' with the following arguments: {'ament_cmake_args': None, 'build_base': '/home/nikolai/Documents/ROS/catching_turtles_ros2/ws/build/python_pkg', 'catkin_cmake_args': None, 'catkin_skip_building_tests': False, 'cmake_args': None, 'cmake_clean_cache': False, 'cmake_clean_first': False, 'cmake_force_configure': False, 'cmake_target': None, 'cmake_target_skip_unavailable': False, 'install_base': '/home/nikolai/Documents/ROS/catching_turtles_ros2/ws/install/python_pkg', 'merge_install': False, 'path': '/home/nikolai/Documents/ROS/catching_turtles_ros2/ws/src/python_pkg', 'symlink_install': False, 'test_result_base': None}
[0.221s] Level 5:colcon.colcon_core.verb:set package 'bring_up' build argument 'cmake_args' from command line to 'None'
[0.221s] Level 5:colcon.colcon_core.verb:set package 'bring_up' build argument 'cmake_target' from command line to 'None'
[0.221s] Level 5:colcon.colcon_core.verb:set package 'bring_up' build argument 'cmake_target_skip_unavailable' from command line to 'False'
[0.221s] Level 5:colcon.colcon_core.verb:set package 'bring_up' build argument 'cmake_clean_cache' from command line to 'False'
[0.221s] Level 5:colcon.colcon_core.verb:set package 'bring_up' build argument 'cmake_clean_first' from command line to 'False'
[0.221s] Level 5:colcon.colcon_core.verb:set package 'bring_up' build argument 'cmake_force_configure' from command line to 'False'
[0.221s] Level 5:colcon.colcon_core.verb:set package 'bring_up' build argument 'ament_cmake_args' from command line to 'None'
[0.221s] Level 5:colcon.colcon_core.verb:set package 'bring_up' build argument 'catkin_cmake_args' from command line to 'None'
[0.221s] Level 5:colcon.colcon_core.verb:set package 'bring_up' build argument 'catkin_skip_building_tests' from command line to 'False'
[0.221s] DEBUG:colcon.colcon_core.verb:Building package 'bring_up' with the following arguments: {'ament_cmake_args': None, 'build_base': '/home/nikolai/Documents/ROS/catching_turtles_ros2/ws/build/bring_up', 'catkin_cmake_args': None, 'catkin_skip_building_tests': False, 'cmake_args': None, 'cmake_clean_cache': False, 'cmake_clean_first': False, 'cmake_force_configure': False, 'cmake_target': None, 'cmake_target_skip_unavailable': False, 'install_base': '/home/nikolai/Documents/ROS/catching_turtles_ros2/ws/install/bring_up', 'merge_install': False, 'path': '/home/nikolai/Documents/ROS/catching_turtles_ros2/ws/src/bring_up', 'symlink_install': False, 'test_result_base': None}
[0.221s] INFO:colcon.colcon_core.executor:Executing jobs using 'parallel' executor
[0.223s] DEBUG:colcon.colcon_parallel_executor.executor.parallel:run_until_complete
[0.223s] INFO:colcon.colcon_ros.task.ament_cmake.build:Building ROS package in '/home/nikolai/Documents/ROS/catching_turtles_ros2/ws/src/interfaces' with build type 'ament_cmake'
[0.223s] INFO:colcon.colcon_cmake.task.cmake.build:Building CMake package in '/home/nikolai/Documents/ROS/catching_turtles_ros2/ws/src/interfaces'
[0.225s] INFO:colcon.colcon_core.plugin_system:Skipping extension 'colcon_core.shell.bat': Not used on non-Windows systems
[0.225s] INFO:colcon.colcon_core.shell:Skip shell extension 'powershell' for command environment: Not usable outside of PowerShell
[0.225s] DEBUG:colcon.colcon_core.shell:Skip shell extension 'dsv' for command environment
[0.231s] DEBUG:colcon.colcon_core.event_handler.log_command:Invoking command in '/home/nikolai/Documents/ROS/catching_turtles_ros2/ws/build/interfaces': CMAKE_PREFIX_PATH=${CMAKE_PREFIX_PATH}:/home/nikolai/Documents/ROS/catching_turtles_ros2/ws/install/python_pkg:/opt/ros/humble /usr/bin/cmake --build /home/nikolai/Documents/ROS/catching_turtles_ros2/ws/build/interfaces -- -j20 -l20
[0.405s] DEBUG:colcon.colcon_core.event_handler.log_command:Invoked command in '/home/nikolai/Documents/ROS/catching_turtles_ros2/ws/build/interfaces' returned '0': CMAKE_PREFIX_PATH=${CMAKE_PREFIX_PATH}:/home/nikolai/Documents/ROS/catching_turtles_ros2/ws/install/python_pkg:/opt/ros/humble /usr/bin/cmake --build /home/nikolai/Documents/ROS/catching_turtles_ros2/ws/build/interfaces -- -j20 -l20
[0.458s] DEBUG:colcon.colcon_core.event_handler.log_command:Invoking command in '/home/nikolai/Documents/ROS/catching_turtles_ros2/ws/build/interfaces': CMAKE_PREFIX_PATH=${CMAKE_PREFIX_PATH}:/home/nikolai/Documents/ROS/catching_turtles_ros2/ws/install/python_pkg:/opt/ros/humble /usr/bin/cmake --install /home/nikolai/Documents/ROS/catching_turtles_ros2/ws/build/interfaces
[0.487s] Level 1:colcon.colcon_core.environment:create_environment_scripts_only(interfaces)
[0.489s] DEBUG:colcon.colcon_core.event_handler.log_command:Invoked command in '/home/nikolai/Documents/ROS/catching_turtles_ros2/ws/build/interfaces' returned '0': CMAKE_PREFIX_PATH=${CMAKE_PREFIX_PATH}:/home/nikolai/Documents/ROS/catching_turtles_ros2/ws/install/python_pkg:/opt/ros/humble /usr/bin/cmake --install /home/nikolai/Documents/ROS/catching_turtles_ros2/ws/build/interfaces
[0.490s] Level 1:colcon.colcon_core.environment:checking '/home/nikolai/Documents/ROS/catching_turtles_ros2/ws/install/interfaces' for CMake module files
[0.490s] Level 1:colcon.colcon_core.environment:checking '/home/nikolai/Documents/ROS/catching_turtles_ros2/ws/install/interfaces' for CMake config files
[0.491s] Level 1:colcon.colcon_core.shell:create_environment_hook('interfaces', 'cmake_prefix_path')
[0.491s] INFO:colcon.colcon_core.shell:Creating environment hook '/home/nikolai/Documents/ROS/catching_turtles_ros2/ws/install/interfaces/share/interfaces/hook/cmake_prefix_path.ps1'
[0.492s] INFO:colcon.colcon_core.shell:Creating environment descriptor '/home/nikolai/Documents/ROS/catching_turtles_ros2/ws/install/interfaces/share/interfaces/hook/cmake_prefix_path.dsv'
[0.492s] INFO:colcon.colcon_core.shell:Creating environment hook '/home/nikolai/Documents/ROS/catching_turtles_ros2/ws/install/interfaces/share/interfaces/hook/cmake_prefix_path.sh'
[0.492s] Level 1:colcon.colcon_core.environment:checking '/home/nikolai/Documents/ROS/catching_turtles_ros2/ws/install/interfaces/lib'
[0.492s] Level 1:colcon.colcon_core.shell:create_environment_hook('interfaces', 'ld_library_path_lib')
[0.493s] INFO:colcon.colcon_core.shell:Creating environment hook '/home/nikolai/Documents/ROS/catching_turtles_ros2/ws/install/interfaces/share/interfaces/hook/ld_library_path_lib.ps1'
[0.493s] INFO:colcon.colcon_core.shell:Creating environment descriptor '/home/nikolai/Documents/ROS/catching_turtles_ros2/ws/install/interfaces/share/interfaces/hook/ld_library_path_lib.dsv'
[0.493s] INFO:colcon.colcon_core.shell:Creating environment hook '/home/nikolai/Documents/ROS/catching_turtles_ros2/ws/install/interfaces/share/interfaces/hook/ld_library_path_lib.sh'
[0.493s] Level 1:colcon.colcon_core.environment:checking '/home/nikolai/Documents/ROS/catching_turtles_ros2/ws/install/interfaces/bin'
[0.493s] Level 1:colcon.colcon_core.environment:checking '/home/nikolai/Documents/ROS/catching_turtles_ros2/ws/install/interfaces/lib/pkgconfig/interfaces.pc'
[0.494s] Level 1:colcon.colcon_core.environment:checking '/home/nikolai/Documents/ROS/catching_turtles_ros2/ws/install/interfaces/lib/python3.10/site-packages'
[0.494s] Level 1:colcon.colcon_core.environment:checking '/home/nikolai/Documents/ROS/catching_turtles_ros2/ws/install/interfaces/bin'
[0.494s] INFO:colcon.colcon_core.shell:Creating package script '/home/nikolai/Documents/ROS/catching_turtles_ros2/ws/install/interfaces/share/interfaces/package.ps1'
[0.495s] INFO:colcon.colcon_core.shell:Creating package descriptor '/home/nikolai/Documents/ROS/catching_turtles_ros2/ws/install/interfaces/share/interfaces/package.dsv'
[0.495s] INFO:colcon.colcon_core.shell:Creating package script '/home/nikolai/Documents/ROS/catching_turtles_ros2/ws/install/interfaces/share/interfaces/package.sh'
[0.496s] INFO:colcon.colcon_core.shell:Creating package script '/home/nikolai/Documents/ROS/catching_turtles_ros2/ws/install/interfaces/share/interfaces/package.bash'
[0.496s] INFO:colcon.colcon_core.shell:Creating package script '/home/nikolai/Documents/ROS/catching_turtles_ros2/ws/install/interfaces/share/interfaces/package.zsh'
[0.496s] Level 1:colcon.colcon_core.environment:create_file_with_runtime_dependencies(/home/nikolai/Documents/ROS/catching_turtles_ros2/ws/install/interfaces/share/colcon-core/packages/interfaces)
[0.532s] Level 1:colcon.colcon_core.environment:create_environment_scripts_only(interfaces)
[0.533s] Level 1:colcon.colcon_core.environment:checking '/home/nikolai/Documents/ROS/catching_turtles_ros2/ws/install/interfaces' for CMake module files
[0.533s] Level 1:colcon.colcon_core.environment:checking '/home/nikolai/Documents/ROS/catching_turtles_ros2/ws/install/interfaces' for CMake config files
[0.534s] Level 1:colcon.colcon_core.shell:create_environment_hook('interfaces', 'cmake_prefix_path')
[0.534s] INFO:colcon.colcon_core.shell:Creating environment hook '/home/nikolai/Documents/ROS/catching_turtles_ros2/ws/install/interfaces/share/interfaces/hook/cmake_prefix_path.ps1'
[0.535s] INFO:colcon.colcon_core.shell:Creating environment descriptor '/home/nikolai/Documents/ROS/catching_turtles_ros2/ws/install/interfaces/share/interfaces/hook/cmake_prefix_path.dsv'
[0.535s] INFO:colcon.colcon_core.shell:Creating environment hook '/home/nikolai/Documents/ROS/catching_turtles_ros2/ws/install/interfaces/share/interfaces/hook/cmake_prefix_path.sh'
[0.535s] Level 1:colcon.colcon_core.environment:checking '/home/nikolai/Documents/ROS/catching_turtles_ros2/ws/install/interfaces/lib'
[0.535s] Level 1:colcon.colcon_core.shell:create_environment_hook('interfaces', 'ld_library_path_lib')
[0.536s] INFO:colcon.colcon_core.shell:Creating environment hook '/home/nikolai/Documents/ROS/catching_turtles_ros2/ws/install/interfaces/share/interfaces/hook/ld_library_path_lib.ps1'
[0.536s] INFO:colcon.colcon_core.shell:Creating environment descriptor '/home/nikolai/Documents/ROS/catching_turtles_ros2/ws/install/interfaces/share/interfaces/hook/ld_library_path_lib.dsv'
[0.536s] INFO:colcon.colcon_core.shell:Creating environment hook '/home/nikolai/Documents/ROS/catching_turtles_ros2/ws/install/interfaces/share/interfaces/hook/ld_library_path_lib.sh'
[0.536s] Level 1:colcon.colcon_core.environment:checking '/home/nikolai/Documents/ROS/catching_turtles_ros2/ws/install/interfaces/bin'
[0.536s] Level 1:colcon.colcon_core.environment:checking '/home/nikolai/Documents/ROS/catching_turtles_ros2/ws/install/interfaces/lib/pkgconfig/interfaces.pc'
[0.536s] Level 1:colcon.colcon_core.environment:checking '/home/nikolai/Documents/ROS/catching_turtles_ros2/ws/install/interfaces/lib/python3.10/site-packages'
[0.537s] Level 1:colcon.colcon_core.environment:checking '/home/nikolai/Documents/ROS/catching_turtles_ros2/ws/install/interfaces/bin'
[0.537s] INFO:colcon.colcon_core.shell:Creating package script '/home/nikolai/Documents/ROS/catching_turtles_ros2/ws/install/interfaces/share/interfaces/package.ps1'
[0.537s] INFO:colcon.colcon_core.shell:Creating package descriptor '/home/nikolai/Documents/ROS/catching_turtles_ros2/ws/install/interfaces/share/interfaces/package.dsv'
[0.538s] INFO:colcon.colcon_core.shell:Creating package script '/home/nikolai/Documents/ROS/catching_turtles_ros2/ws/install/interfaces/share/interfaces/package.sh'
[0.538s] INFO:colcon.colcon_core.shell:Creating package script '/home/nikolai/Documents/ROS/catching_turtles_ros2/ws/install/interfaces/share/interfaces/package.bash'
[0.538s] INFO:colcon.colcon_core.shell:Creating package script '/home/nikolai/Documents/ROS/catching_turtles_ros2/ws/install/interfaces/share/interfaces/package.zsh'
[0.538s] Level 1:colcon.colcon_core.environment:create_file_with_runtime_dependencies(/home/nikolai/Documents/ROS/catching_turtles_ros2/ws/install/interfaces/share/colcon-core/packages/interfaces)
[0.538s] INFO:colcon.colcon_ros.task.ament_python.build:Building ROS package in '/home/nikolai/Documents/ROS/catching_turtles_ros2/ws/src/python_pkg' with build type 'ament_python'
[0.538s] Level 1:colcon.colcon_core.shell:create_environment_hook('python_pkg', 'ament_prefix_path')
[0.539s] INFO:colcon.colcon_core.shell:Creating environment hook '/home/nikolai/Documents/ROS/catching_turtles_ros2/ws/install/python_pkg/share/python_pkg/hook/ament_prefix_path.ps1'
[0.539s] INFO:colcon.colcon_core.shell:Creating environment descriptor '/home/nikolai/Documents/ROS/catching_turtles_ros2/ws/install/python_pkg/share/python_pkg/hook/ament_prefix_path.dsv'
[0.540s] INFO:colcon.colcon_core.shell:Creating environment hook '/home/nikolai/Documents/ROS/catching_turtles_ros2/ws/install/python_pkg/share/python_pkg/hook/ament_prefix_path.sh'
[0.540s] INFO:colcon.colcon_core.shell:Skip shell extension 'powershell' for command environment: Not usable outside of PowerShell
[0.540s] DEBUG:colcon.colcon_core.shell:Skip shell extension 'dsv' for command environment
[0.543s] INFO:colcon.colcon_ros.task.ament_cmake.build:Building ROS package in '/home/nikolai/Documents/ROS/catching_turtles_ros2/ws/src/cpp_pkg' with build type 'ament_cmake'
[0.543s] INFO:colcon.colcon_cmake.task.cmake.build:Building CMake package in '/home/nikolai/Documents/ROS/catching_turtles_ros2/ws/src/cpp_pkg'
[0.544s] INFO:colcon.colcon_core.shell:Skip shell extension 'powershell' for command environment: Not usable outside of PowerShell
[0.544s] DEBUG:colcon.colcon_core.shell:Skip shell extension 'dsv' for command environment
[0.671s] INFO:colcon.colcon_core.task.python.build:Building Python package in '/home/nikolai/Documents/ROS/catching_turtles_ros2/ws/src/python_pkg'
[0.672s] INFO:colcon.colcon_core.shell:Skip shell extension 'powershell' for command environment: Not usable outside of PowerShell
[0.672s] DEBUG:colcon.colcon_core.shell:Skip shell extension 'dsv' for command environment
[0.678s] DEBUG:colcon.colcon_core.event_handler.log_command:Invoking command in '/home/nikolai/Documents/ROS/catching_turtles_ros2/ws/build/cpp_pkg': CMAKE_PREFIX_PATH=/home/nikolai/Documents/ROS/catching_turtles_ros2/ws/install/interfaces:/home/nikolai/Documents/ROS/catching_turtles_ros2/ws/install/bring_up:/home/nikolai/Documents/ROS/catching_turtles_ros2/ws/install/cpp_pkg:/home/nikolai/Documents/ROS/catching_turtles_ros2/ws/install/python_pkg:/opt/ros/humble /usr/bin/cmake --build /home/nikolai/Documents/ROS/catching_turtles_ros2/ws/build/cpp_pkg -- -j20 -l20
[0.852s] DEBUG:colcon.colcon_core.event_handler.log_command:Invoking command in '/home/nikolai/Documents/ROS/catching_turtles_ros2/ws/src/python_pkg': CMAKE_PREFIX_PATH=/home/nikolai/Documents/ROS/catching_turtles_ros2/ws/install/interfaces:/home/nikolai/Documents/ROS/catching_turtles_ros2/ws/install/bring_up:/home/nikolai/Documents/ROS/catching_turtles_ros2/ws/install/cpp_pkg PYTHONPATH=/home/nikolai/Documents/ROS/catching_turtles_ros2/ws/build/python_pkg/prefix_override:/home/nikolai/Documents/ROS/catching_turtles_ros2/ws/install/python_pkg/lib/python3.10/site-packages:${PYTHONPATH} /usr/bin/python3 setup.py egg_info --egg-base ../../build/python_pkg build --build-base /home/nikolai/Documents/ROS/catching_turtles_ros2/ws/build/python_pkg/build install --record /home/nikolai/Documents/ROS/catching_turtles_ros2/ws/build/python_pkg/install.log --single-version-externally-managed
[1.005s] Level 1:colcon.colcon_core.environment:checking '/home/nikolai/Documents/ROS/catching_turtles_ros2/ws/install/python_pkg' for CMake module files
[1.005s] DEBUG:colcon.colcon_core.event_handler.log_command:Invoked command in '/home/nikolai/Documents/ROS/catching_turtles_ros2/ws/src/python_pkg' returned '0': CMAKE_PREFIX_PATH=/home/nikolai/Documents/ROS/catching_turtles_ros2/ws/install/interfaces:/home/nikolai/Documents/ROS/catching_turtles_ros2/ws/install/bring_up:/home/nikolai/Documents/ROS/catching_turtles_ros2/ws/install/cpp_pkg PYTHONPATH=/home/nikolai/Documents/ROS/catching_turtles_ros2/ws/build/python_pkg/prefix_override:/home/nikolai/Documents/ROS/catching_turtles_ros2/ws/install/python_pkg/lib/python3.10/site-packages:${PYTHONPATH} /usr/bin/python3 setup.py egg_info --egg-base ../../build/python_pkg build --build-base /home/nikolai/Documents/ROS/catching_turtles_ros2/ws/build/python_pkg/build install --record /home/nikolai/Documents/ROS/catching_turtles_ros2/ws/build/python_pkg/install.log --single-version-externally-managed
[1.006s] Level 1:colcon.colcon_core.environment:checking '/home/nikolai/Documents/ROS/catching_turtles_ros2/ws/install/python_pkg' for CMake config files
[1.006s] Level 1:colcon.colcon_core.environment:checking '/home/nikolai/Documents/ROS/catching_turtles_ros2/ws/install/python_pkg/lib'
[1.006s] Level 1:colcon.colcon_core.environment:checking '/home/nikolai/Documents/ROS/catching_turtles_ros2/ws/install/python_pkg/bin'
[1.006s] Level 1:colcon.colcon_core.environment:checking '/home/nikolai/Documents/ROS/catching_turtles_ros2/ws/install/python_pkg/lib/pkgconfig/python_pkg.pc'
[1.006s] Level 1:colcon.colcon_core.environment:checking '/home/nikolai/Documents/ROS/catching_turtles_ros2/ws/install/python_pkg/lib/python3.10/site-packages'
[1.006s] Level 1:colcon.colcon_core.shell:create_environment_hook('python_pkg', 'pythonpath')
[1.007s] INFO:colcon.colcon_core.shell:Creating environment hook '/home/nikolai/Documents/ROS/catching_turtles_ros2/ws/install/python_pkg/share/python_pkg/hook/pythonpath.ps1'
[1.007s] INFO:colcon.colcon_core.shell:Creating environment descriptor '/home/nikolai/Documents/ROS/catching_turtles_ros2/ws/install/python_pkg/share/python_pkg/hook/pythonpath.dsv'
[1.007s] INFO:colcon.colcon_core.shell:Creating environment hook '/home/nikolai/Documents/ROS/catching_turtles_ros2/ws/install/python_pkg/share/python_pkg/hook/pythonpath.sh'
[1.008s] Level 1:colcon.colcon_core.environment:checking '/home/nikolai/Documents/ROS/catching_turtles_ros2/ws/install/python_pkg/bin'
[1.008s] Level 1:colcon.colcon_core.environment:create_environment_scripts_only(python_pkg)
[1.008s] INFO:colcon.colcon_core.shell:Creating package script '/home/nikolai/Documents/ROS/catching_turtles_ros2/ws/install/python_pkg/share/python_pkg/package.ps1'
[1.009s] INFO:colcon.colcon_core.shell:Creating package descriptor '/home/nikolai/Documents/ROS/catching_turtles_ros2/ws/install/python_pkg/share/python_pkg/package.dsv'
[1.009s] INFO:colcon.colcon_core.shell:Creating package script '/home/nikolai/Documents/ROS/catching_turtles_ros2/ws/install/python_pkg/share/python_pkg/package.sh'
[1.009s] INFO:colcon.colcon_core.shell:Creating package script '/home/nikolai/Documents/ROS/catching_turtles_ros2/ws/install/python_pkg/share/python_pkg/package.bash'
[1.009s] INFO:colcon.colcon_core.shell:Creating package script '/home/nikolai/Documents/ROS/catching_turtles_ros2/ws/install/python_pkg/share/python_pkg/package.zsh'
[1.009s] Level 1:colcon.colcon_core.environment:create_file_with_runtime_dependencies(/home/nikolai/Documents/ROS/catching_turtles_ros2/ws/install/python_pkg/share/colcon-core/packages/python_pkg)
[1.009s] INFO:colcon.colcon_ros.task.ament_cmake.build:Building ROS package in '/home/nikolai/Documents/ROS/catching_turtles_ros2/ws/src/bring_up' with build type 'ament_cmake'
[1.010s] INFO:colcon.colcon_cmake.task.cmake.build:Building CMake package in '/home/nikolai/Documents/ROS/catching_turtles_ros2/ws/src/bring_up'
[1.010s] INFO:colcon.colcon_core.shell:Skip shell extension 'powershell' for command environment: Not usable outside of PowerShell
[1.010s] DEBUG:colcon.colcon_core.shell:Skip shell extension 'dsv' for command environment
[1.018s] DEBUG:colcon.colcon_core.event_handler.log_command:Invoking command in '/home/nikolai/Documents/ROS/catching_turtles_ros2/ws/build/bring_up': AMENT_PREFIX_PATH=/home/nikolai/Documents/ROS/catching_turtles_ros2/ws/install/python_pkg:/home/nikolai/Documents/ROS/catching_turtles_ros2/ws/install/bring_up:/home/nikolai/Documents/ROS/catching_turtles_ros2/ws/install/cpp_pkg:/home/nikolai/Documents/ROS/catching_turtles_ros2/ws/install/interfaces:/opt/ros/humble CMAKE_PREFIX_PATH=/home/nikolai/Documents/ROS/catching_turtles_ros2/ws/install/interfaces:/home/nikolai/Documents/ROS/catching_turtles_ros2/ws/install/bring_up:/home/nikolai/Documents/ROS/catching_turtles_ros2/ws/install/cpp_pkg:/home/nikolai/Documents/ROS/catching_turtles_ros2/ws/install/python_pkg:/opt/ros/humble /usr/bin/cmake --build /home/nikolai/Documents/ROS/catching_turtles_ros2/ws/build/bring_up -- -j20 -l20
[1.037s] DEBUG:colcon.colcon_core.event_handler.log_command:Invoked command in '/home/nikolai/Documents/ROS/catching_turtles_ros2/ws/build/bring_up' returned '0': AMENT_PREFIX_PATH=/home/nikolai/Documents/ROS/catching_turtles_ros2/ws/install/python_pkg:/home/nikolai/Documents/ROS/catching_turtles_ros2/ws/install/bring_up:/home/nikolai/Documents/ROS/catching_turtles_ros2/ws/install/cpp_pkg:/home/nikolai/Documents/ROS/catching_turtles_ros2/ws/install/interfaces:/opt/ros/humble CMAKE_PREFIX_PATH=/home/nikolai/Documents/ROS/catching_turtles_ros2/ws/install/interfaces:/home/nikolai/Documents/ROS/catching_turtles_ros2/ws/install/bring_up:/home/nikolai/Documents/ROS/catching_turtles_ros2/ws/install/cpp_pkg:/home/nikolai/Documents/ROS/catching_turtles_ros2/ws/install/python_pkg:/opt/ros/humble /usr/bin/cmake --build /home/nikolai/Documents/ROS/catching_turtles_ros2/ws/build/bring_up -- -j20 -l20
[1.048s] DEBUG:colcon.colcon_core.event_handler.log_command:Invoking command in '/home/nikolai/Documents/ROS/catching_turtles_ros2/ws/build/bring_up': AMENT_PREFIX_PATH=/home/nikolai/Documents/ROS/catching_turtles_ros2/ws/install/python_pkg:/home/nikolai/Documents/ROS/catching_turtles_ros2/ws/install/bring_up:/home/nikolai/Documents/ROS/catching_turtles_ros2/ws/install/cpp_pkg:/home/nikolai/Documents/ROS/catching_turtles_ros2/ws/install/interfaces:/opt/ros/humble CMAKE_PREFIX_PATH=/home/nikolai/Documents/ROS/catching_turtles_ros2/ws/install/interfaces:/home/nikolai/Documents/ROS/catching_turtles_ros2/ws/install/bring_up:/home/nikolai/Documents/ROS/catching_turtles_ros2/ws/install/cpp_pkg:/home/nikolai/Documents/ROS/catching_turtles_ros2/ws/install/python_pkg:/opt/ros/humble /usr/bin/cmake --install /home/nikolai/Documents/ROS/catching_turtles_ros2/ws/build/bring_up
[1.053s] Level 1:colcon.colcon_core.environment:create_environment_scripts_only(bring_up)
[1.054s] Level 1:colcon.colcon_core.environment:checking '/home/nikolai/Documents/ROS/catching_turtles_ros2/ws/install/bring_up' for CMake module files
[1.055s] DEBUG:colcon.colcon_core.event_handler.log_command:Invoked command in '/home/nikolai/Documents/ROS/catching_turtles_ros2/ws/build/bring_up' returned '0': AMENT_PREFIX_PATH=/home/nikolai/Documents/ROS/catching_turtles_ros2/ws/install/python_pkg:/home/nikolai/Documents/ROS/catching_turtles_ros2/ws/install/bring_up:/home/nikolai/Documents/ROS/catching_turtles_ros2/ws/install/cpp_pkg:/home/nikolai/Documents/ROS/catching_turtles_ros2/ws/install/interfaces:/opt/ros/humble CMAKE_PREFIX_PATH=/home/nikolai/Documents/ROS/catching_turtles_ros2/ws/install/interfaces:/home/nikolai/Documents/ROS/catching_turtles_ros2/ws/install/bring_up:/home/nikolai/Documents/ROS/catching_turtles_ros2/ws/install/cpp_pkg:/home/nikolai/Documents/ROS/catching_turtles_ros2/ws/install/python_pkg:/opt/ros/humble /usr/bin/cmake --install /home/nikolai/Documents/ROS/catching_turtles_ros2/ws/build/bring_up
[1.055s] Level 1:colcon.colcon_core.environment:checking '/home/nikolai/Documents/ROS/catching_turtles_ros2/ws/install/bring_up' for CMake config files
[1.055s] Level 1:colcon.colcon_core.shell:create_environment_hook('bring_up', 'cmake_prefix_path')
[1.056s] INFO:colcon.colcon_core.shell:Creating environment hook '/home/nikolai/Documents/ROS/catching_turtles_ros2/ws/install/bring_up/share/bring_up/hook/cmake_prefix_path.ps1'
[1.056s] INFO:colcon.colcon_core.shell:Creating environment descriptor '/home/nikolai/Documents/ROS/catching_turtles_ros2/ws/install/bring_up/share/bring_up/hook/cmake_prefix_path.dsv'
[1.056s] INFO:colcon.colcon_core.shell:Creating environment hook '/home/nikolai/Documents/ROS/catching_turtles_ros2/ws/install/bring_up/share/bring_up/hook/cmake_prefix_path.sh'
[1.056s] Level 1:colcon.colcon_core.environment:checking '/home/nikolai/Documents/ROS/catching_turtles_ros2/ws/install/bring_up/bin'
[1.056s] Level 1:colcon.colcon_core.environment:checking '/home/nikolai/Documents/ROS/catching_turtles_ros2/ws/install/bring_up/lib/pkgconfig/bring_up.pc'
[1.057s] Level 1:colcon.colcon_core.environment:checking '/home/nikolai/Documents/ROS/catching_turtles_ros2/ws/install/bring_up/lib/python3.10/site-packages'
[1.057s] Level 1:colcon.colcon_core.environment:checking '/home/nikolai/Documents/ROS/catching_turtles_ros2/ws/install/bring_up/bin'
[1.057s] INFO:colcon.colcon_core.shell:Creating package script '/home/nikolai/Documents/ROS/catching_turtles_ros2/ws/install/bring_up/share/bring_up/package.ps1'
[1.058s] INFO:colcon.colcon_core.shell:Creating package descriptor '/home/nikolai/Documents/ROS/catching_turtles_ros2/ws/install/bring_up/share/bring_up/package.dsv'
[1.058s] INFO:colcon.colcon_core.shell:Creating package script '/home/nikolai/Documents/ROS/catching_turtles_ros2/ws/install/bring_up/share/bring_up/package.sh'
[1.058s] INFO:colcon.colcon_core.shell:Creating package script '/home/nikolai/Documents/ROS/catching_turtles_ros2/ws/install/bring_up/share/bring_up/package.bash'
[1.058s] INFO:colcon.colcon_core.shell:Creating package script '/home/nikolai/Documents/ROS/catching_turtles_ros2/ws/install/bring_up/share/bring_up/package.zsh'
[1.058s] Level 1:colcon.colcon_core.environment:create_file_with_runtime_dependencies(/home/nikolai/Documents/ROS/catching_turtles_ros2/ws/install/bring_up/share/colcon-core/packages/bring_up)
[1.069s] Level 1:colcon.colcon_core.environment:create_environment_scripts_only(bring_up)
[1.070s] Level 1:colcon.colcon_core.environment:checking '/home/nikolai/Documents/ROS/catching_turtles_ros2/ws/install/bring_up' for CMake module files
[1.070s] Level 1:colcon.colcon_core.environment:checking '/home/nikolai/Documents/ROS/catching_turtles_ros2/ws/install/bring_up' for CMake config files
[1.070s] Level 1:colcon.colcon_core.shell:create_environment_hook('bring_up', 'cmake_prefix_path')
[1.071s] INFO:colcon.colcon_core.shell:Creating environment hook '/home/nikolai/Documents/ROS/catching_turtles_ros2/ws/install/bring_up/share/bring_up/hook/cmake_prefix_path.ps1'
[1.071s] INFO:colcon.colcon_core.shell:Creating environment descriptor '/home/nikolai/Documents/ROS/catching_turtles_ros2/ws/install/bring_up/share/bring_up/hook/cmake_prefix_path.dsv'
[1.071s] INFO:colcon.colcon_core.shell:Creating environment hook '/home/nikolai/Documents/ROS/catching_turtles_ros2/ws/install/bring_up/share/bring_up/hook/cmake_prefix_path.sh'
[1.072s] Level 1:colcon.colcon_core.environment:checking '/home/nikolai/Documents/ROS/catching_turtles_ros2/ws/install/bring_up/bin'
[1.072s] Level 1:colcon.colcon_core.environment:checking '/home/nikolai/Documents/ROS/catching_turtles_ros2/ws/install/bring_up/lib/pkgconfig/bring_up.pc'
[1.072s] Level 1:colcon.colcon_core.environment:checking '/home/nikolai/Documents/ROS/catching_turtles_ros2/ws/install/bring_up/lib/python3.10/site-packages'
[1.072s] Level 1:colcon.colcon_core.environment:checking '/home/nikolai/Documents/ROS/catching_turtles_ros2/ws/install/bring_up/bin'
[1.073s] INFO:colcon.colcon_core.shell:Creating package script '/home/nikolai/Documents/ROS/catching_turtles_ros2/ws/install/bring_up/share/bring_up/package.ps1'
[1.073s] INFO:colcon.colcon_core.shell:Creating package descriptor '/home/nikolai/Documents/ROS/catching_turtles_ros2/ws/install/bring_up/share/bring_up/package.dsv'
[1.073s] INFO:colcon.colcon_core.shell:Creating package script '/home/nikolai/Documents/ROS/catching_turtles_ros2/ws/install/bring_up/share/bring_up/package.sh'
[1.073s] INFO:colcon.colcon_core.shell:Creating package script '/home/nikolai/Documents/ROS/catching_turtles_ros2/ws/install/bring_up/share/bring_up/package.bash'
[1.074s] INFO:colcon.colcon_core.shell:Creating package script '/home/nikolai/Documents/ROS/catching_turtles_ros2/ws/install/bring_up/share/bring_up/package.zsh'
[1.074s] Level 1:colcon.colcon_core.environment:create_file_with_runtime_dependencies(/home/nikolai/Documents/ROS/catching_turtles_ros2/ws/install/bring_up/share/colcon-core/packages/bring_up)
[7.088s] DEBUG:colcon.colcon_core.event_handler.log_command:Invoked command in '/home/nikolai/Documents/ROS/catching_turtles_ros2/ws/build/cpp_pkg' returned '0': CMAKE_PREFIX_PATH=/home/nikolai/Documents/ROS/catching_turtles_ros2/ws/install/interfaces:/home/nikolai/Documents/ROS/catching_turtles_ros2/ws/install/bring_up:/home/nikolai/Documents/ROS/catching_turtles_ros2/ws/install/cpp_pkg:/home/nikolai/Documents/ROS/catching_turtles_ros2/ws/install/python_pkg:/opt/ros/humble /usr/bin/cmake --build /home/nikolai/Documents/ROS/catching_turtles_ros2/ws/build/cpp_pkg -- -j20 -l20
[7.100s] DEBUG:colcon.colcon_core.event_handler.log_command:Invoking command in '/home/nikolai/Documents/ROS/catching_turtles_ros2/ws/build/cpp_pkg': CMAKE_PREFIX_PATH=/home/nikolai/Documents/ROS/catching_turtles_ros2/ws/install/interfaces:/home/nikolai/Documents/ROS/catching_turtles_ros2/ws/install/bring_up:/home/nikolai/Documents/ROS/catching_turtles_ros2/ws/install/cpp_pkg:/home/nikolai/Documents/ROS/catching_turtles_ros2/ws/install/python_pkg:/opt/ros/humble /usr/bin/cmake --install /home/nikolai/Documents/ROS/catching_turtles_ros2/ws/build/cpp_pkg
[7.109s] Level 1:colcon.colcon_core.environment:create_environment_scripts_only(cpp_pkg)
[7.110s] Level 1:colcon.colcon_core.environment:checking '/home/nikolai/Documents/ROS/catching_turtles_ros2/ws/install/cpp_pkg' for CMake module files
[7.110s] DEBUG:colcon.colcon_core.event_handler.log_command:Invoked command in '/home/nikolai/Documents/ROS/catching_turtles_ros2/ws/build/cpp_pkg' returned '0': CMAKE_PREFIX_PATH=/home/nikolai/Documents/ROS/catching_turtles_ros2/ws/install/interfaces:/home/nikolai/Documents/ROS/catching_turtles_ros2/ws/install/bring_up:/home/nikolai/Documents/ROS/catching_turtles_ros2/ws/install/cpp_pkg:/home/nikolai/Documents/ROS/catching_turtles_ros2/ws/install/python_pkg:/opt/ros/humble /usr/bin/cmake --install /home/nikolai/Documents/ROS/catching_turtles_ros2/ws/build/cpp_pkg
[7.110s] Level 1:colcon.colcon_core.environment:checking '/home/nikolai/Documents/ROS/catching_turtles_ros2/ws/install/cpp_pkg' for CMake config files
[7.110s] Level 1:colcon.colcon_core.shell:create_environment_hook('cpp_pkg', 'cmake_prefix_path')
[7.111s] INFO:colcon.colcon_core.shell:Creating environment hook '/home/nikolai/Documents/ROS/catching_turtles_ros2/ws/install/cpp_pkg/share/cpp_pkg/hook/cmake_prefix_path.ps1'
[7.111s] INFO:colcon.colcon_core.shell:Creating environment descriptor '/home/nikolai/Documents/ROS/catching_turtles_ros2/ws/install/cpp_pkg/share/cpp_pkg/hook/cmake_prefix_path.dsv'
[7.111s] INFO:colcon.colcon_core.shell:Creating environment hook '/home/nikolai/Documents/ROS/catching_turtles_ros2/ws/install/cpp_pkg/share/cpp_pkg/hook/cmake_prefix_path.sh'
[7.112s] Level 1:colcon.colcon_core.environment:checking '/home/nikolai/Documents/ROS/catching_turtles_ros2/ws/install/cpp_pkg/lib'
[7.112s] Level 1:colcon.colcon_core.environment:checking '/home/nikolai/Documents/ROS/catching_turtles_ros2/ws/install/cpp_pkg/bin'
[7.112s] Level 1:colcon.colcon_core.environment:checking '/home/nikolai/Documents/ROS/catching_turtles_ros2/ws/install/cpp_pkg/lib/pkgconfig/cpp_pkg.pc'
[7.112s] Level 1:colcon.colcon_core.environment:checking '/home/nikolai/Documents/ROS/catching_turtles_ros2/ws/install/cpp_pkg/lib/python3.10/site-packages'
[7.112s] Level 1:colcon.colcon_core.environment:checking '/home/nikolai/Documents/ROS/catching_turtles_ros2/ws/install/cpp_pkg/bin'
[7.113s] INFO:colcon.colcon_core.shell:Creating package script '/home/nikolai/Documents/ROS/catching_turtles_ros2/ws/install/cpp_pkg/share/cpp_pkg/package.ps1'
[7.113s] INFO:colcon.colcon_core.shell:Creating package descriptor '/home/nikolai/Documents/ROS/catching_turtles_ros2/ws/install/cpp_pkg/share/cpp_pkg/package.dsv'
[7.113s] INFO:colcon.colcon_core.shell:Creating package script '/home/nikolai/Documents/ROS/catching_turtles_ros2/ws/install/cpp_pkg/share/cpp_pkg/package.sh'
[7.113s] INFO:colcon.colcon_core.shell:Creating package script '/home/nikolai/Documents/ROS/catching_turtles_ros2/ws/install/cpp_pkg/share/cpp_pkg/package.bash'
[7.113s] INFO:colcon.colcon_core.shell:Creating package script '/home/nikolai/Documents/ROS/catching_turtles_ros2/ws/install/cpp_pkg/share/cpp_pkg/package.zsh'
[7.113s] Level 1:colcon.colcon_core.environment:create_file_with_runtime_dependencies(/home/nikolai/Documents/ROS/catching_turtles_ros2/ws/install/cpp_pkg/share/colcon-core/packages/cpp_pkg)
[7.127s] Level 1:colcon.colcon_core.environment:create_environment_scripts_only(cpp_pkg)
[7.128s] Level 1:colcon.colcon_core.environment:checking '/home/nikolai/Documents/ROS/catching_turtles_ros2/ws/install/cpp_pkg' for CMake module files
[7.129s] Level 1:colcon.colcon_core.environment:checking '/home/nikolai/Documents/ROS/catching_turtles_ros2/ws/install/cpp_pkg' for CMake config files
[7.129s] Level 1:colcon.colcon_core.shell:create_environment_hook('cpp_pkg', 'cmake_prefix_path')
[7.129s] INFO:colcon.colcon_core.shell:Creating environment hook '/home/nikolai/Documents/ROS/catching_turtles_ros2/ws/install/cpp_pkg/share/cpp_pkg/hook/cmake_prefix_path.ps1'
[7.130s] INFO:colcon.colcon_core.shell:Creating environment descriptor '/home/nikolai/Documents/ROS/catching_turtles_ros2/ws/install/cpp_pkg/share/cpp_pkg/hook/cmake_prefix_path.dsv'
[7.130s] INFO:colcon.colcon_core.shell:Creating environment hook '/home/nikolai/Documents/ROS/catching_turtles_ros2/ws/install/cpp_pkg/share/cpp_pkg/hook/cmake_prefix_path.sh'
[7.130s] Level 1:colcon.colcon_core.environment:checking '/home/nikolai/Documents/ROS/catching_turtles_ros2/ws/install/cpp_pkg/lib'
[7.130s] Level 1:colcon.colcon_core.environment:checking '/home/nikolai/Documents/ROS/catching_turtles_ros2/ws/install/cpp_pkg/bin'
[7.130s] Level 1:colcon.colcon_core.environment:checking '/home/nikolai/Documents/ROS/catching_turtles_ros2/ws/install/cpp_pkg/lib/pkgconfig/cpp_pkg.pc'
[7.130s] Level 1:colcon.colcon_core.environment:checking '/home/nikolai/Documents/ROS/catching_turtles_ros2/ws/install/cpp_pkg/lib/python3.10/site-packages'
[7.131s] Level 1:colcon.colcon_core.environment:checking '/home/nikolai/Documents/ROS/catching_turtles_ros2/ws/install/cpp_pkg/bin'
[7.131s] INFO:colcon.colcon_core.shell:Creating package script '/home/nikolai/Documents/ROS/catching_turtles_ros2/ws/install/cpp_pkg/share/cpp_pkg/package.ps1'
[7.132s] INFO:colcon.colcon_core.shell:Creating package descriptor '/home/nikolai/Documents/ROS/catching_turtles_ros2/ws/install/cpp_pkg/share/cpp_pkg/package.dsv'
[7.132s] INFO:colcon.colcon_core.shell:Creating package script '/home/nikolai/Documents/ROS/catching_turtles_ros2/ws/install/cpp_pkg/share/cpp_pkg/package.sh'
[7.132s] INFO:colcon.colcon_core.shell:Creating package script '/home/nikolai/Documents/ROS/catching_turtles_ros2/ws/install/cpp_pkg/share/cpp_pkg/package.bash'
[7.132s] INFO:colcon.colcon_core.shell:Creating package script '/home/nikolai/Documents/ROS/catching_turtles_ros2/ws/install/cpp_pkg/share/cpp_pkg/package.zsh'
[7.132s] Level 1:colcon.colcon_core.environment:create_file_with_runtime_dependencies(/home/nikolai/Documents/ROS/catching_turtles_ros2/ws/install/cpp_pkg/share/colcon-core/packages/cpp_pkg)
[7.133s] DEBUG:colcon.colcon_parallel_executor.executor.parallel:closing loop
[7.133s] DEBUG:colcon.colcon_parallel_executor.executor.parallel:loop closed
[7.133s] DEBUG:colcon.colcon_parallel_executor.executor.parallel:run_until_complete finished with '0'
[7.133s] DEBUG:colcon.colcon_core.event_reactor:joining thread
[7.137s] INFO:colcon.colcon_core.plugin_system:Skipping extension 'colcon_notification.desktop_notification.terminal_notifier': Not used on non-Darwin systems
[7.137s] INFO:colcon.colcon_core.plugin_system:Skipping extension 'colcon_notification.desktop_notification.win32': Not used on non-Windows systems
[7.137s] INFO:colcon.colcon_notification.desktop_notification:Sending desktop notification using 'notify2'
[7.151s] DEBUG:colcon.colcon_core.event_reactor:joined thread
[7.152s] INFO:colcon.colcon_core.shell:Creating prefix script '/home/nikolai/Documents/ROS/catching_turtles_ros2/ws/install/local_setup.ps1'
[7.153s] INFO:colcon.colcon_core.shell:Creating prefix util module '/home/nikolai/Documents/ROS/catching_turtles_ros2/ws/install/_local_setup_util_ps1.py'
[7.155s] INFO:colcon.colcon_core.shell:Creating prefix chain script '/home/nikolai/Documents/ROS/catching_turtles_ros2/ws/install/setup.ps1'
[7.156s] INFO:colcon.colcon_core.shell:Creating prefix script '/home/nikolai/Documents/ROS/catching_turtles_ros2/ws/install/local_setup.sh'
[7.156s] INFO:colcon.colcon_core.shell:Creating prefix util module '/home/nikolai/Documents/ROS/catching_turtles_ros2/ws/install/_local_setup_util_sh.py'
[7.156s] INFO:colcon.colcon_core.shell:Creating prefix chain script '/home/nikolai/Documents/ROS/catching_turtles_ros2/ws/install/setup.sh'
[7.157s] INFO:colcon.colcon_core.shell:Creating prefix script '/home/nikolai/Documents/ROS/catching_turtles_ros2/ws/install/local_setup.bash'
[7.158s] INFO:colcon.colcon_core.shell:Creating prefix chain script '/home/nikolai/Documents/ROS/catching_turtles_ros2/ws/install/setup.bash'
[7.158s] INFO:colcon.colcon_core.shell:Creating prefix script '/home/nikolai/Documents/ROS/catching_turtles_ros2/ws/install/local_setup.zsh'
[7.158s] INFO:colcon.colcon_core.shell:Creating prefix chain script '/home/nikolai/Documents/ROS/catching_turtles_ros2/ws/install/setup.zsh'
