[0.007s] Invoking command in '/home/nikolai/Documents/ROS/catching_turtles_ros2/ws/build/interfaces': CMAKE_PREFIX_PATH=${CMAKE_PREFIX_PATH}:/home/nikolai/Documents/ROS/catching_turtles_ros2/ws/install/python_pkg:/opt/ros/humble /usr/bin/cmake --build /home/nikolai/Documents/ROS/catching_turtles_ros2/ws/build/interfaces -- -j20 -l20
[0.020s] -- Found ament_cmake: 1.3.3 (/opt/ros/humble/share/ament_cmake/cmake)
[0.099s] -- Found rosidl_default_generators: 1.2.0 (/opt/ros/humble/share/rosidl_default_generators/cmake)
[0.100s] -- Using all available rosidl_typesupport_c: rosidl_typesupport_fastrtps_c;rosidl_typesupport_introspection_c
[0.101s] -- Found rosidl_adapter: 3.1.4 (/opt/ros/humble/share/rosidl_adapter/cmake)
[0.118s] -- Using all available rosidl_typesupport_cpp: rosidl_typesupport_fastrtps_cpp;rosidl_typesupport_introspection_cpp
[0.266s] -- Found ament_cmake_ros: 0.10.0 (/opt/ros/humble/share/ament_cmake_ros/cmake)
[0.365s] -- Using all available rosidl_typesupport_c: rosidl_typesupport_fastrtps_c;rosidl_typesupport_introspection_c
[0.493s] -- Using all available rosidl_typesupport_cpp: rosidl_typesupport_fastrtps_cpp;rosidl_typesupport_introspection_cpp
[0.505s] -- Found python_cmake_module: 0.10.0 (/opt/ros/humble/share/python_cmake_module/cmake)
[0.518s] -- Using PYTHON_EXECUTABLE: /usr/bin/python3
[0.518s] -- Using PYTHON_INCLUDE_DIRS: /usr/include/python3.10
[0.518s] -- Using PYTHON_LIBRARIES: /usr/lib/x86_64-linux-gnu/libpython3.10.so
[0.524s] -- Found ament_lint_auto: 0.12.5 (/opt/ros/humble/share/ament_lint_auto/cmake)
[0.528s] -- Added test 'lint_cmake' to check CMake code style
[0.528s] -- Added test 'xmllint' to check XML markup files
[0.529s] -- Configuring done
[0.546s] -- Generating done
[0.547s] -- Build files have been written to: /home/nikolai/Documents/ROS/catching_turtles_ros2/ws/build/interfaces
[0.560s] [35m[1mConsolidate compiler generated dependencies of target interfaces__rosidl_generator_c[0m
[0.565s] [  2%] Built target interfaces__cpp
[0.566s] [ 12%] Built target interfaces__rosidl_generator_c
[0.570s] [ 12%] Built target ament_cmake_python_copy_interfaces
[0.572s] [35m[1mConsolidate compiler generated dependencies of target interfaces__rosidl_typesupport_fastrtps_cpp[0m
[0.572s] [35m[1mConsolidate compiler generated dependencies of target interfaces__rosidl_typesupport_introspection_c[0m
[0.572s] [35m[1mConsolidate compiler generated dependencies of target interfaces__rosidl_typesupport_fastrtps_c[0m
[0.572s] [35m[1mConsolidate compiler generated dependencies of target interfaces__rosidl_typesupport_c[0m
[0.573s] [35m[1mConsolidate compiler generated dependencies of target interfaces__rosidl_typesupport_introspection_cpp[0m
[0.573s] [35m[1mConsolidate compiler generated dependencies of target interfaces__rosidl_typesupport_cpp[0m
[0.578s] [ 23%] Built target interfaces__rosidl_typesupport_c
[0.579s] [ 34%] Built target interfaces__rosidl_typesupport_introspection_c
[0.580s] [ 44%] Built target interfaces__rosidl_typesupport_fastrtps_cpp
[0.581s] [ 55%] Built target interfaces__rosidl_typesupport_introspection_cpp
[0.582s] [ 65%] Built target interfaces__rosidl_typesupport_fastrtps_c
[0.583s] [ 76%] Built target interfaces__rosidl_typesupport_cpp
[0.593s] [ 76%] Built target interfaces
[0.603s] [ 78%] Built target interfaces__py
[0.608s] [35m[1mConsolidate compiler generated dependencies of target interfaces__rosidl_generator_py[0m
[0.615s] [ 87%] Built target interfaces__rosidl_generator_py
[0.621s] [35m[1mConsolidate compiler generated dependencies of target interfaces__rosidl_typesupport_fastrtps_c__pyext[0m
[0.621s] [35m[1mConsolidate compiler generated dependencies of target interfaces__rosidl_typesupport_introspection_c__pyext[0m
[0.621s] [35m[1mConsolidate compiler generated dependencies of target interfaces__rosidl_typesupport_c__pyext[0m
[0.628s] [ 97%] Built target interfaces__rosidl_typesupport_introspection_c__pyext
[0.628s] [ 97%] Built target interfaces__rosidl_typesupport_c__pyext
[0.628s] [100%] Built target interfaces__rosidl_typesupport_fastrtps_c__pyext
[0.699s] running egg_info
[0.699s] writing interfaces.egg-info/PKG-INFO
[0.699s] writing dependency_links to interfaces.egg-info/dependency_links.txt
[0.699s] writing top-level names to interfaces.egg-info/top_level.txt
[0.700s] reading manifest file 'interfaces.egg-info/SOURCES.txt'
[0.701s] writing manifest file 'interfaces.egg-info/SOURCES.txt'
[0.715s] [100%] Built target ament_cmake_python_build_interfaces_egg
[0.721s] Invoked command in '/home/nikolai/Documents/ROS/catching_turtles_ros2/ws/build/interfaces' returned '0': CMAKE_PREFIX_PATH=${CMAKE_PREFIX_PATH}:/home/nikolai/Documents/ROS/catching_turtles_ros2/ws/install/python_pkg:/opt/ros/humble /usr/bin/cmake --build /home/nikolai/Documents/ROS/catching_turtles_ros2/ws/build/interfaces -- -j20 -l20
[0.766s] Invoking command in '/home/nikolai/Documents/ROS/catching_turtles_ros2/ws/build/interfaces': CMAKE_PREFIX_PATH=${CMAKE_PREFIX_PATH}:/home/nikolai/Documents/ROS/catching_turtles_ros2/ws/install/python_pkg:/opt/ros/humble /usr/bin/cmake --install /home/nikolai/Documents/ROS/catching_turtles_ros2/ws/build/interfaces
[0.771s] -- Install configuration: ""
[0.771s] -- Up-to-date: /home/nikolai/Documents/ROS/catching_turtles_ros2/ws/install/interfaces/share/ament_index/resource_index/rosidl_interfaces/interfaces
[0.771s] -- Up-to-date: /home/nikolai/Documents/ROS/catching_turtles_ros2/ws/install/interfaces/include/interfaces/interfaces
[0.771s] -- Up-to-date: /home/nikolai/Documents/ROS/catching_turtles_ros2/ws/install/interfaces/include/interfaces/interfaces/srv
[0.771s] -- Up-to-date: /home/nikolai/Documents/ROS/catching_turtles_ros2/ws/install/interfaces/include/interfaces/interfaces/srv/detail
[0.771s] -- Up-to-date: /home/nikolai/Documents/ROS/catching_turtles_ros2/ws/install/interfaces/include/interfaces/interfaces/srv/detail/kill_turtle__struct.h
[0.771s] -- Up-to-date: /home/nikolai/Documents/ROS/catching_turtles_ros2/ws/install/interfaces/include/interfaces/interfaces/srv/detail/kill_turtle__type_support.h
[0.771s] -- Up-to-date: /home/nikolai/Documents/ROS/catching_turtles_ros2/ws/install/interfaces/include/interfaces/interfaces/srv/detail/kill_turtle__functions.h
[0.772s] -- Up-to-date: /home/nikolai/Documents/ROS/catching_turtles_ros2/ws/install/interfaces/include/interfaces/interfaces/srv/detail/kill_turtle__functions.c
[0.772s] -- Up-to-date: /home/nikolai/Documents/ROS/catching_turtles_ros2/ws/install/interfaces/include/interfaces/interfaces/srv/kill_turtle.h
[0.772s] -- Up-to-date: /home/nikolai/Documents/ROS/catching_turtles_ros2/ws/install/interfaces/include/interfaces/interfaces/msg
[0.772s] -- Up-to-date: /home/nikolai/Documents/ROS/catching_turtles_ros2/ws/install/interfaces/include/interfaces/interfaces/msg/detail
[0.772s] -- Up-to-date: /home/nikolai/Documents/ROS/catching_turtles_ros2/ws/install/interfaces/include/interfaces/interfaces/msg/detail/turtle__functions.c
[0.772s] -- Up-to-date: /home/nikolai/Documents/ROS/catching_turtles_ros2/ws/install/interfaces/include/interfaces/interfaces/msg/detail/turtle__struct.h
[0.772s] -- Up-to-date: /home/nikolai/Documents/ROS/catching_turtles_ros2/ws/install/interfaces/include/interfaces/interfaces/msg/detail/turtle__type_support.h
[0.772s] -- Up-to-date: /home/nikolai/Documents/ROS/catching_turtles_ros2/ws/install/interfaces/include/interfaces/interfaces/msg/detail/turtle_array__type_support.h
[0.772s] -- Up-to-date: /home/nikolai/Documents/ROS/catching_turtles_ros2/ws/install/interfaces/include/interfaces/interfaces/msg/detail/turtle_array__functions.h
[0.773s] -- Up-to-date: /home/nikolai/Documents/ROS/catching_turtles_ros2/ws/install/interfaces/include/interfaces/interfaces/msg/detail/turtle_array__struct.h
[0.773s] -- Up-to-date: /home/nikolai/Documents/ROS/catching_turtles_ros2/ws/install/interfaces/include/interfaces/interfaces/msg/detail/turtle__functions.h
[0.773s] -- Up-to-date: /home/nikolai/Documents/ROS/catching_turtles_ros2/ws/install/interfaces/include/interfaces/interfaces/msg/detail/turtle_array__functions.c
[0.773s] -- Up-to-date: /home/nikolai/Documents/ROS/catching_turtles_ros2/ws/install/interfaces/include/interfaces/interfaces/msg/rosidl_generator_c__visibility_control.h
[0.773s] -- Up-to-date: /home/nikolai/Documents/ROS/catching_turtles_ros2/ws/install/interfaces/include/interfaces/interfaces/msg/turtle_array.h
[0.773s] -- Up-to-date: /home/nikolai/Documents/ROS/catching_turtles_ros2/ws/install/interfaces/include/interfaces/interfaces/msg/turtle.h
[0.773s] -- Up-to-date: /home/nikolai/Documents/ROS/catching_turtles_ros2/ws/install/interfaces/share/interfaces/environment/library_path.sh
[0.773s] -- Installing: /home/nikolai/Documents/ROS/catching_turtles_ros2/ws/install/interfaces/share/interfaces/environment/library_path.dsv
[0.773s] -- Up-to-date: /home/nikolai/Documents/ROS/catching_turtles_ros2/ws/install/interfaces/lib/libinterfaces__rosidl_generator_c.so
[0.773s] -- Up-to-date: /home/nikolai/Documents/ROS/catching_turtles_ros2/ws/install/interfaces/include/interfaces/interfaces
[0.773s] -- Up-to-date: /home/nikolai/Documents/ROS/catching_turtles_ros2/ws/install/interfaces/include/interfaces/interfaces/srv
[0.773s] -- Up-to-date: /home/nikolai/Documents/ROS/catching_turtles_ros2/ws/install/interfaces/include/interfaces/interfaces/srv/detail
[0.773s] -- Up-to-date: /home/nikolai/Documents/ROS/catching_turtles_ros2/ws/install/interfaces/include/interfaces/interfaces/srv/detail/kill_turtle__rosidl_typesupport_fastrtps_c.h
[0.773s] -- Up-to-date: /home/nikolai/Documents/ROS/catching_turtles_ros2/ws/install/interfaces/include/interfaces/interfaces/msg
[0.773s] -- Up-to-date: /home/nikolai/Documents/ROS/catching_turtles_ros2/ws/install/interfaces/include/interfaces/interfaces/msg/detail
[0.774s] -- Up-to-date: /home/nikolai/Documents/ROS/catching_turtles_ros2/ws/install/interfaces/include/interfaces/interfaces/msg/detail/turtle__rosidl_typesupport_fastrtps_c.h
[0.774s] -- Up-to-date: /home/nikolai/Documents/ROS/catching_turtles_ros2/ws/install/interfaces/include/interfaces/interfaces/msg/detail/turtle_array__rosidl_typesupport_fastrtps_c.h
[0.774s] -- Up-to-date: /home/nikolai/Documents/ROS/catching_turtles_ros2/ws/install/interfaces/include/interfaces/interfaces/msg/rosidl_typesupport_fastrtps_c__visibility_control.h
[0.774s] -- Up-to-date: /home/nikolai/Documents/ROS/catching_turtles_ros2/ws/install/interfaces/lib/libinterfaces__rosidl_typesupport_fastrtps_c.so
[0.774s] -- Up-to-date: /home/nikolai/Documents/ROS/catching_turtles_ros2/ws/install/interfaces/include/interfaces/interfaces
[0.774s] -- Up-to-date: /home/nikolai/Documents/ROS/catching_turtles_ros2/ws/install/interfaces/include/interfaces/interfaces/srv
[0.774s] -- Up-to-date: /home/nikolai/Documents/ROS/catching_turtles_ros2/ws/install/interfaces/include/interfaces/interfaces/srv/detail
[0.774s] -- Up-to-date: /home/nikolai/Documents/ROS/catching_turtles_ros2/ws/install/interfaces/include/interfaces/interfaces/srv/detail/kill_turtle__type_support.c
[0.774s] -- Up-to-date: /home/nikolai/Documents/ROS/catching_turtles_ros2/ws/install/interfaces/include/interfaces/interfaces/srv/detail/kill_turtle__rosidl_typesupport_introspection_c.h
[0.774s] -- Up-to-date: /home/nikolai/Documents/ROS/catching_turtles_ros2/ws/install/interfaces/include/interfaces/interfaces/msg
[0.774s] -- Up-to-date: /home/nikolai/Documents/ROS/catching_turtles_ros2/ws/install/interfaces/include/interfaces/interfaces/msg/detail
[0.774s] -- Up-to-date: /home/nikolai/Documents/ROS/catching_turtles_ros2/ws/install/interfaces/include/interfaces/interfaces/msg/detail/turtle_array__type_support.c
[0.774s] -- Up-to-date: /home/nikolai/Documents/ROS/catching_turtles_ros2/ws/install/interfaces/include/interfaces/interfaces/msg/detail/turtle_array__rosidl_typesupport_introspection_c.h
[0.774s] -- Up-to-date: /home/nikolai/Documents/ROS/catching_turtles_ros2/ws/install/interfaces/include/interfaces/interfaces/msg/detail/turtle__type_support.c
[0.774s] -- Up-to-date: /home/nikolai/Documents/ROS/catching_turtles_ros2/ws/install/interfaces/include/interfaces/interfaces/msg/detail/turtle__rosidl_typesupport_introspection_c.h
[0.774s] -- Up-to-date: /home/nikolai/Documents/ROS/catching_turtles_ros2/ws/install/interfaces/include/interfaces/interfaces/msg/rosidl_typesupport_introspection_c__visibility_control.h
[0.774s] -- Up-to-date: /home/nikolai/Documents/ROS/catching_turtles_ros2/ws/install/interfaces/lib/libinterfaces__rosidl_typesupport_introspection_c.so
[0.774s] -- Up-to-date: /home/nikolai/Documents/ROS/catching_turtles_ros2/ws/install/interfaces/lib/libinterfaces__rosidl_typesupport_c.so
[0.775s] -- Up-to-date: /home/nikolai/Documents/ROS/catching_turtles_ros2/ws/install/interfaces/include/interfaces/interfaces
[0.775s] -- Up-to-date: /home/nikolai/Documents/ROS/catching_turtles_ros2/ws/install/interfaces/include/interfaces/interfaces/srv
[0.775s] -- Up-to-date: /home/nikolai/Documents/ROS/catching_turtles_ros2/ws/install/interfaces/include/interfaces/interfaces/srv/detail
[0.775s] -- Up-to-date: /home/nikolai/Documents/ROS/catching_turtles_ros2/ws/install/interfaces/include/interfaces/interfaces/srv/detail/kill_turtle__builder.hpp
[0.775s] -- Up-to-date: /home/nikolai/Documents/ROS/catching_turtles_ros2/ws/install/interfaces/include/interfaces/interfaces/srv/detail/kill_turtle__struct.hpp
[0.775s] -- Up-to-date: /home/nikolai/Documents/ROS/catching_turtles_ros2/ws/install/interfaces/include/interfaces/interfaces/srv/detail/kill_turtle__traits.hpp
[0.775s] -- Up-to-date: /home/nikolai/Documents/ROS/catching_turtles_ros2/ws/install/interfaces/include/interfaces/interfaces/srv/kill_turtle.hpp
[0.775s] -- Up-to-date: /home/nikolai/Documents/ROS/catching_turtles_ros2/ws/install/interfaces/include/interfaces/interfaces/msg
[0.775s] -- Up-to-date: /home/nikolai/Documents/ROS/catching_turtles_ros2/ws/install/interfaces/include/interfaces/interfaces/msg/detail
[0.775s] -- Up-to-date: /home/nikolai/Documents/ROS/catching_turtles_ros2/ws/install/interfaces/include/interfaces/interfaces/msg/detail/turtle__struct.hpp
[0.775s] -- Up-to-date: /home/nikolai/Documents/ROS/catching_turtles_ros2/ws/install/interfaces/include/interfaces/interfaces/msg/detail/turtle_array__struct.hpp
[0.775s] -- Up-to-date: /home/nikolai/Documents/ROS/catching_turtles_ros2/ws/install/interfaces/include/interfaces/interfaces/msg/detail/turtle__builder.hpp
[0.775s] -- Up-to-date: /home/nikolai/Documents/ROS/catching_turtles_ros2/ws/install/interfaces/include/interfaces/interfaces/msg/detail/turtle__traits.hpp
[0.775s] -- Up-to-date: /home/nikolai/Documents/ROS/catching_turtles_ros2/ws/install/interfaces/include/interfaces/interfaces/msg/detail/turtle_array__traits.hpp
[0.775s] -- Up-to-date: /home/nikolai/Documents/ROS/catching_turtles_ros2/ws/install/interfaces/include/interfaces/interfaces/msg/detail/turtle_array__builder.hpp
[0.775s] -- Up-to-date: /home/nikolai/Documents/ROS/catching_turtles_ros2/ws/install/interfaces/include/interfaces/interfaces/msg/turtle_array.hpp
[0.775s] -- Up-to-date: /home/nikolai/Documents/ROS/catching_turtles_ros2/ws/install/interfaces/include/interfaces/interfaces/msg/turtle.hpp
[0.775s] -- Up-to-date: /home/nikolai/Documents/ROS/catching_turtles_ros2/ws/install/interfaces/include/interfaces/interfaces
[0.776s] -- Up-to-date: /home/nikolai/Documents/ROS/catching_turtles_ros2/ws/install/interfaces/include/interfaces/interfaces/srv
[0.776s] -- Up-to-date: /home/nikolai/Documents/ROS/catching_turtles_ros2/ws/install/interfaces/include/interfaces/interfaces/srv/detail
[0.776s] -- Up-to-date: /home/nikolai/Documents/ROS/catching_turtles_ros2/ws/install/interfaces/include/interfaces/interfaces/srv/detail/dds_fastrtps
[0.776s] -- Up-to-date: /home/nikolai/Documents/ROS/catching_turtles_ros2/ws/install/interfaces/include/interfaces/interfaces/srv/detail/kill_turtle__rosidl_typesupport_fastrtps_cpp.hpp
[0.776s] -- Up-to-date: /home/nikolai/Documents/ROS/catching_turtles_ros2/ws/install/interfaces/include/interfaces/interfaces/msg
[0.776s] -- Up-to-date: /home/nikolai/Documents/ROS/catching_turtles_ros2/ws/install/interfaces/include/interfaces/interfaces/msg/detail
[0.776s] -- Up-to-date: /home/nikolai/Documents/ROS/catching_turtles_ros2/ws/install/interfaces/include/interfaces/interfaces/msg/detail/turtle_array__rosidl_typesupport_fastrtps_cpp.hpp
[0.776s] -- Up-to-date: /home/nikolai/Documents/ROS/catching_turtles_ros2/ws/install/interfaces/include/interfaces/interfaces/msg/detail/dds_fastrtps
[0.776s] -- Up-to-date: /home/nikolai/Documents/ROS/catching_turtles_ros2/ws/install/interfaces/include/interfaces/interfaces/msg/detail/turtle__rosidl_typesupport_fastrtps_cpp.hpp
[0.776s] -- Up-to-date: /home/nikolai/Documents/ROS/catching_turtles_ros2/ws/install/interfaces/include/interfaces/interfaces/msg/rosidl_typesupport_fastrtps_cpp__visibility_control.h
[0.776s] -- Up-to-date: /home/nikolai/Documents/ROS/catching_turtles_ros2/ws/install/interfaces/lib/libinterfaces__rosidl_typesupport_fastrtps_cpp.so
[0.776s] -- Up-to-date: /home/nikolai/Documents/ROS/catching_turtles_ros2/ws/install/interfaces/include/interfaces/interfaces
[0.776s] -- Up-to-date: /home/nikolai/Documents/ROS/catching_turtles_ros2/ws/install/interfaces/include/interfaces/interfaces/srv
[0.776s] -- Up-to-date: /home/nikolai/Documents/ROS/catching_turtles_ros2/ws/install/interfaces/include/interfaces/interfaces/srv/detail
[0.776s] -- Up-to-date: /home/nikolai/Documents/ROS/catching_turtles_ros2/ws/install/interfaces/include/interfaces/interfaces/srv/detail/kill_turtle__rosidl_typesupport_introspection_cpp.hpp
[0.776s] -- Up-to-date: /home/nikolai/Documents/ROS/catching_turtles_ros2/ws/install/interfaces/include/interfaces/interfaces/srv/detail/kill_turtle__type_support.cpp
[0.776s] -- Up-to-date: /home/nikolai/Documents/ROS/catching_turtles_ros2/ws/install/interfaces/include/interfaces/interfaces/msg
[0.776s] -- Up-to-date: /home/nikolai/Documents/ROS/catching_turtles_ros2/ws/install/interfaces/include/interfaces/interfaces/msg/detail
[0.777s] -- Up-to-date: /home/nikolai/Documents/ROS/catching_turtles_ros2/ws/install/interfaces/include/interfaces/interfaces/msg/detail/turtle__rosidl_typesupport_introspection_cpp.hpp
[0.777s] -- Up-to-date: /home/nikolai/Documents/ROS/catching_turtles_ros2/ws/install/interfaces/include/interfaces/interfaces/msg/detail/turtle__type_support.cpp
[0.777s] -- Up-to-date: /home/nikolai/Documents/ROS/catching_turtles_ros2/ws/install/interfaces/include/interfaces/interfaces/msg/detail/turtle_array__rosidl_typesupport_introspection_cpp.hpp
[0.777s] -- Up-to-date: /home/nikolai/Documents/ROS/catching_turtles_ros2/ws/install/interfaces/include/interfaces/interfaces/msg/detail/turtle_array__type_support.cpp
[0.777s] -- Up-to-date: /home/nikolai/Documents/ROS/catching_turtles_ros2/ws/install/interfaces/lib/libinterfaces__rosidl_typesupport_introspection_cpp.so
[0.777s] -- Up-to-date: /home/nikolai/Documents/ROS/catching_turtles_ros2/ws/install/interfaces/lib/libinterfaces__rosidl_typesupport_cpp.so
[0.777s] -- Up-to-date: /home/nikolai/Documents/ROS/catching_turtles_ros2/ws/install/interfaces/share/interfaces/environment/pythonpath.sh
[0.777s] -- Installing: /home/nikolai/Documents/ROS/catching_turtles_ros2/ws/install/interfaces/share/interfaces/environment/pythonpath.dsv
[0.777s] -- Up-to-date: /home/nikolai/Documents/ROS/catching_turtles_ros2/ws/install/interfaces/local/lib/python3.10/dist-packages/interfaces-0.0.0-py3.10.egg-info
[0.777s] -- Installing: /home/nikolai/Documents/ROS/catching_turtles_ros2/ws/install/interfaces/local/lib/python3.10/dist-packages/interfaces-0.0.0-py3.10.egg-info/SOURCES.txt
[0.777s] -- Installing: /home/nikolai/Documents/ROS/catching_turtles_ros2/ws/install/interfaces/local/lib/python3.10/dist-packages/interfaces-0.0.0-py3.10.egg-info/PKG-INFO
[0.777s] -- Installing: /home/nikolai/Documents/ROS/catching_turtles_ros2/ws/install/interfaces/local/lib/python3.10/dist-packages/interfaces-0.0.0-py3.10.egg-info/dependency_links.txt
[0.777s] -- Installing: /home/nikolai/Documents/ROS/catching_turtles_ros2/ws/install/interfaces/local/lib/python3.10/dist-packages/interfaces-0.0.0-py3.10.egg-info/top_level.txt
[0.777s] -- Up-to-date: /home/nikolai/Documents/ROS/catching_turtles_ros2/ws/install/interfaces/local/lib/python3.10/dist-packages/interfaces
[0.778s] -- Up-to-date: /home/nikolai/Documents/ROS/catching_turtles_ros2/ws/install/interfaces/local/lib/python3.10/dist-packages/interfaces/_interfaces_s.ep.rosidl_typesupport_introspection_c.c
[0.778s] -- Up-to-date: /home/nikolai/Documents/ROS/catching_turtles_ros2/ws/install/interfaces/local/lib/python3.10/dist-packages/interfaces/interfaces_s__rosidl_typesupport_introspection_c.cpython-310-x86_64-linux-gnu.so
[0.778s] -- Up-to-date: /home/nikolai/Documents/ROS/catching_turtles_ros2/ws/install/interfaces/local/lib/python3.10/dist-packages/interfaces/_interfaces_s.ep.rosidl_typesupport_fastrtps_c.c
[0.778s] -- Up-to-date: /home/nikolai/Documents/ROS/catching_turtles_ros2/ws/install/interfaces/local/lib/python3.10/dist-packages/interfaces/libinterfaces__rosidl_generator_py.so
[0.778s] -- Installing: /home/nikolai/Documents/ROS/catching_turtles_ros2/ws/install/interfaces/local/lib/python3.10/dist-packages/interfaces/__init__.py
[0.778s] -- Up-to-date: /home/nikolai/Documents/ROS/catching_turtles_ros2/ws/install/interfaces/local/lib/python3.10/dist-packages/interfaces/interfaces_s__rosidl_typesupport_c.cpython-310-x86_64-linux-gnu.so
[0.778s] -- Up-to-date: /home/nikolai/Documents/ROS/catching_turtles_ros2/ws/install/interfaces/local/lib/python3.10/dist-packages/interfaces/interfaces_s__rosidl_typesupport_fastrtps_c.cpython-310-x86_64-linux-gnu.so
[0.778s] -- Up-to-date: /home/nikolai/Documents/ROS/catching_turtles_ros2/ws/install/interfaces/local/lib/python3.10/dist-packages/interfaces/srv
[0.778s] -- Up-to-date: /home/nikolai/Documents/ROS/catching_turtles_ros2/ws/install/interfaces/local/lib/python3.10/dist-packages/interfaces/srv/_kill_turtle_s.c
[0.778s] -- Up-to-date: /home/nikolai/Documents/ROS/catching_turtles_ros2/ws/install/interfaces/local/lib/python3.10/dist-packages/interfaces/srv/__init__.py
[0.778s] -- Up-to-date: /home/nikolai/Documents/ROS/catching_turtles_ros2/ws/install/interfaces/local/lib/python3.10/dist-packages/interfaces/srv/_kill_turtle.py
[0.778s] -- Up-to-date: /home/nikolai/Documents/ROS/catching_turtles_ros2/ws/install/interfaces/local/lib/python3.10/dist-packages/interfaces/msg
[0.778s] -- Up-to-date: /home/nikolai/Documents/ROS/catching_turtles_ros2/ws/install/interfaces/local/lib/python3.10/dist-packages/interfaces/msg/_turtle_array_s.c
[0.778s] -- Up-to-date: /home/nikolai/Documents/ROS/catching_turtles_ros2/ws/install/interfaces/local/lib/python3.10/dist-packages/interfaces/msg/__init__.py
[0.778s] -- Up-to-date: /home/nikolai/Documents/ROS/catching_turtles_ros2/ws/install/interfaces/local/lib/python3.10/dist-packages/interfaces/msg/_turtle.py
[0.778s] -- Up-to-date: /home/nikolai/Documents/ROS/catching_turtles_ros2/ws/install/interfaces/local/lib/python3.10/dist-packages/interfaces/msg/_turtle_array.py
[0.778s] -- Up-to-date: /home/nikolai/Documents/ROS/catching_turtles_ros2/ws/install/interfaces/local/lib/python3.10/dist-packages/interfaces/msg/_turtle_s.c
[0.779s] -- Up-to-date: /home/nikolai/Documents/ROS/catching_turtles_ros2/ws/install/interfaces/local/lib/python3.10/dist-packages/interfaces/_interfaces_s.ep.rosidl_typesupport_c.c
[0.791s] Listing '/home/nikolai/Documents/ROS/catching_turtles_ros2/ws/install/interfaces/local/lib/python3.10/dist-packages/interfaces'...
[0.791s] Compiling '/home/nikolai/Documents/ROS/catching_turtles_ros2/ws/install/interfaces/local/lib/python3.10/dist-packages/interfaces/__init__.py'...
[0.791s] Listing '/home/nikolai/Documents/ROS/catching_turtles_ros2/ws/install/interfaces/local/lib/python3.10/dist-packages/interfaces/msg'...
[0.791s] Listing '/home/nikolai/Documents/ROS/catching_turtles_ros2/ws/install/interfaces/local/lib/python3.10/dist-packages/interfaces/srv'...
[0.793s] -- Up-to-date: /home/nikolai/Documents/ROS/catching_turtles_ros2/ws/install/interfaces/local/lib/python3.10/dist-packages/interfaces/interfaces_s__rosidl_typesupport_fastrtps_c.cpython-310-x86_64-linux-gnu.so
[0.793s] -- Up-to-date: /home/nikolai/Documents/ROS/catching_turtles_ros2/ws/install/interfaces/local/lib/python3.10/dist-packages/interfaces/interfaces_s__rosidl_typesupport_introspection_c.cpython-310-x86_64-linux-gnu.so
[0.793s] -- Up-to-date: /home/nikolai/Documents/ROS/catching_turtles_ros2/ws/install/interfaces/local/lib/python3.10/dist-packages/interfaces/interfaces_s__rosidl_typesupport_c.cpython-310-x86_64-linux-gnu.so
[0.793s] -- Up-to-date: /home/nikolai/Documents/ROS/catching_turtles_ros2/ws/install/interfaces/lib/libinterfaces__rosidl_generator_py.so
[0.794s] -- Up-to-date: /home/nikolai/Documents/ROS/catching_turtles_ros2/ws/install/interfaces/share/interfaces/msg/Turtle.idl
[0.794s] -- Up-to-date: /home/nikolai/Documents/ROS/catching_turtles_ros2/ws/install/interfaces/share/interfaces/msg/TurtleArray.idl
[0.794s] -- Up-to-date: /home/nikolai/Documents/ROS/catching_turtles_ros2/ws/install/interfaces/share/interfaces/srv/KillTurtle.idl
[0.794s] -- Installing: /home/nikolai/Documents/ROS/catching_turtles_ros2/ws/install/interfaces/share/interfaces/msg/Turtle.msg
[0.794s] -- Up-to-date: /home/nikolai/Documents/ROS/catching_turtles_ros2/ws/install/interfaces/share/interfaces/msg/TurtleArray.msg
[0.794s] -- Up-to-date: /home/nikolai/Documents/ROS/catching_turtles_ros2/ws/install/interfaces/share/interfaces/srv/KillTurtle.srv
[0.794s] -- Up-to-date: /home/nikolai/Documents/ROS/catching_turtles_ros2/ws/install/interfaces/share/interfaces/srv/KillTurtle_Request.msg
[0.794s] -- Up-to-date: /home/nikolai/Documents/ROS/catching_turtles_ros2/ws/install/interfaces/share/interfaces/srv/KillTurtle_Response.msg
[0.794s] -- Up-to-date: /home/nikolai/Documents/ROS/catching_turtles_ros2/ws/install/interfaces/share/ament_index/resource_index/package_run_dependencies/interfaces
[0.794s] -- Up-to-date: /home/nikolai/Documents/ROS/catching_turtles_ros2/ws/install/interfaces/share/ament_index/resource_index/parent_prefix_path/interfaces
[0.794s] -- Up-to-date: /home/nikolai/Documents/ROS/catching_turtles_ros2/ws/install/interfaces/share/interfaces/environment/ament_prefix_path.sh
[0.794s] -- Installing: /home/nikolai/Documents/ROS/catching_turtles_ros2/ws/install/interfaces/share/interfaces/environment/ament_prefix_path.dsv
[0.795s] -- Up-to-date: /home/nikolai/Documents/ROS/catching_turtles_ros2/ws/install/interfaces/share/interfaces/environment/path.sh
[0.795s] -- Installing: /home/nikolai/Documents/ROS/catching_turtles_ros2/ws/install/interfaces/share/interfaces/environment/path.dsv
[0.795s] -- Up-to-date: /home/nikolai/Documents/ROS/catching_turtles_ros2/ws/install/interfaces/share/interfaces/local_setup.bash
[0.795s] -- Up-to-date: /home/nikolai/Documents/ROS/catching_turtles_ros2/ws/install/interfaces/share/interfaces/local_setup.sh
[0.795s] -- Up-to-date: /home/nikolai/Documents/ROS/catching_turtles_ros2/ws/install/interfaces/share/interfaces/local_setup.zsh
[0.795s] -- Installing: /home/nikolai/Documents/ROS/catching_turtles_ros2/ws/install/interfaces/share/interfaces/local_setup.dsv
[0.795s] -- Installing: /home/nikolai/Documents/ROS/catching_turtles_ros2/ws/install/interfaces/share/interfaces/package.dsv
[0.795s] -- Up-to-date: /home/nikolai/Documents/ROS/catching_turtles_ros2/ws/install/interfaces/share/ament_index/resource_index/packages/interfaces
[0.795s] -- Up-to-date: /home/nikolai/Documents/ROS/catching_turtles_ros2/ws/install/interfaces/share/interfaces/cmake/export_interfaces__rosidl_generator_cExport.cmake
[0.795s] -- Up-to-date: /home/nikolai/Documents/ROS/catching_turtles_ros2/ws/install/interfaces/share/interfaces/cmake/export_interfaces__rosidl_generator_cExport-noconfig.cmake
[0.795s] -- Up-to-date: /home/nikolai/Documents/ROS/catching_turtles_ros2/ws/install/interfaces/share/interfaces/cmake/export_interfaces__rosidl_typesupport_fastrtps_cExport.cmake
[0.795s] -- Up-to-date: /home/nikolai/Documents/ROS/catching_turtles_ros2/ws/install/interfaces/share/interfaces/cmake/export_interfaces__rosidl_typesupport_fastrtps_cExport-noconfig.cmake
[0.795s] -- Up-to-date: /home/nikolai/Documents/ROS/catching_turtles_ros2/ws/install/interfaces/share/interfaces/cmake/interfaces__rosidl_typesupport_introspection_cExport.cmake
[0.795s] -- Up-to-date: /home/nikolai/Documents/ROS/catching_turtles_ros2/ws/install/interfaces/share/interfaces/cmake/interfaces__rosidl_typesupport_introspection_cExport-noconfig.cmake
[0.795s] -- Up-to-date: /home/nikolai/Documents/ROS/catching_turtles_ros2/ws/install/interfaces/share/interfaces/cmake/interfaces__rosidl_typesupport_cExport.cmake
[0.795s] -- Up-to-date: /home/nikolai/Documents/ROS/catching_turtles_ros2/ws/install/interfaces/share/interfaces/cmake/interfaces__rosidl_typesupport_cExport-noconfig.cmake
[0.795s] -- Up-to-date: /home/nikolai/Documents/ROS/catching_turtles_ros2/ws/install/interfaces/share/interfaces/cmake/export_interfaces__rosidl_generator_cppExport.cmake
[0.796s] -- Up-to-date: /home/nikolai/Documents/ROS/catching_turtles_ros2/ws/install/interfaces/share/interfaces/cmake/export_interfaces__rosidl_typesupport_fastrtps_cppExport.cmake
[0.796s] -- Up-to-date: /home/nikolai/Documents/ROS/catching_turtles_ros2/ws/install/interfaces/share/interfaces/cmake/export_interfaces__rosidl_typesupport_fastrtps_cppExport-noconfig.cmake
[0.796s] -- Up-to-date: /home/nikolai/Documents/ROS/catching_turtles_ros2/ws/install/interfaces/share/interfaces/cmake/interfaces__rosidl_typesupport_introspection_cppExport.cmake
[0.796s] -- Up-to-date: /home/nikolai/Documents/ROS/catching_turtles_ros2/ws/install/interfaces/share/interfaces/cmake/interfaces__rosidl_typesupport_introspection_cppExport-noconfig.cmake
[0.796s] -- Up-to-date: /home/nikolai/Documents/ROS/catching_turtles_ros2/ws/install/interfaces/share/interfaces/cmake/interfaces__rosidl_typesupport_cppExport.cmake
[0.796s] -- Up-to-date: /home/nikolai/Documents/ROS/catching_turtles_ros2/ws/install/interfaces/share/interfaces/cmake/interfaces__rosidl_typesupport_cppExport-noconfig.cmake
[0.796s] -- Up-to-date: /home/nikolai/Documents/ROS/catching_turtles_ros2/ws/install/interfaces/share/interfaces/cmake/export_interfaces__rosidl_generator_pyExport.cmake
[0.796s] -- Up-to-date: /home/nikolai/Documents/ROS/catching_turtles_ros2/ws/install/interfaces/share/interfaces/cmake/export_interfaces__rosidl_generator_pyExport-noconfig.cmake
[0.796s] -- Up-to-date: /home/nikolai/Documents/ROS/catching_turtles_ros2/ws/install/interfaces/share/interfaces/cmake/rosidl_cmake-extras.cmake
[0.797s] -- Up-to-date: /home/nikolai/Documents/ROS/catching_turtles_ros2/ws/install/interfaces/share/interfaces/cmake/ament_cmake_export_include_directories-extras.cmake
[0.797s] -- Up-to-date: /home/nikolai/Documents/ROS/catching_turtles_ros2/ws/install/interfaces/share/interfaces/cmake/ament_cmake_export_libraries-extras.cmake
[0.797s] -- Up-to-date: /home/nikolai/Documents/ROS/catching_turtles_ros2/ws/install/interfaces/share/interfaces/cmake/ament_cmake_export_targets-extras.cmake
[0.798s] -- Up-to-date: /home/nikolai/Documents/ROS/catching_turtles_ros2/ws/install/interfaces/share/interfaces/cmake/rosidl_cmake_export_typesupport_targets-extras.cmake
[0.798s] -- Up-to-date: /home/nikolai/Documents/ROS/catching_turtles_ros2/ws/install/interfaces/share/interfaces/cmake/ament_cmake_export_dependencies-extras.cmake
[0.798s] -- Up-to-date: /home/nikolai/Documents/ROS/catching_turtles_ros2/ws/install/interfaces/share/interfaces/cmake/rosidl_cmake_export_typesupport_libraries-extras.cmake
[0.798s] -- Up-to-date: /home/nikolai/Documents/ROS/catching_turtles_ros2/ws/install/interfaces/share/interfaces/cmake/interfacesConfig.cmake
[0.798s] -- Up-to-date: /home/nikolai/Documents/ROS/catching_turtles_ros2/ws/install/interfaces/share/interfaces/cmake/interfacesConfig-version.cmake
[0.798s] -- Up-to-date: /home/nikolai/Documents/ROS/catching_turtles_ros2/ws/install/interfaces/share/interfaces/package.xml
[0.799s] Invoked command in '/home/nikolai/Documents/ROS/catching_turtles_ros2/ws/build/interfaces' returned '0': CMAKE_PREFIX_PATH=${CMAKE_PREFIX_PATH}:/home/nikolai/Documents/ROS/catching_turtles_ros2/ws/install/python_pkg:/opt/ros/humble /usr/bin/cmake --install /home/nikolai/Documents/ROS/catching_turtles_ros2/ws/build/interfaces
