[01m[K/home/nikolai/Documents/ROS/catching_turtles_ros2/ws/src/cpp_pkg/src/turtle_spawner_node.cpp:[m[K In member function ‘[01m[Kvoid TurtleSpawnerNode::call_spawn_service()[m[K’:
[01m[K/home/nikolai/Documents/ROS/catching_turtles_ros2/ws/src/cpp_pkg/src/turtle_spawner_node.cpp:23:38:[m[K [01;35m[Kwarning: [m[Kempty parentheses were disambiguated as a function declaration [[01;35m[K]8;;https://gcc.gnu.org/onlinedocs/gcc/Warning-Options.html#index-Wvexing-parse-Wvexing-parse]8;;[m[K]
   23 |     std::default_random_engine engine[01;35m[K()[m[K;
      |                                      [01;35m[K^~[m[K
In file included from [01m[K/usr/include/c++/11/random:51[m[K,
                 from [01m[K/home/nikolai/Documents/ROS/catching_turtles_ros2/ws/src/cpp_pkg/include/cpp_pkg/turtle_spawner_node.hpp:5[m[K,
                 from [01m[K/home/nikolai/Documents/ROS/catching_turtles_ros2/ws/src/cpp_pkg/src/turtle_spawner_node.cpp:1[m[K:
/usr/include/c++/11/bits/random.tcc: In instantiation of ‘[01m[K_RealType std::generate_canonical(_UniformRandomNumberGenerator&) [with _RealType = float; long unsigned int __bits = 24; _UniformRandomNumberGenerator = std::linear_congruential_engine<long unsigned int, 16807, 0, 2147483647>()][m[K’:
[01m[K/usr/include/c++/11/bits/random.h:191:38:[m[K   required from ‘[01m[K_DInputType std::__detail::_Adaptor<_Engine, _DInputType>::operator()() [with _Engine = std::linear_congruential_engine<long unsigned int, 16807, 0, 2147483647>(); _DInputType = float][m[K’
[01m[K/usr/include/c++/11/bits/random.h:1870:19:[m[K   required from ‘[01m[Kstd::uniform_real_distribution<_RealType>::result_type std::uniform_real_distribution<_RealType>::operator()(_UniformRandomNumberGenerator&, const std::uniform_real_distribution<_RealType>::param_type&) [with _UniformRandomNumberGenerator = std::linear_congruential_engine<long unsigned int, 16807, 0, 2147483647>(); _RealType = float; std::uniform_real_distribution<_RealType>::result_type = float][m[K’
[01m[K/usr/include/c++/11/bits/random.h:1861:34:[m[K   required from ‘[01m[Kstd::uniform_real_distribution<_RealType>::result_type std::uniform_real_distribution<_RealType>::operator()(_UniformRandomNumberGenerator&) [with _UniformRandomNumberGenerator = std::linear_congruential_engine<long unsigned int, 16807, 0, 2147483647>(); _RealType = float; std::uniform_real_distribution<_RealType>::result_type = float][m[K’
[01m[K/home/nikolai/Documents/ROS/catching_turtles_ros2/ws/src/cpp_pkg/src/turtle_spawner_node.cpp:26:26:[m[K   required from here
[01m[K/usr/include/c++/11/bits/random.tcc:3356:63:[m[K [01;31m[Kerror: [m[Krequest for member ‘[01m[Kmax[m[K’ in ‘[01m[K__urng[m[K’, which is of non-class type ‘[01m[Kstd::linear_congruential_engine<long unsigned int, 16807, 0, 2147483647>()[m[K’
 3356 |       const long double __r = static_cast<long double>([01;31m[K__urng.max[m[K())
      |                                                        [01;31m[K~~~~~~~^~~[m[K
[01m[K/usr/include/c++/11/bits/random.tcc:3357:63:[m[K [01;31m[Kerror: [m[Krequest for member ‘[01m[Kmin[m[K’ in ‘[01m[K__urng[m[K’, which is of non-class type ‘[01m[Kstd::linear_congruential_engine<long unsigned int, 16807, 0, 2147483647>()[m[K’
 3357 |                             - static_cast<long double>([01;31m[K__urng.min[m[K()) + 1.0L;
      |                                                        [01;31m[K~~~~~~~^~~[m[K
[01m[K/usr/include/c++/11/bits/random.tcc:3366:48:[m[K [01;31m[Kerror: [m[Krequest for member ‘[01m[Kmin[m[K’ in ‘[01m[K__urng[m[K’, which is of non-class type ‘[01m[Kstd::linear_congruential_engine<long unsigned int, 16807, 0, 2147483647>()[m[K’
 3366 |           __sum += _RealType(__urng() - [01;31m[K__urng.min[m[K()) * __tmp;
      |                                         [01;31m[K~~~~~~~^~~[m[K
gmake[2]: *** [CMakeFiles/turtle_spawner_node.dir/build.make:76: CMakeFiles/turtle_spawner_node.dir/src/turtle_spawner_node.cpp.o] Error 1
gmake[1]: *** [CMakeFiles/Makefile2:165: CMakeFiles/turtle_spawner_node.dir/all] Error 2
gmake: *** [Makefile:146: all] Error 2
