[0.008s] Invoking command in '/home/nikolai/Documents/ROS/catching_turtles_ros2/ws/build/cpp_pkg': CMAKE_PREFIX_PATH=${CMAKE_PREFIX_PATH}:/home/nikolai/Documents/ROS/catching_turtles_ros2/ws/install/python_pkg:/opt/ros/humble /usr/bin/cmake --build /home/nikolai/Documents/ROS/catching_turtles_ros2/ws/build/cpp_pkg -- -j20 -l20
[0.020s] -- Found ament_cmake: 1.3.3 (/opt/ros/humble/share/ament_cmake/cmake)
[0.104s] -- Found rclcpp: 16.0.3 (/opt/ros/humble/share/rclcpp/cmake)
[0.120s] -- Found rosidl_generator_c: 3.1.4 (/opt/ros/humble/share/rosidl_generator_c/cmake)
[0.122s] -- Found rosidl_adapter: 3.1.4 (/opt/ros/humble/share/rosidl_adapter/cmake)
[0.125s] -- Found rosidl_generator_cpp: 3.1.4 (/opt/ros/humble/share/rosidl_generator_cpp/cmake)
[0.131s] -- Using all available rosidl_typesupport_c: rosidl_typesupport_fastrtps_c;rosidl_typesupport_introspection_c
[0.140s] -- Using all available rosidl_typesupport_cpp: rosidl_typesupport_fastrtps_cpp;rosidl_typesupport_introspection_cpp
[0.172s] -- Found rmw_implementation_cmake: 6.1.1 (/opt/ros/humble/share/rmw_implementation_cmake/cmake)
[0.172s] -- Found rmw_fastrtps_cpp: 6.2.2 (/opt/ros/humble/share/rmw_fastrtps_cpp/cmake)
[0.236s] -- Using RMW implementation 'rmw_fastrtps_cpp' as default
[0.327s] -- Found turtlesim: 1.4.2 (/opt/ros/humble/share/turtlesim/cmake)
[0.396s] -- Found geometry_msgs: 4.2.3 (/opt/ros/humble/share/geometry_msgs/cmake)
[0.456s] -- Configuring done
[0.464s] -- Generating done
[0.465s] -- Build files have been written to: /home/nikolai/Documents/ROS/catching_turtles_ros2/ws/build/cpp_pkg
[0.479s] [35m[1mConsolidate compiler generated dependencies of target turtle_control_node[0m
[0.483s] [ 25%] [32mBuilding CXX object CMakeFiles/turtle_spawner_node.dir/src/turtle_spawner_node.cpp.o[0m
[0.488s] [ 75%] Built target turtle_control_node
[1.646s] [01m[K/home/nikolai/Documents/ROS/catching_turtles_ros2/ws/src/cpp_pkg/src/turtle_spawner_node.cpp:[m[K In member function ‘[01m[Kvoid TurtleSpawnerNode::call_spawn_service()[m[K’:
[1.646s] [01m[K/home/nikolai/Documents/ROS/catching_turtles_ros2/ws/src/cpp_pkg/src/turtle_spawner_node.cpp:23:38:[m[K [01;35m[Kwarning: [m[Kempty parentheses were disambiguated as a function declaration [[01;35m[K]8;;https://gcc.gnu.org/onlinedocs/gcc/Warning-Options.html#index-Wvexing-parse-Wvexing-parse]8;;[m[K]
[1.646s]    23 |     std::default_random_engine engine[01;35m[K()[m[K;
[1.646s]       |                                      [01;35m[K^~[m[K
[1.826s] In file included from [01m[K/usr/include/c++/11/random:51[m[K,
[1.826s]                  from [01m[K/home/nikolai/Documents/ROS/catching_turtles_ros2/ws/src/cpp_pkg/include/cpp_pkg/turtle_spawner_node.hpp:5[m[K,
[1.826s]                  from [01m[K/home/nikolai/Documents/ROS/catching_turtles_ros2/ws/src/cpp_pkg/src/turtle_spawner_node.cpp:1[m[K:
[1.826s] /usr/include/c++/11/bits/random.tcc: In instantiation of ‘[01m[K_RealType std::generate_canonical(_UniformRandomNumberGenerator&) [with _RealType = float; long unsigned int __bits = 24; _UniformRandomNumberGenerator = std::linear_congruential_engine<long unsigned int, 16807, 0, 2147483647>()][m[K’:
[1.826s] [01m[K/usr/include/c++/11/bits/random.h:191:38:[m[K   required from ‘[01m[K_DInputType std::__detail::_Adaptor<_Engine, _DInputType>::operator()() [with _Engine = std::linear_congruential_engine<long unsigned int, 16807, 0, 2147483647>(); _DInputType = float][m[K’
[1.826s] [01m[K/usr/include/c++/11/bits/random.h:1870:19:[m[K   required from ‘[01m[Kstd::uniform_real_distribution<_RealType>::result_type std::uniform_real_distribution<_RealType>::operator()(_UniformRandomNumberGenerator&, const std::uniform_real_distribution<_RealType>::param_type&) [with _UniformRandomNumberGenerator = std::linear_congruential_engine<long unsigned int, 16807, 0, 2147483647>(); _RealType = float; std::uniform_real_distribution<_RealType>::result_type = float][m[K’
[1.826s] [01m[K/usr/include/c++/11/bits/random.h:1861:34:[m[K   required from ‘[01m[Kstd::uniform_real_distribution<_RealType>::result_type std::uniform_real_distribution<_RealType>::operator()(_UniformRandomNumberGenerator&) [with _UniformRandomNumberGenerator = std::linear_congruential_engine<long unsigned int, 16807, 0, 2147483647>(); _RealType = float; std::uniform_real_distribution<_RealType>::result_type = float][m[K’
[1.826s] [01m[K/home/nikolai/Documents/ROS/catching_turtles_ros2/ws/src/cpp_pkg/src/turtle_spawner_node.cpp:26:26:[m[K   required from here
[1.826s] [01m[K/usr/include/c++/11/bits/random.tcc:3356:63:[m[K [01;31m[Kerror: [m[Krequest for member ‘[01m[Kmax[m[K’ in ‘[01m[K__urng[m[K’, which is of non-class type ‘[01m[Kstd::linear_congruential_engine<long unsigned int, 16807, 0, 2147483647>()[m[K’
[1.826s]  3356 |       const long double __r = static_cast<long double>([01;31m[K__urng.max[m[K())
[1.826s]       |                                                        [01;31m[K~~~~~~~^~~[m[K
[1.826s] [01m[K/usr/include/c++/11/bits/random.tcc:3357:63:[m[K [01;31m[Kerror: [m[Krequest for member ‘[01m[Kmin[m[K’ in ‘[01m[K__urng[m[K’, which is of non-class type ‘[01m[Kstd::linear_congruential_engine<long unsigned int, 16807, 0, 2147483647>()[m[K’
[1.826s]  3357 |                             - static_cast<long double>([01;31m[K__urng.min[m[K()) + 1.0L;
[1.826s]       |                                                        [01;31m[K~~~~~~~^~~[m[K
[1.826s] [01m[K/usr/include/c++/11/bits/random.tcc:3366:48:[m[K [01;31m[Kerror: [m[Krequest for member ‘[01m[Kmin[m[K’ in ‘[01m[K__urng[m[K’, which is of non-class type ‘[01m[Kstd::linear_congruential_engine<long unsigned int, 16807, 0, 2147483647>()[m[K’
[1.826s]  3366 |           __sum += _RealType(__urng() - [01;31m[K__urng.min[m[K()) * __tmp;
[1.826s]       |                                         [01;31m[K~~~~~~~^~~[m[K
[1.959s] gmake[2]: *** [CMakeFiles/turtle_spawner_node.dir/build.make:76: CMakeFiles/turtle_spawner_node.dir/src/turtle_spawner_node.cpp.o] Error 1
[1.959s] gmake[1]: *** [CMakeFiles/Makefile2:165: CMakeFiles/turtle_spawner_node.dir/all] Error 2
[1.959s] gmake: *** [Makefile:146: all] Error 2
[1.962s] Invoked command in '/home/nikolai/Documents/ROS/catching_turtles_ros2/ws/build/cpp_pkg' returned '2': CMAKE_PREFIX_PATH=${CMAKE_PREFIX_PATH}:/home/nikolai/Documents/ROS/catching_turtles_ros2/ws/install/python_pkg:/opt/ros/humble /usr/bin/cmake --build /home/nikolai/Documents/ROS/catching_turtles_ros2/ws/build/cpp_pkg -- -j20 -l20
