[0.006s] Invoking command in '/home/nikolai/Documents/ROS/catching_turtles_ros2/ws/build/bring_up': AMENT_PREFIX_PATH=/home/nikolai/Documents/ROS/catching_turtles_ros2/ws/install/python_pkg:/home/nikolai/Documents/ROS/catching_turtles_ros2/ws/install/bring_up:/home/nikolai/Documents/ROS/catching_turtles_ros2/ws/install/cpp_pkg:/home/nikolai/Documents/ROS/catching_turtles_ros2/ws/install/interfaces:/opt/ros/humble CMAKE_PREFIX_PATH=/home/nikolai/Documents/ROS/catching_turtles_ros2/ws/install/interfaces:/home/nikolai/Documents/ROS/catching_turtles_ros2/ws/install/bring_up:/home/nikolai/Documents/ROS/catching_turtles_ros2/ws/install/cpp_pkg:/home/nikolai/Documents/ROS/catching_turtles_ros2/ws/install/python_pkg:/opt/ros/humble /usr/bin/cmake --build /home/nikolai/Documents/ROS/catching_turtles_ros2/ws/build/bring_up -- -j20 -l20
[0.025s] Invoked command in '/home/nikolai/Documents/ROS/catching_turtles_ros2/ws/build/bring_up' returned '0': AMENT_PREFIX_PATH=/home/nikolai/Documents/ROS/catching_turtles_ros2/ws/install/python_pkg:/home/nikolai/Documents/ROS/catching_turtles_ros2/ws/install/bring_up:/home/nikolai/Documents/ROS/catching_turtles_ros2/ws/install/cpp_pkg:/home/nikolai/Documents/ROS/catching_turtles_ros2/ws/install/interfaces:/opt/ros/humble CMAKE_PREFIX_PATH=/home/nikolai/Documents/ROS/catching_turtles_ros2/ws/install/interfaces:/home/nikolai/Documents/ROS/catching_turtles_ros2/ws/install/bring_up:/home/nikolai/Documents/ROS/catching_turtles_ros2/ws/install/cpp_pkg:/home/nikolai/Documents/ROS/catching_turtles_ros2/ws/install/python_pkg:/opt/ros/humble /usr/bin/cmake --build /home/nikolai/Documents/ROS/catching_turtles_ros2/ws/build/bring_up -- -j20 -l20
[0.034s] Invoking command in '/home/nikolai/Documents/ROS/catching_turtles_ros2/ws/build/bring_up': AMENT_PREFIX_PATH=/home/nikolai/Documents/ROS/catching_turtles_ros2/ws/install/python_pkg:/home/nikolai/Documents/ROS/catching_turtles_ros2/ws/install/bring_up:/home/nikolai/Documents/ROS/catching_turtles_ros2/ws/install/cpp_pkg:/home/nikolai/Documents/ROS/catching_turtles_ros2/ws/install/interfaces:/opt/ros/humble CMAKE_PREFIX_PATH=/home/nikolai/Documents/ROS/catching_turtles_ros2/ws/install/interfaces:/home/nikolai/Documents/ROS/catching_turtles_ros2/ws/install/bring_up:/home/nikolai/Documents/ROS/catching_turtles_ros2/ws/install/cpp_pkg:/home/nikolai/Documents/ROS/catching_turtles_ros2/ws/install/python_pkg:/opt/ros/humble /usr/bin/cmake --install /home/nikolai/Documents/ROS/catching_turtles_ros2/ws/build/bring_up
[0.038s] -- Install configuration: ""
[0.038s] -- Up-to-date: /home/nikolai/Documents/ROS/catching_turtles_ros2/ws/install/bring_up/share/bring_up/launch
[0.039s] -- Up-to-date: /home/nikolai/Documents/ROS/catching_turtles_ros2/ws/install/bring_up/share/bring_up/launch/catching_turtles.launch.py
[0.039s] -- Up-to-date: /home/nikolai/Documents/ROS/catching_turtles_ros2/ws/install/bring_up/share/ament_index/resource_index/package_run_dependencies/bring_up
[0.039s] -- Up-to-date: /home/nikolai/Documents/ROS/catching_turtles_ros2/ws/install/bring_up/share/ament_index/resource_index/parent_prefix_path/bring_up
[0.039s] -- Up-to-date: /home/nikolai/Documents/ROS/catching_turtles_ros2/ws/install/bring_up/share/bring_up/environment/ament_prefix_path.sh
[0.039s] -- Up-to-date: /home/nikolai/Documents/ROS/catching_turtles_ros2/ws/install/bring_up/share/bring_up/environment/ament_prefix_path.dsv
[0.039s] -- Up-to-date: /home/nikolai/Documents/ROS/catching_turtles_ros2/ws/install/bring_up/share/bring_up/environment/path.sh
[0.039s] -- Up-to-date: /home/nikolai/Documents/ROS/catching_turtles_ros2/ws/install/bring_up/share/bring_up/environment/path.dsv
[0.039s] -- Up-to-date: /home/nikolai/Documents/ROS/catching_turtles_ros2/ws/install/bring_up/share/bring_up/local_setup.bash
[0.039s] -- Up-to-date: /home/nikolai/Documents/ROS/catching_turtles_ros2/ws/install/bring_up/share/bring_up/local_setup.sh
[0.039s] -- Up-to-date: /home/nikolai/Documents/ROS/catching_turtles_ros2/ws/install/bring_up/share/bring_up/local_setup.zsh
[0.039s] -- Up-to-date: /home/nikolai/Documents/ROS/catching_turtles_ros2/ws/install/bring_up/share/bring_up/local_setup.dsv
[0.039s] -- Installing: /home/nikolai/Documents/ROS/catching_turtles_ros2/ws/install/bring_up/share/bring_up/package.dsv
[0.039s] -- Up-to-date: /home/nikolai/Documents/ROS/catching_turtles_ros2/ws/install/bring_up/share/ament_index/resource_index/packages/bring_up
[0.039s] -- Up-to-date: /home/nikolai/Documents/ROS/catching_turtles_ros2/ws/install/bring_up/share/bring_up/cmake/bring_upConfig.cmake
[0.040s] -- Up-to-date: /home/nikolai/Documents/ROS/catching_turtles_ros2/ws/install/bring_up/share/bring_up/cmake/bring_upConfig-version.cmake
[0.040s] -- Up-to-date: /home/nikolai/Documents/ROS/catching_turtles_ros2/ws/install/bring_up/share/bring_up/package.xml
[0.042s] Invoked command in '/home/nikolai/Documents/ROS/catching_turtles_ros2/ws/build/bring_up' returned '0': AMENT_PREFIX_PATH=/home/nikolai/Documents/ROS/catching_turtles_ros2/ws/install/python_pkg:/home/nikolai/Documents/ROS/catching_turtles_ros2/ws/install/bring_up:/home/nikolai/Documents/ROS/catching_turtles_ros2/ws/install/cpp_pkg:/home/nikolai/Documents/ROS/catching_turtles_ros2/ws/install/interfaces:/opt/ros/humble CMAKE_PREFIX_PATH=/home/nikolai/Documents/ROS/catching_turtles_ros2/ws/install/interfaces:/home/nikolai/Documents/ROS/catching_turtles_ros2/ws/install/bring_up:/home/nikolai/Documents/ROS/catching_turtles_ros2/ws/install/cpp_pkg:/home/nikolai/Documents/ROS/catching_turtles_ros2/ws/install/python_pkg:/opt/ros/humble /usr/bin/cmake --install /home/nikolai/Documents/ROS/catching_turtles_ros2/ws/build/bring_up
