[0.007s] Invoking command in '/home/nikolai/Documents/ROS/catching_turtles_ros2/ws/build/interfaces': CMAKE_PREFIX_PATH=${CMAKE_PREFIX_PATH}:/home/nikolai/Documents/ROS/catching_turtles_ros2/ws/install/python_pkg:/opt/ros/humble /usr/bin/cmake --build /home/nikolai/Documents/ROS/catching_turtles_ros2/ws/build/interfaces -- -j20 -l20
[0.035s] -- Found ament_cmake: 1.3.3 (/opt/ros/humble/share/ament_cmake/cmake)
[0.116s] -- Found rosidl_default_generators: 1.2.0 (/opt/ros/humble/share/rosidl_default_generators/cmake)
[0.118s] -- Using all available rosidl_typesupport_c: rosidl_typesupport_fastrtps_c;rosidl_typesupport_introspection_c
[0.120s] -- Found rosidl_adapter: 3.1.4 (/opt/ros/humble/share/rosidl_adapter/cmake)
[0.142s] -- Using all available rosidl_typesupport_cpp: rosidl_typesupport_fastrtps_cpp;rosidl_typesupport_introspection_cpp
[0.305s] -- Found ament_cmake_ros: 0.10.0 (/opt/ros/humble/share/ament_cmake_ros/cmake)
[0.410s] -- Using all available rosidl_typesupport_c: rosidl_typesupport_fastrtps_c;rosidl_typesupport_introspection_c
[0.549s] -- Using all available rosidl_typesupport_cpp: rosidl_typesupport_fastrtps_cpp;rosidl_typesupport_introspection_cpp
[0.563s] -- Found python_cmake_module: 0.10.0 (/opt/ros/humble/share/python_cmake_module/cmake)
[0.577s] -- Using PYTHON_EXECUTABLE: /usr/bin/python3
[0.577s] -- Using PYTHON_INCLUDE_DIRS: /usr/include/python3.10
[0.577s] -- Using PYTHON_LIBRARIES: /usr/lib/x86_64-linux-gnu/libpython3.10.so
[0.584s] -- Found ament_lint_auto: 0.12.5 (/opt/ros/humble/share/ament_lint_auto/cmake)
[0.593s] -- Added test 'lint_cmake' to check CMake code style
[0.593s] -- Added test 'xmllint' to check XML markup files
[0.595s] -- Configuring done
[0.613s] -- Generating done
[0.615s] -- Build files have been written to: /home/nikolai/Documents/ROS/catching_turtles_ros2/ws/build/interfaces
[0.627s] [  2%] [34m[1mGenerating C code for ROS interfaces[0m
[0.631s] [  4%] [34m[1mGenerating C++ code for ROS interfaces[0m
[0.637s] [  4%] Built target ament_cmake_python_copy_interfaces
[0.763s] running egg_info
[0.763s] writing interfaces.egg-info/PKG-INFO
[0.764s] writing dependency_links to interfaces.egg-info/dependency_links.txt
[0.764s] writing top-level names to interfaces.egg-info/top_level.txt
[0.765s] reading manifest file 'interfaces.egg-info/SOURCES.txt'
[0.765s] writing manifest file 'interfaces.egg-info/SOURCES.txt'
[0.780s] [  4%] Built target ament_cmake_python_build_interfaces_egg
[0.823s] [  4%] Built target interfaces__cpp
[0.825s] [35m[1mConsolidate compiler generated dependencies of target interfaces__rosidl_generator_c[0m
[0.827s] [  8%] [34m[1mGenerating C++ type support dispatch for ROS interfaces[0m
[0.828s] [ 10%] [34m[1mGenerating C++ introspection for ROS interfaces[0m
[0.828s] [ 10%] [34m[1mGenerating C++ type support for eProsima Fast-RTPS[0m
[0.831s] [ 14%] [32mBuilding C object CMakeFiles/interfaces__rosidl_generator_c.dir/rosidl_generator_c/interfaces/msg/detail/turtle_array__functions.c.o[0m
[0.831s] [ 14%] [32mBuilding C object CMakeFiles/interfaces__rosidl_generator_c.dir/rosidl_generator_c/interfaces/msg/detail/turtle__functions.c.o[0m
[0.831s] [ 17%] [32mBuilding C object CMakeFiles/interfaces__rosidl_generator_c.dir/rosidl_generator_c/interfaces/srv/detail/catch_turtle__functions.c.o[0m
[0.865s] [ 19%] [32m[1mLinking C shared library libinterfaces__rosidl_generator_c.so[0m
[0.886s] [ 19%] Built target interfaces__rosidl_generator_c
[0.891s] [ 25%] [34m[1mGenerating C introspection for ROS interfaces[0m
[0.891s] [ 25%] [34m[1mGenerating C type support for eProsima Fast-RTPS[0m
[0.891s] [ 25%] [34m[1mGenerating C type support dispatch for ROS interfaces[0m
[0.997s] [35m[1mConsolidate compiler generated dependencies of target interfaces__rosidl_typesupport_cpp[0m
[1.001s] [35m[1mConsolidate compiler generated dependencies of target interfaces__rosidl_typesupport_introspection_cpp[0m
[1.006s] [ 27%] [32mBuilding CXX object CMakeFiles/interfaces__rosidl_typesupport_cpp.dir/rosidl_typesupport_cpp/interfaces/msg/turtle_array__type_support.cpp.o[0m
[1.006s] [ 29%] [32mBuilding CXX object CMakeFiles/interfaces__rosidl_typesupport_cpp.dir/rosidl_typesupport_cpp/interfaces/msg/turtle__type_support.cpp.o[0m
[1.007s] [ 31%] [32mBuilding CXX object CMakeFiles/interfaces__rosidl_typesupport_cpp.dir/rosidl_typesupport_cpp/interfaces/srv/catch_turtle__type_support.cpp.o[0m
[1.010s] [ 34%] [32mBuilding CXX object CMakeFiles/interfaces__rosidl_typesupport_introspection_cpp.dir/rosidl_typesupport_introspection_cpp/interfaces/srv/detail/catch_turtle__type_support.cpp.o[0m
[1.011s] [ 38%] [32mBuilding CXX object CMakeFiles/interfaces__rosidl_typesupport_introspection_cpp.dir/rosidl_typesupport_introspection_cpp/interfaces/msg/detail/turtle__type_support.cpp.o[0m
[1.011s] [ 38%] [32mBuilding CXX object CMakeFiles/interfaces__rosidl_typesupport_introspection_cpp.dir/rosidl_typesupport_introspection_cpp/interfaces/msg/detail/turtle_array__type_support.cpp.o[0m
[1.014s] [35m[1mConsolidate compiler generated dependencies of target interfaces__rosidl_typesupport_fastrtps_cpp[0m
[1.022s] [ 40%] [32mBuilding CXX object CMakeFiles/interfaces__rosidl_typesupport_fastrtps_cpp.dir/rosidl_typesupport_fastrtps_cpp/interfaces/msg/detail/dds_fastrtps/turtle__type_support.cpp.o[0m
[1.022s] [ 42%] [32mBuilding CXX object CMakeFiles/interfaces__rosidl_typesupport_fastrtps_cpp.dir/rosidl_typesupport_fastrtps_cpp/interfaces/msg/detail/dds_fastrtps/turtle_array__type_support.cpp.o[0m
[1.024s] [ 44%] [32mBuilding CXX object CMakeFiles/interfaces__rosidl_typesupport_fastrtps_cpp.dir/rosidl_typesupport_fastrtps_cpp/interfaces/srv/detail/dds_fastrtps/catch_turtle__type_support.cpp.o[0m
[1.079s] [35m[1mConsolidate compiler generated dependencies of target interfaces__rosidl_typesupport_c[0m
[1.086s] [ 46%] [32mBuilding CXX object CMakeFiles/interfaces__rosidl_typesupport_c.dir/rosidl_typesupport_c/interfaces/msg/turtle__type_support.cpp.o[0m
[1.086s] [35m[1mConsolidate compiler generated dependencies of target interfaces__rosidl_typesupport_introspection_c[0m
[1.087s] [ 48%] [32mBuilding CXX object CMakeFiles/interfaces__rosidl_typesupport_c.dir/rosidl_typesupport_c/interfaces/srv/catch_turtle__type_support.cpp.o[0m
[1.088s] [ 51%] [32mBuilding CXX object CMakeFiles/interfaces__rosidl_typesupport_c.dir/rosidl_typesupport_c/interfaces/msg/turtle_array__type_support.cpp.o[0m
[1.093s] [35m[1mConsolidate compiler generated dependencies of target interfaces__rosidl_typesupport_fastrtps_c[0m
[1.094s] [ 53%] [32mBuilding C object CMakeFiles/interfaces__rosidl_typesupport_introspection_c.dir/rosidl_typesupport_introspection_c/interfaces/msg/detail/turtle__type_support.c.o[0m
[1.095s] [ 55%] [32mBuilding C object CMakeFiles/interfaces__rosidl_typesupport_introspection_c.dir/rosidl_typesupport_introspection_c/interfaces/srv/detail/catch_turtle__type_support.c.o[0m
[1.096s] [ 57%] [32mBuilding C object CMakeFiles/interfaces__rosidl_typesupport_introspection_c.dir/rosidl_typesupport_introspection_c/interfaces/msg/detail/turtle_array__type_support.c.o[0m
[1.105s] [ 59%] [32mBuilding CXX object CMakeFiles/interfaces__rosidl_typesupport_fastrtps_c.dir/rosidl_typesupport_fastrtps_c/interfaces/msg/detail/turtle__type_support_c.cpp.o[0m
[1.105s] [ 61%] [32mBuilding CXX object CMakeFiles/interfaces__rosidl_typesupport_fastrtps_c.dir/rosidl_typesupport_fastrtps_c/interfaces/msg/detail/turtle_array__type_support_c.cpp.o[0m
[1.105s] [ 63%] [32mBuilding CXX object CMakeFiles/interfaces__rosidl_typesupport_fastrtps_c.dir/rosidl_typesupport_fastrtps_c/interfaces/srv/detail/catch_turtle__type_support_c.cpp.o[0m
[1.114s] [ 65%] [32m[1mLinking CXX shared library libinterfaces__rosidl_typesupport_c.so[0m
[1.127s] [ 68%] [32m[1mLinking C shared library libinterfaces__rosidl_typesupport_introspection_c.so[0m
[1.152s] [ 68%] Built target interfaces__rosidl_typesupport_c
[1.159s] [ 68%] Built target interfaces__rosidl_typesupport_introspection_c
[1.263s] [ 70%] [32m[1mLinking CXX shared library libinterfaces__rosidl_typesupport_cpp.so[0m
[1.288s] [ 70%] Built target interfaces__rosidl_typesupport_cpp
[1.303s] [ 72%] [32m[1mLinking CXX shared library libinterfaces__rosidl_typesupport_fastrtps_cpp.so[0m
[1.348s] [ 72%] Built target interfaces__rosidl_typesupport_fastrtps_cpp
[1.400s] [ 74%] [32m[1mLinking CXX shared library libinterfaces__rosidl_typesupport_fastrtps_c.so[0m
[1.408s] [ 76%] [32m[1mLinking CXX shared library libinterfaces__rosidl_typesupport_introspection_cpp.so[0m
[1.441s] [ 76%] Built target interfaces__rosidl_typesupport_fastrtps_c
[1.449s] [ 76%] Built target interfaces__rosidl_typesupport_introspection_cpp
[1.458s] [ 76%] Built target interfaces
[1.467s] [ 78%] [34m[1mGenerating Python code for ROS interfaces[0m
[1.727s] [ 78%] Built target interfaces__py
[1.733s] [35m[1mConsolidate compiler generated dependencies of target interfaces__rosidl_generator_py[0m
[1.739s] [ 80%] [32mBuilding C object CMakeFiles/interfaces__rosidl_generator_py.dir/rosidl_generator_py/interfaces/msg/_turtle_s.c.o[0m
[1.740s] [ 82%] [32mBuilding C object CMakeFiles/interfaces__rosidl_generator_py.dir/rosidl_generator_py/interfaces/msg/_turtle_array_s.c.o[0m
[1.740s] [ 85%] [32mBuilding C object CMakeFiles/interfaces__rosidl_generator_py.dir/rosidl_generator_py/interfaces/srv/_catch_turtle_s.c.o[0m
[1.795s] [ 87%] [32m[1mLinking C shared library rosidl_generator_py/interfaces/libinterfaces__rosidl_generator_py.so[0m
[1.816s] [ 87%] Built target interfaces__rosidl_generator_py
[1.821s] [35m[1mConsolidate compiler generated dependencies of target interfaces__rosidl_typesupport_fastrtps_c__pyext[0m
[1.821s] [35m[1mConsolidate compiler generated dependencies of target interfaces__rosidl_typesupport_c__pyext[0m
[1.821s] [35m[1mConsolidate compiler generated dependencies of target interfaces__rosidl_typesupport_introspection_c__pyext[0m
[1.828s] [ 91%] [32mBuilding C object CMakeFiles/interfaces__rosidl_typesupport_fastrtps_c__pyext.dir/rosidl_generator_py/interfaces/_interfaces_s.ep.rosidl_typesupport_fastrtps_c.c.o[0m
[1.828s] [ 93%] [32mBuilding C object CMakeFiles/interfaces__rosidl_typesupport_introspection_c__pyext.dir/rosidl_generator_py/interfaces/_interfaces_s.ep.rosidl_typesupport_introspection_c.c.o[0m
[1.828s] [ 91%] [32mBuilding C object CMakeFiles/interfaces__rosidl_typesupport_c__pyext.dir/rosidl_generator_py/interfaces/_interfaces_s.ep.rosidl_typesupport_c.c.o[0m
[1.881s] [ 95%] [32m[1mLinking C shared library rosidl_generator_py/interfaces/interfaces_s__rosidl_typesupport_c.cpython-310-x86_64-linux-gnu.so[0m
[1.881s] [ 97%] [32m[1mLinking C shared library rosidl_generator_py/interfaces/interfaces_s__rosidl_typesupport_introspection_c.cpython-310-x86_64-linux-gnu.so[0m
[1.881s] [100%] [32m[1mLinking C shared library rosidl_generator_py/interfaces/interfaces_s__rosidl_typesupport_fastrtps_c.cpython-310-x86_64-linux-gnu.so[0m
[1.897s] [100%] Built target interfaces__rosidl_typesupport_introspection_c__pyext
[1.897s] [100%] Built target interfaces__rosidl_typesupport_c__pyext
[1.898s] [100%] Built target interfaces__rosidl_typesupport_fastrtps_c__pyext
[1.903s] Invoked command in '/home/nikolai/Documents/ROS/catching_turtles_ros2/ws/build/interfaces' returned '0': CMAKE_PREFIX_PATH=${CMAKE_PREFIX_PATH}:/home/nikolai/Documents/ROS/catching_turtles_ros2/ws/install/python_pkg:/opt/ros/humble /usr/bin/cmake --build /home/nikolai/Documents/ROS/catching_turtles_ros2/ws/build/interfaces -- -j20 -l20
[1.947s] Invoking command in '/home/nikolai/Documents/ROS/catching_turtles_ros2/ws/build/interfaces': CMAKE_PREFIX_PATH=${CMAKE_PREFIX_PATH}:/home/nikolai/Documents/ROS/catching_turtles_ros2/ws/install/python_pkg:/opt/ros/humble /usr/bin/cmake --install /home/nikolai/Documents/ROS/catching_turtles_ros2/ws/build/interfaces
[1.951s] -- Install configuration: ""
[1.951s] -- Up-to-date: /home/nikolai/Documents/ROS/catching_turtles_ros2/ws/install/interfaces/share/ament_index/resource_index/rosidl_interfaces/interfaces
[1.952s] -- Up-to-date: /home/nikolai/Documents/ROS/catching_turtles_ros2/ws/install/interfaces/include/interfaces/interfaces
[1.952s] -- Up-to-date: /home/nikolai/Documents/ROS/catching_turtles_ros2/ws/install/interfaces/include/interfaces/interfaces/srv
[1.952s] -- Up-to-date: /home/nikolai/Documents/ROS/catching_turtles_ros2/ws/install/interfaces/include/interfaces/interfaces/srv/detail
[1.952s] -- Installing: /home/nikolai/Documents/ROS/catching_turtles_ros2/ws/install/interfaces/include/interfaces/interfaces/srv/detail/catch_turtle__functions.c
[1.952s] -- Up-to-date: /home/nikolai/Documents/ROS/catching_turtles_ros2/ws/install/interfaces/include/interfaces/interfaces/srv/detail/kill_turtle__struct.h
[1.952s] -- Installing: /home/nikolai/Documents/ROS/catching_turtles_ros2/ws/install/interfaces/include/interfaces/interfaces/srv/detail/catch_turtle__functions.h
[1.952s] -- Up-to-date: /home/nikolai/Documents/ROS/catching_turtles_ros2/ws/install/interfaces/include/interfaces/interfaces/srv/detail/kill_turtle__type_support.h
[1.952s] -- Installing: /home/nikolai/Documents/ROS/catching_turtles_ros2/ws/install/interfaces/include/interfaces/interfaces/srv/detail/catch_turtle__struct.h
[1.952s] -- Installing: /home/nikolai/Documents/ROS/catching_turtles_ros2/ws/install/interfaces/include/interfaces/interfaces/srv/detail/catch_turtle__type_support.h
[1.952s] -- Up-to-date: /home/nikolai/Documents/ROS/catching_turtles_ros2/ws/install/interfaces/include/interfaces/interfaces/srv/detail/kill_turtle__functions.h
[1.952s] -- Up-to-date: /home/nikolai/Documents/ROS/catching_turtles_ros2/ws/install/interfaces/include/interfaces/interfaces/srv/detail/kill_turtle__functions.c
[1.952s] -- Up-to-date: /home/nikolai/Documents/ROS/catching_turtles_ros2/ws/install/interfaces/include/interfaces/interfaces/srv/kill_turtle.h
[1.952s] -- Installing: /home/nikolai/Documents/ROS/catching_turtles_ros2/ws/install/interfaces/include/interfaces/interfaces/srv/catch_turtle.h
[1.952s] -- Up-to-date: /home/nikolai/Documents/ROS/catching_turtles_ros2/ws/install/interfaces/include/interfaces/interfaces/msg
[1.952s] -- Up-to-date: /home/nikolai/Documents/ROS/catching_turtles_ros2/ws/install/interfaces/include/interfaces/interfaces/msg/detail
[1.953s] -- Installing: /home/nikolai/Documents/ROS/catching_turtles_ros2/ws/install/interfaces/include/interfaces/interfaces/msg/detail/turtle__functions.c
[1.953s] -- Installing: /home/nikolai/Documents/ROS/catching_turtles_ros2/ws/install/interfaces/include/interfaces/interfaces/msg/detail/turtle__struct.h
[1.953s] -- Installing: /home/nikolai/Documents/ROS/catching_turtles_ros2/ws/install/interfaces/include/interfaces/interfaces/msg/detail/turtle__type_support.h
[1.953s] -- Installing: /home/nikolai/Documents/ROS/catching_turtles_ros2/ws/install/interfaces/include/interfaces/interfaces/msg/detail/turtle_array__type_support.h
[1.953s] -- Installing: /home/nikolai/Documents/ROS/catching_turtles_ros2/ws/install/interfaces/include/interfaces/interfaces/msg/detail/turtle_array__functions.h
[1.953s] -- Installing: /home/nikolai/Documents/ROS/catching_turtles_ros2/ws/install/interfaces/include/interfaces/interfaces/msg/detail/turtle_array__struct.h
[1.953s] -- Installing: /home/nikolai/Documents/ROS/catching_turtles_ros2/ws/install/interfaces/include/interfaces/interfaces/msg/detail/turtle__functions.h
[1.953s] -- Installing: /home/nikolai/Documents/ROS/catching_turtles_ros2/ws/install/interfaces/include/interfaces/interfaces/msg/detail/turtle_array__functions.c
[1.953s] -- Up-to-date: /home/nikolai/Documents/ROS/catching_turtles_ros2/ws/install/interfaces/include/interfaces/interfaces/msg/rosidl_generator_c__visibility_control.h
[1.953s] -- Installing: /home/nikolai/Documents/ROS/catching_turtles_ros2/ws/install/interfaces/include/interfaces/interfaces/msg/turtle_array.h
[1.953s] -- Installing: /home/nikolai/Documents/ROS/catching_turtles_ros2/ws/install/interfaces/include/interfaces/interfaces/msg/turtle.h
[1.953s] -- Up-to-date: /home/nikolai/Documents/ROS/catching_turtles_ros2/ws/install/interfaces/share/interfaces/environment/library_path.sh
[1.953s] -- Installing: /home/nikolai/Documents/ROS/catching_turtles_ros2/ws/install/interfaces/share/interfaces/environment/library_path.dsv
[1.953s] -- Installing: /home/nikolai/Documents/ROS/catching_turtles_ros2/ws/install/interfaces/lib/libinterfaces__rosidl_generator_c.so
[1.954s] -- Set runtime path of "/home/nikolai/Documents/ROS/catching_turtles_ros2/ws/install/interfaces/lib/libinterfaces__rosidl_generator_c.so" to ""
[1.954s] -- Up-to-date: /home/nikolai/Documents/ROS/catching_turtles_ros2/ws/install/interfaces/include/interfaces/interfaces
[1.954s] -- Up-to-date: /home/nikolai/Documents/ROS/catching_turtles_ros2/ws/install/interfaces/include/interfaces/interfaces/srv
[1.954s] -- Up-to-date: /home/nikolai/Documents/ROS/catching_turtles_ros2/ws/install/interfaces/include/interfaces/interfaces/srv/detail
[1.954s] -- Up-to-date: /home/nikolai/Documents/ROS/catching_turtles_ros2/ws/install/interfaces/include/interfaces/interfaces/srv/detail/kill_turtle__rosidl_typesupport_fastrtps_c.h
[1.954s] -- Installing: /home/nikolai/Documents/ROS/catching_turtles_ros2/ws/install/interfaces/include/interfaces/interfaces/srv/detail/catch_turtle__rosidl_typesupport_fastrtps_c.h
[1.954s] -- Up-to-date: /home/nikolai/Documents/ROS/catching_turtles_ros2/ws/install/interfaces/include/interfaces/interfaces/msg
[1.954s] -- Up-to-date: /home/nikolai/Documents/ROS/catching_turtles_ros2/ws/install/interfaces/include/interfaces/interfaces/msg/detail
[1.954s] -- Installing: /home/nikolai/Documents/ROS/catching_turtles_ros2/ws/install/interfaces/include/interfaces/interfaces/msg/detail/turtle__rosidl_typesupport_fastrtps_c.h
[1.954s] -- Installing: /home/nikolai/Documents/ROS/catching_turtles_ros2/ws/install/interfaces/include/interfaces/interfaces/msg/detail/turtle_array__rosidl_typesupport_fastrtps_c.h
[1.954s] -- Up-to-date: /home/nikolai/Documents/ROS/catching_turtles_ros2/ws/install/interfaces/include/interfaces/interfaces/msg/rosidl_typesupport_fastrtps_c__visibility_control.h
[1.954s] -- Installing: /home/nikolai/Documents/ROS/catching_turtles_ros2/ws/install/interfaces/lib/libinterfaces__rosidl_typesupport_fastrtps_c.so
[1.954s] -- Set runtime path of "/home/nikolai/Documents/ROS/catching_turtles_ros2/ws/install/interfaces/lib/libinterfaces__rosidl_typesupport_fastrtps_c.so" to ""
[1.954s] -- Up-to-date: /home/nikolai/Documents/ROS/catching_turtles_ros2/ws/install/interfaces/include/interfaces/interfaces
[1.955s] -- Up-to-date: /home/nikolai/Documents/ROS/catching_turtles_ros2/ws/install/interfaces/include/interfaces/interfaces/srv
[1.955s] -- Up-to-date: /home/nikolai/Documents/ROS/catching_turtles_ros2/ws/install/interfaces/include/interfaces/interfaces/srv/detail
[1.955s] -- Installing: /home/nikolai/Documents/ROS/catching_turtles_ros2/ws/install/interfaces/include/interfaces/interfaces/srv/detail/catch_turtle__type_support.c
[1.955s] -- Up-to-date: /home/nikolai/Documents/ROS/catching_turtles_ros2/ws/install/interfaces/include/interfaces/interfaces/srv/detail/kill_turtle__type_support.c
[1.955s] -- Up-to-date: /home/nikolai/Documents/ROS/catching_turtles_ros2/ws/install/interfaces/include/interfaces/interfaces/srv/detail/kill_turtle__rosidl_typesupport_introspection_c.h
[1.955s] -- Installing: /home/nikolai/Documents/ROS/catching_turtles_ros2/ws/install/interfaces/include/interfaces/interfaces/srv/detail/catch_turtle__rosidl_typesupport_introspection_c.h
[1.955s] -- Up-to-date: /home/nikolai/Documents/ROS/catching_turtles_ros2/ws/install/interfaces/include/interfaces/interfaces/msg
[1.955s] -- Up-to-date: /home/nikolai/Documents/ROS/catching_turtles_ros2/ws/install/interfaces/include/interfaces/interfaces/msg/detail
[1.955s] -- Installing: /home/nikolai/Documents/ROS/catching_turtles_ros2/ws/install/interfaces/include/interfaces/interfaces/msg/detail/turtle_array__type_support.c
[1.955s] -- Installing: /home/nikolai/Documents/ROS/catching_turtles_ros2/ws/install/interfaces/include/interfaces/interfaces/msg/detail/turtle_array__rosidl_typesupport_introspection_c.h
[1.955s] -- Installing: /home/nikolai/Documents/ROS/catching_turtles_ros2/ws/install/interfaces/include/interfaces/interfaces/msg/detail/turtle__type_support.c
[1.955s] -- Installing: /home/nikolai/Documents/ROS/catching_turtles_ros2/ws/install/interfaces/include/interfaces/interfaces/msg/detail/turtle__rosidl_typesupport_introspection_c.h
[1.955s] -- Up-to-date: /home/nikolai/Documents/ROS/catching_turtles_ros2/ws/install/interfaces/include/interfaces/interfaces/msg/rosidl_typesupport_introspection_c__visibility_control.h
[1.956s] -- Installing: /home/nikolai/Documents/ROS/catching_turtles_ros2/ws/install/interfaces/lib/libinterfaces__rosidl_typesupport_introspection_c.so
[1.956s] -- Set runtime path of "/home/nikolai/Documents/ROS/catching_turtles_ros2/ws/install/interfaces/lib/libinterfaces__rosidl_typesupport_introspection_c.so" to ""
[1.956s] -- Installing: /home/nikolai/Documents/ROS/catching_turtles_ros2/ws/install/interfaces/lib/libinterfaces__rosidl_typesupport_c.so
[1.956s] -- Set runtime path of "/home/nikolai/Documents/ROS/catching_turtles_ros2/ws/install/interfaces/lib/libinterfaces__rosidl_typesupport_c.so" to ""
[1.956s] -- Up-to-date: /home/nikolai/Documents/ROS/catching_turtles_ros2/ws/install/interfaces/include/interfaces/interfaces
[1.956s] -- Up-to-date: /home/nikolai/Documents/ROS/catching_turtles_ros2/ws/install/interfaces/include/interfaces/interfaces/srv
[1.956s] -- Up-to-date: /home/nikolai/Documents/ROS/catching_turtles_ros2/ws/install/interfaces/include/interfaces/interfaces/srv/detail
[1.956s] -- Up-to-date: /home/nikolai/Documents/ROS/catching_turtles_ros2/ws/install/interfaces/include/interfaces/interfaces/srv/detail/kill_turtle__builder.hpp
[1.956s] -- Installing: /home/nikolai/Documents/ROS/catching_turtles_ros2/ws/install/interfaces/include/interfaces/interfaces/srv/detail/catch_turtle__builder.hpp
[1.956s] -- Up-to-date: /home/nikolai/Documents/ROS/catching_turtles_ros2/ws/install/interfaces/include/interfaces/interfaces/srv/detail/kill_turtle__struct.hpp
[1.956s] -- Up-to-date: /home/nikolai/Documents/ROS/catching_turtles_ros2/ws/install/interfaces/include/interfaces/interfaces/srv/detail/kill_turtle__traits.hpp
[1.956s] -- Installing: /home/nikolai/Documents/ROS/catching_turtles_ros2/ws/install/interfaces/include/interfaces/interfaces/srv/detail/catch_turtle__struct.hpp
[1.956s] -- Installing: /home/nikolai/Documents/ROS/catching_turtles_ros2/ws/install/interfaces/include/interfaces/interfaces/srv/detail/catch_turtle__traits.hpp
[1.956s] -- Up-to-date: /home/nikolai/Documents/ROS/catching_turtles_ros2/ws/install/interfaces/include/interfaces/interfaces/srv/kill_turtle.hpp
[1.956s] -- Installing: /home/nikolai/Documents/ROS/catching_turtles_ros2/ws/install/interfaces/include/interfaces/interfaces/srv/catch_turtle.hpp
[1.956s] -- Up-to-date: /home/nikolai/Documents/ROS/catching_turtles_ros2/ws/install/interfaces/include/interfaces/interfaces/msg
[1.956s] -- Up-to-date: /home/nikolai/Documents/ROS/catching_turtles_ros2/ws/install/interfaces/include/interfaces/interfaces/msg/detail
[1.956s] -- Installing: /home/nikolai/Documents/ROS/catching_turtles_ros2/ws/install/interfaces/include/interfaces/interfaces/msg/detail/turtle__struct.hpp
[1.956s] -- Installing: /home/nikolai/Documents/ROS/catching_turtles_ros2/ws/install/interfaces/include/interfaces/interfaces/msg/detail/turtle_array__struct.hpp
[1.956s] -- Installing: /home/nikolai/Documents/ROS/catching_turtles_ros2/ws/install/interfaces/include/interfaces/interfaces/msg/detail/turtle__builder.hpp
[1.956s] -- Installing: /home/nikolai/Documents/ROS/catching_turtles_ros2/ws/install/interfaces/include/interfaces/interfaces/msg/detail/turtle__traits.hpp
[1.956s] -- Installing: /home/nikolai/Documents/ROS/catching_turtles_ros2/ws/install/interfaces/include/interfaces/interfaces/msg/detail/turtle_array__traits.hpp
[1.956s] -- Installing: /home/nikolai/Documents/ROS/catching_turtles_ros2/ws/install/interfaces/include/interfaces/interfaces/msg/detail/turtle_array__builder.hpp
[1.956s] -- Installing: /home/nikolai/Documents/ROS/catching_turtles_ros2/ws/install/interfaces/include/interfaces/interfaces/msg/turtle_array.hpp
[1.956s] -- Installing: /home/nikolai/Documents/ROS/catching_turtles_ros2/ws/install/interfaces/include/interfaces/interfaces/msg/turtle.hpp
[1.957s] -- Up-to-date: /home/nikolai/Documents/ROS/catching_turtles_ros2/ws/install/interfaces/include/interfaces/interfaces
[1.957s] -- Up-to-date: /home/nikolai/Documents/ROS/catching_turtles_ros2/ws/install/interfaces/include/interfaces/interfaces/srv
[1.957s] -- Up-to-date: /home/nikolai/Documents/ROS/catching_turtles_ros2/ws/install/interfaces/include/interfaces/interfaces/srv/detail
[1.957s] -- Up-to-date: /home/nikolai/Documents/ROS/catching_turtles_ros2/ws/install/interfaces/include/interfaces/interfaces/srv/detail/dds_fastrtps
[1.957s] -- Up-to-date: /home/nikolai/Documents/ROS/catching_turtles_ros2/ws/install/interfaces/include/interfaces/interfaces/srv/detail/kill_turtle__rosidl_typesupport_fastrtps_cpp.hpp
[1.957s] -- Installing: /home/nikolai/Documents/ROS/catching_turtles_ros2/ws/install/interfaces/include/interfaces/interfaces/srv/detail/catch_turtle__rosidl_typesupport_fastrtps_cpp.hpp
[1.957s] -- Up-to-date: /home/nikolai/Documents/ROS/catching_turtles_ros2/ws/install/interfaces/include/interfaces/interfaces/msg
[1.957s] -- Up-to-date: /home/nikolai/Documents/ROS/catching_turtles_ros2/ws/install/interfaces/include/interfaces/interfaces/msg/detail
[1.957s] -- Installing: /home/nikolai/Documents/ROS/catching_turtles_ros2/ws/install/interfaces/include/interfaces/interfaces/msg/detail/turtle_array__rosidl_typesupport_fastrtps_cpp.hpp
[1.957s] -- Up-to-date: /home/nikolai/Documents/ROS/catching_turtles_ros2/ws/install/interfaces/include/interfaces/interfaces/msg/detail/dds_fastrtps
[1.957s] -- Installing: /home/nikolai/Documents/ROS/catching_turtles_ros2/ws/install/interfaces/include/interfaces/interfaces/msg/detail/turtle__rosidl_typesupport_fastrtps_cpp.hpp
[1.957s] -- Up-to-date: /home/nikolai/Documents/ROS/catching_turtles_ros2/ws/install/interfaces/include/interfaces/interfaces/msg/rosidl_typesupport_fastrtps_cpp__visibility_control.h
[1.957s] -- Installing: /home/nikolai/Documents/ROS/catching_turtles_ros2/ws/install/interfaces/lib/libinterfaces__rosidl_typesupport_fastrtps_cpp.so
[1.957s] -- Set runtime path of "/home/nikolai/Documents/ROS/catching_turtles_ros2/ws/install/interfaces/lib/libinterfaces__rosidl_typesupport_fastrtps_cpp.so" to ""
[1.957s] -- Up-to-date: /home/nikolai/Documents/ROS/catching_turtles_ros2/ws/install/interfaces/include/interfaces/interfaces
[1.957s] -- Up-to-date: /home/nikolai/Documents/ROS/catching_turtles_ros2/ws/install/interfaces/include/interfaces/interfaces/srv
[1.957s] -- Up-to-date: /home/nikolai/Documents/ROS/catching_turtles_ros2/ws/install/interfaces/include/interfaces/interfaces/srv/detail
[1.957s] -- Installing: /home/nikolai/Documents/ROS/catching_turtles_ros2/ws/install/interfaces/include/interfaces/interfaces/srv/detail/catch_turtle__type_support.cpp
[1.957s] -- Up-to-date: /home/nikolai/Documents/ROS/catching_turtles_ros2/ws/install/interfaces/include/interfaces/interfaces/srv/detail/kill_turtle__rosidl_typesupport_introspection_cpp.hpp
[1.957s] -- Up-to-date: /home/nikolai/Documents/ROS/catching_turtles_ros2/ws/install/interfaces/include/interfaces/interfaces/srv/detail/kill_turtle__type_support.cpp
[1.957s] -- Installing: /home/nikolai/Documents/ROS/catching_turtles_ros2/ws/install/interfaces/include/interfaces/interfaces/srv/detail/catch_turtle__rosidl_typesupport_introspection_cpp.hpp
[1.957s] -- Up-to-date: /home/nikolai/Documents/ROS/catching_turtles_ros2/ws/install/interfaces/include/interfaces/interfaces/msg
[1.957s] -- Up-to-date: /home/nikolai/Documents/ROS/catching_turtles_ros2/ws/install/interfaces/include/interfaces/interfaces/msg/detail
[1.957s] -- Installing: /home/nikolai/Documents/ROS/catching_turtles_ros2/ws/install/interfaces/include/interfaces/interfaces/msg/detail/turtle__rosidl_typesupport_introspection_cpp.hpp
[1.957s] -- Installing: /home/nikolai/Documents/ROS/catching_turtles_ros2/ws/install/interfaces/include/interfaces/interfaces/msg/detail/turtle__type_support.cpp
[1.957s] -- Installing: /home/nikolai/Documents/ROS/catching_turtles_ros2/ws/install/interfaces/include/interfaces/interfaces/msg/detail/turtle_array__rosidl_typesupport_introspection_cpp.hpp
[1.957s] -- Installing: /home/nikolai/Documents/ROS/catching_turtles_ros2/ws/install/interfaces/include/interfaces/interfaces/msg/detail/turtle_array__type_support.cpp
[1.957s] -- Installing: /home/nikolai/Documents/ROS/catching_turtles_ros2/ws/install/interfaces/lib/libinterfaces__rosidl_typesupport_introspection_cpp.so
[1.957s] -- Set runtime path of "/home/nikolai/Documents/ROS/catching_turtles_ros2/ws/install/interfaces/lib/libinterfaces__rosidl_typesupport_introspection_cpp.so" to ""
[1.957s] -- Installing: /home/nikolai/Documents/ROS/catching_turtles_ros2/ws/install/interfaces/lib/libinterfaces__rosidl_typesupport_cpp.so
[1.957s] -- Set runtime path of "/home/nikolai/Documents/ROS/catching_turtles_ros2/ws/install/interfaces/lib/libinterfaces__rosidl_typesupport_cpp.so" to ""
[1.958s] -- Up-to-date: /home/nikolai/Documents/ROS/catching_turtles_ros2/ws/install/interfaces/share/interfaces/environment/pythonpath.sh
[1.958s] -- Installing: /home/nikolai/Documents/ROS/catching_turtles_ros2/ws/install/interfaces/share/interfaces/environment/pythonpath.dsv
[1.958s] -- Up-to-date: /home/nikolai/Documents/ROS/catching_turtles_ros2/ws/install/interfaces/local/lib/python3.10/dist-packages/interfaces-0.0.0-py3.10.egg-info
[1.958s] -- Installing: /home/nikolai/Documents/ROS/catching_turtles_ros2/ws/install/interfaces/local/lib/python3.10/dist-packages/interfaces-0.0.0-py3.10.egg-info/SOURCES.txt
[1.958s] -- Installing: /home/nikolai/Documents/ROS/catching_turtles_ros2/ws/install/interfaces/local/lib/python3.10/dist-packages/interfaces-0.0.0-py3.10.egg-info/PKG-INFO
[1.958s] -- Installing: /home/nikolai/Documents/ROS/catching_turtles_ros2/ws/install/interfaces/local/lib/python3.10/dist-packages/interfaces-0.0.0-py3.10.egg-info/dependency_links.txt
[1.958s] -- Installing: /home/nikolai/Documents/ROS/catching_turtles_ros2/ws/install/interfaces/local/lib/python3.10/dist-packages/interfaces-0.0.0-py3.10.egg-info/top_level.txt
[1.958s] -- Up-to-date: /home/nikolai/Documents/ROS/catching_turtles_ros2/ws/install/interfaces/local/lib/python3.10/dist-packages/interfaces
[1.958s] -- Installing: /home/nikolai/Documents/ROS/catching_turtles_ros2/ws/install/interfaces/local/lib/python3.10/dist-packages/interfaces/_interfaces_s.ep.rosidl_typesupport_introspection_c.c
[1.958s] -- Installing: /home/nikolai/Documents/ROS/catching_turtles_ros2/ws/install/interfaces/local/lib/python3.10/dist-packages/interfaces/interfaces_s__rosidl_typesupport_introspection_c.cpython-310-x86_64-linux-gnu.so
[1.958s] -- Installing: /home/nikolai/Documents/ROS/catching_turtles_ros2/ws/install/interfaces/local/lib/python3.10/dist-packages/interfaces/_interfaces_s.ep.rosidl_typesupport_fastrtps_c.c
[1.958s] -- Installing: /home/nikolai/Documents/ROS/catching_turtles_ros2/ws/install/interfaces/local/lib/python3.10/dist-packages/interfaces/libinterfaces__rosidl_generator_py.so
[1.958s] -- Installing: /home/nikolai/Documents/ROS/catching_turtles_ros2/ws/install/interfaces/local/lib/python3.10/dist-packages/interfaces/__init__.py
[1.958s] -- Installing: /home/nikolai/Documents/ROS/catching_turtles_ros2/ws/install/interfaces/local/lib/python3.10/dist-packages/interfaces/interfaces_s__rosidl_typesupport_c.cpython-310-x86_64-linux-gnu.so
[1.958s] -- Installing: /home/nikolai/Documents/ROS/catching_turtles_ros2/ws/install/interfaces/local/lib/python3.10/dist-packages/interfaces/interfaces_s__rosidl_typesupport_fastrtps_c.cpython-310-x86_64-linux-gnu.so
[1.958s] -- Up-to-date: /home/nikolai/Documents/ROS/catching_turtles_ros2/ws/install/interfaces/local/lib/python3.10/dist-packages/interfaces/srv
[1.958s] -- Up-to-date: /home/nikolai/Documents/ROS/catching_turtles_ros2/ws/install/interfaces/local/lib/python3.10/dist-packages/interfaces/srv/_kill_turtle_s.c
[1.958s] -- Installing: /home/nikolai/Documents/ROS/catching_turtles_ros2/ws/install/interfaces/local/lib/python3.10/dist-packages/interfaces/srv/_catch_turtle_s.c
[1.958s] -- Installing: /home/nikolai/Documents/ROS/catching_turtles_ros2/ws/install/interfaces/local/lib/python3.10/dist-packages/interfaces/srv/_catch_turtle.py
[1.958s] -- Installing: /home/nikolai/Documents/ROS/catching_turtles_ros2/ws/install/interfaces/local/lib/python3.10/dist-packages/interfaces/srv/__init__.py
[1.958s] -- Up-to-date: /home/nikolai/Documents/ROS/catching_turtles_ros2/ws/install/interfaces/local/lib/python3.10/dist-packages/interfaces/srv/_kill_turtle.py
[1.958s] -- Up-to-date: /home/nikolai/Documents/ROS/catching_turtles_ros2/ws/install/interfaces/local/lib/python3.10/dist-packages/interfaces/msg
[1.958s] -- Installing: /home/nikolai/Documents/ROS/catching_turtles_ros2/ws/install/interfaces/local/lib/python3.10/dist-packages/interfaces/msg/_turtle_array_s.c
[1.958s] -- Installing: /home/nikolai/Documents/ROS/catching_turtles_ros2/ws/install/interfaces/local/lib/python3.10/dist-packages/interfaces/msg/__init__.py
[1.958s] -- Installing: /home/nikolai/Documents/ROS/catching_turtles_ros2/ws/install/interfaces/local/lib/python3.10/dist-packages/interfaces/msg/_turtle.py
[1.958s] -- Installing: /home/nikolai/Documents/ROS/catching_turtles_ros2/ws/install/interfaces/local/lib/python3.10/dist-packages/interfaces/msg/_turtle_array.py
[1.958s] -- Installing: /home/nikolai/Documents/ROS/catching_turtles_ros2/ws/install/interfaces/local/lib/python3.10/dist-packages/interfaces/msg/_turtle_s.c
[1.958s] -- Installing: /home/nikolai/Documents/ROS/catching_turtles_ros2/ws/install/interfaces/local/lib/python3.10/dist-packages/interfaces/_interfaces_s.ep.rosidl_typesupport_c.c
[1.980s] Listing '/home/nikolai/Documents/ROS/catching_turtles_ros2/ws/install/interfaces/local/lib/python3.10/dist-packages/interfaces'...
[1.980s] Compiling '/home/nikolai/Documents/ROS/catching_turtles_ros2/ws/install/interfaces/local/lib/python3.10/dist-packages/interfaces/__init__.py'...
[1.980s] Listing '/home/nikolai/Documents/ROS/catching_turtles_ros2/ws/install/interfaces/local/lib/python3.10/dist-packages/interfaces/msg'...
[1.980s] Compiling '/home/nikolai/Documents/ROS/catching_turtles_ros2/ws/install/interfaces/local/lib/python3.10/dist-packages/interfaces/msg/__init__.py'...
[1.980s] Compiling '/home/nikolai/Documents/ROS/catching_turtles_ros2/ws/install/interfaces/local/lib/python3.10/dist-packages/interfaces/msg/_turtle.py'...
[1.980s] Compiling '/home/nikolai/Documents/ROS/catching_turtles_ros2/ws/install/interfaces/local/lib/python3.10/dist-packages/interfaces/msg/_turtle_array.py'...
[1.980s] Listing '/home/nikolai/Documents/ROS/catching_turtles_ros2/ws/install/interfaces/local/lib/python3.10/dist-packages/interfaces/srv'...
[1.980s] Compiling '/home/nikolai/Documents/ROS/catching_turtles_ros2/ws/install/interfaces/local/lib/python3.10/dist-packages/interfaces/srv/__init__.py'...
[1.980s] Compiling '/home/nikolai/Documents/ROS/catching_turtles_ros2/ws/install/interfaces/local/lib/python3.10/dist-packages/interfaces/srv/_catch_turtle.py'...
[1.983s] -- Installing: /home/nikolai/Documents/ROS/catching_turtles_ros2/ws/install/interfaces/local/lib/python3.10/dist-packages/interfaces/interfaces_s__rosidl_typesupport_fastrtps_c.cpython-310-x86_64-linux-gnu.so
[1.983s] -- Set runtime path of "/home/nikolai/Documents/ROS/catching_turtles_ros2/ws/install/interfaces/local/lib/python3.10/dist-packages/interfaces/interfaces_s__rosidl_typesupport_fastrtps_c.cpython-310-x86_64-linux-gnu.so" to ""
[1.983s] -- Installing: /home/nikolai/Documents/ROS/catching_turtles_ros2/ws/install/interfaces/local/lib/python3.10/dist-packages/interfaces/interfaces_s__rosidl_typesupport_introspection_c.cpython-310-x86_64-linux-gnu.so
[1.983s] -- Set runtime path of "/home/nikolai/Documents/ROS/catching_turtles_ros2/ws/install/interfaces/local/lib/python3.10/dist-packages/interfaces/interfaces_s__rosidl_typesupport_introspection_c.cpython-310-x86_64-linux-gnu.so" to ""
[1.983s] -- Installing: /home/nikolai/Documents/ROS/catching_turtles_ros2/ws/install/interfaces/local/lib/python3.10/dist-packages/interfaces/interfaces_s__rosidl_typesupport_c.cpython-310-x86_64-linux-gnu.so
[1.983s] -- Set runtime path of "/home/nikolai/Documents/ROS/catching_turtles_ros2/ws/install/interfaces/local/lib/python3.10/dist-packages/interfaces/interfaces_s__rosidl_typesupport_c.cpython-310-x86_64-linux-gnu.so" to ""
[1.984s] -- Installing: /home/nikolai/Documents/ROS/catching_turtles_ros2/ws/install/interfaces/lib/libinterfaces__rosidl_generator_py.so
[1.984s] -- Set runtime path of "/home/nikolai/Documents/ROS/catching_turtles_ros2/ws/install/interfaces/lib/libinterfaces__rosidl_generator_py.so" to ""
[1.984s] -- Installing: /home/nikolai/Documents/ROS/catching_turtles_ros2/ws/install/interfaces/share/interfaces/msg/Turtle.idl
[1.984s] -- Up-to-date: /home/nikolai/Documents/ROS/catching_turtles_ros2/ws/install/interfaces/share/interfaces/msg/TurtleArray.idl
[1.984s] -- Up-to-date: /home/nikolai/Documents/ROS/catching_turtles_ros2/ws/install/interfaces/share/interfaces/srv/CatchTurtle.idl
[1.984s] -- Installing: /home/nikolai/Documents/ROS/catching_turtles_ros2/ws/install/interfaces/share/interfaces/msg/Turtle.msg
[1.984s] -- Up-to-date: /home/nikolai/Documents/ROS/catching_turtles_ros2/ws/install/interfaces/share/interfaces/msg/TurtleArray.msg
[1.984s] -- Up-to-date: /home/nikolai/Documents/ROS/catching_turtles_ros2/ws/install/interfaces/share/interfaces/srv/CatchTurtle.srv
[1.984s] -- Up-to-date: /home/nikolai/Documents/ROS/catching_turtles_ros2/ws/install/interfaces/share/interfaces/srv/CatchTurtle_Request.msg
[1.984s] -- Up-to-date: /home/nikolai/Documents/ROS/catching_turtles_ros2/ws/install/interfaces/share/interfaces/srv/CatchTurtle_Response.msg
[1.984s] -- Up-to-date: /home/nikolai/Documents/ROS/catching_turtles_ros2/ws/install/interfaces/share/ament_index/resource_index/package_run_dependencies/interfaces
[1.984s] -- Installing: /home/nikolai/Documents/ROS/catching_turtles_ros2/ws/install/interfaces/share/ament_index/resource_index/parent_prefix_path/interfaces
[1.984s] -- Up-to-date: /home/nikolai/Documents/ROS/catching_turtles_ros2/ws/install/interfaces/share/interfaces/environment/ament_prefix_path.sh
[1.984s] -- Installing: /home/nikolai/Documents/ROS/catching_turtles_ros2/ws/install/interfaces/share/interfaces/environment/ament_prefix_path.dsv
[1.984s] -- Up-to-date: /home/nikolai/Documents/ROS/catching_turtles_ros2/ws/install/interfaces/share/interfaces/environment/path.sh
[1.984s] -- Installing: /home/nikolai/Documents/ROS/catching_turtles_ros2/ws/install/interfaces/share/interfaces/environment/path.dsv
[1.984s] -- Up-to-date: /home/nikolai/Documents/ROS/catching_turtles_ros2/ws/install/interfaces/share/interfaces/local_setup.bash
[1.984s] -- Up-to-date: /home/nikolai/Documents/ROS/catching_turtles_ros2/ws/install/interfaces/share/interfaces/local_setup.sh
[1.984s] -- Up-to-date: /home/nikolai/Documents/ROS/catching_turtles_ros2/ws/install/interfaces/share/interfaces/local_setup.zsh
[1.984s] -- Installing: /home/nikolai/Documents/ROS/catching_turtles_ros2/ws/install/interfaces/share/interfaces/local_setup.dsv
[1.984s] -- Installing: /home/nikolai/Documents/ROS/catching_turtles_ros2/ws/install/interfaces/share/interfaces/package.dsv
[1.984s] -- Up-to-date: /home/nikolai/Documents/ROS/catching_turtles_ros2/ws/install/interfaces/share/ament_index/resource_index/packages/interfaces
[1.984s] -- Up-to-date: /home/nikolai/Documents/ROS/catching_turtles_ros2/ws/install/interfaces/share/interfaces/cmake/export_interfaces__rosidl_generator_cExport.cmake
[1.984s] -- Up-to-date: /home/nikolai/Documents/ROS/catching_turtles_ros2/ws/install/interfaces/share/interfaces/cmake/export_interfaces__rosidl_generator_cExport-noconfig.cmake
[1.985s] -- Up-to-date: /home/nikolai/Documents/ROS/catching_turtles_ros2/ws/install/interfaces/share/interfaces/cmake/export_interfaces__rosidl_typesupport_fastrtps_cExport.cmake
[1.985s] -- Up-to-date: /home/nikolai/Documents/ROS/catching_turtles_ros2/ws/install/interfaces/share/interfaces/cmake/export_interfaces__rosidl_typesupport_fastrtps_cExport-noconfig.cmake
[1.985s] -- Up-to-date: /home/nikolai/Documents/ROS/catching_turtles_ros2/ws/install/interfaces/share/interfaces/cmake/interfaces__rosidl_typesupport_introspection_cExport.cmake
[1.985s] -- Up-to-date: /home/nikolai/Documents/ROS/catching_turtles_ros2/ws/install/interfaces/share/interfaces/cmake/interfaces__rosidl_typesupport_introspection_cExport-noconfig.cmake
[1.985s] -- Up-to-date: /home/nikolai/Documents/ROS/catching_turtles_ros2/ws/install/interfaces/share/interfaces/cmake/interfaces__rosidl_typesupport_cExport.cmake
[1.985s] -- Up-to-date: /home/nikolai/Documents/ROS/catching_turtles_ros2/ws/install/interfaces/share/interfaces/cmake/interfaces__rosidl_typesupport_cExport-noconfig.cmake
[1.985s] -- Up-to-date: /home/nikolai/Documents/ROS/catching_turtles_ros2/ws/install/interfaces/share/interfaces/cmake/export_interfaces__rosidl_generator_cppExport.cmake
[1.985s] -- Up-to-date: /home/nikolai/Documents/ROS/catching_turtles_ros2/ws/install/interfaces/share/interfaces/cmake/export_interfaces__rosidl_typesupport_fastrtps_cppExport.cmake
[1.985s] -- Up-to-date: /home/nikolai/Documents/ROS/catching_turtles_ros2/ws/install/interfaces/share/interfaces/cmake/export_interfaces__rosidl_typesupport_fastrtps_cppExport-noconfig.cmake
[1.985s] -- Up-to-date: /home/nikolai/Documents/ROS/catching_turtles_ros2/ws/install/interfaces/share/interfaces/cmake/interfaces__rosidl_typesupport_introspection_cppExport.cmake
[1.985s] -- Up-to-date: /home/nikolai/Documents/ROS/catching_turtles_ros2/ws/install/interfaces/share/interfaces/cmake/interfaces__rosidl_typesupport_introspection_cppExport-noconfig.cmake
[1.985s] -- Up-to-date: /home/nikolai/Documents/ROS/catching_turtles_ros2/ws/install/interfaces/share/interfaces/cmake/interfaces__rosidl_typesupport_cppExport.cmake
[1.985s] -- Up-to-date: /home/nikolai/Documents/ROS/catching_turtles_ros2/ws/install/interfaces/share/interfaces/cmake/interfaces__rosidl_typesupport_cppExport-noconfig.cmake
[1.985s] -- Up-to-date: /home/nikolai/Documents/ROS/catching_turtles_ros2/ws/install/interfaces/share/interfaces/cmake/export_interfaces__rosidl_generator_pyExport.cmake
[1.985s] -- Up-to-date: /home/nikolai/Documents/ROS/catching_turtles_ros2/ws/install/interfaces/share/interfaces/cmake/export_interfaces__rosidl_generator_pyExport-noconfig.cmake
[1.985s] -- Up-to-date: /home/nikolai/Documents/ROS/catching_turtles_ros2/ws/install/interfaces/share/interfaces/cmake/rosidl_cmake-extras.cmake
[1.985s] -- Up-to-date: /home/nikolai/Documents/ROS/catching_turtles_ros2/ws/install/interfaces/share/interfaces/cmake/ament_cmake_export_include_directories-extras.cmake
[1.985s] -- Up-to-date: /home/nikolai/Documents/ROS/catching_turtles_ros2/ws/install/interfaces/share/interfaces/cmake/ament_cmake_export_libraries-extras.cmake
[1.985s] -- Up-to-date: /home/nikolai/Documents/ROS/catching_turtles_ros2/ws/install/interfaces/share/interfaces/cmake/ament_cmake_export_targets-extras.cmake
[1.985s] -- Up-to-date: /home/nikolai/Documents/ROS/catching_turtles_ros2/ws/install/interfaces/share/interfaces/cmake/rosidl_cmake_export_typesupport_targets-extras.cmake
[1.985s] -- Up-to-date: /home/nikolai/Documents/ROS/catching_turtles_ros2/ws/install/interfaces/share/interfaces/cmake/ament_cmake_export_dependencies-extras.cmake
[1.985s] -- Up-to-date: /home/nikolai/Documents/ROS/catching_turtles_ros2/ws/install/interfaces/share/interfaces/cmake/rosidl_cmake_export_typesupport_libraries-extras.cmake
[1.985s] -- Up-to-date: /home/nikolai/Documents/ROS/catching_turtles_ros2/ws/install/interfaces/share/interfaces/cmake/interfacesConfig.cmake
[1.985s] -- Up-to-date: /home/nikolai/Documents/ROS/catching_turtles_ros2/ws/install/interfaces/share/interfaces/cmake/interfacesConfig-version.cmake
[1.985s] -- Up-to-date: /home/nikolai/Documents/ROS/catching_turtles_ros2/ws/install/interfaces/share/interfaces/package.xml
[1.987s] Invoked command in '/home/nikolai/Documents/ROS/catching_turtles_ros2/ws/build/interfaces' returned '0': CMAKE_PREFIX_PATH=${CMAKE_PREFIX_PATH}:/home/nikolai/Documents/ROS/catching_turtles_ros2/ws/install/python_pkg:/opt/ros/humble /usr/bin/cmake --install /home/nikolai/Documents/ROS/catching_turtles_ros2/ws/build/interfaces
