[0.010s] Invoking command in '/home/nikolai/Documents/ROS/catching_turtles_ros2/ws/build/interfaces': CMAKE_PREFIX_PATH=/home/nikolai/Documents/ROS/catching_turtles_ros2/ws/install/python_pkg:/opt/ros/humble /usr/bin/cmake /home/nikolai/Documents/ROS/catching_turtles_ros2/ws/src/interfaces -DCMAKE_INSTALL_PREFIX=/home/nikolai/Documents/ROS/catching_turtles_ros2/ws/install/interfaces
[0.063s] -- The C compiler identification is GNU 11.3.0
[0.111s] -- The CXX compiler identification is GNU 11.3.0
[0.114s] -- Detecting C compiler ABI info
[0.151s] -- Detecting C compiler ABI info - done
[0.155s] -- Check for working C compiler: /usr/bin/cc - skipped
[0.155s] -- Detecting C compile features
[0.155s] -- Detecting C compile features - done
[0.157s] -- Detecting CXX compiler ABI info
[0.199s] -- Detecting CXX compiler ABI info - done
[0.203s] -- Check for working CXX compiler: /usr/bin/c++ - skipped
[0.203s] -- Detecting CXX compile features
[0.203s] -- Detecting CXX compile features - done
[0.204s] -- Found ament_cmake: 1.3.3 (/opt/ros/humble/share/ament_cmake/cmake)
[0.297s] -- Found Python3: /usr/bin/python3.10 (found version "3.10.6") found components: Interpreter 
[0.342s] -- Found geometry_msgs: 4.2.3 (/opt/ros/humble/share/geometry_msgs/cmake)
[0.360s] -- Found rosidl_generator_c: 3.1.4 (/opt/ros/humble/share/rosidl_generator_c/cmake)
[0.362s] -- Found rosidl_adapter: 3.1.4 (/opt/ros/humble/share/rosidl_adapter/cmake)
[0.367s] -- Found rosidl_generator_cpp: 3.1.4 (/opt/ros/humble/share/rosidl_generator_cpp/cmake)
[0.374s] -- Using all available rosidl_typesupport_c: rosidl_typesupport_fastrtps_c;rosidl_typesupport_introspection_c
[0.383s] -- Using all available rosidl_typesupport_cpp: rosidl_typesupport_fastrtps_cpp;rosidl_typesupport_introspection_cpp
[0.449s] -- Found rosidl_default_generators: 1.2.0 (/opt/ros/humble/share/rosidl_default_generators/cmake)
[0.590s] -- Found ament_cmake_ros: 0.10.0 (/opt/ros/humble/share/ament_cmake_ros/cmake)
[0.751s] -- Using all available rosidl_typesupport_c: rosidl_typesupport_fastrtps_c;rosidl_typesupport_introspection_c
[0.813s] -- Using all available rosidl_typesupport_cpp: rosidl_typesupport_fastrtps_cpp;rosidl_typesupport_introspection_cpp
[0.825s] -- Found PythonInterp: /usr/bin/python3 (found suitable version "3.10.6", minimum required is "3.6") 
[0.826s] -- Found python_cmake_module: 0.10.0 (/opt/ros/humble/share/python_cmake_module/cmake)
[0.845s] -- Found PythonLibs: /usr/lib/x86_64-linux-gnu/libpython3.10.so (found suitable version "3.10.6", minimum required is "3.5") 
[0.845s] -- Using PYTHON_EXECUTABLE: /usr/bin/python3
[0.845s] -- Using PYTHON_INCLUDE_DIRS: /usr/include/python3.10
[0.845s] -- Using PYTHON_LIBRARIES: /usr/lib/x86_64-linux-gnu/libpython3.10.so
[0.856s] -- Found PythonExtra: .so  
[0.873s] -- Found ament_lint_auto: 0.12.5 (/opt/ros/humble/share/ament_lint_auto/cmake)
[0.881s] -- Added test 'lint_cmake' to check CMake code style
[0.881s] -- Added test 'xmllint' to check XML markup files
[0.882s] -- Configuring done
[0.897s] -- Generating done
[0.898s] -- Build files have been written to: /home/nikolai/Documents/ROS/catching_turtles_ros2/ws/build/interfaces
[0.904s] Invoked command in '/home/nikolai/Documents/ROS/catching_turtles_ros2/ws/build/interfaces' returned '0': CMAKE_PREFIX_PATH=/home/nikolai/Documents/ROS/catching_turtles_ros2/ws/install/python_pkg:/opt/ros/humble /usr/bin/cmake /home/nikolai/Documents/ROS/catching_turtles_ros2/ws/src/interfaces -DCMAKE_INSTALL_PREFIX=/home/nikolai/Documents/ROS/catching_turtles_ros2/ws/install/interfaces
[0.904s] Invoking command in '/home/nikolai/Documents/ROS/catching_turtles_ros2/ws/build/interfaces': CMAKE_PREFIX_PATH=/home/nikolai/Documents/ROS/catching_turtles_ros2/ws/install/python_pkg:/opt/ros/humble /usr/bin/cmake --build /home/nikolai/Documents/ROS/catching_turtles_ros2/ws/build/interfaces -- -j20 -l20
[0.923s] [  2%] [34m[1mGenerating C code for ROS interfaces[0m
[0.927s] [  4%] [34m[1mGenerating C++ code for ROS interfaces[0m
[0.931s] [  4%] Built target ament_cmake_python_copy_interfaces
[1.056s] running egg_info
[1.057s] creating interfaces.egg-info
[1.057s] writing interfaces.egg-info/PKG-INFO
[1.057s] writing dependency_links to interfaces.egg-info/dependency_links.txt
[1.057s] writing top-level names to interfaces.egg-info/top_level.txt
[1.057s] writing manifest file 'interfaces.egg-info/SOURCES.txt'
[1.058s] reading manifest file 'interfaces.egg-info/SOURCES.txt'
[1.058s] writing manifest file 'interfaces.egg-info/SOURCES.txt'
[1.073s] [  4%] Built target ament_cmake_python_build_interfaces_egg
[1.110s] [  4%] Built target interfaces__cpp
[1.115s] [  6%] [34m[1mGenerating C++ type support dispatch for ROS interfaces[0m
[1.116s] [  8%] [34m[1mGenerating C++ type support for eProsima Fast-RTPS[0m
[1.116s] [ 10%] [34m[1mGenerating C++ introspection for ROS interfaces[0m
[1.121s] [ 12%] [32mBuilding C object CMakeFiles/interfaces__rosidl_generator_c.dir/rosidl_generator_c/interfaces/msg/detail/turtle__functions.c.o[0m
[1.121s] [ 14%] [32mBuilding C object CMakeFiles/interfaces__rosidl_generator_c.dir/rosidl_generator_c/interfaces/msg/detail/turtle_array__functions.c.o[0m
[1.121s] [ 17%] [32mBuilding C object CMakeFiles/interfaces__rosidl_generator_c.dir/rosidl_generator_c/interfaces/srv/detail/kill_turtle__functions.c.o[0m
[1.160s] [ 19%] [32m[1mLinking C shared library libinterfaces__rosidl_generator_c.so[0m
[1.179s] [ 19%] Built target interfaces__rosidl_generator_c
[1.184s] [ 21%] [34m[1mGenerating C type support for eProsima Fast-RTPS[0m
[1.184s] [ 23%] [34m[1mGenerating C introspection for ROS interfaces[0m
[1.185s] [ 25%] [34m[1mGenerating C type support dispatch for ROS interfaces[0m
[1.276s] [ 27%] [32mBuilding CXX object CMakeFiles/interfaces__rosidl_typesupport_cpp.dir/rosidl_typesupport_cpp/interfaces/msg/turtle__type_support.cpp.o[0m
[1.278s] [ 29%] [32mBuilding CXX object CMakeFiles/interfaces__rosidl_typesupport_cpp.dir/rosidl_typesupport_cpp/interfaces/msg/turtle_array__type_support.cpp.o[0m
[1.278s] [ 31%] [32mBuilding CXX object CMakeFiles/interfaces__rosidl_typesupport_cpp.dir/rosidl_typesupport_cpp/interfaces/srv/kill_turtle__type_support.cpp.o[0m
[1.297s] [ 34%] [32mBuilding CXX object CMakeFiles/interfaces__rosidl_typesupport_introspection_cpp.dir/rosidl_typesupport_introspection_cpp/interfaces/srv/detail/kill_turtle__type_support.cpp.o[0m
[1.299s] [ 36%] [32mBuilding CXX object CMakeFiles/interfaces__rosidl_typesupport_introspection_cpp.dir/rosidl_typesupport_introspection_cpp/interfaces/msg/detail/turtle__type_support.cpp.o[0m
[1.299s] [ 38%] [32mBuilding CXX object CMakeFiles/interfaces__rosidl_typesupport_introspection_cpp.dir/rosidl_typesupport_introspection_cpp/interfaces/msg/detail/turtle_array__type_support.cpp.o[0m
[1.309s] [ 42%] [32mBuilding CXX object CMakeFiles/interfaces__rosidl_typesupport_fastrtps_cpp.dir/rosidl_typesupport_fastrtps_cpp/interfaces/msg/detail/dds_fastrtps/turtle_array__type_support.cpp.o[0m
[1.309s] [ 42%] [32mBuilding CXX object CMakeFiles/interfaces__rosidl_typesupport_fastrtps_cpp.dir/rosidl_typesupport_fastrtps_cpp/interfaces/srv/detail/dds_fastrtps/kill_turtle__type_support.cpp.o[0m
[1.311s] [ 44%] [32mBuilding CXX object CMakeFiles/interfaces__rosidl_typesupport_fastrtps_cpp.dir/rosidl_typesupport_fastrtps_cpp/interfaces/msg/detail/dds_fastrtps/turtle__type_support.cpp.o[0m
[1.357s] [ 46%] [32mBuilding CXX object CMakeFiles/interfaces__rosidl_typesupport_c.dir/rosidl_typesupport_c/interfaces/srv/kill_turtle__type_support.cpp.o[0m
[1.359s] [ 48%] [32mBuilding CXX object CMakeFiles/interfaces__rosidl_typesupport_c.dir/rosidl_typesupport_c/interfaces/msg/turtle__type_support.cpp.o[0m
[1.359s] [ 51%] [32mBuilding CXX object CMakeFiles/interfaces__rosidl_typesupport_c.dir/rosidl_typesupport_c/interfaces/msg/turtle_array__type_support.cpp.o[0m
[1.385s] [ 53%] [32m[1mLinking CXX shared library libinterfaces__rosidl_typesupport_c.so[0m
[1.388s] [ 55%] [32mBuilding C object CMakeFiles/interfaces__rosidl_typesupport_introspection_c.dir/rosidl_typesupport_introspection_c/interfaces/msg/detail/turtle__type_support.c.o[0m
[1.390s] [ 59%] [32mBuilding C object CMakeFiles/interfaces__rosidl_typesupport_introspection_c.dir/rosidl_typesupport_introspection_c/interfaces/msg/detail/turtle_array__type_support.c.o[0m
[1.390s] [ 59%] [32mBuilding C object CMakeFiles/interfaces__rosidl_typesupport_introspection_c.dir/rosidl_typesupport_introspection_c/interfaces/srv/detail/kill_turtle__type_support.c.o[0m
[1.391s] [ 61%] [32mBuilding CXX object CMakeFiles/interfaces__rosidl_typesupport_fastrtps_c.dir/rosidl_typesupport_fastrtps_c/interfaces/msg/detail/turtle__type_support_c.cpp.o[0m
[1.392s] [ 63%] [32mBuilding CXX object CMakeFiles/interfaces__rosidl_typesupport_fastrtps_c.dir/rosidl_typesupport_fastrtps_c/interfaces/srv/detail/kill_turtle__type_support_c.cpp.o[0m
[1.392s] [ 65%] [32mBuilding CXX object CMakeFiles/interfaces__rosidl_typesupport_fastrtps_c.dir/rosidl_typesupport_fastrtps_c/interfaces/msg/detail/turtle_array__type_support_c.cpp.o[0m
[1.420s] [ 68%] [32m[1mLinking C shared library libinterfaces__rosidl_typesupport_introspection_c.so[0m
[1.420s] [ 68%] Built target interfaces__rosidl_typesupport_c
[1.440s] [ 68%] Built target interfaces__rosidl_typesupport_introspection_c
[1.577s] [ 70%] [32m[1mLinking CXX shared library libinterfaces__rosidl_typesupport_cpp.so[0m
[1.601s] [ 70%] Built target interfaces__rosidl_typesupport_cpp
[1.620s] [ 72%] [32m[1mLinking CXX shared library libinterfaces__rosidl_typesupport_fastrtps_c.so[0m
[1.660s] [ 72%] Built target interfaces__rosidl_typesupport_fastrtps_c
[1.660s] [ 74%] [32m[1mLinking CXX shared library libinterfaces__rosidl_typesupport_introspection_cpp.so[0m
[1.665s] [ 76%] [32m[1mLinking CXX shared library libinterfaces__rosidl_typesupport_fastrtps_cpp.so[0m
[1.700s] [ 76%] Built target interfaces__rosidl_typesupport_introspection_cpp
[1.704s] [ 76%] Built target interfaces__rosidl_typesupport_fastrtps_cpp
[1.713s] [ 76%] Built target interfaces
[1.722s] [ 78%] [34m[1mGenerating Python code for ROS interfaces[0m
[1.968s] [ 78%] Built target interfaces__py
[1.978s] [ 80%] [32mBuilding C object CMakeFiles/interfaces__rosidl_generator_py.dir/rosidl_generator_py/interfaces/msg/_turtle_s.c.o[0m
[1.978s] [ 82%] [32mBuilding C object CMakeFiles/interfaces__rosidl_generator_py.dir/rosidl_generator_py/interfaces/msg/_turtle_array_s.c.o[0m
[1.978s] [ 85%] [32mBuilding C object CMakeFiles/interfaces__rosidl_generator_py.dir/rosidl_generator_py/interfaces/srv/_kill_turtle_s.c.o[0m
[2.039s] [ 87%] [32m[1mLinking C shared library rosidl_generator_py/interfaces/libinterfaces__rosidl_generator_py.so[0m
[2.059s] [ 87%] Built target interfaces__rosidl_generator_py
[2.068s] [ 89%] [32mBuilding C object CMakeFiles/interfaces__rosidl_typesupport_fastrtps_c__pyext.dir/rosidl_generator_py/interfaces/_interfaces_s.ep.rosidl_typesupport_fastrtps_c.c.o[0m
[2.068s] [ 93%] [32mBuilding C object CMakeFiles/interfaces__rosidl_typesupport_c__pyext.dir/rosidl_generator_py/interfaces/_interfaces_s.ep.rosidl_typesupport_c.c.o[0m
[2.068s] [ 91%] [32mBuilding C object CMakeFiles/interfaces__rosidl_typesupport_introspection_c__pyext.dir/rosidl_generator_py/interfaces/_interfaces_s.ep.rosidl_typesupport_introspection_c.c.o[0m
[2.119s] [ 95%] [32m[1mLinking C shared library rosidl_generator_py/interfaces/interfaces_s__rosidl_typesupport_c.cpython-310-x86_64-linux-gnu.so[0m
[2.119s] [ 97%] [32m[1mLinking C shared library rosidl_generator_py/interfaces/interfaces_s__rosidl_typesupport_introspection_c.cpython-310-x86_64-linux-gnu.so[0m
[2.119s] [100%] [32m[1mLinking C shared library rosidl_generator_py/interfaces/interfaces_s__rosidl_typesupport_fastrtps_c.cpython-310-x86_64-linux-gnu.so[0m
[2.135s] [100%] Built target interfaces__rosidl_typesupport_introspection_c__pyext
[2.135s] [100%] Built target interfaces__rosidl_typesupport_c__pyext
[2.135s] [100%] Built target interfaces__rosidl_typesupport_fastrtps_c__pyext
[2.141s] Invoked command in '/home/nikolai/Documents/ROS/catching_turtles_ros2/ws/build/interfaces' returned '0': CMAKE_PREFIX_PATH=/home/nikolai/Documents/ROS/catching_turtles_ros2/ws/install/python_pkg:/opt/ros/humble /usr/bin/cmake --build /home/nikolai/Documents/ROS/catching_turtles_ros2/ws/build/interfaces -- -j20 -l20
[2.186s] Invoking command in '/home/nikolai/Documents/ROS/catching_turtles_ros2/ws/build/interfaces': CMAKE_PREFIX_PATH=/home/nikolai/Documents/ROS/catching_turtles_ros2/ws/install/python_pkg:/opt/ros/humble /usr/bin/cmake --install /home/nikolai/Documents/ROS/catching_turtles_ros2/ws/build/interfaces
[2.189s] -- Install configuration: ""
[2.189s] -- Installing: /home/nikolai/Documents/ROS/catching_turtles_ros2/ws/install/interfaces/share/ament_index/resource_index/rosidl_interfaces/interfaces
[2.190s] -- Installing: /home/nikolai/Documents/ROS/catching_turtles_ros2/ws/install/interfaces/include/interfaces/interfaces
[2.190s] -- Installing: /home/nikolai/Documents/ROS/catching_turtles_ros2/ws/install/interfaces/include/interfaces/interfaces/srv
[2.190s] -- Installing: /home/nikolai/Documents/ROS/catching_turtles_ros2/ws/install/interfaces/include/interfaces/interfaces/srv/detail
[2.190s] -- Installing: /home/nikolai/Documents/ROS/catching_turtles_ros2/ws/install/interfaces/include/interfaces/interfaces/srv/detail/kill_turtle__struct.h
[2.190s] -- Installing: /home/nikolai/Documents/ROS/catching_turtles_ros2/ws/install/interfaces/include/interfaces/interfaces/srv/detail/kill_turtle__type_support.h
[2.190s] -- Installing: /home/nikolai/Documents/ROS/catching_turtles_ros2/ws/install/interfaces/include/interfaces/interfaces/srv/detail/kill_turtle__functions.h
[2.190s] -- Installing: /home/nikolai/Documents/ROS/catching_turtles_ros2/ws/install/interfaces/include/interfaces/interfaces/srv/detail/kill_turtle__functions.c
[2.190s] -- Installing: /home/nikolai/Documents/ROS/catching_turtles_ros2/ws/install/interfaces/include/interfaces/interfaces/srv/kill_turtle.h
[2.190s] -- Installing: /home/nikolai/Documents/ROS/catching_turtles_ros2/ws/install/interfaces/include/interfaces/interfaces/msg
[2.190s] -- Installing: /home/nikolai/Documents/ROS/catching_turtles_ros2/ws/install/interfaces/include/interfaces/interfaces/msg/detail
[2.190s] -- Installing: /home/nikolai/Documents/ROS/catching_turtles_ros2/ws/install/interfaces/include/interfaces/interfaces/msg/detail/turtle__functions.c
[2.190s] -- Installing: /home/nikolai/Documents/ROS/catching_turtles_ros2/ws/install/interfaces/include/interfaces/interfaces/msg/detail/turtle__struct.h
[2.190s] -- Installing: /home/nikolai/Documents/ROS/catching_turtles_ros2/ws/install/interfaces/include/interfaces/interfaces/msg/detail/turtle__type_support.h
[2.190s] -- Installing: /home/nikolai/Documents/ROS/catching_turtles_ros2/ws/install/interfaces/include/interfaces/interfaces/msg/detail/turtle_array__type_support.h
[2.190s] -- Installing: /home/nikolai/Documents/ROS/catching_turtles_ros2/ws/install/interfaces/include/interfaces/interfaces/msg/detail/turtle_array__functions.h
[2.190s] -- Installing: /home/nikolai/Documents/ROS/catching_turtles_ros2/ws/install/interfaces/include/interfaces/interfaces/msg/detail/turtle_array__struct.h
[2.190s] -- Installing: /home/nikolai/Documents/ROS/catching_turtles_ros2/ws/install/interfaces/include/interfaces/interfaces/msg/detail/turtle__functions.h
[2.190s] -- Installing: /home/nikolai/Documents/ROS/catching_turtles_ros2/ws/install/interfaces/include/interfaces/interfaces/msg/detail/turtle_array__functions.c
[2.190s] -- Installing: /home/nikolai/Documents/ROS/catching_turtles_ros2/ws/install/interfaces/include/interfaces/interfaces/msg/rosidl_generator_c__visibility_control.h
[2.190s] -- Installing: /home/nikolai/Documents/ROS/catching_turtles_ros2/ws/install/interfaces/include/interfaces/interfaces/msg/turtle_array.h
[2.190s] -- Installing: /home/nikolai/Documents/ROS/catching_turtles_ros2/ws/install/interfaces/include/interfaces/interfaces/msg/turtle.h
[2.191s] -- Installing: /home/nikolai/Documents/ROS/catching_turtles_ros2/ws/install/interfaces/share/interfaces/environment/library_path.sh
[2.191s] -- Installing: /home/nikolai/Documents/ROS/catching_turtles_ros2/ws/install/interfaces/share/interfaces/environment/library_path.dsv
[2.191s] -- Installing: /home/nikolai/Documents/ROS/catching_turtles_ros2/ws/install/interfaces/lib/libinterfaces__rosidl_generator_c.so
[2.191s] -- Set runtime path of "/home/nikolai/Documents/ROS/catching_turtles_ros2/ws/install/interfaces/lib/libinterfaces__rosidl_generator_c.so" to ""
[2.191s] -- Up-to-date: /home/nikolai/Documents/ROS/catching_turtles_ros2/ws/install/interfaces/include/interfaces/interfaces
[2.191s] -- Up-to-date: /home/nikolai/Documents/ROS/catching_turtles_ros2/ws/install/interfaces/include/interfaces/interfaces/srv
[2.191s] -- Up-to-date: /home/nikolai/Documents/ROS/catching_turtles_ros2/ws/install/interfaces/include/interfaces/interfaces/srv/detail
[2.191s] -- Installing: /home/nikolai/Documents/ROS/catching_turtles_ros2/ws/install/interfaces/include/interfaces/interfaces/srv/detail/kill_turtle__rosidl_typesupport_fastrtps_c.h
[2.191s] -- Up-to-date: /home/nikolai/Documents/ROS/catching_turtles_ros2/ws/install/interfaces/include/interfaces/interfaces/msg
[2.191s] -- Up-to-date: /home/nikolai/Documents/ROS/catching_turtles_ros2/ws/install/interfaces/include/interfaces/interfaces/msg/detail
[2.191s] -- Installing: /home/nikolai/Documents/ROS/catching_turtles_ros2/ws/install/interfaces/include/interfaces/interfaces/msg/detail/turtle__rosidl_typesupport_fastrtps_c.h
[2.191s] -- Installing: /home/nikolai/Documents/ROS/catching_turtles_ros2/ws/install/interfaces/include/interfaces/interfaces/msg/detail/turtle_array__rosidl_typesupport_fastrtps_c.h
[2.191s] -- Installing: /home/nikolai/Documents/ROS/catching_turtles_ros2/ws/install/interfaces/include/interfaces/interfaces/msg/rosidl_typesupport_fastrtps_c__visibility_control.h
[2.191s] -- Installing: /home/nikolai/Documents/ROS/catching_turtles_ros2/ws/install/interfaces/lib/libinterfaces__rosidl_typesupport_fastrtps_c.so
[2.191s] -- Set runtime path of "/home/nikolai/Documents/ROS/catching_turtles_ros2/ws/install/interfaces/lib/libinterfaces__rosidl_typesupport_fastrtps_c.so" to ""
[2.191s] -- Up-to-date: /home/nikolai/Documents/ROS/catching_turtles_ros2/ws/install/interfaces/include/interfaces/interfaces
[2.191s] -- Up-to-date: /home/nikolai/Documents/ROS/catching_turtles_ros2/ws/install/interfaces/include/interfaces/interfaces/srv
[2.191s] -- Up-to-date: /home/nikolai/Documents/ROS/catching_turtles_ros2/ws/install/interfaces/include/interfaces/interfaces/srv/detail
[2.191s] -- Installing: /home/nikolai/Documents/ROS/catching_turtles_ros2/ws/install/interfaces/include/interfaces/interfaces/srv/detail/kill_turtle__builder.hpp
[2.191s] -- Installing: /home/nikolai/Documents/ROS/catching_turtles_ros2/ws/install/interfaces/include/interfaces/interfaces/srv/detail/kill_turtle__struct.hpp
[2.191s] -- Installing: /home/nikolai/Documents/ROS/catching_turtles_ros2/ws/install/interfaces/include/interfaces/interfaces/srv/detail/kill_turtle__traits.hpp
[2.191s] -- Installing: /home/nikolai/Documents/ROS/catching_turtles_ros2/ws/install/interfaces/include/interfaces/interfaces/srv/kill_turtle.hpp
[2.191s] -- Up-to-date: /home/nikolai/Documents/ROS/catching_turtles_ros2/ws/install/interfaces/include/interfaces/interfaces/msg
[2.191s] -- Up-to-date: /home/nikolai/Documents/ROS/catching_turtles_ros2/ws/install/interfaces/include/interfaces/interfaces/msg/detail
[2.191s] -- Installing: /home/nikolai/Documents/ROS/catching_turtles_ros2/ws/install/interfaces/include/interfaces/interfaces/msg/detail/turtle__struct.hpp
[2.191s] -- Installing: /home/nikolai/Documents/ROS/catching_turtles_ros2/ws/install/interfaces/include/interfaces/interfaces/msg/detail/turtle_array__struct.hpp
[2.191s] -- Installing: /home/nikolai/Documents/ROS/catching_turtles_ros2/ws/install/interfaces/include/interfaces/interfaces/msg/detail/turtle__builder.hpp
[2.191s] -- Installing: /home/nikolai/Documents/ROS/catching_turtles_ros2/ws/install/interfaces/include/interfaces/interfaces/msg/detail/turtle__traits.hpp
[2.191s] -- Installing: /home/nikolai/Documents/ROS/catching_turtles_ros2/ws/install/interfaces/include/interfaces/interfaces/msg/detail/turtle_array__traits.hpp
[2.192s] -- Installing: /home/nikolai/Documents/ROS/catching_turtles_ros2/ws/install/interfaces/include/interfaces/interfaces/msg/detail/turtle_array__builder.hpp
[2.192s] -- Installing: /home/nikolai/Documents/ROS/catching_turtles_ros2/ws/install/interfaces/include/interfaces/interfaces/msg/turtle_array.hpp
[2.192s] -- Installing: /home/nikolai/Documents/ROS/catching_turtles_ros2/ws/install/interfaces/include/interfaces/interfaces/msg/turtle.hpp
[2.192s] -- Up-to-date: /home/nikolai/Documents/ROS/catching_turtles_ros2/ws/install/interfaces/include/interfaces/interfaces
[2.192s] -- Up-to-date: /home/nikolai/Documents/ROS/catching_turtles_ros2/ws/install/interfaces/include/interfaces/interfaces/srv
[2.192s] -- Up-to-date: /home/nikolai/Documents/ROS/catching_turtles_ros2/ws/install/interfaces/include/interfaces/interfaces/srv/detail
[2.192s] -- Installing: /home/nikolai/Documents/ROS/catching_turtles_ros2/ws/install/interfaces/include/interfaces/interfaces/srv/detail/dds_fastrtps
[2.192s] -- Installing: /home/nikolai/Documents/ROS/catching_turtles_ros2/ws/install/interfaces/include/interfaces/interfaces/srv/detail/kill_turtle__rosidl_typesupport_fastrtps_cpp.hpp
[2.192s] -- Up-to-date: /home/nikolai/Documents/ROS/catching_turtles_ros2/ws/install/interfaces/include/interfaces/interfaces/msg
[2.192s] -- Up-to-date: /home/nikolai/Documents/ROS/catching_turtles_ros2/ws/install/interfaces/include/interfaces/interfaces/msg/detail
[2.192s] -- Installing: /home/nikolai/Documents/ROS/catching_turtles_ros2/ws/install/interfaces/include/interfaces/interfaces/msg/detail/turtle_array__rosidl_typesupport_fastrtps_cpp.hpp
[2.192s] -- Installing: /home/nikolai/Documents/ROS/catching_turtles_ros2/ws/install/interfaces/include/interfaces/interfaces/msg/detail/dds_fastrtps
[2.192s] -- Installing: /home/nikolai/Documents/ROS/catching_turtles_ros2/ws/install/interfaces/include/interfaces/interfaces/msg/detail/turtle__rosidl_typesupport_fastrtps_cpp.hpp
[2.192s] -- Installing: /home/nikolai/Documents/ROS/catching_turtles_ros2/ws/install/interfaces/include/interfaces/interfaces/msg/rosidl_typesupport_fastrtps_cpp__visibility_control.h
[2.192s] -- Installing: /home/nikolai/Documents/ROS/catching_turtles_ros2/ws/install/interfaces/lib/libinterfaces__rosidl_typesupport_fastrtps_cpp.so
[2.192s] -- Set runtime path of "/home/nikolai/Documents/ROS/catching_turtles_ros2/ws/install/interfaces/lib/libinterfaces__rosidl_typesupport_fastrtps_cpp.so" to ""
[2.192s] -- Up-to-date: /home/nikolai/Documents/ROS/catching_turtles_ros2/ws/install/interfaces/include/interfaces/interfaces
[2.192s] -- Up-to-date: /home/nikolai/Documents/ROS/catching_turtles_ros2/ws/install/interfaces/include/interfaces/interfaces/srv
[2.192s] -- Up-to-date: /home/nikolai/Documents/ROS/catching_turtles_ros2/ws/install/interfaces/include/interfaces/interfaces/srv/detail
[2.192s] -- Installing: /home/nikolai/Documents/ROS/catching_turtles_ros2/ws/install/interfaces/include/interfaces/interfaces/srv/detail/kill_turtle__type_support.c
[2.192s] -- Installing: /home/nikolai/Documents/ROS/catching_turtles_ros2/ws/install/interfaces/include/interfaces/interfaces/srv/detail/kill_turtle__rosidl_typesupport_introspection_c.h
[2.192s] -- Up-to-date: /home/nikolai/Documents/ROS/catching_turtles_ros2/ws/install/interfaces/include/interfaces/interfaces/msg
[2.192s] -- Up-to-date: /home/nikolai/Documents/ROS/catching_turtles_ros2/ws/install/interfaces/include/interfaces/interfaces/msg/detail
[2.192s] -- Installing: /home/nikolai/Documents/ROS/catching_turtles_ros2/ws/install/interfaces/include/interfaces/interfaces/msg/detail/turtle_array__type_support.c
[2.192s] -- Installing: /home/nikolai/Documents/ROS/catching_turtles_ros2/ws/install/interfaces/include/interfaces/interfaces/msg/detail/turtle_array__rosidl_typesupport_introspection_c.h
[2.192s] -- Installing: /home/nikolai/Documents/ROS/catching_turtles_ros2/ws/install/interfaces/include/interfaces/interfaces/msg/detail/turtle__type_support.c
[2.192s] -- Installing: /home/nikolai/Documents/ROS/catching_turtles_ros2/ws/install/interfaces/include/interfaces/interfaces/msg/detail/turtle__rosidl_typesupport_introspection_c.h
[2.192s] -- Installing: /home/nikolai/Documents/ROS/catching_turtles_ros2/ws/install/interfaces/include/interfaces/interfaces/msg/rosidl_typesupport_introspection_c__visibility_control.h
[2.192s] -- Installing: /home/nikolai/Documents/ROS/catching_turtles_ros2/ws/install/interfaces/lib/libinterfaces__rosidl_typesupport_introspection_c.so
[2.192s] -- Set runtime path of "/home/nikolai/Documents/ROS/catching_turtles_ros2/ws/install/interfaces/lib/libinterfaces__rosidl_typesupport_introspection_c.so" to ""
[2.192s] -- Installing: /home/nikolai/Documents/ROS/catching_turtles_ros2/ws/install/interfaces/lib/libinterfaces__rosidl_typesupport_c.so
[2.193s] -- Set runtime path of "/home/nikolai/Documents/ROS/catching_turtles_ros2/ws/install/interfaces/lib/libinterfaces__rosidl_typesupport_c.so" to ""
[2.193s] -- Up-to-date: /home/nikolai/Documents/ROS/catching_turtles_ros2/ws/install/interfaces/include/interfaces/interfaces
[2.193s] -- Up-to-date: /home/nikolai/Documents/ROS/catching_turtles_ros2/ws/install/interfaces/include/interfaces/interfaces/srv
[2.193s] -- Up-to-date: /home/nikolai/Documents/ROS/catching_turtles_ros2/ws/install/interfaces/include/interfaces/interfaces/srv/detail
[2.193s] -- Installing: /home/nikolai/Documents/ROS/catching_turtles_ros2/ws/install/interfaces/include/interfaces/interfaces/srv/detail/kill_turtle__rosidl_typesupport_introspection_cpp.hpp
[2.193s] -- Installing: /home/nikolai/Documents/ROS/catching_turtles_ros2/ws/install/interfaces/include/interfaces/interfaces/srv/detail/kill_turtle__type_support.cpp
[2.193s] -- Up-to-date: /home/nikolai/Documents/ROS/catching_turtles_ros2/ws/install/interfaces/include/interfaces/interfaces/msg
[2.193s] -- Up-to-date: /home/nikolai/Documents/ROS/catching_turtles_ros2/ws/install/interfaces/include/interfaces/interfaces/msg/detail
[2.193s] -- Installing: /home/nikolai/Documents/ROS/catching_turtles_ros2/ws/install/interfaces/include/interfaces/interfaces/msg/detail/turtle__rosidl_typesupport_introspection_cpp.hpp
[2.193s] -- Installing: /home/nikolai/Documents/ROS/catching_turtles_ros2/ws/install/interfaces/include/interfaces/interfaces/msg/detail/turtle__type_support.cpp
[2.193s] -- Installing: /home/nikolai/Documents/ROS/catching_turtles_ros2/ws/install/interfaces/include/interfaces/interfaces/msg/detail/turtle_array__rosidl_typesupport_introspection_cpp.hpp
[2.193s] -- Installing: /home/nikolai/Documents/ROS/catching_turtles_ros2/ws/install/interfaces/include/interfaces/interfaces/msg/detail/turtle_array__type_support.cpp
[2.193s] -- Installing: /home/nikolai/Documents/ROS/catching_turtles_ros2/ws/install/interfaces/lib/libinterfaces__rosidl_typesupport_introspection_cpp.so
[2.193s] -- Set runtime path of "/home/nikolai/Documents/ROS/catching_turtles_ros2/ws/install/interfaces/lib/libinterfaces__rosidl_typesupport_introspection_cpp.so" to ""
[2.193s] -- Installing: /home/nikolai/Documents/ROS/catching_turtles_ros2/ws/install/interfaces/lib/libinterfaces__rosidl_typesupport_cpp.so
[2.193s] -- Set runtime path of "/home/nikolai/Documents/ROS/catching_turtles_ros2/ws/install/interfaces/lib/libinterfaces__rosidl_typesupport_cpp.so" to ""
[2.193s] -- Installing: /home/nikolai/Documents/ROS/catching_turtles_ros2/ws/install/interfaces/share/interfaces/environment/pythonpath.sh
[2.193s] -- Installing: /home/nikolai/Documents/ROS/catching_turtles_ros2/ws/install/interfaces/share/interfaces/environment/pythonpath.dsv
[2.193s] -- Installing: /home/nikolai/Documents/ROS/catching_turtles_ros2/ws/install/interfaces/local/lib/python3.10/dist-packages/interfaces-0.0.0-py3.10.egg-info
[2.193s] -- Installing: /home/nikolai/Documents/ROS/catching_turtles_ros2/ws/install/interfaces/local/lib/python3.10/dist-packages/interfaces-0.0.0-py3.10.egg-info/SOURCES.txt
[2.193s] -- Installing: /home/nikolai/Documents/ROS/catching_turtles_ros2/ws/install/interfaces/local/lib/python3.10/dist-packages/interfaces-0.0.0-py3.10.egg-info/PKG-INFO
[2.193s] -- Installing: /home/nikolai/Documents/ROS/catching_turtles_ros2/ws/install/interfaces/local/lib/python3.10/dist-packages/interfaces-0.0.0-py3.10.egg-info/dependency_links.txt
[2.193s] -- Installing: /home/nikolai/Documents/ROS/catching_turtles_ros2/ws/install/interfaces/local/lib/python3.10/dist-packages/interfaces-0.0.0-py3.10.egg-info/top_level.txt
[2.193s] -- Installing: /home/nikolai/Documents/ROS/catching_turtles_ros2/ws/install/interfaces/local/lib/python3.10/dist-packages/interfaces
[2.194s] -- Installing: /home/nikolai/Documents/ROS/catching_turtles_ros2/ws/install/interfaces/local/lib/python3.10/dist-packages/interfaces/_interfaces_s.ep.rosidl_typesupport_introspection_c.c
[2.194s] -- Installing: /home/nikolai/Documents/ROS/catching_turtles_ros2/ws/install/interfaces/local/lib/python3.10/dist-packages/interfaces/interfaces_s__rosidl_typesupport_introspection_c.cpython-310-x86_64-linux-gnu.so
[2.194s] -- Installing: /home/nikolai/Documents/ROS/catching_turtles_ros2/ws/install/interfaces/local/lib/python3.10/dist-packages/interfaces/_interfaces_s.ep.rosidl_typesupport_fastrtps_c.c
[2.194s] -- Installing: /home/nikolai/Documents/ROS/catching_turtles_ros2/ws/install/interfaces/local/lib/python3.10/dist-packages/interfaces/libinterfaces__rosidl_generator_py.so
[2.194s] -- Installing: /home/nikolai/Documents/ROS/catching_turtles_ros2/ws/install/interfaces/local/lib/python3.10/dist-packages/interfaces/__init__.py
[2.194s] -- Installing: /home/nikolai/Documents/ROS/catching_turtles_ros2/ws/install/interfaces/local/lib/python3.10/dist-packages/interfaces/interfaces_s__rosidl_typesupport_c.cpython-310-x86_64-linux-gnu.so
[2.194s] -- Installing: /home/nikolai/Documents/ROS/catching_turtles_ros2/ws/install/interfaces/local/lib/python3.10/dist-packages/interfaces/interfaces_s__rosidl_typesupport_fastrtps_c.cpython-310-x86_64-linux-gnu.so
[2.194s] -- Installing: /home/nikolai/Documents/ROS/catching_turtles_ros2/ws/install/interfaces/local/lib/python3.10/dist-packages/interfaces/srv
[2.194s] -- Installing: /home/nikolai/Documents/ROS/catching_turtles_ros2/ws/install/interfaces/local/lib/python3.10/dist-packages/interfaces/srv/_kill_turtle_s.c
[2.194s] -- Installing: /home/nikolai/Documents/ROS/catching_turtles_ros2/ws/install/interfaces/local/lib/python3.10/dist-packages/interfaces/srv/__init__.py
[2.194s] -- Installing: /home/nikolai/Documents/ROS/catching_turtles_ros2/ws/install/interfaces/local/lib/python3.10/dist-packages/interfaces/srv/_kill_turtle.py
[2.194s] -- Installing: /home/nikolai/Documents/ROS/catching_turtles_ros2/ws/install/interfaces/local/lib/python3.10/dist-packages/interfaces/msg
[2.194s] -- Installing: /home/nikolai/Documents/ROS/catching_turtles_ros2/ws/install/interfaces/local/lib/python3.10/dist-packages/interfaces/msg/_turtle_array_s.c
[2.194s] -- Installing: /home/nikolai/Documents/ROS/catching_turtles_ros2/ws/install/interfaces/local/lib/python3.10/dist-packages/interfaces/msg/__init__.py
[2.194s] -- Installing: /home/nikolai/Documents/ROS/catching_turtles_ros2/ws/install/interfaces/local/lib/python3.10/dist-packages/interfaces/msg/_turtle.py
[2.194s] -- Installing: /home/nikolai/Documents/ROS/catching_turtles_ros2/ws/install/interfaces/local/lib/python3.10/dist-packages/interfaces/msg/_turtle_array.py
[2.194s] -- Installing: /home/nikolai/Documents/ROS/catching_turtles_ros2/ws/install/interfaces/local/lib/python3.10/dist-packages/interfaces/msg/_turtle_s.c
[2.194s] -- Installing: /home/nikolai/Documents/ROS/catching_turtles_ros2/ws/install/interfaces/local/lib/python3.10/dist-packages/interfaces/_interfaces_s.ep.rosidl_typesupport_c.c
[2.214s] Listing '/home/nikolai/Documents/ROS/catching_turtles_ros2/ws/install/interfaces/local/lib/python3.10/dist-packages/interfaces'...
[2.214s] Compiling '/home/nikolai/Documents/ROS/catching_turtles_ros2/ws/install/interfaces/local/lib/python3.10/dist-packages/interfaces/__init__.py'...
[2.214s] Listing '/home/nikolai/Documents/ROS/catching_turtles_ros2/ws/install/interfaces/local/lib/python3.10/dist-packages/interfaces/msg'...
[2.214s] Compiling '/home/nikolai/Documents/ROS/catching_turtles_ros2/ws/install/interfaces/local/lib/python3.10/dist-packages/interfaces/msg/__init__.py'...
[2.214s] Compiling '/home/nikolai/Documents/ROS/catching_turtles_ros2/ws/install/interfaces/local/lib/python3.10/dist-packages/interfaces/msg/_turtle.py'...
[2.214s] Compiling '/home/nikolai/Documents/ROS/catching_turtles_ros2/ws/install/interfaces/local/lib/python3.10/dist-packages/interfaces/msg/_turtle_array.py'...
[2.214s] Listing '/home/nikolai/Documents/ROS/catching_turtles_ros2/ws/install/interfaces/local/lib/python3.10/dist-packages/interfaces/srv'...
[2.214s] Compiling '/home/nikolai/Documents/ROS/catching_turtles_ros2/ws/install/interfaces/local/lib/python3.10/dist-packages/interfaces/srv/__init__.py'...
[2.214s] Compiling '/home/nikolai/Documents/ROS/catching_turtles_ros2/ws/install/interfaces/local/lib/python3.10/dist-packages/interfaces/srv/_kill_turtle.py'...
[2.217s] -- Installing: /home/nikolai/Documents/ROS/catching_turtles_ros2/ws/install/interfaces/local/lib/python3.10/dist-packages/interfaces/interfaces_s__rosidl_typesupport_fastrtps_c.cpython-310-x86_64-linux-gnu.so
[2.217s] -- Set runtime path of "/home/nikolai/Documents/ROS/catching_turtles_ros2/ws/install/interfaces/local/lib/python3.10/dist-packages/interfaces/interfaces_s__rosidl_typesupport_fastrtps_c.cpython-310-x86_64-linux-gnu.so" to ""
[2.217s] -- Installing: /home/nikolai/Documents/ROS/catching_turtles_ros2/ws/install/interfaces/local/lib/python3.10/dist-packages/interfaces/interfaces_s__rosidl_typesupport_introspection_c.cpython-310-x86_64-linux-gnu.so
[2.217s] -- Set runtime path of "/home/nikolai/Documents/ROS/catching_turtles_ros2/ws/install/interfaces/local/lib/python3.10/dist-packages/interfaces/interfaces_s__rosidl_typesupport_introspection_c.cpython-310-x86_64-linux-gnu.so" to ""
[2.217s] -- Installing: /home/nikolai/Documents/ROS/catching_turtles_ros2/ws/install/interfaces/local/lib/python3.10/dist-packages/interfaces/interfaces_s__rosidl_typesupport_c.cpython-310-x86_64-linux-gnu.so
[2.217s] -- Set runtime path of "/home/nikolai/Documents/ROS/catching_turtles_ros2/ws/install/interfaces/local/lib/python3.10/dist-packages/interfaces/interfaces_s__rosidl_typesupport_c.cpython-310-x86_64-linux-gnu.so" to ""
[2.217s] -- Installing: /home/nikolai/Documents/ROS/catching_turtles_ros2/ws/install/interfaces/lib/libinterfaces__rosidl_generator_py.so
[2.217s] -- Set runtime path of "/home/nikolai/Documents/ROS/catching_turtles_ros2/ws/install/interfaces/lib/libinterfaces__rosidl_generator_py.so" to ""
[2.217s] -- Installing: /home/nikolai/Documents/ROS/catching_turtles_ros2/ws/install/interfaces/share/interfaces/msg/Turtle.idl
[2.217s] -- Installing: /home/nikolai/Documents/ROS/catching_turtles_ros2/ws/install/interfaces/share/interfaces/msg/TurtleArray.idl
[2.217s] -- Installing: /home/nikolai/Documents/ROS/catching_turtles_ros2/ws/install/interfaces/share/interfaces/srv/KillTurtle.idl
[2.217s] -- Installing: /home/nikolai/Documents/ROS/catching_turtles_ros2/ws/install/interfaces/share/interfaces/msg/Turtle.msg
[2.217s] -- Installing: /home/nikolai/Documents/ROS/catching_turtles_ros2/ws/install/interfaces/share/interfaces/msg/TurtleArray.msg
[2.217s] -- Installing: /home/nikolai/Documents/ROS/catching_turtles_ros2/ws/install/interfaces/share/interfaces/srv/KillTurtle.srv
[2.217s] -- Installing: /home/nikolai/Documents/ROS/catching_turtles_ros2/ws/install/interfaces/share/interfaces/srv/KillTurtle_Request.msg
[2.217s] -- Installing: /home/nikolai/Documents/ROS/catching_turtles_ros2/ws/install/interfaces/share/interfaces/srv/KillTurtle_Response.msg
[2.218s] -- Installing: /home/nikolai/Documents/ROS/catching_turtles_ros2/ws/install/interfaces/share/ament_index/resource_index/package_run_dependencies/interfaces
[2.218s] -- Installing: /home/nikolai/Documents/ROS/catching_turtles_ros2/ws/install/interfaces/share/ament_index/resource_index/parent_prefix_path/interfaces
[2.218s] -- Installing: /home/nikolai/Documents/ROS/catching_turtles_ros2/ws/install/interfaces/share/interfaces/environment/ament_prefix_path.sh
[2.218s] -- Installing: /home/nikolai/Documents/ROS/catching_turtles_ros2/ws/install/interfaces/share/interfaces/environment/ament_prefix_path.dsv
[2.218s] -- Installing: /home/nikolai/Documents/ROS/catching_turtles_ros2/ws/install/interfaces/share/interfaces/environment/path.sh
[2.218s] -- Installing: /home/nikolai/Documents/ROS/catching_turtles_ros2/ws/install/interfaces/share/interfaces/environment/path.dsv
[2.218s] -- Installing: /home/nikolai/Documents/ROS/catching_turtles_ros2/ws/install/interfaces/share/interfaces/local_setup.bash
[2.218s] -- Installing: /home/nikolai/Documents/ROS/catching_turtles_ros2/ws/install/interfaces/share/interfaces/local_setup.sh
[2.218s] -- Installing: /home/nikolai/Documents/ROS/catching_turtles_ros2/ws/install/interfaces/share/interfaces/local_setup.zsh
[2.218s] -- Installing: /home/nikolai/Documents/ROS/catching_turtles_ros2/ws/install/interfaces/share/interfaces/local_setup.dsv
[2.218s] -- Installing: /home/nikolai/Documents/ROS/catching_turtles_ros2/ws/install/interfaces/share/interfaces/package.dsv
[2.218s] -- Installing: /home/nikolai/Documents/ROS/catching_turtles_ros2/ws/install/interfaces/share/ament_index/resource_index/packages/interfaces
[2.218s] -- Installing: /home/nikolai/Documents/ROS/catching_turtles_ros2/ws/install/interfaces/share/interfaces/cmake/export_interfaces__rosidl_generator_cExport.cmake
[2.218s] -- Installing: /home/nikolai/Documents/ROS/catching_turtles_ros2/ws/install/interfaces/share/interfaces/cmake/export_interfaces__rosidl_generator_cExport-noconfig.cmake
[2.218s] -- Installing: /home/nikolai/Documents/ROS/catching_turtles_ros2/ws/install/interfaces/share/interfaces/cmake/export_interfaces__rosidl_typesupport_fastrtps_cExport.cmake
[2.218s] -- Installing: /home/nikolai/Documents/ROS/catching_turtles_ros2/ws/install/interfaces/share/interfaces/cmake/export_interfaces__rosidl_typesupport_fastrtps_cExport-noconfig.cmake
[2.218s] -- Installing: /home/nikolai/Documents/ROS/catching_turtles_ros2/ws/install/interfaces/share/interfaces/cmake/export_interfaces__rosidl_generator_cppExport.cmake
[2.218s] -- Installing: /home/nikolai/Documents/ROS/catching_turtles_ros2/ws/install/interfaces/share/interfaces/cmake/export_interfaces__rosidl_typesupport_fastrtps_cppExport.cmake
[2.218s] -- Installing: /home/nikolai/Documents/ROS/catching_turtles_ros2/ws/install/interfaces/share/interfaces/cmake/export_interfaces__rosidl_typesupport_fastrtps_cppExport-noconfig.cmake
[2.218s] -- Installing: /home/nikolai/Documents/ROS/catching_turtles_ros2/ws/install/interfaces/share/interfaces/cmake/interfaces__rosidl_typesupport_introspection_cExport.cmake
[2.218s] -- Installing: /home/nikolai/Documents/ROS/catching_turtles_ros2/ws/install/interfaces/share/interfaces/cmake/interfaces__rosidl_typesupport_introspection_cExport-noconfig.cmake
[2.219s] -- Installing: /home/nikolai/Documents/ROS/catching_turtles_ros2/ws/install/interfaces/share/interfaces/cmake/interfaces__rosidl_typesupport_cExport.cmake
[2.219s] -- Installing: /home/nikolai/Documents/ROS/catching_turtles_ros2/ws/install/interfaces/share/interfaces/cmake/interfaces__rosidl_typesupport_cExport-noconfig.cmake
[2.219s] -- Installing: /home/nikolai/Documents/ROS/catching_turtles_ros2/ws/install/interfaces/share/interfaces/cmake/interfaces__rosidl_typesupport_introspection_cppExport.cmake
[2.219s] -- Installing: /home/nikolai/Documents/ROS/catching_turtles_ros2/ws/install/interfaces/share/interfaces/cmake/interfaces__rosidl_typesupport_introspection_cppExport-noconfig.cmake
[2.219s] -- Installing: /home/nikolai/Documents/ROS/catching_turtles_ros2/ws/install/interfaces/share/interfaces/cmake/interfaces__rosidl_typesupport_cppExport.cmake
[2.219s] -- Installing: /home/nikolai/Documents/ROS/catching_turtles_ros2/ws/install/interfaces/share/interfaces/cmake/interfaces__rosidl_typesupport_cppExport-noconfig.cmake
[2.219s] -- Installing: /home/nikolai/Documents/ROS/catching_turtles_ros2/ws/install/interfaces/share/interfaces/cmake/export_interfaces__rosidl_generator_pyExport.cmake
[2.219s] -- Installing: /home/nikolai/Documents/ROS/catching_turtles_ros2/ws/install/interfaces/share/interfaces/cmake/export_interfaces__rosidl_generator_pyExport-noconfig.cmake
[2.219s] -- Installing: /home/nikolai/Documents/ROS/catching_turtles_ros2/ws/install/interfaces/share/interfaces/cmake/rosidl_cmake-extras.cmake
[2.219s] -- Installing: /home/nikolai/Documents/ROS/catching_turtles_ros2/ws/install/interfaces/share/interfaces/cmake/ament_cmake_export_include_directories-extras.cmake
[2.219s] -- Installing: /home/nikolai/Documents/ROS/catching_turtles_ros2/ws/install/interfaces/share/interfaces/cmake/ament_cmake_export_libraries-extras.cmake
[2.219s] -- Installing: /home/nikolai/Documents/ROS/catching_turtles_ros2/ws/install/interfaces/share/interfaces/cmake/ament_cmake_export_targets-extras.cmake
[2.219s] -- Installing: /home/nikolai/Documents/ROS/catching_turtles_ros2/ws/install/interfaces/share/interfaces/cmake/rosidl_cmake_export_typesupport_targets-extras.cmake
[2.219s] -- Installing: /home/nikolai/Documents/ROS/catching_turtles_ros2/ws/install/interfaces/share/interfaces/cmake/ament_cmake_export_dependencies-extras.cmake
[2.219s] -- Installing: /home/nikolai/Documents/ROS/catching_turtles_ros2/ws/install/interfaces/share/interfaces/cmake/rosidl_cmake_export_typesupport_libraries-extras.cmake
[2.219s] -- Installing: /home/nikolai/Documents/ROS/catching_turtles_ros2/ws/install/interfaces/share/interfaces/cmake/interfacesConfig.cmake
[2.219s] -- Installing: /home/nikolai/Documents/ROS/catching_turtles_ros2/ws/install/interfaces/share/interfaces/cmake/interfacesConfig-version.cmake
[2.219s] -- Installing: /home/nikolai/Documents/ROS/catching_turtles_ros2/ws/install/interfaces/share/interfaces/package.xml
[2.222s] Invoked command in '/home/nikolai/Documents/ROS/catching_turtles_ros2/ws/build/interfaces' returned '0': CMAKE_PREFIX_PATH=/home/nikolai/Documents/ROS/catching_turtles_ros2/ws/install/python_pkg:/opt/ros/humble /usr/bin/cmake --install /home/nikolai/Documents/ROS/catching_turtles_ros2/ws/build/interfaces
