[0.272s] Invoking command in '/home/nikolai/Documents/ROS/catching_turtles_ros2/ws/src/python_pkg': PYTHONPATH=/home/nikolai/Documents/ROS/catching_turtles_ros2/ws/build/python_pkg/prefix_override:/home/nikolai/Documents/ROS/catching_turtles_ros2/ws/install/python_pkg/lib/python3.10/site-packages:${PYTHONPATH} /usr/bin/python3 setup.py egg_info --egg-base ../../build/python_pkg build --build-base /home/nikolai/Documents/ROS/catching_turtles_ros2/ws/build/python_pkg/build install --record /home/nikolai/Documents/ROS/catching_turtles_ros2/ws/build/python_pkg/install.log --single-version-externally-managed
[0.378s] running egg_info
[0.378s] writing ../../build/python_pkg/python_pkg.egg-info/PKG-INFO
[0.378s] writing dependency_links to ../../build/python_pkg/python_pkg.egg-info/dependency_links.txt
[0.378s] writing entry points to ../../build/python_pkg/python_pkg.egg-info/entry_points.txt
[0.378s] writing requirements to ../../build/python_pkg/python_pkg.egg-info/requires.txt
[0.378s] writing top-level names to ../../build/python_pkg/python_pkg.egg-info/top_level.txt
[0.379s] reading manifest file '../../build/python_pkg/python_pkg.egg-info/SOURCES.txt'
[0.380s] writing manifest file '../../build/python_pkg/python_pkg.egg-info/SOURCES.txt'
[0.380s] running build
[0.380s] running build_py
[0.380s] running install
[0.380s] /usr/lib/python3/dist-packages/setuptools/command/install.py:34: SetuptoolsDeprecationWarning: setup.py install is deprecated. Use build and pip and other standards-based tools.
[0.380s]   warnings.warn(
[0.380s] running install_lib
[0.381s] running install_data
[0.381s] running install_egg_info
[0.382s] removing '/home/nikolai/Documents/ROS/catching_turtles_ros2/ws/install/python_pkg/lib/python3.10/site-packages/python_pkg-0.0.0-py3.10.egg-info' (and everything under it)
[0.382s] Copying ../../build/python_pkg/python_pkg.egg-info to /home/nikolai/Documents/ROS/catching_turtles_ros2/ws/install/python_pkg/lib/python3.10/site-packages/python_pkg-0.0.0-py3.10.egg-info
[0.382s] running install_scripts
[0.393s] Installing turtle_control_node script to /home/nikolai/Documents/ROS/catching_turtles_ros2/ws/install/python_pkg/lib/python_pkg
[0.393s] writing list of installed files to '/home/nikolai/Documents/ROS/catching_turtles_ros2/ws/build/python_pkg/install.log'
[0.406s] Invoked command in '/home/nikolai/Documents/ROS/catching_turtles_ros2/ws/src/python_pkg' returned '0': PYTHONPATH=/home/nikolai/Documents/ROS/catching_turtles_ros2/ws/build/python_pkg/prefix_override:/home/nikolai/Documents/ROS/catching_turtles_ros2/ws/install/python_pkg/lib/python3.10/site-packages:${PYTHONPATH} /usr/bin/python3 setup.py egg_info --egg-base ../../build/python_pkg build --build-base /home/nikolai/Documents/ROS/catching_turtles_ros2/ws/build/python_pkg/build install --record /home/nikolai/Documents/ROS/catching_turtles_ros2/ws/build/python_pkg/install.log --single-version-externally-managed
