[0.005s] Invoking command in '/home/nikolai/Documents/ROS/catching_turtles_ros2/ws/build/bring_up': CMAKE_PREFIX_PATH=${CMAKE_PREFIX_PATH}:/home/nikolai/Documents/ROS/catching_turtles_ros2/ws/install/python_pkg:/opt/ros/humble /usr/bin/cmake /home/nikolai/Documents/ROS/catching_turtles_ros2/ws/src/bring_up -DCMAKE_INSTALL_PREFIX=/home/nikolai/Documents/ROS/catching_turtles_ros2/ws/install/bring_up
[0.047s] -- The C compiler identification is GNU 11.3.0
[0.087s] -- The CXX compiler identification is GNU 11.3.0
[0.093s] -- Detecting C compiler ABI info
[0.129s] -- Detecting C compiler ABI info - done
[0.132s] -- Check for working C compiler: /usr/bin/cc - skipped
[0.134s] -- Detecting C compile features
[0.134s] -- Detecting C compile features - done
[0.136s] -- Detecting CXX compiler ABI info
[0.178s] -- Detecting CXX compiler ABI info - done
[0.182s] -- Check for working CXX compiler: /usr/bin/c++ - skipped
[0.182s] -- Detecting CXX compile features
[0.182s] -- Detecting CXX compile features - done
[0.185s] -- Found ament_cmake: 1.3.3 (/opt/ros/humble/share/ament_cmake/cmake)
[0.286s] -- Found Python3: /usr/bin/python3.10 (found version "3.10.6") found components: Interpreter 
[0.384s] -- Configuring done
[0.385s] -- Generating done
[0.386s] -- Build files have been written to: /home/nikolai/Documents/ROS/catching_turtles_ros2/ws/build/bring_up
[0.388s] Invoked command in '/home/nikolai/Documents/ROS/catching_turtles_ros2/ws/build/bring_up' returned '0': CMAKE_PREFIX_PATH=${CMAKE_PREFIX_PATH}:/home/nikolai/Documents/ROS/catching_turtles_ros2/ws/install/python_pkg:/opt/ros/humble /usr/bin/cmake /home/nikolai/Documents/ROS/catching_turtles_ros2/ws/src/bring_up -DCMAKE_INSTALL_PREFIX=/home/nikolai/Documents/ROS/catching_turtles_ros2/ws/install/bring_up
[0.390s] Invoking command in '/home/nikolai/Documents/ROS/catching_turtles_ros2/ws/build/bring_up': CMAKE_PREFIX_PATH=${CMAKE_PREFIX_PATH}:/home/nikolai/Documents/ROS/catching_turtles_ros2/ws/install/python_pkg:/opt/ros/humble /usr/bin/cmake --build /home/nikolai/Documents/ROS/catching_turtles_ros2/ws/build/bring_up -- -j20 -l20
[0.409s] Invoked command in '/home/nikolai/Documents/ROS/catching_turtles_ros2/ws/build/bring_up' returned '0': CMAKE_PREFIX_PATH=${CMAKE_PREFIX_PATH}:/home/nikolai/Documents/ROS/catching_turtles_ros2/ws/install/python_pkg:/opt/ros/humble /usr/bin/cmake --build /home/nikolai/Documents/ROS/catching_turtles_ros2/ws/build/bring_up -- -j20 -l20
[0.419s] Invoking command in '/home/nikolai/Documents/ROS/catching_turtles_ros2/ws/build/bring_up': CMAKE_PREFIX_PATH=${CMAKE_PREFIX_PATH}:/home/nikolai/Documents/ROS/catching_turtles_ros2/ws/install/python_pkg:/opt/ros/humble /usr/bin/cmake --install /home/nikolai/Documents/ROS/catching_turtles_ros2/ws/build/bring_up
[0.423s] -- Install configuration: ""
[0.423s] -- Installing: /home/nikolai/Documents/ROS/catching_turtles_ros2/ws/install/bring_up/share/bring_up/launch
[0.423s] -- Installing: /home/nikolai/Documents/ROS/catching_turtles_ros2/ws/install/bring_up/share/bring_up/launch/catching_turtles.launch.py
[0.423s] -- Installing: /home/nikolai/Documents/ROS/catching_turtles_ros2/ws/install/bring_up/share/ament_index/resource_index/package_run_dependencies/bring_up
[0.424s] -- Installing: /home/nikolai/Documents/ROS/catching_turtles_ros2/ws/install/bring_up/share/ament_index/resource_index/parent_prefix_path/bring_up
[0.424s] -- Installing: /home/nikolai/Documents/ROS/catching_turtles_ros2/ws/install/bring_up/share/bring_up/environment/ament_prefix_path.sh
[0.424s] -- Installing: /home/nikolai/Documents/ROS/catching_turtles_ros2/ws/install/bring_up/share/bring_up/environment/ament_prefix_path.dsv
[0.424s] -- Installing: /home/nikolai/Documents/ROS/catching_turtles_ros2/ws/install/bring_up/share/bring_up/environment/path.sh
[0.424s] -- Installing: /home/nikolai/Documents/ROS/catching_turtles_ros2/ws/install/bring_up/share/bring_up/environment/path.dsv
[0.424s] -- Installing: /home/nikolai/Documents/ROS/catching_turtles_ros2/ws/install/bring_up/share/bring_up/local_setup.bash
[0.424s] -- Installing: /home/nikolai/Documents/ROS/catching_turtles_ros2/ws/install/bring_up/share/bring_up/local_setup.sh
[0.424s] -- Installing: /home/nikolai/Documents/ROS/catching_turtles_ros2/ws/install/bring_up/share/bring_up/local_setup.zsh
[0.424s] -- Installing: /home/nikolai/Documents/ROS/catching_turtles_ros2/ws/install/bring_up/share/bring_up/local_setup.dsv
[0.424s] -- Installing: /home/nikolai/Documents/ROS/catching_turtles_ros2/ws/install/bring_up/share/bring_up/package.dsv
[0.424s] -- Installing: /home/nikolai/Documents/ROS/catching_turtles_ros2/ws/install/bring_up/share/ament_index/resource_index/packages/bring_up
[0.425s] -- Installing: /home/nikolai/Documents/ROS/catching_turtles_ros2/ws/install/bring_up/share/bring_up/cmake/bring_upConfig.cmake
[0.425s] -- Installing: /home/nikolai/Documents/ROS/catching_turtles_ros2/ws/install/bring_up/share/bring_up/cmake/bring_upConfig-version.cmake
[0.427s] -- Installing: /home/nikolai/Documents/ROS/catching_turtles_ros2/ws/install/bring_up/share/bring_up/package.xml
[0.427s] Invoked command in '/home/nikolai/Documents/ROS/catching_turtles_ros2/ws/build/bring_up' returned '0': CMAKE_PREFIX_PATH=${CMAKE_PREFIX_PATH}:/home/nikolai/Documents/ROS/catching_turtles_ros2/ws/install/python_pkg:/opt/ros/humble /usr/bin/cmake --install /home/nikolai/Documents/ROS/catching_turtles_ros2/ws/build/bring_up
