[  2%] Built target interfaces__cpp
[ 12%] Built target interfaces__rosidl_generator_c
[ 12%] Built target ament_cmake_python_copy_interfaces
[ 27%] Built target interfaces__rosidl_typesupport_cpp
[ 34%] Built target interfaces__rosidl_typesupport_fastrtps_cpp
[ 44%] Built target interfaces__rosidl_typesupport_introspection_cpp
[ 55%] Built target interfaces__rosidl_typesupport_introspection_c
[ 65%] Built target interfaces__rosidl_typesupport_c
[ 76%] Built target interfaces__rosidl_typesupport_fastrtps_c
[ 76%] Built target interfaces
[ 78%] Built target interfaces__py
[ 87%] Built target interfaces__rosidl_generator_py
[ 97%] Built target interfaces__rosidl_typesupport_c__pyext
[ 97%] Built target interfaces__rosidl_typesupport_introspection_c__pyext
[100%] Built target interfaces__rosidl_typesupport_fastrtps_c__pyext
running egg_info
writing interfaces.egg-info/PKG-INFO
writing dependency_links to interfaces.egg-info/dependency_links.txt
writing top-level names to interfaces.egg-info/top_level.txt
reading manifest file 'interfaces.egg-info/SOURCES.txt'
writing manifest file 'interfaces.egg-info/SOURCES.txt'
[100%] Built target ament_cmake_python_build_interfaces_egg
-- Install configuration: ""
-- Up-to-date: /home/nikolai/Documents/ROS/catching_turtles_ros2/ws/install/interfaces/share/ament_index/resource_index/rosidl_interfaces/interfaces
-- Up-to-date: /home/nikolai/Documents/ROS/catching_turtles_ros2/ws/install/interfaces/include/interfaces/interfaces
-- Up-to-date: /home/nikolai/Documents/ROS/catching_turtles_ros2/ws/install/interfaces/include/interfaces/interfaces/srv
-- Up-to-date: /home/nikolai/Documents/ROS/catching_turtles_ros2/ws/install/interfaces/include/interfaces/interfaces/srv/detail
-- Up-to-date: /home/nikolai/Documents/ROS/catching_turtles_ros2/ws/install/interfaces/include/interfaces/interfaces/srv/detail/catch_turtle__functions.c
-- Up-to-date: /home/nikolai/Documents/ROS/catching_turtles_ros2/ws/install/interfaces/include/interfaces/interfaces/srv/detail/kill_turtle__struct.h
-- Up-to-date: /home/nikolai/Documents/ROS/catching_turtles_ros2/ws/install/interfaces/include/interfaces/interfaces/srv/detail/catch_turtle__functions.h
-- Up-to-date: /home/nikolai/Documents/ROS/catching_turtles_ros2/ws/install/interfaces/include/interfaces/interfaces/srv/detail/kill_turtle__type_support.h
-- Up-to-date: /home/nikolai/Documents/ROS/catching_turtles_ros2/ws/install/interfaces/include/interfaces/interfaces/srv/detail/catch_turtle__struct.h
-- Up-to-date: /home/nikolai/Documents/ROS/catching_turtles_ros2/ws/install/interfaces/include/interfaces/interfaces/srv/detail/catch_turtle__type_support.h
-- Up-to-date: /home/nikolai/Documents/ROS/catching_turtles_ros2/ws/install/interfaces/include/interfaces/interfaces/srv/detail/kill_turtle__functions.h
-- Up-to-date: /home/nikolai/Documents/ROS/catching_turtles_ros2/ws/install/interfaces/include/interfaces/interfaces/srv/detail/kill_turtle__functions.c
-- Up-to-date: /home/nikolai/Documents/ROS/catching_turtles_ros2/ws/install/interfaces/include/interfaces/interfaces/srv/kill_turtle.h
-- Up-to-date: /home/nikolai/Documents/ROS/catching_turtles_ros2/ws/install/interfaces/include/interfaces/interfaces/srv/catch_turtle.h
-- Up-to-date: /home/nikolai/Documents/ROS/catching_turtles_ros2/ws/install/interfaces/include/interfaces/interfaces/msg
-- Up-to-date: /home/nikolai/Documents/ROS/catching_turtles_ros2/ws/install/interfaces/include/interfaces/interfaces/msg/detail
-- Up-to-date: /home/nikolai/Documents/ROS/catching_turtles_ros2/ws/install/interfaces/include/interfaces/interfaces/msg/detail/turtle__functions.c
-- Up-to-date: /home/nikolai/Documents/ROS/catching_turtles_ros2/ws/install/interfaces/include/interfaces/interfaces/msg/detail/turtle__struct.h
-- Up-to-date: /home/nikolai/Documents/ROS/catching_turtles_ros2/ws/install/interfaces/include/interfaces/interfaces/msg/detail/turtle__type_support.h
-- Up-to-date: /home/nikolai/Documents/ROS/catching_turtles_ros2/ws/install/interfaces/include/interfaces/interfaces/msg/detail/turtle_array__type_support.h
-- Up-to-date: /home/nikolai/Documents/ROS/catching_turtles_ros2/ws/install/interfaces/include/interfaces/interfaces/msg/detail/turtle_array__functions.h
-- Up-to-date: /home/nikolai/Documents/ROS/catching_turtles_ros2/ws/install/interfaces/include/interfaces/interfaces/msg/detail/turtle_array__struct.h
-- Up-to-date: /home/nikolai/Documents/ROS/catching_turtles_ros2/ws/install/interfaces/include/interfaces/interfaces/msg/detail/turtle__functions.h
-- Up-to-date: /home/nikolai/Documents/ROS/catching_turtles_ros2/ws/install/interfaces/include/interfaces/interfaces/msg/detail/turtle_array__functions.c
-- Up-to-date: /home/nikolai/Documents/ROS/catching_turtles_ros2/ws/install/interfaces/include/interfaces/interfaces/msg/rosidl_generator_c__visibility_control.h
-- Up-to-date: /home/nikolai/Documents/ROS/catching_turtles_ros2/ws/install/interfaces/include/interfaces/interfaces/msg/turtle_array.h
-- Up-to-date: /home/nikolai/Documents/ROS/catching_turtles_ros2/ws/install/interfaces/include/interfaces/interfaces/msg/turtle.h
-- Up-to-date: /home/nikolai/Documents/ROS/catching_turtles_ros2/ws/install/interfaces/share/interfaces/environment/library_path.sh
-- Up-to-date: /home/nikolai/Documents/ROS/catching_turtles_ros2/ws/install/interfaces/share/interfaces/environment/library_path.dsv
-- Up-to-date: /home/nikolai/Documents/ROS/catching_turtles_ros2/ws/install/interfaces/lib/libinterfaces__rosidl_generator_c.so
-- Up-to-date: /home/nikolai/Documents/ROS/catching_turtles_ros2/ws/install/interfaces/include/interfaces/interfaces
-- Up-to-date: /home/nikolai/Documents/ROS/catching_turtles_ros2/ws/install/interfaces/include/interfaces/interfaces/srv
-- Up-to-date: /home/nikolai/Documents/ROS/catching_turtles_ros2/ws/install/interfaces/include/interfaces/interfaces/srv/detail
-- Up-to-date: /home/nikolai/Documents/ROS/catching_turtles_ros2/ws/install/interfaces/include/interfaces/interfaces/srv/detail/kill_turtle__rosidl_typesupport_fastrtps_c.h
-- Up-to-date: /home/nikolai/Documents/ROS/catching_turtles_ros2/ws/install/interfaces/include/interfaces/interfaces/srv/detail/catch_turtle__rosidl_typesupport_fastrtps_c.h
-- Up-to-date: /home/nikolai/Documents/ROS/catching_turtles_ros2/ws/install/interfaces/include/interfaces/interfaces/msg
-- Up-to-date: /home/nikolai/Documents/ROS/catching_turtles_ros2/ws/install/interfaces/include/interfaces/interfaces/msg/detail
-- Up-to-date: /home/nikolai/Documents/ROS/catching_turtles_ros2/ws/install/interfaces/include/interfaces/interfaces/msg/detail/turtle__rosidl_typesupport_fastrtps_c.h
-- Up-to-date: /home/nikolai/Documents/ROS/catching_turtles_ros2/ws/install/interfaces/include/interfaces/interfaces/msg/detail/turtle_array__rosidl_typesupport_fastrtps_c.h
-- Up-to-date: /home/nikolai/Documents/ROS/catching_turtles_ros2/ws/install/interfaces/include/interfaces/interfaces/msg/rosidl_typesupport_fastrtps_c__visibility_control.h
-- Up-to-date: /home/nikolai/Documents/ROS/catching_turtles_ros2/ws/install/interfaces/lib/libinterfaces__rosidl_typesupport_fastrtps_c.so
-- Up-to-date: /home/nikolai/Documents/ROS/catching_turtles_ros2/ws/install/interfaces/include/interfaces/interfaces
-- Up-to-date: /home/nikolai/Documents/ROS/catching_turtles_ros2/ws/install/interfaces/include/interfaces/interfaces/srv
-- Up-to-date: /home/nikolai/Documents/ROS/catching_turtles_ros2/ws/install/interfaces/include/interfaces/interfaces/srv/detail
-- Up-to-date: /home/nikolai/Documents/ROS/catching_turtles_ros2/ws/install/interfaces/include/interfaces/interfaces/srv/detail/catch_turtle__type_support.c
-- Up-to-date: /home/nikolai/Documents/ROS/catching_turtles_ros2/ws/install/interfaces/include/interfaces/interfaces/srv/detail/kill_turtle__type_support.c
-- Up-to-date: /home/nikolai/Documents/ROS/catching_turtles_ros2/ws/install/interfaces/include/interfaces/interfaces/srv/detail/kill_turtle__rosidl_typesupport_introspection_c.h
-- Up-to-date: /home/nikolai/Documents/ROS/catching_turtles_ros2/ws/install/interfaces/include/interfaces/interfaces/srv/detail/catch_turtle__rosidl_typesupport_introspection_c.h
-- Up-to-date: /home/nikolai/Documents/ROS/catching_turtles_ros2/ws/install/interfaces/include/interfaces/interfaces/msg
-- Up-to-date: /home/nikolai/Documents/ROS/catching_turtles_ros2/ws/install/interfaces/include/interfaces/interfaces/msg/detail
-- Up-to-date: /home/nikolai/Documents/ROS/catching_turtles_ros2/ws/install/interfaces/include/interfaces/interfaces/msg/detail/turtle_array__type_support.c
-- Up-to-date: /home/nikolai/Documents/ROS/catching_turtles_ros2/ws/install/interfaces/include/interfaces/interfaces/msg/detail/turtle_array__rosidl_typesupport_introspection_c.h
-- Up-to-date: /home/nikolai/Documents/ROS/catching_turtles_ros2/ws/install/interfaces/include/interfaces/interfaces/msg/detail/turtle__type_support.c
-- Up-to-date: /home/nikolai/Documents/ROS/catching_turtles_ros2/ws/install/interfaces/include/interfaces/interfaces/msg/detail/turtle__rosidl_typesupport_introspection_c.h
-- Up-to-date: /home/nikolai/Documents/ROS/catching_turtles_ros2/ws/install/interfaces/include/interfaces/interfaces/msg/rosidl_typesupport_introspection_c__visibility_control.h
-- Up-to-date: /home/nikolai/Documents/ROS/catching_turtles_ros2/ws/install/interfaces/lib/libinterfaces__rosidl_typesupport_introspection_c.so
-- Up-to-date: /home/nikolai/Documents/ROS/catching_turtles_ros2/ws/install/interfaces/lib/libinterfaces__rosidl_typesupport_c.so
-- Up-to-date: /home/nikolai/Documents/ROS/catching_turtles_ros2/ws/install/interfaces/include/interfaces/interfaces
-- Up-to-date: /home/nikolai/Documents/ROS/catching_turtles_ros2/ws/install/interfaces/include/interfaces/interfaces/srv
-- Up-to-date: /home/nikolai/Documents/ROS/catching_turtles_ros2/ws/install/interfaces/include/interfaces/interfaces/srv/detail
-- Up-to-date: /home/nikolai/Documents/ROS/catching_turtles_ros2/ws/install/interfaces/include/interfaces/interfaces/srv/detail/kill_turtle__builder.hpp
-- Up-to-date: /home/nikolai/Documents/ROS/catching_turtles_ros2/ws/install/interfaces/include/interfaces/interfaces/srv/detail/catch_turtle__builder.hpp
-- Up-to-date: /home/nikolai/Documents/ROS/catching_turtles_ros2/ws/install/interfaces/include/interfaces/interfaces/srv/detail/kill_turtle__struct.hpp
-- Up-to-date: /home/nikolai/Documents/ROS/catching_turtles_ros2/ws/install/interfaces/include/interfaces/interfaces/srv/detail/kill_turtle__traits.hpp
-- Up-to-date: /home/nikolai/Documents/ROS/catching_turtles_ros2/ws/install/interfaces/include/interfaces/interfaces/srv/detail/catch_turtle__struct.hpp
-- Up-to-date: /home/nikolai/Documents/ROS/catching_turtles_ros2/ws/install/interfaces/include/interfaces/interfaces/srv/detail/catch_turtle__traits.hpp
-- Up-to-date: /home/nikolai/Documents/ROS/catching_turtles_ros2/ws/install/interfaces/include/interfaces/interfaces/srv/kill_turtle.hpp
-- Up-to-date: /home/nikolai/Documents/ROS/catching_turtles_ros2/ws/install/interfaces/include/interfaces/interfaces/srv/catch_turtle.hpp
-- Up-to-date: /home/nikolai/Documents/ROS/catching_turtles_ros2/ws/install/interfaces/include/interfaces/interfaces/msg
-- Up-to-date: /home/nikolai/Documents/ROS/catching_turtles_ros2/ws/install/interfaces/include/interfaces/interfaces/msg/detail
-- Up-to-date: /home/nikolai/Documents/ROS/catching_turtles_ros2/ws/install/interfaces/include/interfaces/interfaces/msg/detail/turtle__struct.hpp
-- Up-to-date: /home/nikolai/Documents/ROS/catching_turtles_ros2/ws/install/interfaces/include/interfaces/interfaces/msg/detail/turtle_array__struct.hpp
-- Up-to-date: /home/nikolai/Documents/ROS/catching_turtles_ros2/ws/install/interfaces/include/interfaces/interfaces/msg/detail/turtle__builder.hpp
-- Up-to-date: /home/nikolai/Documents/ROS/catching_turtles_ros2/ws/install/interfaces/include/interfaces/interfaces/msg/detail/turtle__traits.hpp
-- Up-to-date: /home/nikolai/Documents/ROS/catching_turtles_ros2/ws/install/interfaces/include/interfaces/interfaces/msg/detail/turtle_array__traits.hpp
-- Up-to-date: /home/nikolai/Documents/ROS/catching_turtles_ros2/ws/install/interfaces/include/interfaces/interfaces/msg/detail/turtle_array__builder.hpp
-- Up-to-date: /home/nikolai/Documents/ROS/catching_turtles_ros2/ws/install/interfaces/include/interfaces/interfaces/msg/turtle_array.hpp
-- Up-to-date: /home/nikolai/Documents/ROS/catching_turtles_ros2/ws/install/interfaces/include/interfaces/interfaces/msg/turtle.hpp
-- Up-to-date: /home/nikolai/Documents/ROS/catching_turtles_ros2/ws/install/interfaces/include/interfaces/interfaces
-- Up-to-date: /home/nikolai/Documents/ROS/catching_turtles_ros2/ws/install/interfaces/include/interfaces/interfaces/srv
-- Up-to-date: /home/nikolai/Documents/ROS/catching_turtles_ros2/ws/install/interfaces/include/interfaces/interfaces/srv/detail
-- Up-to-date: /home/nikolai/Documents/ROS/catching_turtles_ros2/ws/install/interfaces/include/interfaces/interfaces/srv/detail/dds_fastrtps
-- Up-to-date: /home/nikolai/Documents/ROS/catching_turtles_ros2/ws/install/interfaces/include/interfaces/interfaces/srv/detail/kill_turtle__rosidl_typesupport_fastrtps_cpp.hpp
-- Up-to-date: /home/nikolai/Documents/ROS/catching_turtles_ros2/ws/install/interfaces/include/interfaces/interfaces/srv/detail/catch_turtle__rosidl_typesupport_fastrtps_cpp.hpp
-- Up-to-date: /home/nikolai/Documents/ROS/catching_turtles_ros2/ws/install/interfaces/include/interfaces/interfaces/msg
-- Up-to-date: /home/nikolai/Documents/ROS/catching_turtles_ros2/ws/install/interfaces/include/interfaces/interfaces/msg/detail
-- Up-to-date: /home/nikolai/Documents/ROS/catching_turtles_ros2/ws/install/interfaces/include/interfaces/interfaces/msg/detail/turtle_array__rosidl_typesupport_fastrtps_cpp.hpp
-- Up-to-date: /home/nikolai/Documents/ROS/catching_turtles_ros2/ws/install/interfaces/include/interfaces/interfaces/msg/detail/dds_fastrtps
-- Up-to-date: /home/nikolai/Documents/ROS/catching_turtles_ros2/ws/install/interfaces/include/interfaces/interfaces/msg/detail/turtle__rosidl_typesupport_fastrtps_cpp.hpp
-- Up-to-date: /home/nikolai/Documents/ROS/catching_turtles_ros2/ws/install/interfaces/include/interfaces/interfaces/msg/rosidl_typesupport_fastrtps_cpp__visibility_control.h
-- Up-to-date: /home/nikolai/Documents/ROS/catching_turtles_ros2/ws/install/interfaces/lib/libinterfaces__rosidl_typesupport_fastrtps_cpp.so
-- Up-to-date: /home/nikolai/Documents/ROS/catching_turtles_ros2/ws/install/interfaces/include/interfaces/interfaces
-- Up-to-date: /home/nikolai/Documents/ROS/catching_turtles_ros2/ws/install/interfaces/include/interfaces/interfaces/srv
-- Up-to-date: /home/nikolai/Documents/ROS/catching_turtles_ros2/ws/install/interfaces/include/interfaces/interfaces/srv/detail
-- Up-to-date: /home/nikolai/Documents/ROS/catching_turtles_ros2/ws/install/interfaces/include/interfaces/interfaces/srv/detail/catch_turtle__type_support.cpp
-- Up-to-date: /home/nikolai/Documents/ROS/catching_turtles_ros2/ws/install/interfaces/include/interfaces/interfaces/srv/detail/kill_turtle__rosidl_typesupport_introspection_cpp.hpp
-- Up-to-date: /home/nikolai/Documents/ROS/catching_turtles_ros2/ws/install/interfaces/include/interfaces/interfaces/srv/detail/kill_turtle__type_support.cpp
-- Up-to-date: /home/nikolai/Documents/ROS/catching_turtles_ros2/ws/install/interfaces/include/interfaces/interfaces/srv/detail/catch_turtle__rosidl_typesupport_introspection_cpp.hpp
-- Up-to-date: /home/nikolai/Documents/ROS/catching_turtles_ros2/ws/install/interfaces/include/interfaces/interfaces/msg
-- Up-to-date: /home/nikolai/Documents/ROS/catching_turtles_ros2/ws/install/interfaces/include/interfaces/interfaces/msg/detail
-- Up-to-date: /home/nikolai/Documents/ROS/catching_turtles_ros2/ws/install/interfaces/include/interfaces/interfaces/msg/detail/turtle__rosidl_typesupport_introspection_cpp.hpp
-- Up-to-date: /home/nikolai/Documents/ROS/catching_turtles_ros2/ws/install/interfaces/include/interfaces/interfaces/msg/detail/turtle__type_support.cpp
-- Up-to-date: /home/nikolai/Documents/ROS/catching_turtles_ros2/ws/install/interfaces/include/interfaces/interfaces/msg/detail/turtle_array__rosidl_typesupport_introspection_cpp.hpp
-- Up-to-date: /home/nikolai/Documents/ROS/catching_turtles_ros2/ws/install/interfaces/include/interfaces/interfaces/msg/detail/turtle_array__type_support.cpp
-- Up-to-date: /home/nikolai/Documents/ROS/catching_turtles_ros2/ws/install/interfaces/lib/libinterfaces__rosidl_typesupport_introspection_cpp.so
-- Up-to-date: /home/nikolai/Documents/ROS/catching_turtles_ros2/ws/install/interfaces/lib/libinterfaces__rosidl_typesupport_cpp.so
-- Up-to-date: /home/nikolai/Documents/ROS/catching_turtles_ros2/ws/install/interfaces/share/interfaces/environment/pythonpath.sh
-- Up-to-date: /home/nikolai/Documents/ROS/catching_turtles_ros2/ws/install/interfaces/share/interfaces/environment/pythonpath.dsv
-- Up-to-date: /home/nikolai/Documents/ROS/catching_turtles_ros2/ws/install/interfaces/local/lib/python3.10/dist-packages/interfaces-0.0.0-py3.10.egg-info
-- Installing: /home/nikolai/Documents/ROS/catching_turtles_ros2/ws/install/interfaces/local/lib/python3.10/dist-packages/interfaces-0.0.0-py3.10.egg-info/SOURCES.txt
-- Installing: /home/nikolai/Documents/ROS/catching_turtles_ros2/ws/install/interfaces/local/lib/python3.10/dist-packages/interfaces-0.0.0-py3.10.egg-info/PKG-INFO
-- Installing: /home/nikolai/Documents/ROS/catching_turtles_ros2/ws/install/interfaces/local/lib/python3.10/dist-packages/interfaces-0.0.0-py3.10.egg-info/dependency_links.txt
-- Installing: /home/nikolai/Documents/ROS/catching_turtles_ros2/ws/install/interfaces/local/lib/python3.10/dist-packages/interfaces-0.0.0-py3.10.egg-info/top_level.txt
-- Up-to-date: /home/nikolai/Documents/ROS/catching_turtles_ros2/ws/install/interfaces/local/lib/python3.10/dist-packages/interfaces
-- Up-to-date: /home/nikolai/Documents/ROS/catching_turtles_ros2/ws/install/interfaces/local/lib/python3.10/dist-packages/interfaces/_interfaces_s.ep.rosidl_typesupport_introspection_c.c
-- Up-to-date: /home/nikolai/Documents/ROS/catching_turtles_ros2/ws/install/interfaces/local/lib/python3.10/dist-packages/interfaces/interfaces_s__rosidl_typesupport_introspection_c.cpython-310-x86_64-linux-gnu.so
-- Up-to-date: /home/nikolai/Documents/ROS/catching_turtles_ros2/ws/install/interfaces/local/lib/python3.10/dist-packages/interfaces/_interfaces_s.ep.rosidl_typesupport_fastrtps_c.c
-- Up-to-date: /home/nikolai/Documents/ROS/catching_turtles_ros2/ws/install/interfaces/local/lib/python3.10/dist-packages/interfaces/libinterfaces__rosidl_generator_py.so
-- Up-to-date: /home/nikolai/Documents/ROS/catching_turtles_ros2/ws/install/interfaces/local/lib/python3.10/dist-packages/interfaces/__init__.py
-- Up-to-date: /home/nikolai/Documents/ROS/catching_turtles_ros2/ws/install/interfaces/local/lib/python3.10/dist-packages/interfaces/interfaces_s__rosidl_typesupport_c.cpython-310-x86_64-linux-gnu.so
-- Up-to-date: /home/nikolai/Documents/ROS/catching_turtles_ros2/ws/install/interfaces/local/lib/python3.10/dist-packages/interfaces/interfaces_s__rosidl_typesupport_fastrtps_c.cpython-310-x86_64-linux-gnu.so
-- Up-to-date: /home/nikolai/Documents/ROS/catching_turtles_ros2/ws/install/interfaces/local/lib/python3.10/dist-packages/interfaces/srv
-- Up-to-date: /home/nikolai/Documents/ROS/catching_turtles_ros2/ws/install/interfaces/local/lib/python3.10/dist-packages/interfaces/srv/_kill_turtle_s.c
-- Up-to-date: /home/nikolai/Documents/ROS/catching_turtles_ros2/ws/install/interfaces/local/lib/python3.10/dist-packages/interfaces/srv/_catch_turtle_s.c
-- Up-to-date: /home/nikolai/Documents/ROS/catching_turtles_ros2/ws/install/interfaces/local/lib/python3.10/dist-packages/interfaces/srv/_catch_turtle.py
-- Up-to-date: /home/nikolai/Documents/ROS/catching_turtles_ros2/ws/install/interfaces/local/lib/python3.10/dist-packages/interfaces/srv/__init__.py
-- Up-to-date: /home/nikolai/Documents/ROS/catching_turtles_ros2/ws/install/interfaces/local/lib/python3.10/dist-packages/interfaces/srv/_kill_turtle.py
-- Up-to-date: /home/nikolai/Documents/ROS/catching_turtles_ros2/ws/install/interfaces/local/lib/python3.10/dist-packages/interfaces/msg
-- Up-to-date: /home/nikolai/Documents/ROS/catching_turtles_ros2/ws/install/interfaces/local/lib/python3.10/dist-packages/interfaces/msg/_turtle_array_s.c
-- Up-to-date: /home/nikolai/Documents/ROS/catching_turtles_ros2/ws/install/interfaces/local/lib/python3.10/dist-packages/interfaces/msg/__init__.py
-- Up-to-date: /home/nikolai/Documents/ROS/catching_turtles_ros2/ws/install/interfaces/local/lib/python3.10/dist-packages/interfaces/msg/_turtle.py
-- Up-to-date: /home/nikolai/Documents/ROS/catching_turtles_ros2/ws/install/interfaces/local/lib/python3.10/dist-packages/interfaces/msg/_turtle_array.py
-- Up-to-date: /home/nikolai/Documents/ROS/catching_turtles_ros2/ws/install/interfaces/local/lib/python3.10/dist-packages/interfaces/msg/_turtle_s.c
-- Up-to-date: /home/nikolai/Documents/ROS/catching_turtles_ros2/ws/install/interfaces/local/lib/python3.10/dist-packages/interfaces/_interfaces_s.ep.rosidl_typesupport_c.c
Listing '/home/nikolai/Documents/ROS/catching_turtles_ros2/ws/install/interfaces/local/lib/python3.10/dist-packages/interfaces'...
Listing '/home/nikolai/Documents/ROS/catching_turtles_ros2/ws/install/interfaces/local/lib/python3.10/dist-packages/interfaces/msg'...
Listing '/home/nikolai/Documents/ROS/catching_turtles_ros2/ws/install/interfaces/local/lib/python3.10/dist-packages/interfaces/srv'...
-- Up-to-date: /home/nikolai/Documents/ROS/catching_turtles_ros2/ws/install/interfaces/local/lib/python3.10/dist-packages/interfaces/interfaces_s__rosidl_typesupport_fastrtps_c.cpython-310-x86_64-linux-gnu.so
-- Up-to-date: /home/nikolai/Documents/ROS/catching_turtles_ros2/ws/install/interfaces/local/lib/python3.10/dist-packages/interfaces/interfaces_s__rosidl_typesupport_introspection_c.cpython-310-x86_64-linux-gnu.so
-- Up-to-date: /home/nikolai/Documents/ROS/catching_turtles_ros2/ws/install/interfaces/local/lib/python3.10/dist-packages/interfaces/interfaces_s__rosidl_typesupport_c.cpython-310-x86_64-linux-gnu.so
-- Up-to-date: /home/nikolai/Documents/ROS/catching_turtles_ros2/ws/install/interfaces/lib/libinterfaces__rosidl_generator_py.so
-- Up-to-date: /home/nikolai/Documents/ROS/catching_turtles_ros2/ws/install/interfaces/share/interfaces/msg/Turtle.idl
-- Up-to-date: /home/nikolai/Documents/ROS/catching_turtles_ros2/ws/install/interfaces/share/interfaces/msg/TurtleArray.idl
-- Up-to-date: /home/nikolai/Documents/ROS/catching_turtles_ros2/ws/install/interfaces/share/interfaces/srv/CatchTurtle.idl
-- Up-to-date: /home/nikolai/Documents/ROS/catching_turtles_ros2/ws/install/interfaces/share/interfaces/msg/Turtle.msg
-- Up-to-date: /home/nikolai/Documents/ROS/catching_turtles_ros2/ws/install/interfaces/share/interfaces/msg/TurtleArray.msg
-- Up-to-date: /home/nikolai/Documents/ROS/catching_turtles_ros2/ws/install/interfaces/share/interfaces/srv/CatchTurtle.srv
-- Up-to-date: /home/nikolai/Documents/ROS/catching_turtles_ros2/ws/install/interfaces/share/interfaces/srv/CatchTurtle_Request.msg
-- Up-to-date: /home/nikolai/Documents/ROS/catching_turtles_ros2/ws/install/interfaces/share/interfaces/srv/CatchTurtle_Response.msg
-- Up-to-date: /home/nikolai/Documents/ROS/catching_turtles_ros2/ws/install/interfaces/share/ament_index/resource_index/package_run_dependencies/interfaces
-- Up-to-date: /home/nikolai/Documents/ROS/catching_turtles_ros2/ws/install/interfaces/share/ament_index/resource_index/parent_prefix_path/interfaces
-- Up-to-date: /home/nikolai/Documents/ROS/catching_turtles_ros2/ws/install/interfaces/share/interfaces/environment/ament_prefix_path.sh
-- Up-to-date: /home/nikolai/Documents/ROS/catching_turtles_ros2/ws/install/interfaces/share/interfaces/environment/ament_prefix_path.dsv
-- Up-to-date: /home/nikolai/Documents/ROS/catching_turtles_ros2/ws/install/interfaces/share/interfaces/environment/path.sh
-- Up-to-date: /home/nikolai/Documents/ROS/catching_turtles_ros2/ws/install/interfaces/share/interfaces/environment/path.dsv
-- Up-to-date: /home/nikolai/Documents/ROS/catching_turtles_ros2/ws/install/interfaces/share/interfaces/local_setup.bash
-- Up-to-date: /home/nikolai/Documents/ROS/catching_turtles_ros2/ws/install/interfaces/share/interfaces/local_setup.sh
-- Up-to-date: /home/nikolai/Documents/ROS/catching_turtles_ros2/ws/install/interfaces/share/interfaces/local_setup.zsh
-- Up-to-date: /home/nikolai/Documents/ROS/catching_turtles_ros2/ws/install/interfaces/share/interfaces/local_setup.dsv
-- Installing: /home/nikolai/Documents/ROS/catching_turtles_ros2/ws/install/interfaces/share/interfaces/package.dsv
-- Up-to-date: /home/nikolai/Documents/ROS/catching_turtles_ros2/ws/install/interfaces/share/ament_index/resource_index/packages/interfaces
-- Up-to-date: /home/nikolai/Documents/ROS/catching_turtles_ros2/ws/install/interfaces/share/interfaces/cmake/export_interfaces__rosidl_generator_cExport.cmake
-- Up-to-date: /home/nikolai/Documents/ROS/catching_turtles_ros2/ws/install/interfaces/share/interfaces/cmake/export_interfaces__rosidl_generator_cExport-noconfig.cmake
-- Up-to-date: /home/nikolai/Documents/ROS/catching_turtles_ros2/ws/install/interfaces/share/interfaces/cmake/export_interfaces__rosidl_typesupport_fastrtps_cExport.cmake
-- Up-to-date: /home/nikolai/Documents/ROS/catching_turtles_ros2/ws/install/interfaces/share/interfaces/cmake/export_interfaces__rosidl_typesupport_fastrtps_cExport-noconfig.cmake
-- Up-to-date: /home/nikolai/Documents/ROS/catching_turtles_ros2/ws/install/interfaces/share/interfaces/cmake/interfaces__rosidl_typesupport_introspection_cExport.cmake
-- Up-to-date: /home/nikolai/Documents/ROS/catching_turtles_ros2/ws/install/interfaces/share/interfaces/cmake/interfaces__rosidl_typesupport_introspection_cExport-noconfig.cmake
-- Up-to-date: /home/nikolai/Documents/ROS/catching_turtles_ros2/ws/install/interfaces/share/interfaces/cmake/interfaces__rosidl_typesupport_cExport.cmake
-- Up-to-date: /home/nikolai/Documents/ROS/catching_turtles_ros2/ws/install/interfaces/share/interfaces/cmake/interfaces__rosidl_typesupport_cExport-noconfig.cmake
-- Up-to-date: /home/nikolai/Documents/ROS/catching_turtles_ros2/ws/install/interfaces/share/interfaces/cmake/export_interfaces__rosidl_generator_cppExport.cmake
-- Up-to-date: /home/nikolai/Documents/ROS/catching_turtles_ros2/ws/install/interfaces/share/interfaces/cmake/export_interfaces__rosidl_typesupport_fastrtps_cppExport.cmake
-- Up-to-date: /home/nikolai/Documents/ROS/catching_turtles_ros2/ws/install/interfaces/share/interfaces/cmake/export_interfaces__rosidl_typesupport_fastrtps_cppExport-noconfig.cmake
-- Up-to-date: /home/nikolai/Documents/ROS/catching_turtles_ros2/ws/install/interfaces/share/interfaces/cmake/interfaces__rosidl_typesupport_introspection_cppExport.cmake
-- Up-to-date: /home/nikolai/Documents/ROS/catching_turtles_ros2/ws/install/interfaces/share/interfaces/cmake/interfaces__rosidl_typesupport_introspection_cppExport-noconfig.cmake
-- Up-to-date: /home/nikolai/Documents/ROS/catching_turtles_ros2/ws/install/interfaces/share/interfaces/cmake/interfaces__rosidl_typesupport_cppExport.cmake
-- Up-to-date: /home/nikolai/Documents/ROS/catching_turtles_ros2/ws/install/interfaces/share/interfaces/cmake/interfaces__rosidl_typesupport_cppExport-noconfig.cmake
-- Up-to-date: /home/nikolai/Documents/ROS/catching_turtles_ros2/ws/install/interfaces/share/interfaces/cmake/export_interfaces__rosidl_generator_pyExport.cmake
-- Up-to-date: /home/nikolai/Documents/ROS/catching_turtles_ros2/ws/install/interfaces/share/interfaces/cmake/export_interfaces__rosidl_generator_pyExport-noconfig.cmake
-- Up-to-date: /home/nikolai/Documents/ROS/catching_turtles_ros2/ws/install/interfaces/share/interfaces/cmake/rosidl_cmake-extras.cmake
-- Up-to-date: /home/nikolai/Documents/ROS/catching_turtles_ros2/ws/install/interfaces/share/interfaces/cmake/ament_cmake_export_include_directories-extras.cmake
-- Up-to-date: /home/nikolai/Documents/ROS/catching_turtles_ros2/ws/install/interfaces/share/interfaces/cmake/ament_cmake_export_libraries-extras.cmake
-- Up-to-date: /home/nikolai/Documents/ROS/catching_turtles_ros2/ws/install/interfaces/share/interfaces/cmake/ament_cmake_export_targets-extras.cmake
-- Up-to-date: /home/nikolai/Documents/ROS/catching_turtles_ros2/ws/install/interfaces/share/interfaces/cmake/rosidl_cmake_export_typesupport_targets-extras.cmake
-- Up-to-date: /home/nikolai/Documents/ROS/catching_turtles_ros2/ws/install/interfaces/share/interfaces/cmake/ament_cmake_export_dependencies-extras.cmake
-- Up-to-date: /home/nikolai/Documents/ROS/catching_turtles_ros2/ws/install/interfaces/share/interfaces/cmake/rosidl_cmake_export_typesupport_libraries-extras.cmake
-- Up-to-date: /home/nikolai/Documents/ROS/catching_turtles_ros2/ws/install/interfaces/share/interfaces/cmake/interfacesConfig.cmake
-- Up-to-date: /home/nikolai/Documents/ROS/catching_turtles_ros2/ws/install/interfaces/share/interfaces/cmake/interfacesConfig-version.cmake
-- Up-to-date: /home/nikolai/Documents/ROS/catching_turtles_ros2/ws/install/interfaces/share/interfaces/package.xml
