[0.006s] Invoking command in '/home/nikolai/Documents/ROS/catching_turtles_ros2/ws/build/interfaces': CMAKE_PREFIX_PATH=${CMAKE_PREFIX_PATH}:/home/nikolai/Documents/ROS/catching_turtles_ros2/ws/install/python_pkg:/opt/ros/humble /usr/bin/cmake --build /home/nikolai/Documents/ROS/catching_turtles_ros2/ws/build/interfaces -- -j20 -l20
[0.019s] -- Found ament_cmake: 1.3.3 (/opt/ros/humble/share/ament_cmake/cmake)
[0.096s] -- Found rosidl_default_generators: 1.2.0 (/opt/ros/humble/share/rosidl_default_generators/cmake)
[0.097s] -- Using all available rosidl_typesupport_c: rosidl_typesupport_fastrtps_c;rosidl_typesupport_introspection_c
[0.099s] -- Found rosidl_adapter: 3.1.4 (/opt/ros/humble/share/rosidl_adapter/cmake)
[0.114s] -- Using all available rosidl_typesupport_cpp: rosidl_typesupport_fastrtps_cpp;rosidl_typesupport_introspection_cpp
[0.264s] -- Found ament_cmake_ros: 0.10.0 (/opt/ros/humble/share/ament_cmake_ros/cmake)
[0.362s] -- Using all available rosidl_typesupport_c: rosidl_typesupport_fastrtps_c;rosidl_typesupport_introspection_c
[0.489s] -- Using all available rosidl_typesupport_cpp: rosidl_typesupport_fastrtps_cpp;rosidl_typesupport_introspection_cpp
[0.502s] -- Found python_cmake_module: 0.10.0 (/opt/ros/humble/share/python_cmake_module/cmake)
[0.515s] -- Using PYTHON_EXECUTABLE: /usr/bin/python3
[0.515s] -- Using PYTHON_INCLUDE_DIRS: /usr/include/python3.10
[0.515s] -- Using PYTHON_LIBRARIES: /usr/lib/x86_64-linux-gnu/libpython3.10.so
[0.521s] -- Found ament_lint_auto: 0.12.5 (/opt/ros/humble/share/ament_lint_auto/cmake)
[0.525s] -- Added test 'lint_cmake' to check CMake code style
[0.526s] -- Added test 'xmllint' to check XML markup files
[0.527s] -- Configuring done
[0.543s] -- Generating done
[0.544s] -- Build files have been written to: /home/nikolai/Documents/ROS/catching_turtles_ros2/ws/build/interfaces
[0.557s] [  2%] [34m[1mGenerating C code for ROS interfaces[0m
[0.561s] [  4%] [34m[1mGenerating C++ code for ROS interfaces[0m
[0.566s] [  4%] Built target ament_cmake_python_copy_interfaces
[0.696s] running egg_info
[0.696s] writing interfaces.egg-info/PKG-INFO
[0.697s] writing dependency_links to interfaces.egg-info/dependency_links.txt
[0.697s] writing top-level names to interfaces.egg-info/top_level.txt
[0.698s] reading manifest file 'interfaces.egg-info/SOURCES.txt'
[0.698s] writing manifest file 'interfaces.egg-info/SOURCES.txt'
[0.713s] [  4%] Built target ament_cmake_python_build_interfaces_egg
[0.757s] [  4%] Built target interfaces__cpp
[0.758s] [35m[1mConsolidate compiler generated dependencies of target interfaces__rosidl_generator_c[0m
[0.762s] [  6%] [34m[1mGenerating C++ type support dispatch for ROS interfaces[0m
[0.762s] [  8%] [34m[1mGenerating C++ type support for eProsima Fast-RTPS[0m
[0.763s] [ 10%] [34m[1mGenerating C++ introspection for ROS interfaces[0m
[0.763s] [ 12%] [32mBuilding C object CMakeFiles/interfaces__rosidl_generator_c.dir/rosidl_generator_c/interfaces/msg/detail/turtle__functions.c.o[0m
[0.764s] [ 14%] [32mBuilding C object CMakeFiles/interfaces__rosidl_generator_c.dir/rosidl_generator_c/interfaces/msg/detail/turtle_array__functions.c.o[0m
[0.764s] [ 17%] [32mBuilding C object CMakeFiles/interfaces__rosidl_generator_c.dir/rosidl_generator_c/interfaces/srv/detail/catch_turtle__functions.c.o[0m
[0.796s] [ 19%] [32m[1mLinking C shared library libinterfaces__rosidl_generator_c.so[0m
[0.815s] [ 19%] Built target interfaces__rosidl_generator_c
[0.820s] [ 21%] [34m[1mGenerating C type support for eProsima Fast-RTPS[0m
[0.821s] [ 25%] [34m[1mGenerating C introspection for ROS interfaces[0m
[0.821s] [ 25%] [34m[1mGenerating C type support dispatch for ROS interfaces[0m
[0.919s] [35m[1mConsolidate compiler generated dependencies of target interfaces__rosidl_typesupport_cpp[0m
[0.927s] [ 27%] [32mBuilding CXX object CMakeFiles/interfaces__rosidl_typesupport_cpp.dir/rosidl_typesupport_cpp/interfaces/msg/turtle__type_support.cpp.o[0m
[0.929s] [ 31%] [32mBuilding CXX object CMakeFiles/interfaces__rosidl_typesupport_cpp.dir/rosidl_typesupport_cpp/interfaces/srv/catch_turtle__type_support.cpp.o[0m
[0.929s] [ 31%] [32mBuilding CXX object CMakeFiles/interfaces__rosidl_typesupport_cpp.dir/rosidl_typesupport_cpp/interfaces/msg/turtle_array__type_support.cpp.o[0m
[0.947s] [35m[1mConsolidate compiler generated dependencies of target interfaces__rosidl_typesupport_introspection_cpp[0m
[0.958s] [ 34%] [32mBuilding CXX object CMakeFiles/interfaces__rosidl_typesupport_introspection_cpp.dir/rosidl_typesupport_introspection_cpp/interfaces/msg/detail/turtle__type_support.cpp.o[0m
[0.958s] [ 36%] [32mBuilding CXX object CMakeFiles/interfaces__rosidl_typesupport_introspection_cpp.dir/rosidl_typesupport_introspection_cpp/interfaces/srv/detail/catch_turtle__type_support.cpp.o[0m
[0.959s] [ 38%] [32mBuilding CXX object CMakeFiles/interfaces__rosidl_typesupport_introspection_cpp.dir/rosidl_typesupport_introspection_cpp/interfaces/msg/detail/turtle_array__type_support.cpp.o[0m
[0.964s] [35m[1mConsolidate compiler generated dependencies of target interfaces__rosidl_typesupport_fastrtps_cpp[0m
[0.977s] [ 44%] [32mBuilding CXX object CMakeFiles/interfaces__rosidl_typesupport_fastrtps_cpp.dir/rosidl_typesupport_fastrtps_cpp/interfaces/msg/detail/dds_fastrtps/turtle__type_support.cpp.o[0m
[0.977s] [ 44%] [32mBuilding CXX object CMakeFiles/interfaces__rosidl_typesupport_fastrtps_cpp.dir/rosidl_typesupport_fastrtps_cpp/interfaces/srv/detail/dds_fastrtps/catch_turtle__type_support.cpp.o[0m
[0.977s] [ 44%] [32mBuilding CXX object CMakeFiles/interfaces__rosidl_typesupport_fastrtps_cpp.dir/rosidl_typesupport_fastrtps_cpp/interfaces/msg/detail/dds_fastrtps/turtle_array__type_support.cpp.o[0m
[0.989s] [35m[1mConsolidate compiler generated dependencies of target interfaces__rosidl_typesupport_c[0m
[0.999s] [ 51%] [32mBuilding CXX object CMakeFiles/interfaces__rosidl_typesupport_c.dir/rosidl_typesupport_c/interfaces/srv/catch_turtle__type_support.cpp.o[0m
[0.999s] [ 51%] [32mBuilding CXX object CMakeFiles/interfaces__rosidl_typesupport_c.dir/rosidl_typesupport_c/interfaces/msg/turtle_array__type_support.cpp.o[0m
[0.999s] [ 51%] [32mBuilding CXX object CMakeFiles/interfaces__rosidl_typesupport_c.dir/rosidl_typesupport_c/interfaces/msg/turtle__type_support.cpp.o[0m
[1.022s] [35m[1mConsolidate compiler generated dependencies of target interfaces__rosidl_typesupport_introspection_c[0m
[1.026s] [ 53%] [32m[1mLinking CXX shared library libinterfaces__rosidl_typesupport_c.so[0m
[1.027s] [35m[1mConsolidate compiler generated dependencies of target interfaces__rosidl_typesupport_fastrtps_c[0m
[1.032s] [ 55%] [32mBuilding C object CMakeFiles/interfaces__rosidl_typesupport_introspection_c.dir/rosidl_typesupport_introspection_c/interfaces/msg/detail/turtle__type_support.c.o[0m
[1.033s] [ 57%] [32mBuilding C object CMakeFiles/interfaces__rosidl_typesupport_introspection_c.dir/rosidl_typesupport_introspection_c/interfaces/msg/detail/turtle_array__type_support.c.o[0m
[1.033s] [ 59%] [32mBuilding C object CMakeFiles/interfaces__rosidl_typesupport_introspection_c.dir/rosidl_typesupport_introspection_c/interfaces/srv/detail/catch_turtle__type_support.c.o[0m
[1.036s] [ 61%] [32mBuilding CXX object CMakeFiles/interfaces__rosidl_typesupport_fastrtps_c.dir/rosidl_typesupport_fastrtps_c/interfaces/msg/detail/turtle__type_support_c.cpp.o[0m
[1.038s] [ 63%] [32mBuilding CXX object CMakeFiles/interfaces__rosidl_typesupport_fastrtps_c.dir/rosidl_typesupport_fastrtps_c/interfaces/msg/detail/turtle_array__type_support_c.cpp.o[0m
[1.038s] [ 65%] [32mBuilding CXX object CMakeFiles/interfaces__rosidl_typesupport_fastrtps_c.dir/rosidl_typesupport_fastrtps_c/interfaces/srv/detail/catch_turtle__type_support_c.cpp.o[0m
[1.065s] [ 65%] Built target interfaces__rosidl_typesupport_c
[1.070s] [ 68%] [32m[1mLinking C shared library libinterfaces__rosidl_typesupport_introspection_c.so[0m
[1.099s] [ 68%] Built target interfaces__rosidl_typesupport_introspection_c
[1.221s] [ 70%] [32m[1mLinking CXX shared library libinterfaces__rosidl_typesupport_cpp.so[0m
[1.247s] [ 70%] Built target interfaces__rosidl_typesupport_cpp
[1.303s] [ 72%] [32m[1mLinking CXX shared library libinterfaces__rosidl_typesupport_fastrtps_c.so[0m
[1.340s] [ 74%] [32m[1mLinking CXX shared library libinterfaces__rosidl_typesupport_fastrtps_cpp.so[0m
[1.341s] [ 76%] [32m[1mLinking CXX shared library libinterfaces__rosidl_typesupport_introspection_cpp.so[0m
[1.343s] [ 76%] Built target interfaces__rosidl_typesupport_fastrtps_c
[1.379s] [ 76%] Built target interfaces__rosidl_typesupport_fastrtps_cpp
[1.380s] [ 76%] Built target interfaces__rosidl_typesupport_introspection_cpp
[1.388s] [ 76%] Built target interfaces
[1.397s] [ 78%] [34m[1mGenerating Python code for ROS interfaces[0m
[1.645s] [ 78%] Built target interfaces__py
[1.650s] [35m[1mConsolidate compiler generated dependencies of target interfaces__rosidl_generator_py[0m
[1.656s] [ 80%] [32mBuilding C object CMakeFiles/interfaces__rosidl_generator_py.dir/rosidl_generator_py/interfaces/msg/_turtle_s.c.o[0m
[1.656s] [ 82%] [32mBuilding C object CMakeFiles/interfaces__rosidl_generator_py.dir/rosidl_generator_py/interfaces/msg/_turtle_array_s.c.o[0m
[1.656s] [ 85%] [32mBuilding C object CMakeFiles/interfaces__rosidl_generator_py.dir/rosidl_generator_py/interfaces/srv/_catch_turtle_s.c.o[0m
[1.709s] [ 87%] [32m[1mLinking C shared library rosidl_generator_py/interfaces/libinterfaces__rosidl_generator_py.so[0m
[1.729s] [ 87%] Built target interfaces__rosidl_generator_py
[1.734s] [35m[1mConsolidate compiler generated dependencies of target interfaces__rosidl_typesupport_fastrtps_c__pyext[0m
[1.735s] [35m[1mConsolidate compiler generated dependencies of target interfaces__rosidl_typesupport_introspection_c__pyext[0m
[1.735s] [35m[1mConsolidate compiler generated dependencies of target interfaces__rosidl_typesupport_c__pyext[0m
[1.741s] [ 93%] [32mBuilding C object CMakeFiles/interfaces__rosidl_typesupport_introspection_c__pyext.dir/rosidl_generator_py/interfaces/_interfaces_s.ep.rosidl_typesupport_introspection_c.c.o[0m
[1.741s] [ 93%] [32mBuilding C object CMakeFiles/interfaces__rosidl_typesupport_fastrtps_c__pyext.dir/rosidl_generator_py/interfaces/_interfaces_s.ep.rosidl_typesupport_fastrtps_c.c.o[0m
[1.741s] [ 93%] [32mBuilding C object CMakeFiles/interfaces__rosidl_typesupport_c__pyext.dir/rosidl_generator_py/interfaces/_interfaces_s.ep.rosidl_typesupport_c.c.o[0m
[1.793s] [ 97%] [32m[1mLinking C shared library rosidl_generator_py/interfaces/interfaces_s__rosidl_typesupport_c.cpython-310-x86_64-linux-gnu.so[0m
[1.793s] [ 97%] [32m[1mLinking C shared library rosidl_generator_py/interfaces/interfaces_s__rosidl_typesupport_introspection_c.cpython-310-x86_64-linux-gnu.so[0m
[1.794s] [100%] [32m[1mLinking C shared library rosidl_generator_py/interfaces/interfaces_s__rosidl_typesupport_fastrtps_c.cpython-310-x86_64-linux-gnu.so[0m
[1.810s] [100%] Built target interfaces__rosidl_typesupport_introspection_c__pyext
[1.811s] [100%] Built target interfaces__rosidl_typesupport_c__pyext
[1.811s] [100%] Built target interfaces__rosidl_typesupport_fastrtps_c__pyext
[1.817s] Invoked command in '/home/nikolai/Documents/ROS/catching_turtles_ros2/ws/build/interfaces' returned '0': CMAKE_PREFIX_PATH=${CMAKE_PREFIX_PATH}:/home/nikolai/Documents/ROS/catching_turtles_ros2/ws/install/python_pkg:/opt/ros/humble /usr/bin/cmake --build /home/nikolai/Documents/ROS/catching_turtles_ros2/ws/build/interfaces -- -j20 -l20
[1.862s] Invoking command in '/home/nikolai/Documents/ROS/catching_turtles_ros2/ws/build/interfaces': CMAKE_PREFIX_PATH=${CMAKE_PREFIX_PATH}:/home/nikolai/Documents/ROS/catching_turtles_ros2/ws/install/python_pkg:/opt/ros/humble /usr/bin/cmake --install /home/nikolai/Documents/ROS/catching_turtles_ros2/ws/build/interfaces
[1.866s] -- Install configuration: ""
[1.866s] -- Installing: /home/nikolai/Documents/ROS/catching_turtles_ros2/ws/install/interfaces/share/ament_index/resource_index/rosidl_interfaces/interfaces
[1.866s] -- Up-to-date: /home/nikolai/Documents/ROS/catching_turtles_ros2/ws/install/interfaces/include/interfaces/interfaces
[1.866s] -- Up-to-date: /home/nikolai/Documents/ROS/catching_turtles_ros2/ws/install/interfaces/include/interfaces/interfaces/srv
[1.866s] -- Up-to-date: /home/nikolai/Documents/ROS/catching_turtles_ros2/ws/install/interfaces/include/interfaces/interfaces/srv/detail
[1.866s] -- Installing: /home/nikolai/Documents/ROS/catching_turtles_ros2/ws/install/interfaces/include/interfaces/interfaces/srv/detail/catch_turtle__functions.c
[1.866s] -- Up-to-date: /home/nikolai/Documents/ROS/catching_turtles_ros2/ws/install/interfaces/include/interfaces/interfaces/srv/detail/kill_turtle__struct.h
[1.866s] -- Installing: /home/nikolai/Documents/ROS/catching_turtles_ros2/ws/install/interfaces/include/interfaces/interfaces/srv/detail/catch_turtle__functions.h
[1.866s] -- Up-to-date: /home/nikolai/Documents/ROS/catching_turtles_ros2/ws/install/interfaces/include/interfaces/interfaces/srv/detail/kill_turtle__type_support.h
[1.866s] -- Installing: /home/nikolai/Documents/ROS/catching_turtles_ros2/ws/install/interfaces/include/interfaces/interfaces/srv/detail/catch_turtle__struct.h
[1.867s] -- Installing: /home/nikolai/Documents/ROS/catching_turtles_ros2/ws/install/interfaces/include/interfaces/interfaces/srv/detail/catch_turtle__type_support.h
[1.867s] -- Up-to-date: /home/nikolai/Documents/ROS/catching_turtles_ros2/ws/install/interfaces/include/interfaces/interfaces/srv/detail/kill_turtle__functions.h
[1.867s] -- Up-to-date: /home/nikolai/Documents/ROS/catching_turtles_ros2/ws/install/interfaces/include/interfaces/interfaces/srv/detail/kill_turtle__functions.c
[1.867s] -- Up-to-date: /home/nikolai/Documents/ROS/catching_turtles_ros2/ws/install/interfaces/include/interfaces/interfaces/srv/kill_turtle.h
[1.867s] -- Installing: /home/nikolai/Documents/ROS/catching_turtles_ros2/ws/install/interfaces/include/interfaces/interfaces/srv/catch_turtle.h
[1.867s] -- Up-to-date: /home/nikolai/Documents/ROS/catching_turtles_ros2/ws/install/interfaces/include/interfaces/interfaces/msg
[1.867s] -- Up-to-date: /home/nikolai/Documents/ROS/catching_turtles_ros2/ws/install/interfaces/include/interfaces/interfaces/msg/detail
[1.867s] -- Installing: /home/nikolai/Documents/ROS/catching_turtles_ros2/ws/install/interfaces/include/interfaces/interfaces/msg/detail/turtle__functions.c
[1.867s] -- Installing: /home/nikolai/Documents/ROS/catching_turtles_ros2/ws/install/interfaces/include/interfaces/interfaces/msg/detail/turtle__struct.h
[1.867s] -- Installing: /home/nikolai/Documents/ROS/catching_turtles_ros2/ws/install/interfaces/include/interfaces/interfaces/msg/detail/turtle__type_support.h
[1.867s] -- Installing: /home/nikolai/Documents/ROS/catching_turtles_ros2/ws/install/interfaces/include/interfaces/interfaces/msg/detail/turtle_array__type_support.h
[1.867s] -- Installing: /home/nikolai/Documents/ROS/catching_turtles_ros2/ws/install/interfaces/include/interfaces/interfaces/msg/detail/turtle_array__functions.h
[1.867s] -- Installing: /home/nikolai/Documents/ROS/catching_turtles_ros2/ws/install/interfaces/include/interfaces/interfaces/msg/detail/turtle_array__struct.h
[1.867s] -- Installing: /home/nikolai/Documents/ROS/catching_turtles_ros2/ws/install/interfaces/include/interfaces/interfaces/msg/detail/turtle__functions.h
[1.867s] -- Installing: /home/nikolai/Documents/ROS/catching_turtles_ros2/ws/install/interfaces/include/interfaces/interfaces/msg/detail/turtle_array__functions.c
[1.868s] -- Up-to-date: /home/nikolai/Documents/ROS/catching_turtles_ros2/ws/install/interfaces/include/interfaces/interfaces/msg/rosidl_generator_c__visibility_control.h
[1.868s] -- Installing: /home/nikolai/Documents/ROS/catching_turtles_ros2/ws/install/interfaces/include/interfaces/interfaces/msg/turtle_array.h
[1.868s] -- Installing: /home/nikolai/Documents/ROS/catching_turtles_ros2/ws/install/interfaces/include/interfaces/interfaces/msg/turtle.h
[1.868s] -- Up-to-date: /home/nikolai/Documents/ROS/catching_turtles_ros2/ws/install/interfaces/share/interfaces/environment/library_path.sh
[1.868s] -- Installing: /home/nikolai/Documents/ROS/catching_turtles_ros2/ws/install/interfaces/share/interfaces/environment/library_path.dsv
[1.868s] -- Installing: /home/nikolai/Documents/ROS/catching_turtles_ros2/ws/install/interfaces/lib/libinterfaces__rosidl_generator_c.so
[1.868s] -- Set runtime path of "/home/nikolai/Documents/ROS/catching_turtles_ros2/ws/install/interfaces/lib/libinterfaces__rosidl_generator_c.so" to ""
[1.868s] -- Up-to-date: /home/nikolai/Documents/ROS/catching_turtles_ros2/ws/install/interfaces/include/interfaces/interfaces
[1.868s] -- Up-to-date: /home/nikolai/Documents/ROS/catching_turtles_ros2/ws/install/interfaces/include/interfaces/interfaces/srv
[1.868s] -- Up-to-date: /home/nikolai/Documents/ROS/catching_turtles_ros2/ws/install/interfaces/include/interfaces/interfaces/srv/detail
[1.868s] -- Up-to-date: /home/nikolai/Documents/ROS/catching_turtles_ros2/ws/install/interfaces/include/interfaces/interfaces/srv/detail/kill_turtle__rosidl_typesupport_fastrtps_c.h
[1.868s] -- Installing: /home/nikolai/Documents/ROS/catching_turtles_ros2/ws/install/interfaces/include/interfaces/interfaces/srv/detail/catch_turtle__rosidl_typesupport_fastrtps_c.h
[1.868s] -- Up-to-date: /home/nikolai/Documents/ROS/catching_turtles_ros2/ws/install/interfaces/include/interfaces/interfaces/msg
[1.868s] -- Up-to-date: /home/nikolai/Documents/ROS/catching_turtles_ros2/ws/install/interfaces/include/interfaces/interfaces/msg/detail
[1.869s] -- Installing: /home/nikolai/Documents/ROS/catching_turtles_ros2/ws/install/interfaces/include/interfaces/interfaces/msg/detail/turtle__rosidl_typesupport_fastrtps_c.h
[1.869s] -- Installing: /home/nikolai/Documents/ROS/catching_turtles_ros2/ws/install/interfaces/include/interfaces/interfaces/msg/detail/turtle_array__rosidl_typesupport_fastrtps_c.h
[1.869s] -- Up-to-date: /home/nikolai/Documents/ROS/catching_turtles_ros2/ws/install/interfaces/include/interfaces/interfaces/msg/rosidl_typesupport_fastrtps_c__visibility_control.h
[1.869s] -- Installing: /home/nikolai/Documents/ROS/catching_turtles_ros2/ws/install/interfaces/lib/libinterfaces__rosidl_typesupport_fastrtps_c.so
[1.869s] -- Set runtime path of "/home/nikolai/Documents/ROS/catching_turtles_ros2/ws/install/interfaces/lib/libinterfaces__rosidl_typesupport_fastrtps_c.so" to ""
[1.869s] -- Up-to-date: /home/nikolai/Documents/ROS/catching_turtles_ros2/ws/install/interfaces/include/interfaces/interfaces
[1.869s] -- Up-to-date: /home/nikolai/Documents/ROS/catching_turtles_ros2/ws/install/interfaces/include/interfaces/interfaces/srv
[1.869s] -- Up-to-date: /home/nikolai/Documents/ROS/catching_turtles_ros2/ws/install/interfaces/include/interfaces/interfaces/srv/detail
[1.869s] -- Installing: /home/nikolai/Documents/ROS/catching_turtles_ros2/ws/install/interfaces/include/interfaces/interfaces/srv/detail/catch_turtle__type_support.c
[1.869s] -- Up-to-date: /home/nikolai/Documents/ROS/catching_turtles_ros2/ws/install/interfaces/include/interfaces/interfaces/srv/detail/kill_turtle__type_support.c
[1.869s] -- Up-to-date: /home/nikolai/Documents/ROS/catching_turtles_ros2/ws/install/interfaces/include/interfaces/interfaces/srv/detail/kill_turtle__rosidl_typesupport_introspection_c.h
[1.869s] -- Installing: /home/nikolai/Documents/ROS/catching_turtles_ros2/ws/install/interfaces/include/interfaces/interfaces/srv/detail/catch_turtle__rosidl_typesupport_introspection_c.h
[1.869s] -- Up-to-date: /home/nikolai/Documents/ROS/catching_turtles_ros2/ws/install/interfaces/include/interfaces/interfaces/msg
[1.869s] -- Up-to-date: /home/nikolai/Documents/ROS/catching_turtles_ros2/ws/install/interfaces/include/interfaces/interfaces/msg/detail
[1.870s] -- Installing: /home/nikolai/Documents/ROS/catching_turtles_ros2/ws/install/interfaces/include/interfaces/interfaces/msg/detail/turtle_array__type_support.c
[1.870s] -- Installing: /home/nikolai/Documents/ROS/catching_turtles_ros2/ws/install/interfaces/include/interfaces/interfaces/msg/detail/turtle_array__rosidl_typesupport_introspection_c.h
[1.870s] -- Installing: /home/nikolai/Documents/ROS/catching_turtles_ros2/ws/install/interfaces/include/interfaces/interfaces/msg/detail/turtle__type_support.c
[1.870s] -- Installing: /home/nikolai/Documents/ROS/catching_turtles_ros2/ws/install/interfaces/include/interfaces/interfaces/msg/detail/turtle__rosidl_typesupport_introspection_c.h
[1.870s] -- Up-to-date: /home/nikolai/Documents/ROS/catching_turtles_ros2/ws/install/interfaces/include/interfaces/interfaces/msg/rosidl_typesupport_introspection_c__visibility_control.h
[1.870s] -- Installing: /home/nikolai/Documents/ROS/catching_turtles_ros2/ws/install/interfaces/lib/libinterfaces__rosidl_typesupport_introspection_c.so
[1.870s] -- Set runtime path of "/home/nikolai/Documents/ROS/catching_turtles_ros2/ws/install/interfaces/lib/libinterfaces__rosidl_typesupport_introspection_c.so" to ""
[1.870s] -- Installing: /home/nikolai/Documents/ROS/catching_turtles_ros2/ws/install/interfaces/lib/libinterfaces__rosidl_typesupport_c.so
[1.870s] -- Set runtime path of "/home/nikolai/Documents/ROS/catching_turtles_ros2/ws/install/interfaces/lib/libinterfaces__rosidl_typesupport_c.so" to ""
[1.870s] -- Up-to-date: /home/nikolai/Documents/ROS/catching_turtles_ros2/ws/install/interfaces/include/interfaces/interfaces
[1.870s] -- Up-to-date: /home/nikolai/Documents/ROS/catching_turtles_ros2/ws/install/interfaces/include/interfaces/interfaces/srv
[1.870s] -- Up-to-date: /home/nikolai/Documents/ROS/catching_turtles_ros2/ws/install/interfaces/include/interfaces/interfaces/srv/detail
[1.870s] -- Up-to-date: /home/nikolai/Documents/ROS/catching_turtles_ros2/ws/install/interfaces/include/interfaces/interfaces/srv/detail/kill_turtle__builder.hpp
[1.870s] -- Installing: /home/nikolai/Documents/ROS/catching_turtles_ros2/ws/install/interfaces/include/interfaces/interfaces/srv/detail/catch_turtle__builder.hpp
[1.870s] -- Up-to-date: /home/nikolai/Documents/ROS/catching_turtles_ros2/ws/install/interfaces/include/interfaces/interfaces/srv/detail/kill_turtle__struct.hpp
[1.871s] -- Up-to-date: /home/nikolai/Documents/ROS/catching_turtles_ros2/ws/install/interfaces/include/interfaces/interfaces/srv/detail/kill_turtle__traits.hpp
[1.871s] -- Installing: /home/nikolai/Documents/ROS/catching_turtles_ros2/ws/install/interfaces/include/interfaces/interfaces/srv/detail/catch_turtle__struct.hpp
[1.871s] -- Installing: /home/nikolai/Documents/ROS/catching_turtles_ros2/ws/install/interfaces/include/interfaces/interfaces/srv/detail/catch_turtle__traits.hpp
[1.871s] -- Up-to-date: /home/nikolai/Documents/ROS/catching_turtles_ros2/ws/install/interfaces/include/interfaces/interfaces/srv/kill_turtle.hpp
[1.871s] -- Installing: /home/nikolai/Documents/ROS/catching_turtles_ros2/ws/install/interfaces/include/interfaces/interfaces/srv/catch_turtle.hpp
[1.871s] -- Up-to-date: /home/nikolai/Documents/ROS/catching_turtles_ros2/ws/install/interfaces/include/interfaces/interfaces/msg
[1.871s] -- Up-to-date: /home/nikolai/Documents/ROS/catching_turtles_ros2/ws/install/interfaces/include/interfaces/interfaces/msg/detail
[1.871s] -- Installing: /home/nikolai/Documents/ROS/catching_turtles_ros2/ws/install/interfaces/include/interfaces/interfaces/msg/detail/turtle__struct.hpp
[1.871s] -- Installing: /home/nikolai/Documents/ROS/catching_turtles_ros2/ws/install/interfaces/include/interfaces/interfaces/msg/detail/turtle_array__struct.hpp
[1.871s] -- Installing: /home/nikolai/Documents/ROS/catching_turtles_ros2/ws/install/interfaces/include/interfaces/interfaces/msg/detail/turtle__builder.hpp
[1.871s] -- Installing: /home/nikolai/Documents/ROS/catching_turtles_ros2/ws/install/interfaces/include/interfaces/interfaces/msg/detail/turtle__traits.hpp
[1.871s] -- Installing: /home/nikolai/Documents/ROS/catching_turtles_ros2/ws/install/interfaces/include/interfaces/interfaces/msg/detail/turtle_array__traits.hpp
[1.871s] -- Installing: /home/nikolai/Documents/ROS/catching_turtles_ros2/ws/install/interfaces/include/interfaces/interfaces/msg/detail/turtle_array__builder.hpp
[1.871s] -- Installing: /home/nikolai/Documents/ROS/catching_turtles_ros2/ws/install/interfaces/include/interfaces/interfaces/msg/turtle_array.hpp
[1.871s] -- Installing: /home/nikolai/Documents/ROS/catching_turtles_ros2/ws/install/interfaces/include/interfaces/interfaces/msg/turtle.hpp
[1.872s] -- Up-to-date: /home/nikolai/Documents/ROS/catching_turtles_ros2/ws/install/interfaces/include/interfaces/interfaces
[1.872s] -- Up-to-date: /home/nikolai/Documents/ROS/catching_turtles_ros2/ws/install/interfaces/include/interfaces/interfaces/srv
[1.872s] -- Up-to-date: /home/nikolai/Documents/ROS/catching_turtles_ros2/ws/install/interfaces/include/interfaces/interfaces/srv/detail
[1.872s] -- Up-to-date: /home/nikolai/Documents/ROS/catching_turtles_ros2/ws/install/interfaces/include/interfaces/interfaces/srv/detail/dds_fastrtps
[1.872s] -- Up-to-date: /home/nikolai/Documents/ROS/catching_turtles_ros2/ws/install/interfaces/include/interfaces/interfaces/srv/detail/kill_turtle__rosidl_typesupport_fastrtps_cpp.hpp
[1.872s] -- Installing: /home/nikolai/Documents/ROS/catching_turtles_ros2/ws/install/interfaces/include/interfaces/interfaces/srv/detail/catch_turtle__rosidl_typesupport_fastrtps_cpp.hpp
[1.872s] -- Up-to-date: /home/nikolai/Documents/ROS/catching_turtles_ros2/ws/install/interfaces/include/interfaces/interfaces/msg
[1.872s] -- Up-to-date: /home/nikolai/Documents/ROS/catching_turtles_ros2/ws/install/interfaces/include/interfaces/interfaces/msg/detail
[1.872s] -- Installing: /home/nikolai/Documents/ROS/catching_turtles_ros2/ws/install/interfaces/include/interfaces/interfaces/msg/detail/turtle_array__rosidl_typesupport_fastrtps_cpp.hpp
[1.872s] -- Up-to-date: /home/nikolai/Documents/ROS/catching_turtles_ros2/ws/install/interfaces/include/interfaces/interfaces/msg/detail/dds_fastrtps
[1.872s] -- Installing: /home/nikolai/Documents/ROS/catching_turtles_ros2/ws/install/interfaces/include/interfaces/interfaces/msg/detail/turtle__rosidl_typesupport_fastrtps_cpp.hpp
[1.872s] -- Up-to-date: /home/nikolai/Documents/ROS/catching_turtles_ros2/ws/install/interfaces/include/interfaces/interfaces/msg/rosidl_typesupport_fastrtps_cpp__visibility_control.h
[1.872s] -- Installing: /home/nikolai/Documents/ROS/catching_turtles_ros2/ws/install/interfaces/lib/libinterfaces__rosidl_typesupport_fastrtps_cpp.so
[1.872s] -- Set runtime path of "/home/nikolai/Documents/ROS/catching_turtles_ros2/ws/install/interfaces/lib/libinterfaces__rosidl_typesupport_fastrtps_cpp.so" to ""
[1.872s] -- Up-to-date: /home/nikolai/Documents/ROS/catching_turtles_ros2/ws/install/interfaces/include/interfaces/interfaces
[1.872s] -- Up-to-date: /home/nikolai/Documents/ROS/catching_turtles_ros2/ws/install/interfaces/include/interfaces/interfaces/srv
[1.872s] -- Up-to-date: /home/nikolai/Documents/ROS/catching_turtles_ros2/ws/install/interfaces/include/interfaces/interfaces/srv/detail
[1.872s] -- Installing: /home/nikolai/Documents/ROS/catching_turtles_ros2/ws/install/interfaces/include/interfaces/interfaces/srv/detail/catch_turtle__type_support.cpp
[1.873s] -- Up-to-date: /home/nikolai/Documents/ROS/catching_turtles_ros2/ws/install/interfaces/include/interfaces/interfaces/srv/detail/kill_turtle__rosidl_typesupport_introspection_cpp.hpp
[1.873s] -- Up-to-date: /home/nikolai/Documents/ROS/catching_turtles_ros2/ws/install/interfaces/include/interfaces/interfaces/srv/detail/kill_turtle__type_support.cpp
[1.873s] -- Installing: /home/nikolai/Documents/ROS/catching_turtles_ros2/ws/install/interfaces/include/interfaces/interfaces/srv/detail/catch_turtle__rosidl_typesupport_introspection_cpp.hpp
[1.873s] -- Up-to-date: /home/nikolai/Documents/ROS/catching_turtles_ros2/ws/install/interfaces/include/interfaces/interfaces/msg
[1.873s] -- Up-to-date: /home/nikolai/Documents/ROS/catching_turtles_ros2/ws/install/interfaces/include/interfaces/interfaces/msg/detail
[1.873s] -- Installing: /home/nikolai/Documents/ROS/catching_turtles_ros2/ws/install/interfaces/include/interfaces/interfaces/msg/detail/turtle__rosidl_typesupport_introspection_cpp.hpp
[1.873s] -- Installing: /home/nikolai/Documents/ROS/catching_turtles_ros2/ws/install/interfaces/include/interfaces/interfaces/msg/detail/turtle__type_support.cpp
[1.873s] -- Installing: /home/nikolai/Documents/ROS/catching_turtles_ros2/ws/install/interfaces/include/interfaces/interfaces/msg/detail/turtle_array__rosidl_typesupport_introspection_cpp.hpp
[1.873s] -- Installing: /home/nikolai/Documents/ROS/catching_turtles_ros2/ws/install/interfaces/include/interfaces/interfaces/msg/detail/turtle_array__type_support.cpp
[1.873s] -- Installing: /home/nikolai/Documents/ROS/catching_turtles_ros2/ws/install/interfaces/lib/libinterfaces__rosidl_typesupport_introspection_cpp.so
[1.873s] -- Set runtime path of "/home/nikolai/Documents/ROS/catching_turtles_ros2/ws/install/interfaces/lib/libinterfaces__rosidl_typesupport_introspection_cpp.so" to ""
[1.873s] -- Installing: /home/nikolai/Documents/ROS/catching_turtles_ros2/ws/install/interfaces/lib/libinterfaces__rosidl_typesupport_cpp.so
[1.873s] -- Set runtime path of "/home/nikolai/Documents/ROS/catching_turtles_ros2/ws/install/interfaces/lib/libinterfaces__rosidl_typesupport_cpp.so" to ""
[1.873s] -- Up-to-date: /home/nikolai/Documents/ROS/catching_turtles_ros2/ws/install/interfaces/share/interfaces/environment/pythonpath.sh
[1.873s] -- Installing: /home/nikolai/Documents/ROS/catching_turtles_ros2/ws/install/interfaces/share/interfaces/environment/pythonpath.dsv
[1.873s] -- Up-to-date: /home/nikolai/Documents/ROS/catching_turtles_ros2/ws/install/interfaces/local/lib/python3.10/dist-packages/interfaces-0.0.0-py3.10.egg-info
[1.873s] -- Installing: /home/nikolai/Documents/ROS/catching_turtles_ros2/ws/install/interfaces/local/lib/python3.10/dist-packages/interfaces-0.0.0-py3.10.egg-info/SOURCES.txt
[1.873s] -- Installing: /home/nikolai/Documents/ROS/catching_turtles_ros2/ws/install/interfaces/local/lib/python3.10/dist-packages/interfaces-0.0.0-py3.10.egg-info/PKG-INFO
[1.874s] -- Installing: /home/nikolai/Documents/ROS/catching_turtles_ros2/ws/install/interfaces/local/lib/python3.10/dist-packages/interfaces-0.0.0-py3.10.egg-info/dependency_links.txt
[1.874s] -- Installing: /home/nikolai/Documents/ROS/catching_turtles_ros2/ws/install/interfaces/local/lib/python3.10/dist-packages/interfaces-0.0.0-py3.10.egg-info/top_level.txt
[1.874s] -- Up-to-date: /home/nikolai/Documents/ROS/catching_turtles_ros2/ws/install/interfaces/local/lib/python3.10/dist-packages/interfaces
[1.874s] -- Installing: /home/nikolai/Documents/ROS/catching_turtles_ros2/ws/install/interfaces/local/lib/python3.10/dist-packages/interfaces/_interfaces_s.ep.rosidl_typesupport_introspection_c.c
[1.874s] -- Installing: /home/nikolai/Documents/ROS/catching_turtles_ros2/ws/install/interfaces/local/lib/python3.10/dist-packages/interfaces/interfaces_s__rosidl_typesupport_introspection_c.cpython-310-x86_64-linux-gnu.so
[1.874s] -- Installing: /home/nikolai/Documents/ROS/catching_turtles_ros2/ws/install/interfaces/local/lib/python3.10/dist-packages/interfaces/_interfaces_s.ep.rosidl_typesupport_fastrtps_c.c
[1.874s] -- Installing: /home/nikolai/Documents/ROS/catching_turtles_ros2/ws/install/interfaces/local/lib/python3.10/dist-packages/interfaces/libinterfaces__rosidl_generator_py.so
[1.874s] -- Installing: /home/nikolai/Documents/ROS/catching_turtles_ros2/ws/install/interfaces/local/lib/python3.10/dist-packages/interfaces/__init__.py
[1.874s] -- Installing: /home/nikolai/Documents/ROS/catching_turtles_ros2/ws/install/interfaces/local/lib/python3.10/dist-packages/interfaces/interfaces_s__rosidl_typesupport_c.cpython-310-x86_64-linux-gnu.so
[1.874s] -- Installing: /home/nikolai/Documents/ROS/catching_turtles_ros2/ws/install/interfaces/local/lib/python3.10/dist-packages/interfaces/interfaces_s__rosidl_typesupport_fastrtps_c.cpython-310-x86_64-linux-gnu.so
[1.874s] -- Up-to-date: /home/nikolai/Documents/ROS/catching_turtles_ros2/ws/install/interfaces/local/lib/python3.10/dist-packages/interfaces/srv
[1.874s] -- Up-to-date: /home/nikolai/Documents/ROS/catching_turtles_ros2/ws/install/interfaces/local/lib/python3.10/dist-packages/interfaces/srv/_kill_turtle_s.c
[1.874s] -- Installing: /home/nikolai/Documents/ROS/catching_turtles_ros2/ws/install/interfaces/local/lib/python3.10/dist-packages/interfaces/srv/_catch_turtle_s.c
[1.874s] -- Installing: /home/nikolai/Documents/ROS/catching_turtles_ros2/ws/install/interfaces/local/lib/python3.10/dist-packages/interfaces/srv/_catch_turtle.py
[1.874s] -- Installing: /home/nikolai/Documents/ROS/catching_turtles_ros2/ws/install/interfaces/local/lib/python3.10/dist-packages/interfaces/srv/__init__.py
[1.874s] -- Up-to-date: /home/nikolai/Documents/ROS/catching_turtles_ros2/ws/install/interfaces/local/lib/python3.10/dist-packages/interfaces/srv/_kill_turtle.py
[1.874s] -- Up-to-date: /home/nikolai/Documents/ROS/catching_turtles_ros2/ws/install/interfaces/local/lib/python3.10/dist-packages/interfaces/msg
[1.874s] -- Installing: /home/nikolai/Documents/ROS/catching_turtles_ros2/ws/install/interfaces/local/lib/python3.10/dist-packages/interfaces/msg/_turtle_array_s.c
[1.875s] -- Installing: /home/nikolai/Documents/ROS/catching_turtles_ros2/ws/install/interfaces/local/lib/python3.10/dist-packages/interfaces/msg/__init__.py
[1.875s] -- Installing: /home/nikolai/Documents/ROS/catching_turtles_ros2/ws/install/interfaces/local/lib/python3.10/dist-packages/interfaces/msg/_turtle.py
[1.875s] -- Installing: /home/nikolai/Documents/ROS/catching_turtles_ros2/ws/install/interfaces/local/lib/python3.10/dist-packages/interfaces/msg/_turtle_array.py
[1.875s] -- Installing: /home/nikolai/Documents/ROS/catching_turtles_ros2/ws/install/interfaces/local/lib/python3.10/dist-packages/interfaces/msg/_turtle_s.c
[1.875s] -- Installing: /home/nikolai/Documents/ROS/catching_turtles_ros2/ws/install/interfaces/local/lib/python3.10/dist-packages/interfaces/_interfaces_s.ep.rosidl_typesupport_c.c
[1.892s] Listing '/home/nikolai/Documents/ROS/catching_turtles_ros2/ws/install/interfaces/local/lib/python3.10/dist-packages/interfaces'...
[1.892s] Compiling '/home/nikolai/Documents/ROS/catching_turtles_ros2/ws/install/interfaces/local/lib/python3.10/dist-packages/interfaces/__init__.py'...
[1.892s] Listing '/home/nikolai/Documents/ROS/catching_turtles_ros2/ws/install/interfaces/local/lib/python3.10/dist-packages/interfaces/msg'...
[1.892s] Compiling '/home/nikolai/Documents/ROS/catching_turtles_ros2/ws/install/interfaces/local/lib/python3.10/dist-packages/interfaces/msg/__init__.py'...
[1.892s] Compiling '/home/nikolai/Documents/ROS/catching_turtles_ros2/ws/install/interfaces/local/lib/python3.10/dist-packages/interfaces/msg/_turtle.py'...
[1.892s] Compiling '/home/nikolai/Documents/ROS/catching_turtles_ros2/ws/install/interfaces/local/lib/python3.10/dist-packages/interfaces/msg/_turtle_array.py'...
[1.892s] Listing '/home/nikolai/Documents/ROS/catching_turtles_ros2/ws/install/interfaces/local/lib/python3.10/dist-packages/interfaces/srv'...
[1.892s] Compiling '/home/nikolai/Documents/ROS/catching_turtles_ros2/ws/install/interfaces/local/lib/python3.10/dist-packages/interfaces/srv/__init__.py'...
[1.892s] Compiling '/home/nikolai/Documents/ROS/catching_turtles_ros2/ws/install/interfaces/local/lib/python3.10/dist-packages/interfaces/srv/_catch_turtle.py'...
[1.895s] -- Installing: /home/nikolai/Documents/ROS/catching_turtles_ros2/ws/install/interfaces/local/lib/python3.10/dist-packages/interfaces/interfaces_s__rosidl_typesupport_fastrtps_c.cpython-310-x86_64-linux-gnu.so
[1.895s] -- Set runtime path of "/home/nikolai/Documents/ROS/catching_turtles_ros2/ws/install/interfaces/local/lib/python3.10/dist-packages/interfaces/interfaces_s__rosidl_typesupport_fastrtps_c.cpython-310-x86_64-linux-gnu.so" to ""
[1.895s] -- Installing: /home/nikolai/Documents/ROS/catching_turtles_ros2/ws/install/interfaces/local/lib/python3.10/dist-packages/interfaces/interfaces_s__rosidl_typesupport_introspection_c.cpython-310-x86_64-linux-gnu.so
[1.895s] -- Set runtime path of "/home/nikolai/Documents/ROS/catching_turtles_ros2/ws/install/interfaces/local/lib/python3.10/dist-packages/interfaces/interfaces_s__rosidl_typesupport_introspection_c.cpython-310-x86_64-linux-gnu.so" to ""
[1.895s] -- Installing: /home/nikolai/Documents/ROS/catching_turtles_ros2/ws/install/interfaces/local/lib/python3.10/dist-packages/interfaces/interfaces_s__rosidl_typesupport_c.cpython-310-x86_64-linux-gnu.so
[1.895s] -- Set runtime path of "/home/nikolai/Documents/ROS/catching_turtles_ros2/ws/install/interfaces/local/lib/python3.10/dist-packages/interfaces/interfaces_s__rosidl_typesupport_c.cpython-310-x86_64-linux-gnu.so" to ""
[1.895s] -- Installing: /home/nikolai/Documents/ROS/catching_turtles_ros2/ws/install/interfaces/lib/libinterfaces__rosidl_generator_py.so
[1.895s] -- Set runtime path of "/home/nikolai/Documents/ROS/catching_turtles_ros2/ws/install/interfaces/lib/libinterfaces__rosidl_generator_py.so" to ""
[1.896s] -- Up-to-date: /home/nikolai/Documents/ROS/catching_turtles_ros2/ws/install/interfaces/share/interfaces/msg/Turtle.idl
[1.896s] -- Up-to-date: /home/nikolai/Documents/ROS/catching_turtles_ros2/ws/install/interfaces/share/interfaces/msg/TurtleArray.idl
[1.896s] -- Installing: /home/nikolai/Documents/ROS/catching_turtles_ros2/ws/install/interfaces/share/interfaces/srv/CatchTurtle.idl
[1.896s] -- Up-to-date: /home/nikolai/Documents/ROS/catching_turtles_ros2/ws/install/interfaces/share/interfaces/msg/Turtle.msg
[1.896s] -- Up-to-date: /home/nikolai/Documents/ROS/catching_turtles_ros2/ws/install/interfaces/share/interfaces/msg/TurtleArray.msg
[1.896s] -- Installing: /home/nikolai/Documents/ROS/catching_turtles_ros2/ws/install/interfaces/share/interfaces/srv/CatchTurtle.srv
[1.896s] -- Installing: /home/nikolai/Documents/ROS/catching_turtles_ros2/ws/install/interfaces/share/interfaces/srv/CatchTurtle_Request.msg
[1.896s] -- Installing: /home/nikolai/Documents/ROS/catching_turtles_ros2/ws/install/interfaces/share/interfaces/srv/CatchTurtle_Response.msg
[1.896s] -- Up-to-date: /home/nikolai/Documents/ROS/catching_turtles_ros2/ws/install/interfaces/share/ament_index/resource_index/package_run_dependencies/interfaces
[1.896s] -- Up-to-date: /home/nikolai/Documents/ROS/catching_turtles_ros2/ws/install/interfaces/share/ament_index/resource_index/parent_prefix_path/interfaces
[1.896s] -- Up-to-date: /home/nikolai/Documents/ROS/catching_turtles_ros2/ws/install/interfaces/share/interfaces/environment/ament_prefix_path.sh
[1.896s] -- Installing: /home/nikolai/Documents/ROS/catching_turtles_ros2/ws/install/interfaces/share/interfaces/environment/ament_prefix_path.dsv
[1.896s] -- Up-to-date: /home/nikolai/Documents/ROS/catching_turtles_ros2/ws/install/interfaces/share/interfaces/environment/path.sh
[1.896s] -- Installing: /home/nikolai/Documents/ROS/catching_turtles_ros2/ws/install/interfaces/share/interfaces/environment/path.dsv
[1.897s] -- Up-to-date: /home/nikolai/Documents/ROS/catching_turtles_ros2/ws/install/interfaces/share/interfaces/local_setup.bash
[1.897s] -- Up-to-date: /home/nikolai/Documents/ROS/catching_turtles_ros2/ws/install/interfaces/share/interfaces/local_setup.sh
[1.897s] -- Up-to-date: /home/nikolai/Documents/ROS/catching_turtles_ros2/ws/install/interfaces/share/interfaces/local_setup.zsh
[1.897s] -- Installing: /home/nikolai/Documents/ROS/catching_turtles_ros2/ws/install/interfaces/share/interfaces/local_setup.dsv
[1.897s] -- Installing: /home/nikolai/Documents/ROS/catching_turtles_ros2/ws/install/interfaces/share/interfaces/package.dsv
[1.897s] -- Up-to-date: /home/nikolai/Documents/ROS/catching_turtles_ros2/ws/install/interfaces/share/ament_index/resource_index/packages/interfaces
[1.897s] -- Up-to-date: /home/nikolai/Documents/ROS/catching_turtles_ros2/ws/install/interfaces/share/interfaces/cmake/export_interfaces__rosidl_generator_cExport.cmake
[1.897s] -- Up-to-date: /home/nikolai/Documents/ROS/catching_turtles_ros2/ws/install/interfaces/share/interfaces/cmake/export_interfaces__rosidl_generator_cExport-noconfig.cmake
[1.898s] -- Up-to-date: /home/nikolai/Documents/ROS/catching_turtles_ros2/ws/install/interfaces/share/interfaces/cmake/export_interfaces__rosidl_typesupport_fastrtps_cExport.cmake
[1.898s] -- Up-to-date: /home/nikolai/Documents/ROS/catching_turtles_ros2/ws/install/interfaces/share/interfaces/cmake/export_interfaces__rosidl_typesupport_fastrtps_cExport-noconfig.cmake
[1.898s] -- Up-to-date: /home/nikolai/Documents/ROS/catching_turtles_ros2/ws/install/interfaces/share/interfaces/cmake/interfaces__rosidl_typesupport_introspection_cExport.cmake
[1.898s] -- Up-to-date: /home/nikolai/Documents/ROS/catching_turtles_ros2/ws/install/interfaces/share/interfaces/cmake/interfaces__rosidl_typesupport_introspection_cExport-noconfig.cmake
[1.898s] -- Up-to-date: /home/nikolai/Documents/ROS/catching_turtles_ros2/ws/install/interfaces/share/interfaces/cmake/interfaces__rosidl_typesupport_cExport.cmake
[1.898s] -- Up-to-date: /home/nikolai/Documents/ROS/catching_turtles_ros2/ws/install/interfaces/share/interfaces/cmake/interfaces__rosidl_typesupport_cExport-noconfig.cmake
[1.898s] -- Up-to-date: /home/nikolai/Documents/ROS/catching_turtles_ros2/ws/install/interfaces/share/interfaces/cmake/export_interfaces__rosidl_generator_cppExport.cmake
[1.898s] -- Up-to-date: /home/nikolai/Documents/ROS/catching_turtles_ros2/ws/install/interfaces/share/interfaces/cmake/export_interfaces__rosidl_typesupport_fastrtps_cppExport.cmake
[1.898s] -- Up-to-date: /home/nikolai/Documents/ROS/catching_turtles_ros2/ws/install/interfaces/share/interfaces/cmake/export_interfaces__rosidl_typesupport_fastrtps_cppExport-noconfig.cmake
[1.898s] -- Up-to-date: /home/nikolai/Documents/ROS/catching_turtles_ros2/ws/install/interfaces/share/interfaces/cmake/interfaces__rosidl_typesupport_introspection_cppExport.cmake
[1.898s] -- Up-to-date: /home/nikolai/Documents/ROS/catching_turtles_ros2/ws/install/interfaces/share/interfaces/cmake/interfaces__rosidl_typesupport_introspection_cppExport-noconfig.cmake
[1.898s] -- Up-to-date: /home/nikolai/Documents/ROS/catching_turtles_ros2/ws/install/interfaces/share/interfaces/cmake/interfaces__rosidl_typesupport_cppExport.cmake
[1.898s] -- Up-to-date: /home/nikolai/Documents/ROS/catching_turtles_ros2/ws/install/interfaces/share/interfaces/cmake/interfaces__rosidl_typesupport_cppExport-noconfig.cmake
[1.898s] -- Up-to-date: /home/nikolai/Documents/ROS/catching_turtles_ros2/ws/install/interfaces/share/interfaces/cmake/export_interfaces__rosidl_generator_pyExport.cmake
[1.898s] -- Up-to-date: /home/nikolai/Documents/ROS/catching_turtles_ros2/ws/install/interfaces/share/interfaces/cmake/export_interfaces__rosidl_generator_pyExport-noconfig.cmake
[1.899s] -- Installing: /home/nikolai/Documents/ROS/catching_turtles_ros2/ws/install/interfaces/share/interfaces/cmake/rosidl_cmake-extras.cmake
[1.899s] -- Up-to-date: /home/nikolai/Documents/ROS/catching_turtles_ros2/ws/install/interfaces/share/interfaces/cmake/ament_cmake_export_include_directories-extras.cmake
[1.899s] -- Up-to-date: /home/nikolai/Documents/ROS/catching_turtles_ros2/ws/install/interfaces/share/interfaces/cmake/ament_cmake_export_libraries-extras.cmake
[1.899s] -- Up-to-date: /home/nikolai/Documents/ROS/catching_turtles_ros2/ws/install/interfaces/share/interfaces/cmake/ament_cmake_export_targets-extras.cmake
[1.899s] -- Up-to-date: /home/nikolai/Documents/ROS/catching_turtles_ros2/ws/install/interfaces/share/interfaces/cmake/rosidl_cmake_export_typesupport_targets-extras.cmake
[1.899s] -- Up-to-date: /home/nikolai/Documents/ROS/catching_turtles_ros2/ws/install/interfaces/share/interfaces/cmake/ament_cmake_export_dependencies-extras.cmake
[1.899s] -- Up-to-date: /home/nikolai/Documents/ROS/catching_turtles_ros2/ws/install/interfaces/share/interfaces/cmake/rosidl_cmake_export_typesupport_libraries-extras.cmake
[1.899s] -- Up-to-date: /home/nikolai/Documents/ROS/catching_turtles_ros2/ws/install/interfaces/share/interfaces/cmake/interfacesConfig.cmake
[1.899s] -- Up-to-date: /home/nikolai/Documents/ROS/catching_turtles_ros2/ws/install/interfaces/share/interfaces/cmake/interfacesConfig-version.cmake
[1.899s] -- Up-to-date: /home/nikolai/Documents/ROS/catching_turtles_ros2/ws/install/interfaces/share/interfaces/package.xml
[1.899s] Invoked command in '/home/nikolai/Documents/ROS/catching_turtles_ros2/ws/build/interfaces' returned '0': CMAKE_PREFIX_PATH=${CMAKE_PREFIX_PATH}:/home/nikolai/Documents/ROS/catching_turtles_ros2/ws/install/python_pkg:/opt/ros/humble /usr/bin/cmake --install /home/nikolai/Documents/ROS/catching_turtles_ros2/ws/build/interfaces
