[0.311s] Invoking command in '/home/nikolai/Documents/ROS/catching_turtles_ros2/ws/src/python_pkg': CMAKE_PREFIX_PATH=/home/nikolai/Documents/ROS/catching_turtles_ros2/ws/install/interfaces:/home/nikolai/Documents/ROS/catching_turtles_ros2/ws/install/bring_up:/home/nikolai/Documents/ROS/catching_turtles_ros2/ws/install/cpp_pkg PYTHONPATH=/home/nikolai/Documents/ROS/catching_turtles_ros2/ws/build/python_pkg/prefix_override:/home/nikolai/Documents/ROS/catching_turtles_ros2/ws/install/python_pkg/lib/python3.10/site-packages:${PYTHONPATH} /usr/bin/python3 setup.py egg_info --egg-base ../../build/python_pkg build --build-base /home/nikolai/Documents/ROS/catching_turtles_ros2/ws/build/python_pkg/build install --record /home/nikolai/Documents/ROS/catching_turtles_ros2/ws/build/python_pkg/install.log --single-version-externally-managed
[0.430s] running egg_info
[0.430s] writing ../../build/python_pkg/python_pkg.egg-info/PKG-INFO
[0.430s] writing dependency_links to ../../build/python_pkg/python_pkg.egg-info/dependency_links.txt
[0.430s] writing entry points to ../../build/python_pkg/python_pkg.egg-info/entry_points.txt
[0.430s] writing requirements to ../../build/python_pkg/python_pkg.egg-info/requires.txt
[0.430s] writing top-level names to ../../build/python_pkg/python_pkg.egg-info/top_level.txt
[0.431s] reading manifest file '../../build/python_pkg/python_pkg.egg-info/SOURCES.txt'
[0.431s] writing manifest file '../../build/python_pkg/python_pkg.egg-info/SOURCES.txt'
[0.431s] running build
[0.431s] running build_py
[0.431s] copying python_pkg/turtle_control_node.py -> /home/nikolai/Documents/ROS/catching_turtles_ros2/ws/build/python_pkg/build/lib/python_pkg
[0.432s] running install
[0.432s] running install_lib
[0.432s] copying /home/nikolai/Documents/ROS/catching_turtles_ros2/ws/build/python_pkg/build/lib/python_pkg/turtle_control_node.py -> /home/nikolai/Documents/ROS/catching_turtles_ros2/ws/install/python_pkg/lib/python3.10/site-packages/python_pkg
[0.432s] byte-compiling /home/nikolai/Documents/ROS/catching_turtles_ros2/ws/install/python_pkg/lib/python3.10/site-packages/python_pkg/turtle_control_node.py to turtle_control_node.cpython-310.pyc
[0.433s] running install_data
[0.433s] running install_egg_info
[0.434s] removing '/home/nikolai/Documents/ROS/catching_turtles_ros2/ws/install/python_pkg/lib/python3.10/site-packages/python_pkg-0.0.0-py3.10.egg-info' (and everything under it)
[0.434s] Copying ../../build/python_pkg/python_pkg.egg-info to /home/nikolai/Documents/ROS/catching_turtles_ros2/ws/install/python_pkg/lib/python3.10/site-packages/python_pkg-0.0.0-py3.10.egg-info
[0.435s] running install_scripts
[0.445s] Installing turtle_control_node script to /home/nikolai/Documents/ROS/catching_turtles_ros2/ws/install/python_pkg/lib/python_pkg
[0.446s] Installing turtle_spawner_node script to /home/nikolai/Documents/ROS/catching_turtles_ros2/ws/install/python_pkg/lib/python_pkg
[0.446s] writing list of installed files to '/home/nikolai/Documents/ROS/catching_turtles_ros2/ws/build/python_pkg/install.log'
[0.459s] Invoked command in '/home/nikolai/Documents/ROS/catching_turtles_ros2/ws/src/python_pkg' returned '0': CMAKE_PREFIX_PATH=/home/nikolai/Documents/ROS/catching_turtles_ros2/ws/install/interfaces:/home/nikolai/Documents/ROS/catching_turtles_ros2/ws/install/bring_up:/home/nikolai/Documents/ROS/catching_turtles_ros2/ws/install/cpp_pkg PYTHONPATH=/home/nikolai/Documents/ROS/catching_turtles_ros2/ws/build/python_pkg/prefix_override:/home/nikolai/Documents/ROS/catching_turtles_ros2/ws/install/python_pkg/lib/python3.10/site-packages:${PYTHONPATH} /usr/bin/python3 setup.py egg_info --egg-base ../../build/python_pkg build --build-base /home/nikolai/Documents/ROS/catching_turtles_ros2/ws/build/python_pkg/build install --record /home/nikolai/Documents/ROS/catching_turtles_ros2/ws/build/python_pkg/install.log --single-version-externally-managed
