[0.299s] Invoking command in '/home/nikolai/Documents/ROS/catching_turtles_ros2/ws/src/python_pkg': AMENT_PREFIX_PATH=/home/nikolai/Documents/ROS/catching_turtles_ros2/ws/src/install/interfaces:${AMENT_PREFIX_PATH} CMAKE_PREFIX_PATH=/home/nikolai/Documents/ROS/catching_turtles_ros2/ws/src/install/interfaces:${CMAKE_PREFIX_PATH} LD_LIBRARY_PATH=/home/nikolai/Documents/ROS/catching_turtles_ros2/ws/src/install/interfaces/lib:${LD_LIBRARY_PATH} PYTHONPATH=/home/nikolai/Documents/ROS/catching_turtles_ros2/ws/src/build/python_pkg/prefix_override:/home/nikolai/Documents/ROS/catching_turtles_ros2/ws/src/install/python_pkg/lib/python3.10/site-packages:/home/nikolai/Documents/ROS/catching_turtles_ros2/ws/src/install/interfaces/local/lib/python3.10/dist-packages:${PYTHONPATH} /usr/bin/python3 setup.py egg_info --egg-base ../build/python_pkg build --build-base /home/nikolai/Documents/ROS/catching_turtles_ros2/ws/src/build/python_pkg/build install --record /home/nikolai/Documents/ROS/catching_turtles_ros2/ws/src/build/python_pkg/install.log --single-version-externally-managed
[0.419s] running egg_info
[0.419s] writing ../build/python_pkg/python_pkg.egg-info/PKG-INFO
[0.420s] writing dependency_links to ../build/python_pkg/python_pkg.egg-info/dependency_links.txt
[0.420s] writing entry points to ../build/python_pkg/python_pkg.egg-info/entry_points.txt
[0.420s] writing requirements to ../build/python_pkg/python_pkg.egg-info/requires.txt
[0.420s] writing top-level names to ../build/python_pkg/python_pkg.egg-info/top_level.txt
[0.420s] reading manifest file '../build/python_pkg/python_pkg.egg-info/SOURCES.txt'
[0.425s] writing manifest file '../build/python_pkg/python_pkg.egg-info/SOURCES.txt'
[0.425s] running build
[0.425s] running build_py
[0.425s] copying python_pkg/turtle_control_node.py -> /home/nikolai/Documents/ROS/catching_turtles_ros2/ws/src/build/python_pkg/build/lib/python_pkg
[0.425s] copying python_pkg/turtle_spawner_node.py -> /home/nikolai/Documents/ROS/catching_turtles_ros2/ws/src/build/python_pkg/build/lib/python_pkg
[0.425s] running install
[0.425s] running install_lib
[0.426s] copying /home/nikolai/Documents/ROS/catching_turtles_ros2/ws/src/build/python_pkg/build/lib/python_pkg/turtle_control_node.py -> /home/nikolai/Documents/ROS/catching_turtles_ros2/ws/src/install/python_pkg/lib/python3.10/site-packages/python_pkg
[0.426s] copying /home/nikolai/Documents/ROS/catching_turtles_ros2/ws/src/build/python_pkg/build/lib/python_pkg/turtle_spawner_node.py -> /home/nikolai/Documents/ROS/catching_turtles_ros2/ws/src/install/python_pkg/lib/python3.10/site-packages/python_pkg
[0.426s] byte-compiling /home/nikolai/Documents/ROS/catching_turtles_ros2/ws/src/install/python_pkg/lib/python3.10/site-packages/python_pkg/turtle_control_node.py to turtle_control_node.cpython-310.pyc
[0.427s] byte-compiling /home/nikolai/Documents/ROS/catching_turtles_ros2/ws/src/install/python_pkg/lib/python3.10/site-packages/python_pkg/turtle_spawner_node.py to turtle_spawner_node.cpython-310.pyc
[0.427s] running install_data
[0.428s] copying package.xml -> /home/nikolai/Documents/ROS/catching_turtles_ros2/ws/src/install/python_pkg/share/python_pkg
[0.428s] running install_egg_info
[0.428s] removing '/home/nikolai/Documents/ROS/catching_turtles_ros2/ws/src/install/python_pkg/lib/python3.10/site-packages/python_pkg-0.0.0-py3.10.egg-info' (and everything under it)
[0.429s] Copying ../build/python_pkg/python_pkg.egg-info to /home/nikolai/Documents/ROS/catching_turtles_ros2/ws/src/install/python_pkg/lib/python3.10/site-packages/python_pkg-0.0.0-py3.10.egg-info
[0.429s] running install_scripts
[0.440s] Installing turtle_control_node script to /home/nikolai/Documents/ROS/catching_turtles_ros2/ws/src/install/python_pkg/lib/python_pkg
[0.440s] Installing turtle_spawner_node script to /home/nikolai/Documents/ROS/catching_turtles_ros2/ws/src/install/python_pkg/lib/python_pkg
[0.440s] writing list of installed files to '/home/nikolai/Documents/ROS/catching_turtles_ros2/ws/src/build/python_pkg/install.log'
[0.456s] Invoked command in '/home/nikolai/Documents/ROS/catching_turtles_ros2/ws/src/python_pkg' returned '0': AMENT_PREFIX_PATH=/home/nikolai/Documents/ROS/catching_turtles_ros2/ws/src/install/interfaces:${AMENT_PREFIX_PATH} CMAKE_PREFIX_PATH=/home/nikolai/Documents/ROS/catching_turtles_ros2/ws/src/install/interfaces:${CMAKE_PREFIX_PATH} LD_LIBRARY_PATH=/home/nikolai/Documents/ROS/catching_turtles_ros2/ws/src/install/interfaces/lib:${LD_LIBRARY_PATH} PYTHONPATH=/home/nikolai/Documents/ROS/catching_turtles_ros2/ws/src/build/python_pkg/prefix_override:/home/nikolai/Documents/ROS/catching_turtles_ros2/ws/src/install/python_pkg/lib/python3.10/site-packages:/home/nikolai/Documents/ROS/catching_turtles_ros2/ws/src/install/interfaces/local/lib/python3.10/dist-packages:${PYTHONPATH} /usr/bin/python3 setup.py egg_info --egg-base ../build/python_pkg build --build-base /home/nikolai/Documents/ROS/catching_turtles_ros2/ws/src/build/python_pkg/build install --record /home/nikolai/Documents/ROS/catching_turtles_ros2/ws/src/build/python_pkg/install.log --single-version-externally-managed
